[0.006s] Invoking command in '/home/albusgive2/rlfw/rlfw_interface/build/rlfw_msgs': CMAKE_PREFIX_PATH=${CMAKE_PREFIX_PATH}:/opt/ros/humble /usr/bin/cmake --build /home/albusgive2/rlfw/rlfw_interface/build/rlfw_msgs -- -j12 -l12
[0.022s] -- Found ament_cmake: 1.3.11 (/opt/ros/humble/share/ament_cmake/cmake)
[0.100s] -- Found std_msgs: 4.2.4 (/opt/ros/humble/share/std_msgs/cmake)
[0.115s] -- Found rosidl_generator_c: 3.1.6 (/opt/ros/humble/share/rosidl_generator_c/cmake)
[0.117s] -- Found rosidl_adapter: 3.1.6 (/opt/ros/humble/share/rosidl_adapter/cmake)
[0.120s] -- Found rosidl_generator_cpp: 3.1.6 (/opt/ros/humble/share/rosidl_generator_cpp/cmake)
[0.126s] -- Using all available rosidl_typesupport_c: rosidl_typesupport_fastrtps_c;rosidl_typesupport_introspection_c
[0.133s] -- Using all available rosidl_typesupport_cpp: rosidl_typesupport_fastrtps_cpp;rosidl_typesupport_introspection_cpp
[0.147s] -- Found rosidl_default_generators: 1.2.0 (/opt/ros/humble/share/rosidl_default_generators/cmake)
[0.329s] -- Found ament_cmake_ros: 0.10.0 (/opt/ros/humble/share/ament_cmake_ros/cmake)
[0.558s] -- Using all available rosidl_typesupport_c: rosidl_typesupport_fastrtps_c;rosidl_typesupport_introspection_c
[0.650s] -- Using all available rosidl_typesupport_cpp: rosidl_typesupport_fastrtps_cpp;rosidl_typesupport_introspection_cpp
[0.665s] -- Found python_cmake_module: 0.10.0 (/opt/ros/humble/share/python_cmake_module/cmake)
[0.679s] -- Using PYTHON_EXECUTABLE: /usr/bin/python3
[0.679s] -- Using PYTHON_INCLUDE_DIRS: /usr/include/python3.10
[0.679s] -- Using PYTHON_LIBRARIES: /usr/lib/x86_64-linux-gnu/libpython3.10.so
[0.695s] -- Found ament_lint_auto: 0.12.11 (/opt/ros/humble/share/ament_lint_auto/cmake)
[0.700s] -- Added test 'lint_cmake' to check CMake code style
[0.700s] -- Added test 'xmllint' to check XML markup files
[0.701s] -- Configuring done
[0.723s] -- Generating done
[0.731s] -- Build files have been written to: /home/albusgive2/rlfw/rlfw_interface/build/rlfw_msgs
[0.747s] [  1%] [34m[1mGenerating C code for ROS interfaces[0m
[0.760s] [  3%] [34m[1mGenerating C++ code for ROS interfaces[0m
[0.769s] [  3%] Built target ament_cmake_python_copy_rlfw_msgs
[0.914s] running egg_info
[0.915s] writing rlfw_msgs.egg-info/PKG-INFO
[0.915s] writing dependency_links to rlfw_msgs.egg-info/dependency_links.txt
[0.915s] writing top-level names to rlfw_msgs.egg-info/top_level.txt
[0.916s] reading manifest file 'rlfw_msgs.egg-info/SOURCES.txt'
[0.916s] writing manifest file 'rlfw_msgs.egg-info/SOURCES.txt'
[0.934s] [  3%] Built target ament_cmake_python_build_rlfw_msgs_egg
[1.160s] [35m[1mConsolidate compiler generated dependencies of target rlfw_msgs__rosidl_generator_c[0m
[1.163s] [  3%] Built target rlfw_msgs__cpp
[1.168s] [  7%] [32mBuilding C object CMakeFiles/rlfw_msgs__rosidl_generator_c.dir/rosidl_generator_c/rlfw_msgs/msg/detail/motor__functions.c.o[0m
[1.168s] [  7%] [32mBuilding C object CMakeFiles/rlfw_msgs__rosidl_generator_c.dir/rosidl_generator_c/rlfw_msgs/msg/detail/motor_ctrl__functions.c.o[0m
[1.168s] [  7%] [32mBuilding C object CMakeFiles/rlfw_msgs__rosidl_generator_c.dir/rosidl_generator_c/rlfw_msgs/msg/detail/can_msg__functions.c.o[0m
[1.168s] [  9%] [32mBuilding C object CMakeFiles/rlfw_msgs__rosidl_generator_c.dir/rosidl_generator_c/rlfw_msgs/srv/detail/com_parameter__functions.c.o[0m
[1.168s] [ 11%] [32mBuilding C object CMakeFiles/rlfw_msgs__rosidl_generator_c.dir/rosidl_generator_c/rlfw_msgs/msg/detail/serial_msg__functions.c.o[0m
[1.171s] [ 12%] [34m[1mGenerating C++ type support dispatch for ROS interfaces[0m
[1.172s] [ 14%] [34m[1mGenerating C++ type support for eProsima Fast-RTPS[0m
[1.172s] [ 15%] [34m[1mGenerating C++ introspection for ROS interfaces[0m
[1.224s] [ 17%] [32m[1mLinking C shared library librlfw_msgs__rosidl_generator_c.so[0m
[1.249s] [ 17%] Built target rlfw_msgs__rosidl_generator_c
[1.256s] [ 19%] [34m[1mGenerating C type support for eProsima Fast-RTPS[0m
[1.256s] [ 22%] [34m[1mGenerating C introspection for ROS interfaces[0m
[1.256s] [ 22%] [34m[1mGenerating C type support dispatch for ROS interfaces[0m
[1.470s] [35m[1mConsolidate compiler generated dependencies of target rlfw_msgs__rosidl_typesupport_cpp[0m
[1.480s] [ 23%] [32mBuilding CXX object CMakeFiles/rlfw_msgs__rosidl_typesupport_cpp.dir/rosidl_typesupport_cpp/rlfw_msgs/msg/motor__type_support.cpp.o[0m
[1.481s] [ 26%] [32mBuilding CXX object CMakeFiles/rlfw_msgs__rosidl_typesupport_cpp.dir/rosidl_typesupport_cpp/rlfw_msgs/srv/com_parameter__type_support.cpp.o[0m
[1.481s] [ 26%] [32mBuilding CXX object CMakeFiles/rlfw_msgs__rosidl_typesupport_cpp.dir/rosidl_typesupport_cpp/rlfw_msgs/msg/can_msg__type_support.cpp.o[0m
[1.481s] [ 28%] [32mBuilding CXX object CMakeFiles/rlfw_msgs__rosidl_typesupport_cpp.dir/rosidl_typesupport_cpp/rlfw_msgs/msg/motor_ctrl__type_support.cpp.o[0m
[1.481s] [ 30%] [32mBuilding CXX object CMakeFiles/rlfw_msgs__rosidl_typesupport_cpp.dir/rosidl_typesupport_cpp/rlfw_msgs/msg/serial_msg__type_support.cpp.o[0m
[1.535s] [35m[1mConsolidate compiler generated dependencies of target rlfw_msgs__rosidl_typesupport_introspection_cpp[0m
[1.546s] [ 31%] [32mBuilding CXX object CMakeFiles/rlfw_msgs__rosidl_typesupport_introspection_cpp.dir/rosidl_typesupport_introspection_cpp/rlfw_msgs/msg/detail/motor__type_support.cpp.o[0m
[1.559s] [ 33%] [32mBuilding CXX object CMakeFiles/rlfw_msgs__rosidl_typesupport_introspection_cpp.dir/rosidl_typesupport_introspection_cpp/rlfw_msgs/msg/detail/motor_ctrl__type_support.cpp.o[0m
[1.560s] [ 34%] [32mBuilding CXX object CMakeFiles/rlfw_msgs__rosidl_typesupport_introspection_cpp.dir/rosidl_typesupport_introspection_cpp/rlfw_msgs/msg/detail/can_msg__type_support.cpp.o[0m
[1.579s] [35m[1mConsolidate compiler generated dependencies of target rlfw_msgs__rosidl_typesupport_fastrtps_cpp[0m
[1.593s] [ 36%] [32mBuilding CXX object CMakeFiles/rlfw_msgs__rosidl_typesupport_fastrtps_cpp.dir/rosidl_typesupport_fastrtps_cpp/rlfw_msgs/msg/detail/dds_fastrtps/motor__type_support.cpp.o[0m
[1.637s] [35m[1mConsolidate compiler generated dependencies of target rlfw_msgs__rosidl_typesupport_c[0m
[1.654s] [ 38%] [32mBuilding CXX object CMakeFiles/rlfw_msgs__rosidl_typesupport_c.dir/rosidl_typesupport_c/rlfw_msgs/msg/motor__type_support.cpp.o[0m
[1.707s] [ 39%] [32mBuilding CXX object CMakeFiles/rlfw_msgs__rosidl_typesupport_c.dir/rosidl_typesupport_c/rlfw_msgs/msg/motor_ctrl__type_support.cpp.o[0m
[1.739s] [ 41%] [32mBuilding CXX object CMakeFiles/rlfw_msgs__rosidl_typesupport_c.dir/rosidl_typesupport_c/rlfw_msgs/msg/can_msg__type_support.cpp.o[0m
[1.770s] [ 42%] [32mBuilding CXX object CMakeFiles/rlfw_msgs__rosidl_typesupport_fastrtps_cpp.dir/rosidl_typesupport_fastrtps_cpp/rlfw_msgs/msg/detail/dds_fastrtps/motor_ctrl__type_support.cpp.o[0m
[1.773s] [ 44%] [32mBuilding CXX object CMakeFiles/rlfw_msgs__rosidl_typesupport_c.dir/rosidl_typesupport_c/rlfw_msgs/msg/serial_msg__type_support.cpp.o[0m
[1.784s] [ 46%] [32mBuilding CXX object CMakeFiles/rlfw_msgs__rosidl_typesupport_fastrtps_cpp.dir/rosidl_typesupport_fastrtps_cpp/rlfw_msgs/msg/detail/dds_fastrtps/can_msg__type_support.cpp.o[0m
[1.791s] [35m[1mConsolidate compiler generated dependencies of target rlfw_msgs__rosidl_typesupport_introspection_c[0m
[1.803s] [ 47%] [32mBuilding CXX object CMakeFiles/rlfw_msgs__rosidl_typesupport_fastrtps_cpp.dir/rosidl_typesupport_fastrtps_cpp/rlfw_msgs/msg/detail/dds_fastrtps/serial_msg__type_support.cpp.o[0m
[1.810s] [ 49%] [32mBuilding C object CMakeFiles/rlfw_msgs__rosidl_typesupport_introspection_c.dir/rosidl_typesupport_introspection_c/rlfw_msgs/msg/detail/motor__type_support.c.o[0m
[1.810s] [35m[1mConsolidate compiler generated dependencies of target rlfw_msgs__rosidl_typesupport_fastrtps_c[0m
[1.812s] [ 50%] [32mBuilding CXX object CMakeFiles/rlfw_msgs__rosidl_typesupport_fastrtps_cpp.dir/rosidl_typesupport_fastrtps_cpp/rlfw_msgs/srv/detail/dds_fastrtps/com_parameter__type_support.cpp.o[0m
[1.812s] [ 52%] [32mBuilding CXX object CMakeFiles/rlfw_msgs__rosidl_typesupport_c.dir/rosidl_typesupport_c/rlfw_msgs/srv/com_parameter__type_support.cpp.o[0m
[1.824s] [ 53%] [32m[1mLinking CXX shared library librlfw_msgs__rosidl_typesupport_cpp.so[0m
[1.832s] [ 55%] [32mBuilding CXX object CMakeFiles/rlfw_msgs__rosidl_typesupport_fastrtps_c.dir/rosidl_typesupport_fastrtps_c/rlfw_msgs/msg/detail/motor__type_support_c.cpp.o[0m
[1.844s] [ 57%] [32mBuilding C object CMakeFiles/rlfw_msgs__rosidl_typesupport_introspection_c.dir/rosidl_typesupport_introspection_c/rlfw_msgs/msg/detail/motor_ctrl__type_support.c.o[0m
[1.846s] [ 58%] [32m[1mLinking CXX shared library librlfw_msgs__rosidl_typesupport_c.so[0m
[1.876s] [ 58%] Built target rlfw_msgs__rosidl_typesupport_cpp
[1.882s] [ 60%] [32mBuilding C object CMakeFiles/rlfw_msgs__rosidl_typesupport_introspection_c.dir/rosidl_typesupport_introspection_c/rlfw_msgs/msg/detail/can_msg__type_support.c.o[0m
[1.886s] [ 61%] [32mBuilding CXX object CMakeFiles/rlfw_msgs__rosidl_typesupport_introspection_cpp.dir/rosidl_typesupport_introspection_cpp/rlfw_msgs/msg/detail/serial_msg__type_support.cpp.o[0m
[1.891s] [ 61%] Built target rlfw_msgs__rosidl_typesupport_c
[1.900s] [ 63%] [32mBuilding C object CMakeFiles/rlfw_msgs__rosidl_typesupport_introspection_c.dir/rosidl_typesupport_introspection_c/rlfw_msgs/msg/detail/serial_msg__type_support.c.o[0m
[1.917s] [ 65%] [32mBuilding C object CMakeFiles/rlfw_msgs__rosidl_typesupport_introspection_c.dir/rosidl_typesupport_introspection_c/rlfw_msgs/srv/detail/com_parameter__type_support.c.o[0m
[1.924s] [ 66%] [32mBuilding CXX object CMakeFiles/rlfw_msgs__rosidl_typesupport_fastrtps_c.dir/rosidl_typesupport_fastrtps_c/rlfw_msgs/msg/detail/motor_ctrl__type_support_c.cpp.o[0m
[1.936s] [ 68%] [32mBuilding CXX object CMakeFiles/rlfw_msgs__rosidl_typesupport_introspection_cpp.dir/rosidl_typesupport_introspection_cpp/rlfw_msgs/srv/detail/com_parameter__type_support.cpp.o[0m
[1.955s] [ 69%] [32mBuilding CXX object CMakeFiles/rlfw_msgs__rosidl_typesupport_fastrtps_c.dir/rosidl_typesupport_fastrtps_c/rlfw_msgs/msg/detail/can_msg__type_support_c.cpp.o[0m
[1.972s] [ 71%] [32m[1mLinking C shared library librlfw_msgs__rosidl_typesupport_introspection_c.so[0m
[1.990s] [ 73%] [32mBuilding CXX object CMakeFiles/rlfw_msgs__rosidl_typesupport_fastrtps_c.dir/rosidl_typesupport_fastrtps_c/rlfw_msgs/msg/detail/serial_msg__type_support_c.cpp.o[0m
[2.017s] [ 73%] Built target rlfw_msgs__rosidl_typesupport_introspection_c
[2.031s] [ 74%] [32mBuilding CXX object CMakeFiles/rlfw_msgs__rosidl_typesupport_fastrtps_c.dir/rosidl_typesupport_fastrtps_c/rlfw_msgs/srv/detail/com_parameter__type_support_c.cpp.o[0m
[2.333s] [ 76%] [32m[1mLinking CXX shared library librlfw_msgs__rosidl_typesupport_fastrtps_cpp.so[0m
[2.345s] [ 77%] [32m[1mLinking CXX shared library librlfw_msgs__rosidl_typesupport_introspection_cpp.so[0m
[2.385s] [ 77%] Built target rlfw_msgs__rosidl_typesupport_fastrtps_cpp
[2.388s] [ 79%] [32m[1mLinking CXX shared library librlfw_msgs__rosidl_typesupport_fastrtps_c.so[0m
[2.398s] [ 79%] Built target rlfw_msgs__rosidl_typesupport_introspection_cpp
[2.436s] [ 79%] Built target rlfw_msgs__rosidl_typesupport_fastrtps_c
[2.449s] [ 79%] Built target rlfw_msgs
[2.466s] [ 80%] [34m[1mGenerating Python code for ROS interfaces[0m
[3.093s] [ 80%] Built target rlfw_msgs__py
[3.100s] [35m[1mConsolidate compiler generated dependencies of target rlfw_msgs__rosidl_generator_py[0m
[3.108s] [ 87%] [32mBuilding C object CMakeFiles/rlfw_msgs__rosidl_generator_py.dir/rosidl_generator_py/rlfw_msgs/msg/_motor_s.c.o[0m
[3.108s] [ 87%] [32mBuilding C object CMakeFiles/rlfw_msgs__rosidl_generator_py.dir/rosidl_generator_py/rlfw_msgs/msg/_can_msg_s.c.o[0m
[3.108s] [ 87%] [32mBuilding C object CMakeFiles/rlfw_msgs__rosidl_generator_py.dir/rosidl_generator_py/rlfw_msgs/msg/_serial_msg_s.c.o[0m
[3.108s] [ 87%] [32mBuilding C object CMakeFiles/rlfw_msgs__rosidl_generator_py.dir/rosidl_generator_py/rlfw_msgs/msg/_motor_ctrl_s.c.o[0m
[3.108s] [ 88%] [32mBuilding C object CMakeFiles/rlfw_msgs__rosidl_generator_py.dir/rosidl_generator_py/rlfw_msgs/srv/_com_parameter_s.c.o[0m
[3.186s] [ 90%] [32m[1mLinking C shared library rosidl_generator_py/rlfw_msgs/librlfw_msgs__rosidl_generator_py.so[0m
[3.213s] [ 90%] Built target rlfw_msgs__rosidl_generator_py
[3.221s] [35m[1mConsolidate compiler generated dependencies of target rlfw_msgs__rosidl_typesupport_introspection_c__pyext[0m
[3.221s] [35m[1mConsolidate compiler generated dependencies of target rlfw_msgs__rosidl_typesupport_c__pyext[0m
[3.221s] [35m[1mConsolidate compiler generated dependencies of target rlfw_msgs__rosidl_typesupport_fastrtps_c__pyext[0m
[3.229s] [ 95%] [32mBuilding C object CMakeFiles/rlfw_msgs__rosidl_typesupport_introspection_c__pyext.dir/rosidl_generator_py/rlfw_msgs/_rlfw_msgs_s.ep.rosidl_typesupport_introspection_c.c.o[0m
[3.229s] [ 95%] [32mBuilding C object CMakeFiles/rlfw_msgs__rosidl_typesupport_fastrtps_c__pyext.dir/rosidl_generator_py/rlfw_msgs/_rlfw_msgs_s.ep.rosidl_typesupport_fastrtps_c.c.o[0m
[3.229s] [ 95%] [32mBuilding C object CMakeFiles/rlfw_msgs__rosidl_typesupport_c__pyext.dir/rosidl_generator_py/rlfw_msgs/_rlfw_msgs_s.ep.rosidl_typesupport_c.c.o[0m
[3.306s] [ 98%] [32m[1mLinking C shared library rosidl_generator_py/rlfw_msgs/rlfw_msgs_s__rosidl_typesupport_introspection_c.cpython-310-x86_64-linux-gnu.so[0m
[3.306s] [ 98%] [32m[1mLinking C shared library rosidl_generator_py/rlfw_msgs/rlfw_msgs_s__rosidl_typesupport_fastrtps_c.cpython-310-x86_64-linux-gnu.so[0m
[3.310s] [100%] [32m[1mLinking C shared library rosidl_generator_py/rlfw_msgs/rlfw_msgs_s__rosidl_typesupport_c.cpython-310-x86_64-linux-gnu.so[0m
[3.330s] [100%] Built target rlfw_msgs__rosidl_typesupport_introspection_c__pyext
[3.330s] [100%] Built target rlfw_msgs__rosidl_typesupport_fastrtps_c__pyext
[3.335s] [100%] Built target rlfw_msgs__rosidl_typesupport_c__pyext
[3.342s] Invoked command in '/home/albusgive2/rlfw/rlfw_interface/build/rlfw_msgs' returned '0': CMAKE_PREFIX_PATH=${CMAKE_PREFIX_PATH}:/opt/ros/humble /usr/bin/cmake --build /home/albusgive2/rlfw/rlfw_interface/build/rlfw_msgs -- -j12 -l12
[3.348s] Invoking command in '/home/albusgive2/rlfw/rlfw_interface/build/rlfw_msgs': CMAKE_PREFIX_PATH=${CMAKE_PREFIX_PATH}:/opt/ros/humble /usr/bin/cmake --install /home/albusgive2/rlfw/rlfw_interface/build/rlfw_msgs
[3.353s] -- Install configuration: ""
[3.354s] -- Installing: /home/albusgive2/rlfw/rlfw_interface/install/rlfw_msgs/share/ament_index/resource_index/rosidl_interfaces/rlfw_msgs
[3.354s] -- Up-to-date: /home/albusgive2/rlfw/rlfw_interface/install/rlfw_msgs/include/rlfw_msgs/rlfw_msgs
[3.354s] -- Up-to-date: /home/albusgive2/rlfw/rlfw_interface/install/rlfw_msgs/include/rlfw_msgs/rlfw_msgs/srv
[3.354s] -- Up-to-date: /home/albusgive2/rlfw/rlfw_interface/install/rlfw_msgs/include/rlfw_msgs/rlfw_msgs/srv/rl_srv.h
[3.354s] -- Up-to-date: /home/albusgive2/rlfw/rlfw_interface/install/rlfw_msgs/include/rlfw_msgs/rlfw_msgs/srv/detail
[3.354s] -- Installing: /home/albusgive2/rlfw/rlfw_interface/install/rlfw_msgs/include/rlfw_msgs/rlfw_msgs/srv/detail/com_parameter__type_support.h
[3.354s] -- Installing: /home/albusgive2/rlfw/rlfw_interface/install/rlfw_msgs/include/rlfw_msgs/rlfw_msgs/srv/detail/com_parameter__functions.h
[3.354s] -- Up-to-date: /home/albusgive2/rlfw/rlfw_interface/install/rlfw_msgs/include/rlfw_msgs/rlfw_msgs/srv/detail/rl_srv__struct.h
[3.354s] -- Installing: /home/albusgive2/rlfw/rlfw_interface/install/rlfw_msgs/include/rlfw_msgs/rlfw_msgs/srv/detail/com_parameter__struct.h
[3.354s] -- Up-to-date: /home/albusgive2/rlfw/rlfw_interface/install/rlfw_msgs/include/rlfw_msgs/rlfw_msgs/srv/detail/rl_srv__type_support.h
[3.354s] -- Up-to-date: /home/albusgive2/rlfw/rlfw_interface/install/rlfw_msgs/include/rlfw_msgs/rlfw_msgs/srv/detail/rl_srv__functions.c
[3.354s] -- Installing: /home/albusgive2/rlfw/rlfw_interface/install/rlfw_msgs/include/rlfw_msgs/rlfw_msgs/srv/detail/com_parameter__functions.c
[3.354s] -- Up-to-date: /home/albusgive2/rlfw/rlfw_interface/install/rlfw_msgs/include/rlfw_msgs/rlfw_msgs/srv/detail/rl_srv__functions.h
[3.354s] -- Installing: /home/albusgive2/rlfw/rlfw_interface/install/rlfw_msgs/include/rlfw_msgs/rlfw_msgs/srv/com_parameter.h
[3.354s] -- Up-to-date: /home/albusgive2/rlfw/rlfw_interface/install/rlfw_msgs/include/rlfw_msgs/rlfw_msgs/msg
[3.354s] -- Up-to-date: /home/albusgive2/rlfw/rlfw_interface/install/rlfw_msgs/include/rlfw_msgs/rlfw_msgs/msg/rosidl_generator_c__visibility_control.h
[3.354s] -- Installing: /home/albusgive2/rlfw/rlfw_interface/install/rlfw_msgs/include/rlfw_msgs/rlfw_msgs/msg/motor.h
[3.354s] -- Installing: /home/albusgive2/rlfw/rlfw_interface/install/rlfw_msgs/include/rlfw_msgs/rlfw_msgs/msg/can_msg.h
[3.354s] -- Installing: /home/albusgive2/rlfw/rlfw_interface/install/rlfw_msgs/include/rlfw_msgs/rlfw_msgs/msg/motor_ctrl.h
[3.354s] -- Installing: /home/albusgive2/rlfw/rlfw_interface/install/rlfw_msgs/include/rlfw_msgs/rlfw_msgs/msg/serial_msg.h
[3.354s] -- Up-to-date: /home/albusgive2/rlfw/rlfw_interface/install/rlfw_msgs/include/rlfw_msgs/rlfw_msgs/msg/detail
[3.354s] -- Installing: /home/albusgive2/rlfw/rlfw_interface/install/rlfw_msgs/include/rlfw_msgs/rlfw_msgs/msg/detail/can_msg__type_support.h
[3.354s] -- Installing: /home/albusgive2/rlfw/rlfw_interface/install/rlfw_msgs/include/rlfw_msgs/rlfw_msgs/msg/detail/serial_msg__type_support.h
[3.354s] -- Installing: /home/albusgive2/rlfw/rlfw_interface/install/rlfw_msgs/include/rlfw_msgs/rlfw_msgs/msg/detail/motor_ctrl__struct.h
[3.354s] -- Installing: /home/albusgive2/rlfw/rlfw_interface/install/rlfw_msgs/include/rlfw_msgs/rlfw_msgs/msg/detail/motor_ctrl__type_support.h
[3.354s] -- Installing: /home/albusgive2/rlfw/rlfw_interface/install/rlfw_msgs/include/rlfw_msgs/rlfw_msgs/msg/detail/motor__functions.c
[3.354s] -- Installing: /home/albusgive2/rlfw/rlfw_interface/install/rlfw_msgs/include/rlfw_msgs/rlfw_msgs/msg/detail/motor__functions.h
[3.354s] -- Installing: /home/albusgive2/rlfw/rlfw_interface/install/rlfw_msgs/include/rlfw_msgs/rlfw_msgs/msg/detail/serial_msg__functions.c
[3.354s] -- Installing: /home/albusgive2/rlfw/rlfw_interface/install/rlfw_msgs/include/rlfw_msgs/rlfw_msgs/msg/detail/motor__type_support.h
[3.354s] -- Installing: /home/albusgive2/rlfw/rlfw_interface/install/rlfw_msgs/include/rlfw_msgs/rlfw_msgs/msg/detail/motor__struct.h
[3.354s] -- Installing: /home/albusgive2/rlfw/rlfw_interface/install/rlfw_msgs/include/rlfw_msgs/rlfw_msgs/msg/detail/can_msg__functions.c
[3.354s] -- Installing: /home/albusgive2/rlfw/rlfw_interface/install/rlfw_msgs/include/rlfw_msgs/rlfw_msgs/msg/detail/motor_ctrl__functions.c
[3.355s] -- Installing: /home/albusgive2/rlfw/rlfw_interface/install/rlfw_msgs/include/rlfw_msgs/rlfw_msgs/msg/detail/can_msg__functions.h
[3.355s] -- Installing: /home/albusgive2/rlfw/rlfw_interface/install/rlfw_msgs/include/rlfw_msgs/rlfw_msgs/msg/detail/motor_ctrl__functions.h
[3.355s] -- Installing: /home/albusgive2/rlfw/rlfw_interface/install/rlfw_msgs/include/rlfw_msgs/rlfw_msgs/msg/detail/can_msg__struct.h
[3.355s] -- Installing: /home/albusgive2/rlfw/rlfw_interface/install/rlfw_msgs/include/rlfw_msgs/rlfw_msgs/msg/detail/serial_msg__struct.h
[3.355s] -- Installing: /home/albusgive2/rlfw/rlfw_interface/install/rlfw_msgs/include/rlfw_msgs/rlfw_msgs/msg/detail/serial_msg__functions.h
[3.355s] -- Up-to-date: /home/albusgive2/rlfw/rlfw_interface/install/rlfw_msgs/share/rlfw_msgs/environment/library_path.sh
[3.355s] -- Installing: /home/albusgive2/rlfw/rlfw_interface/install/rlfw_msgs/share/rlfw_msgs/environment/library_path.dsv
[3.355s] -- Installing: /home/albusgive2/rlfw/rlfw_interface/install/rlfw_msgs/lib/librlfw_msgs__rosidl_generator_c.so
[3.355s] -- Set runtime path of "/home/albusgive2/rlfw/rlfw_interface/install/rlfw_msgs/lib/librlfw_msgs__rosidl_generator_c.so" to ""
[3.355s] -- Up-to-date: /home/albusgive2/rlfw/rlfw_interface/install/rlfw_msgs/include/rlfw_msgs/rlfw_msgs
[3.355s] -- Up-to-date: /home/albusgive2/rlfw/rlfw_interface/install/rlfw_msgs/include/rlfw_msgs/rlfw_msgs/srv
[3.355s] -- Up-to-date: /home/albusgive2/rlfw/rlfw_interface/install/rlfw_msgs/include/rlfw_msgs/rlfw_msgs/srv/detail
[3.355s] -- Up-to-date: /home/albusgive2/rlfw/rlfw_interface/install/rlfw_msgs/include/rlfw_msgs/rlfw_msgs/srv/detail/rl_srv__rosidl_typesupport_fastrtps_c.h
[3.355s] -- Installing: /home/albusgive2/rlfw/rlfw_interface/install/rlfw_msgs/include/rlfw_msgs/rlfw_msgs/srv/detail/com_parameter__rosidl_typesupport_fastrtps_c.h
[3.355s] -- Up-to-date: /home/albusgive2/rlfw/rlfw_interface/install/rlfw_msgs/include/rlfw_msgs/rlfw_msgs/msg
[3.355s] -- Up-to-date: /home/albusgive2/rlfw/rlfw_interface/install/rlfw_msgs/include/rlfw_msgs/rlfw_msgs/msg/rosidl_typesupport_fastrtps_c__visibility_control.h
[3.355s] -- Up-to-date: /home/albusgive2/rlfw/rlfw_interface/install/rlfw_msgs/include/rlfw_msgs/rlfw_msgs/msg/detail
[3.355s] -- Installing: /home/albusgive2/rlfw/rlfw_interface/install/rlfw_msgs/include/rlfw_msgs/rlfw_msgs/msg/detail/motor_ctrl__rosidl_typesupport_fastrtps_c.h
[3.355s] -- Installing: /home/albusgive2/rlfw/rlfw_interface/install/rlfw_msgs/include/rlfw_msgs/rlfw_msgs/msg/detail/motor__rosidl_typesupport_fastrtps_c.h
[3.355s] -- Installing: /home/albusgive2/rlfw/rlfw_interface/install/rlfw_msgs/include/rlfw_msgs/rlfw_msgs/msg/detail/can_msg__rosidl_typesupport_fastrtps_c.h
[3.355s] -- Installing: /home/albusgive2/rlfw/rlfw_interface/install/rlfw_msgs/include/rlfw_msgs/rlfw_msgs/msg/detail/serial_msg__rosidl_typesupport_fastrtps_c.h
[3.355s] -- Installing: /home/albusgive2/rlfw/rlfw_interface/install/rlfw_msgs/lib/librlfw_msgs__rosidl_typesupport_fastrtps_c.so
[3.356s] -- Set runtime path of "/home/albusgive2/rlfw/rlfw_interface/install/rlfw_msgs/lib/librlfw_msgs__rosidl_typesupport_fastrtps_c.so" to ""
[3.356s] -- Up-to-date: /home/albusgive2/rlfw/rlfw_interface/install/rlfw_msgs/include/rlfw_msgs/rlfw_msgs
[3.356s] -- Up-to-date: /home/albusgive2/rlfw/rlfw_interface/install/rlfw_msgs/include/rlfw_msgs/rlfw_msgs/srv
[3.356s] -- Installing: /home/albusgive2/rlfw/rlfw_interface/install/rlfw_msgs/include/rlfw_msgs/rlfw_msgs/srv/com_parameter.hpp
[3.356s] -- Up-to-date: /home/albusgive2/rlfw/rlfw_interface/install/rlfw_msgs/include/rlfw_msgs/rlfw_msgs/srv/detail
[3.356s] -- Installing: /home/albusgive2/rlfw/rlfw_interface/install/rlfw_msgs/include/rlfw_msgs/rlfw_msgs/srv/detail/com_parameter__traits.hpp
[3.356s] -- Up-to-date: /home/albusgive2/rlfw/rlfw_interface/install/rlfw_msgs/include/rlfw_msgs/rlfw_msgs/srv/detail/rl_srv__traits.hpp
[3.356s] -- Installing: /home/albusgive2/rlfw/rlfw_interface/install/rlfw_msgs/include/rlfw_msgs/rlfw_msgs/srv/detail/com_parameter__type_support.hpp
[3.356s] -- Up-to-date: /home/albusgive2/rlfw/rlfw_interface/install/rlfw_msgs/include/rlfw_msgs/rlfw_msgs/srv/detail/rl_srv__type_support.hpp
[3.356s] -- Up-to-date: /home/albusgive2/rlfw/rlfw_interface/install/rlfw_msgs/include/rlfw_msgs/rlfw_msgs/srv/detail/rl_srv__struct.hpp
[3.356s] -- Installing: /home/albusgive2/rlfw/rlfw_interface/install/rlfw_msgs/include/rlfw_msgs/rlfw_msgs/srv/detail/com_parameter__builder.hpp
[3.356s] -- Installing: /home/albusgive2/rlfw/rlfw_interface/install/rlfw_msgs/include/rlfw_msgs/rlfw_msgs/srv/detail/com_parameter__struct.hpp
[3.356s] -- Up-to-date: /home/albusgive2/rlfw/rlfw_interface/install/rlfw_msgs/include/rlfw_msgs/rlfw_msgs/srv/detail/rl_srv__builder.hpp
[3.356s] -- Up-to-date: /home/albusgive2/rlfw/rlfw_interface/install/rlfw_msgs/include/rlfw_msgs/rlfw_msgs/srv/rl_srv.hpp
[3.356s] -- Up-to-date: /home/albusgive2/rlfw/rlfw_interface/install/rlfw_msgs/include/rlfw_msgs/rlfw_msgs/msg
[3.356s] -- Installing: /home/albusgive2/rlfw/rlfw_interface/install/rlfw_msgs/include/rlfw_msgs/rlfw_msgs/msg/motor.hpp
[3.356s] -- Installing: /home/albusgive2/rlfw/rlfw_interface/install/rlfw_msgs/include/rlfw_msgs/rlfw_msgs/msg/motor_ctrl.hpp
[3.356s] -- Installing: /home/albusgive2/rlfw/rlfw_interface/install/rlfw_msgs/include/rlfw_msgs/rlfw_msgs/msg/can_msg.hpp
[3.356s] -- Up-to-date: /home/albusgive2/rlfw/rlfw_interface/install/rlfw_msgs/include/rlfw_msgs/rlfw_msgs/msg/detail
[3.356s] -- Installing: /home/albusgive2/rlfw/rlfw_interface/install/rlfw_msgs/include/rlfw_msgs/rlfw_msgs/msg/detail/serial_msg__type_support.hpp
[3.356s] -- Installing: /home/albusgive2/rlfw/rlfw_interface/install/rlfw_msgs/include/rlfw_msgs/rlfw_msgs/msg/detail/motor_ctrl__type_support.hpp
[3.356s] -- Installing: /home/albusgive2/rlfw/rlfw_interface/install/rlfw_msgs/include/rlfw_msgs/rlfw_msgs/msg/detail/motor_ctrl__traits.hpp
[3.356s] -- Installing: /home/albusgive2/rlfw/rlfw_interface/install/rlfw_msgs/include/rlfw_msgs/rlfw_msgs/msg/detail/motor__traits.hpp
[3.356s] -- Installing: /home/albusgive2/rlfw/rlfw_interface/install/rlfw_msgs/include/rlfw_msgs/rlfw_msgs/msg/detail/motor_ctrl__struct.hpp
[3.356s] -- Installing: /home/albusgive2/rlfw/rlfw_interface/install/rlfw_msgs/include/rlfw_msgs/rlfw_msgs/msg/detail/motor__struct.hpp
[3.356s] -- Installing: /home/albusgive2/rlfw/rlfw_interface/install/rlfw_msgs/include/rlfw_msgs/rlfw_msgs/msg/detail/motor_ctrl__builder.hpp
[3.356s] -- Installing: /home/albusgive2/rlfw/rlfw_interface/install/rlfw_msgs/include/rlfw_msgs/rlfw_msgs/msg/detail/motor__type_support.hpp
[3.356s] -- Installing: /home/albusgive2/rlfw/rlfw_interface/install/rlfw_msgs/include/rlfw_msgs/rlfw_msgs/msg/detail/can_msg__traits.hpp
[3.356s] -- Installing: /home/albusgive2/rlfw/rlfw_interface/install/rlfw_msgs/include/rlfw_msgs/rlfw_msgs/msg/detail/motor__builder.hpp
[3.357s] -- Installing: /home/albusgive2/rlfw/rlfw_interface/install/rlfw_msgs/include/rlfw_msgs/rlfw_msgs/msg/detail/can_msg__builder.hpp
[3.357s] -- Installing: /home/albusgive2/rlfw/rlfw_interface/install/rlfw_msgs/include/rlfw_msgs/rlfw_msgs/msg/detail/can_msg__struct.hpp
[3.357s] -- Installing: /home/albusgive2/rlfw/rlfw_interface/install/rlfw_msgs/include/rlfw_msgs/rlfw_msgs/msg/detail/serial_msg__traits.hpp
[3.357s] -- Installing: /home/albusgive2/rlfw/rlfw_interface/install/rlfw_msgs/include/rlfw_msgs/rlfw_msgs/msg/detail/serial_msg__builder.hpp
[3.357s] -- Installing: /home/albusgive2/rlfw/rlfw_interface/install/rlfw_msgs/include/rlfw_msgs/rlfw_msgs/msg/detail/serial_msg__struct.hpp
[3.357s] -- Installing: /home/albusgive2/rlfw/rlfw_interface/install/rlfw_msgs/include/rlfw_msgs/rlfw_msgs/msg/detail/can_msg__type_support.hpp
[3.357s] -- Installing: /home/albusgive2/rlfw/rlfw_interface/install/rlfw_msgs/include/rlfw_msgs/rlfw_msgs/msg/serial_msg.hpp
[3.357s] -- Up-to-date: /home/albusgive2/rlfw/rlfw_interface/install/rlfw_msgs/include/rlfw_msgs/rlfw_msgs/msg/rosidl_generator_cpp__visibility_control.hpp
[3.357s] -- Up-to-date: /home/albusgive2/rlfw/rlfw_interface/install/rlfw_msgs/include/rlfw_msgs/rlfw_msgs
[3.357s] -- Up-to-date: /home/albusgive2/rlfw/rlfw_interface/install/rlfw_msgs/include/rlfw_msgs/rlfw_msgs/srv
[3.357s] -- Up-to-date: /home/albusgive2/rlfw/rlfw_interface/install/rlfw_msgs/include/rlfw_msgs/rlfw_msgs/srv/detail
[3.357s] -- Up-to-date: /home/albusgive2/rlfw/rlfw_interface/install/rlfw_msgs/include/rlfw_msgs/rlfw_msgs/srv/detail/dds_fastrtps
[3.357s] -- Up-to-date: /home/albusgive2/rlfw/rlfw_interface/install/rlfw_msgs/include/rlfw_msgs/rlfw_msgs/srv/detail/rl_srv__rosidl_typesupport_fastrtps_cpp.hpp
[3.357s] -- Installing: /home/albusgive2/rlfw/rlfw_interface/install/rlfw_msgs/include/rlfw_msgs/rlfw_msgs/srv/detail/com_parameter__rosidl_typesupport_fastrtps_cpp.hpp
[3.357s] -- Up-to-date: /home/albusgive2/rlfw/rlfw_interface/install/rlfw_msgs/include/rlfw_msgs/rlfw_msgs/msg
[3.357s] -- Up-to-date: /home/albusgive2/rlfw/rlfw_interface/install/rlfw_msgs/include/rlfw_msgs/rlfw_msgs/msg/rosidl_typesupport_fastrtps_cpp__visibility_control.h
[3.357s] -- Up-to-date: /home/albusgive2/rlfw/rlfw_interface/install/rlfw_msgs/include/rlfw_msgs/rlfw_msgs/msg/detail
[3.357s] -- Up-to-date: /home/albusgive2/rlfw/rlfw_interface/install/rlfw_msgs/include/rlfw_msgs/rlfw_msgs/msg/detail/dds_fastrtps
[3.357s] -- Installing: /home/albusgive2/rlfw/rlfw_interface/install/rlfw_msgs/include/rlfw_msgs/rlfw_msgs/msg/detail/can_msg__rosidl_typesupport_fastrtps_cpp.hpp
[3.357s] -- Installing: /home/albusgive2/rlfw/rlfw_interface/install/rlfw_msgs/include/rlfw_msgs/rlfw_msgs/msg/detail/motor__rosidl_typesupport_fastrtps_cpp.hpp
[3.357s] -- Installing: /home/albusgive2/rlfw/rlfw_interface/install/rlfw_msgs/include/rlfw_msgs/rlfw_msgs/msg/detail/serial_msg__rosidl_typesupport_fastrtps_cpp.hpp
[3.357s] -- Installing: /home/albusgive2/rlfw/rlfw_interface/install/rlfw_msgs/include/rlfw_msgs/rlfw_msgs/msg/detail/motor_ctrl__rosidl_typesupport_fastrtps_cpp.hpp
[3.357s] -- Installing: /home/albusgive2/rlfw/rlfw_interface/install/rlfw_msgs/lib/librlfw_msgs__rosidl_typesupport_fastrtps_cpp.so
[3.357s] -- Set runtime path of "/home/albusgive2/rlfw/rlfw_interface/install/rlfw_msgs/lib/librlfw_msgs__rosidl_typesupport_fastrtps_cpp.so" to ""
[3.357s] -- Up-to-date: /home/albusgive2/rlfw/rlfw_interface/install/rlfw_msgs/include/rlfw_msgs/rlfw_msgs
[3.358s] -- Up-to-date: /home/albusgive2/rlfw/rlfw_interface/install/rlfw_msgs/include/rlfw_msgs/rlfw_msgs/srv
[3.358s] -- Up-to-date: /home/albusgive2/rlfw/rlfw_interface/install/rlfw_msgs/include/rlfw_msgs/rlfw_msgs/srv/detail
[3.358s] -- Installing: /home/albusgive2/rlfw/rlfw_interface/install/rlfw_msgs/include/rlfw_msgs/rlfw_msgs/srv/detail/com_parameter__type_support.c
[3.358s] -- Up-to-date: /home/albusgive2/rlfw/rlfw_interface/install/rlfw_msgs/include/rlfw_msgs/rlfw_msgs/srv/detail/rl_srv__type_support.c
[3.358s] -- Installing: /home/albusgive2/rlfw/rlfw_interface/install/rlfw_msgs/include/rlfw_msgs/rlfw_msgs/srv/detail/com_parameter__rosidl_typesupport_introspection_c.h
[3.358s] -- Up-to-date: /home/albusgive2/rlfw/rlfw_interface/install/rlfw_msgs/include/rlfw_msgs/rlfw_msgs/srv/detail/rl_srv__rosidl_typesupport_introspection_c.h
[3.358s] -- Up-to-date: /home/albusgive2/rlfw/rlfw_interface/install/rlfw_msgs/include/rlfw_msgs/rlfw_msgs/msg
[3.358s] -- Up-to-date: /home/albusgive2/rlfw/rlfw_interface/install/rlfw_msgs/include/rlfw_msgs/rlfw_msgs/msg/rosidl_typesupport_introspection_c__visibility_control.h
[3.358s] -- Up-to-date: /home/albusgive2/rlfw/rlfw_interface/install/rlfw_msgs/include/rlfw_msgs/rlfw_msgs/msg/detail
[3.358s] -- Installing: /home/albusgive2/rlfw/rlfw_interface/install/rlfw_msgs/include/rlfw_msgs/rlfw_msgs/msg/detail/motor__rosidl_typesupport_introspection_c.h
[3.358s] -- Installing: /home/albusgive2/rlfw/rlfw_interface/install/rlfw_msgs/include/rlfw_msgs/rlfw_msgs/msg/detail/can_msg__rosidl_typesupport_introspection_c.h
[3.358s] -- Installing: /home/albusgive2/rlfw/rlfw_interface/install/rlfw_msgs/include/rlfw_msgs/rlfw_msgs/msg/detail/motor__type_support.c
[3.358s] -- Installing: /home/albusgive2/rlfw/rlfw_interface/install/rlfw_msgs/include/rlfw_msgs/rlfw_msgs/msg/detail/can_msg__type_support.c
[3.358s] -- Installing: /home/albusgive2/rlfw/rlfw_interface/install/rlfw_msgs/include/rlfw_msgs/rlfw_msgs/msg/detail/serial_msg__rosidl_typesupport_introspection_c.h
[3.358s] -- Installing: /home/albusgive2/rlfw/rlfw_interface/install/rlfw_msgs/include/rlfw_msgs/rlfw_msgs/msg/detail/motor_ctrl__type_support.c
[3.358s] -- Installing: /home/albusgive2/rlfw/rlfw_interface/install/rlfw_msgs/include/rlfw_msgs/rlfw_msgs/msg/detail/serial_msg__type_support.c
[3.358s] -- Installing: /home/albusgive2/rlfw/rlfw_interface/install/rlfw_msgs/include/rlfw_msgs/rlfw_msgs/msg/detail/motor_ctrl__rosidl_typesupport_introspection_c.h
[3.358s] -- Installing: /home/albusgive2/rlfw/rlfw_interface/install/rlfw_msgs/lib/librlfw_msgs__rosidl_typesupport_introspection_c.so
[3.358s] -- Set runtime path of "/home/albusgive2/rlfw/rlfw_interface/install/rlfw_msgs/lib/librlfw_msgs__rosidl_typesupport_introspection_c.so" to ""
[3.358s] -- Installing: /home/albusgive2/rlfw/rlfw_interface/install/rlfw_msgs/lib/librlfw_msgs__rosidl_typesupport_c.so
[3.358s] -- Set runtime path of "/home/albusgive2/rlfw/rlfw_interface/install/rlfw_msgs/lib/librlfw_msgs__rosidl_typesupport_c.so" to ""
[3.359s] -- Up-to-date: /home/albusgive2/rlfw/rlfw_interface/install/rlfw_msgs/include/rlfw_msgs/rlfw_msgs
[3.359s] -- Up-to-date: /home/albusgive2/rlfw/rlfw_interface/install/rlfw_msgs/include/rlfw_msgs/rlfw_msgs/srv
[3.359s] -- Up-to-date: /home/albusgive2/rlfw/rlfw_interface/install/rlfw_msgs/include/rlfw_msgs/rlfw_msgs/srv/detail
[3.359s] -- Installing: /home/albusgive2/rlfw/rlfw_interface/install/rlfw_msgs/include/rlfw_msgs/rlfw_msgs/srv/detail/com_parameter__type_support.cpp
[3.359s] -- Installing: /home/albusgive2/rlfw/rlfw_interface/install/rlfw_msgs/include/rlfw_msgs/rlfw_msgs/srv/detail/com_parameter__rosidl_typesupport_introspection_cpp.hpp
[3.359s] -- Up-to-date: /home/albusgive2/rlfw/rlfw_interface/install/rlfw_msgs/include/rlfw_msgs/rlfw_msgs/srv/detail/rl_srv__rosidl_typesupport_introspection_cpp.hpp
[3.359s] -- Up-to-date: /home/albusgive2/rlfw/rlfw_interface/install/rlfw_msgs/include/rlfw_msgs/rlfw_msgs/srv/detail/rl_srv__type_support.cpp
[3.359s] -- Up-to-date: /home/albusgive2/rlfw/rlfw_interface/install/rlfw_msgs/include/rlfw_msgs/rlfw_msgs/msg
[3.359s] -- Up-to-date: /home/albusgive2/rlfw/rlfw_interface/install/rlfw_msgs/include/rlfw_msgs/rlfw_msgs/msg/detail
[3.359s] -- Installing: /home/albusgive2/rlfw/rlfw_interface/install/rlfw_msgs/include/rlfw_msgs/rlfw_msgs/msg/detail/serial_msg__type_support.cpp
[3.359s] -- Installing: /home/albusgive2/rlfw/rlfw_interface/install/rlfw_msgs/include/rlfw_msgs/rlfw_msgs/msg/detail/motor_ctrl__type_support.cpp
[3.359s] -- Installing: /home/albusgive2/rlfw/rlfw_interface/install/rlfw_msgs/include/rlfw_msgs/rlfw_msgs/msg/detail/motor__type_support.cpp
[3.359s] -- Installing: /home/albusgive2/rlfw/rlfw_interface/install/rlfw_msgs/include/rlfw_msgs/rlfw_msgs/msg/detail/can_msg__type_support.cpp
[3.359s] -- Installing: /home/albusgive2/rlfw/rlfw_interface/install/rlfw_msgs/include/rlfw_msgs/rlfw_msgs/msg/detail/serial_msg__rosidl_typesupport_introspection_cpp.hpp
[3.360s] -- Installing: /home/albusgive2/rlfw/rlfw_interface/install/rlfw_msgs/include/rlfw_msgs/rlfw_msgs/msg/detail/motor__rosidl_typesupport_introspection_cpp.hpp
[3.360s] -- Installing: /home/albusgive2/rlfw/rlfw_interface/install/rlfw_msgs/include/rlfw_msgs/rlfw_msgs/msg/detail/motor_ctrl__rosidl_typesupport_introspection_cpp.hpp
[3.360s] -- Installing: /home/albusgive2/rlfw/rlfw_interface/install/rlfw_msgs/include/rlfw_msgs/rlfw_msgs/msg/detail/can_msg__rosidl_typesupport_introspection_cpp.hpp
[3.360s] -- Installing: /home/albusgive2/rlfw/rlfw_interface/install/rlfw_msgs/lib/librlfw_msgs__rosidl_typesupport_introspection_cpp.so
[3.360s] -- Set runtime path of "/home/albusgive2/rlfw/rlfw_interface/install/rlfw_msgs/lib/librlfw_msgs__rosidl_typesupport_introspection_cpp.so" to ""
[3.360s] -- Installing: /home/albusgive2/rlfw/rlfw_interface/install/rlfw_msgs/lib/librlfw_msgs__rosidl_typesupport_cpp.so
[3.360s] -- Set runtime path of "/home/albusgive2/rlfw/rlfw_interface/install/rlfw_msgs/lib/librlfw_msgs__rosidl_typesupport_cpp.so" to ""
[3.360s] -- Up-to-date: /home/albusgive2/rlfw/rlfw_interface/install/rlfw_msgs/share/rlfw_msgs/environment/pythonpath.sh
[3.360s] -- Installing: /home/albusgive2/rlfw/rlfw_interface/install/rlfw_msgs/share/rlfw_msgs/environment/pythonpath.dsv
[3.360s] -- Up-to-date: /home/albusgive2/rlfw/rlfw_interface/install/rlfw_msgs/local/lib/python3.10/dist-packages/rlfw_msgs-0.0.0-py3.10.egg-info
[3.360s] -- Installing: /home/albusgive2/rlfw/rlfw_interface/install/rlfw_msgs/local/lib/python3.10/dist-packages/rlfw_msgs-0.0.0-py3.10.egg-info/PKG-INFO
[3.360s] -- Installing: /home/albusgive2/rlfw/rlfw_interface/install/rlfw_msgs/local/lib/python3.10/dist-packages/rlfw_msgs-0.0.0-py3.10.egg-info/SOURCES.txt
[3.360s] -- Installing: /home/albusgive2/rlfw/rlfw_interface/install/rlfw_msgs/local/lib/python3.10/dist-packages/rlfw_msgs-0.0.0-py3.10.egg-info/dependency_links.txt
[3.360s] -- Installing: /home/albusgive2/rlfw/rlfw_interface/install/rlfw_msgs/local/lib/python3.10/dist-packages/rlfw_msgs-0.0.0-py3.10.egg-info/top_level.txt
[3.360s] -- Up-to-date: /home/albusgive2/rlfw/rlfw_interface/install/rlfw_msgs/local/lib/python3.10/dist-packages/rlfw_msgs
[3.360s] -- Installing: /home/albusgive2/rlfw/rlfw_interface/install/rlfw_msgs/local/lib/python3.10/dist-packages/rlfw_msgs/rlfw_msgs_s__rosidl_typesupport_fastrtps_c.cpython-310-x86_64-linux-gnu.so
[3.360s] -- Installing: /home/albusgive2/rlfw/rlfw_interface/install/rlfw_msgs/local/lib/python3.10/dist-packages/rlfw_msgs/_rlfw_msgs_s.ep.rosidl_typesupport_fastrtps_c.c
[3.360s] -- Installing: /home/albusgive2/rlfw/rlfw_interface/install/rlfw_msgs/local/lib/python3.10/dist-packages/rlfw_msgs/rlfw_msgs_s__rosidl_typesupport_introspection_c.cpython-310-x86_64-linux-gnu.so
[3.360s] -- Installing: /home/albusgive2/rlfw/rlfw_interface/install/rlfw_msgs/local/lib/python3.10/dist-packages/rlfw_msgs/_rlfw_msgs_s.ep.rosidl_typesupport_introspection_c.c
[3.360s] -- Installing: /home/albusgive2/rlfw/rlfw_interface/install/rlfw_msgs/local/lib/python3.10/dist-packages/rlfw_msgs/librlfw_msgs__rosidl_generator_py.so
[3.360s] -- Up-to-date: /home/albusgive2/rlfw/rlfw_interface/install/rlfw_msgs/local/lib/python3.10/dist-packages/rlfw_msgs/srv
[3.360s] -- Installing: /home/albusgive2/rlfw/rlfw_interface/install/rlfw_msgs/local/lib/python3.10/dist-packages/rlfw_msgs/srv/_com_parameter.py
[3.360s] -- Installing: /home/albusgive2/rlfw/rlfw_interface/install/rlfw_msgs/local/lib/python3.10/dist-packages/rlfw_msgs/srv/_com_parameter_s.c
[3.360s] -- Installing: /home/albusgive2/rlfw/rlfw_interface/install/rlfw_msgs/local/lib/python3.10/dist-packages/rlfw_msgs/srv/__init__.py
[3.360s] -- Up-to-date: /home/albusgive2/rlfw/rlfw_interface/install/rlfw_msgs/local/lib/python3.10/dist-packages/rlfw_msgs/srv/_rl_srv_s.c
[3.361s] -- Up-to-date: /home/albusgive2/rlfw/rlfw_interface/install/rlfw_msgs/local/lib/python3.10/dist-packages/rlfw_msgs/srv/_rl_srv.py
[3.361s] -- Installing: /home/albusgive2/rlfw/rlfw_interface/install/rlfw_msgs/local/lib/python3.10/dist-packages/rlfw_msgs/rlfw_msgs_s__rosidl_typesupport_c.cpython-310-x86_64-linux-gnu.so
[3.361s] -- Installing: /home/albusgive2/rlfw/rlfw_interface/install/rlfw_msgs/local/lib/python3.10/dist-packages/rlfw_msgs/__init__.py
[3.361s] -- Up-to-date: /home/albusgive2/rlfw/rlfw_interface/install/rlfw_msgs/local/lib/python3.10/dist-packages/rlfw_msgs/msg
[3.361s] -- Installing: /home/albusgive2/rlfw/rlfw_interface/install/rlfw_msgs/local/lib/python3.10/dist-packages/rlfw_msgs/msg/_motor_s.c
[3.361s] -- Installing: /home/albusgive2/rlfw/rlfw_interface/install/rlfw_msgs/local/lib/python3.10/dist-packages/rlfw_msgs/msg/_motor_ctrl.py
[3.361s] -- Installing: /home/albusgive2/rlfw/rlfw_interface/install/rlfw_msgs/local/lib/python3.10/dist-packages/rlfw_msgs/msg/_can_msg_s.c
[3.361s] -- Installing: /home/albusgive2/rlfw/rlfw_interface/install/rlfw_msgs/local/lib/python3.10/dist-packages/rlfw_msgs/msg/_can_msg.py
[3.361s] -- Installing: /home/albusgive2/rlfw/rlfw_interface/install/rlfw_msgs/local/lib/python3.10/dist-packages/rlfw_msgs/msg/_serial_msg_s.c
[3.361s] -- Installing: /home/albusgive2/rlfw/rlfw_interface/install/rlfw_msgs/local/lib/python3.10/dist-packages/rlfw_msgs/msg/_motor.py
[3.361s] -- Installing: /home/albusgive2/rlfw/rlfw_interface/install/rlfw_msgs/local/lib/python3.10/dist-packages/rlfw_msgs/msg/_motor_ctrl_s.c
[3.361s] -- Installing: /home/albusgive2/rlfw/rlfw_interface/install/rlfw_msgs/local/lib/python3.10/dist-packages/rlfw_msgs/msg/__init__.py
[3.361s] -- Installing: /home/albusgive2/rlfw/rlfw_interface/install/rlfw_msgs/local/lib/python3.10/dist-packages/rlfw_msgs/msg/_serial_msg.py
[3.361s] -- Installing: /home/albusgive2/rlfw/rlfw_interface/install/rlfw_msgs/local/lib/python3.10/dist-packages/rlfw_msgs/_rlfw_msgs_s.ep.rosidl_typesupport_c.c
[3.388s] Listing '/home/albusgive2/rlfw/rlfw_interface/install/rlfw_msgs/local/lib/python3.10/dist-packages/rlfw_msgs'...
[3.388s] Compiling '/home/albusgive2/rlfw/rlfw_interface/install/rlfw_msgs/local/lib/python3.10/dist-packages/rlfw_msgs/__init__.py'...
[3.388s] Listing '/home/albusgive2/rlfw/rlfw_interface/install/rlfw_msgs/local/lib/python3.10/dist-packages/rlfw_msgs/msg'...
[3.388s] Compiling '/home/albusgive2/rlfw/rlfw_interface/install/rlfw_msgs/local/lib/python3.10/dist-packages/rlfw_msgs/msg/__init__.py'...
[3.388s] Compiling '/home/albusgive2/rlfw/rlfw_interface/install/rlfw_msgs/local/lib/python3.10/dist-packages/rlfw_msgs/msg/_can_msg.py'...
[3.388s] Compiling '/home/albusgive2/rlfw/rlfw_interface/install/rlfw_msgs/local/lib/python3.10/dist-packages/rlfw_msgs/msg/_motor.py'...
[3.388s] Compiling '/home/albusgive2/rlfw/rlfw_interface/install/rlfw_msgs/local/lib/python3.10/dist-packages/rlfw_msgs/msg/_motor_ctrl.py'...
[3.388s] Compiling '/home/albusgive2/rlfw/rlfw_interface/install/rlfw_msgs/local/lib/python3.10/dist-packages/rlfw_msgs/msg/_serial_msg.py'...
[3.388s] Listing '/home/albusgive2/rlfw/rlfw_interface/install/rlfw_msgs/local/lib/python3.10/dist-packages/rlfw_msgs/srv'...
[3.388s] Compiling '/home/albusgive2/rlfw/rlfw_interface/install/rlfw_msgs/local/lib/python3.10/dist-packages/rlfw_msgs/srv/__init__.py'...
[3.388s] Compiling '/home/albusgive2/rlfw/rlfw_interface/install/rlfw_msgs/local/lib/python3.10/dist-packages/rlfw_msgs/srv/_com_parameter.py'...
[3.391s] -- Installing: /home/albusgive2/rlfw/rlfw_interface/install/rlfw_msgs/local/lib/python3.10/dist-packages/rlfw_msgs/rlfw_msgs_s__rosidl_typesupport_fastrtps_c.cpython-310-x86_64-linux-gnu.so
[3.391s] -- Set runtime path of "/home/albusgive2/rlfw/rlfw_interface/install/rlfw_msgs/local/lib/python3.10/dist-packages/rlfw_msgs/rlfw_msgs_s__rosidl_typesupport_fastrtps_c.cpython-310-x86_64-linux-gnu.so" to ""
[3.392s] -- Installing: /home/albusgive2/rlfw/rlfw_interface/install/rlfw_msgs/local/lib/python3.10/dist-packages/rlfw_msgs/rlfw_msgs_s__rosidl_typesupport_introspection_c.cpython-310-x86_64-linux-gnu.so
[3.392s] -- Set runtime path of "/home/albusgive2/rlfw/rlfw_interface/install/rlfw_msgs/local/lib/python3.10/dist-packages/rlfw_msgs/rlfw_msgs_s__rosidl_typesupport_introspection_c.cpython-310-x86_64-linux-gnu.so" to ""
[3.392s] -- Installing: /home/albusgive2/rlfw/rlfw_interface/install/rlfw_msgs/local/lib/python3.10/dist-packages/rlfw_msgs/rlfw_msgs_s__rosidl_typesupport_c.cpython-310-x86_64-linux-gnu.so
[3.392s] -- Set runtime path of "/home/albusgive2/rlfw/rlfw_interface/install/rlfw_msgs/local/lib/python3.10/dist-packages/rlfw_msgs/rlfw_msgs_s__rosidl_typesupport_c.cpython-310-x86_64-linux-gnu.so" to ""
[3.392s] -- Installing: /home/albusgive2/rlfw/rlfw_interface/install/rlfw_msgs/lib/librlfw_msgs__rosidl_generator_py.so
[3.392s] -- Set runtime path of "/home/albusgive2/rlfw/rlfw_interface/install/rlfw_msgs/lib/librlfw_msgs__rosidl_generator_py.so" to ""
[3.392s] -- Up-to-date: /home/albusgive2/rlfw/rlfw_interface/install/rlfw_msgs/share/rlfw_msgs/msg/Motor.idl
[3.392s] -- Up-to-date: /home/albusgive2/rlfw/rlfw_interface/install/rlfw_msgs/share/rlfw_msgs/msg/MotorCtrl.idl
[3.393s] -- Up-to-date: /home/albusgive2/rlfw/rlfw_interface/install/rlfw_msgs/share/rlfw_msgs/msg/CanMsg.idl
[3.393s] -- Up-to-date: /home/albusgive2/rlfw/rlfw_interface/install/rlfw_msgs/share/rlfw_msgs/msg/SerialMsg.idl
[3.393s] -- Installing: /home/albusgive2/rlfw/rlfw_interface/install/rlfw_msgs/share/rlfw_msgs/srv/ComParameter.idl
[3.393s] -- Up-to-date: /home/albusgive2/rlfw/rlfw_interface/install/rlfw_msgs/share/rlfw_msgs/msg/Motor.msg
[3.393s] -- Up-to-date: /home/albusgive2/rlfw/rlfw_interface/install/rlfw_msgs/share/rlfw_msgs/msg/MotorCtrl.msg
[3.393s] -- Up-to-date: /home/albusgive2/rlfw/rlfw_interface/install/rlfw_msgs/share/rlfw_msgs/msg/CanMsg.msg
[3.393s] -- Up-to-date: /home/albusgive2/rlfw/rlfw_interface/install/rlfw_msgs/share/rlfw_msgs/msg/SerialMsg.msg
[3.393s] -- Installing: /home/albusgive2/rlfw/rlfw_interface/install/rlfw_msgs/share/rlfw_msgs/srv/ComParameter.srv
[3.393s] -- Installing: /home/albusgive2/rlfw/rlfw_interface/install/rlfw_msgs/share/rlfw_msgs/srv/ComParameter_Request.msg
[3.393s] -- Installing: /home/albusgive2/rlfw/rlfw_interface/install/rlfw_msgs/share/rlfw_msgs/srv/ComParameter_Response.msg
[3.393s] -- Up-to-date: /home/albusgive2/rlfw/rlfw_interface/install/rlfw_msgs/share/ament_index/resource_index/package_run_dependencies/rlfw_msgs
[3.393s] -- Up-to-date: /home/albusgive2/rlfw/rlfw_interface/install/rlfw_msgs/share/ament_index/resource_index/parent_prefix_path/rlfw_msgs
[3.393s] -- Up-to-date: /home/albusgive2/rlfw/rlfw_interface/install/rlfw_msgs/share/rlfw_msgs/environment/ament_prefix_path.sh
[3.393s] -- Installing: /home/albusgive2/rlfw/rlfw_interface/install/rlfw_msgs/share/rlfw_msgs/environment/ament_prefix_path.dsv
[3.393s] -- Up-to-date: /home/albusgive2/rlfw/rlfw_interface/install/rlfw_msgs/share/rlfw_msgs/environment/path.sh
[3.393s] -- Installing: /home/albusgive2/rlfw/rlfw_interface/install/rlfw_msgs/share/rlfw_msgs/environment/path.dsv
[3.393s] -- Up-to-date: /home/albusgive2/rlfw/rlfw_interface/install/rlfw_msgs/share/rlfw_msgs/local_setup.bash
[3.393s] -- Up-to-date: /home/albusgive2/rlfw/rlfw_interface/install/rlfw_msgs/share/rlfw_msgs/local_setup.sh
[3.393s] -- Up-to-date: /home/albusgive2/rlfw/rlfw_interface/install/rlfw_msgs/share/rlfw_msgs/local_setup.zsh
[3.393s] -- Installing: /home/albusgive2/rlfw/rlfw_interface/install/rlfw_msgs/share/rlfw_msgs/local_setup.dsv
[3.393s] -- Installing: /home/albusgive2/rlfw/rlfw_interface/install/rlfw_msgs/share/rlfw_msgs/package.dsv
[3.393s] -- Up-to-date: /home/albusgive2/rlfw/rlfw_interface/install/rlfw_msgs/share/ament_index/resource_index/packages/rlfw_msgs
[3.393s] -- Up-to-date: /home/albusgive2/rlfw/rlfw_interface/install/rlfw_msgs/share/rlfw_msgs/cmake/export_rlfw_msgs__rosidl_generator_cExport.cmake
[3.393s] -- Up-to-date: /home/albusgive2/rlfw/rlfw_interface/install/rlfw_msgs/share/rlfw_msgs/cmake/export_rlfw_msgs__rosidl_generator_cExport-noconfig.cmake
[3.393s] -- Up-to-date: /home/albusgive2/rlfw/rlfw_interface/install/rlfw_msgs/share/rlfw_msgs/cmake/export_rlfw_msgs__rosidl_typesupport_fastrtps_cExport.cmake
[3.393s] -- Up-to-date: /home/albusgive2/rlfw/rlfw_interface/install/rlfw_msgs/share/rlfw_msgs/cmake/export_rlfw_msgs__rosidl_typesupport_fastrtps_cExport-noconfig.cmake
[3.393s] -- Up-to-date: /home/albusgive2/rlfw/rlfw_interface/install/rlfw_msgs/share/rlfw_msgs/cmake/export_rlfw_msgs__rosidl_generator_cppExport.cmake
[3.393s] -- Up-to-date: /home/albusgive2/rlfw/rlfw_interface/install/rlfw_msgs/share/rlfw_msgs/cmake/export_rlfw_msgs__rosidl_typesupport_fastrtps_cppExport.cmake
[3.393s] -- Up-to-date: /home/albusgive2/rlfw/rlfw_interface/install/rlfw_msgs/share/rlfw_msgs/cmake/export_rlfw_msgs__rosidl_typesupport_fastrtps_cppExport-noconfig.cmake
[3.394s] -- Up-to-date: /home/albusgive2/rlfw/rlfw_interface/install/rlfw_msgs/share/rlfw_msgs/cmake/rlfw_msgs__rosidl_typesupport_introspection_cExport.cmake
[3.394s] -- Up-to-date: /home/albusgive2/rlfw/rlfw_interface/install/rlfw_msgs/share/rlfw_msgs/cmake/rlfw_msgs__rosidl_typesupport_introspection_cExport-noconfig.cmake
[3.394s] -- Up-to-date: /home/albusgive2/rlfw/rlfw_interface/install/rlfw_msgs/share/rlfw_msgs/cmake/rlfw_msgs__rosidl_typesupport_cExport.cmake
[3.394s] -- Up-to-date: /home/albusgive2/rlfw/rlfw_interface/install/rlfw_msgs/share/rlfw_msgs/cmake/rlfw_msgs__rosidl_typesupport_cExport-noconfig.cmake
[3.394s] -- Up-to-date: /home/albusgive2/rlfw/rlfw_interface/install/rlfw_msgs/share/rlfw_msgs/cmake/rlfw_msgs__rosidl_typesupport_introspection_cppExport.cmake
[3.394s] -- Up-to-date: /home/albusgive2/rlfw/rlfw_interface/install/rlfw_msgs/share/rlfw_msgs/cmake/rlfw_msgs__rosidl_typesupport_introspection_cppExport-noconfig.cmake
[3.394s] -- Up-to-date: /home/albusgive2/rlfw/rlfw_interface/install/rlfw_msgs/share/rlfw_msgs/cmake/rlfw_msgs__rosidl_typesupport_cppExport.cmake
[3.394s] -- Up-to-date: /home/albusgive2/rlfw/rlfw_interface/install/rlfw_msgs/share/rlfw_msgs/cmake/rlfw_msgs__rosidl_typesupport_cppExport-noconfig.cmake
[3.394s] -- Up-to-date: /home/albusgive2/rlfw/rlfw_interface/install/rlfw_msgs/share/rlfw_msgs/cmake/export_rlfw_msgs__rosidl_generator_pyExport.cmake
[3.394s] -- Up-to-date: /home/albusgive2/rlfw/rlfw_interface/install/rlfw_msgs/share/rlfw_msgs/cmake/export_rlfw_msgs__rosidl_generator_pyExport-noconfig.cmake
[3.394s] -- Installing: /home/albusgive2/rlfw/rlfw_interface/install/rlfw_msgs/share/rlfw_msgs/cmake/rosidl_cmake-extras.cmake
[3.394s] -- Up-to-date: /home/albusgive2/rlfw/rlfw_interface/install/rlfw_msgs/share/rlfw_msgs/cmake/ament_cmake_export_dependencies-extras.cmake
[3.394s] -- Up-to-date: /home/albusgive2/rlfw/rlfw_interface/install/rlfw_msgs/share/rlfw_msgs/cmake/ament_cmake_export_include_directories-extras.cmake
[3.394s] -- Up-to-date: /home/albusgive2/rlfw/rlfw_interface/install/rlfw_msgs/share/rlfw_msgs/cmake/ament_cmake_export_libraries-extras.cmake
[3.394s] -- Up-to-date: /home/albusgive2/rlfw/rlfw_interface/install/rlfw_msgs/share/rlfw_msgs/cmake/ament_cmake_export_targets-extras.cmake
[3.394s] -- Up-to-date: /home/albusgive2/rlfw/rlfw_interface/install/rlfw_msgs/share/rlfw_msgs/cmake/rosidl_cmake_export_typesupport_targets-extras.cmake
[3.394s] -- Up-to-date: /home/albusgive2/rlfw/rlfw_interface/install/rlfw_msgs/share/rlfw_msgs/cmake/rosidl_cmake_export_typesupport_libraries-extras.cmake
[3.394s] -- Up-to-date: /home/albusgive2/rlfw/rlfw_interface/install/rlfw_msgs/share/rlfw_msgs/cmake/rlfw_msgsConfig.cmake
[3.394s] -- Up-to-date: /home/albusgive2/rlfw/rlfw_interface/install/rlfw_msgs/share/rlfw_msgs/cmake/rlfw_msgsConfig-version.cmake
[3.394s] -- Up-to-date: /home/albusgive2/rlfw/rlfw_interface/install/rlfw_msgs/share/rlfw_msgs/package.xml
[3.396s] Invoked command in '/home/albusgive2/rlfw/rlfw_interface/build/rlfw_msgs' returned '0': CMAKE_PREFIX_PATH=${CMAKE_PREFIX_PATH}:/opt/ros/humble /usr/bin/cmake --install /home/albusgive2/rlfw/rlfw_interface/build/rlfw_msgs
