[0.013s] Invoking command in '/home/albusgive2/rlfw/rlfw_deploy/build/CommunicationCenter': CMAKE_PREFIX_PATH=${CMAKE_PREFIX_PATH}:/opt/ros/humble /usr/bin/cmake --build /home/albusgive2/rlfw/rlfw_deploy/build/CommunicationCenter -- -j12 -l12
[0.046s] [ 14%] Built target tinyxml2
[0.058s] [35m[1mConsolidate compiler generated dependencies of target CommunicationCenter[0m
[0.060s] [ 28%] Built target xmltest
[0.073s] [ 35%] [32mBuilding CXX object CMakeFiles/CommunicationCenter.dir/src/serial.cpp.o[0m
[0.399s] [01m[K/home/albusgive2/rlfw/rlfw_deploy/src/CommunicationCenter/src/serial.cpp:[m[K In lambda function:
[0.399s] [01m[K/home/albusgive2/rlfw/rlfw_deploy/src/CommunicationCenter/src/serial.cpp:397:21:[m[K [01;35m[Kwarning: [m[Kcomparison of integer expressions of different signedness: ‘[01m[Kint[m[K’ and ‘[01m[Kstd::vector<unsigned char>::size_type[m[K’ {aka ‘[01m[Klong unsigned int[m[K’} [[01;35m[K]8;;https://gcc.gnu.org/onlinedocs/gcc/Warning-Options.html#index-Wsign-compare-Wsign-compare]8;;[m[K]
[0.399s]   397 |       if ([01;35m[Klast_size == recv_queue.size()[m[K) {
[0.399s]       |           [01;35m[K~~~~~~~~~~^~~~~~~~~~~~~~~~~~~~[m[K
[0.459s] [01m[K/home/albusgive2/rlfw/rlfw_deploy/src/CommunicationCenter/src/serial.cpp:[m[K In member function ‘[01m[Kbool Serial::OpenSerial(std::string, int, int, int, int)[m[K’:
[0.459s] [01m[K/home/albusgive2/rlfw/rlfw_deploy/src/CommunicationCenter/src/serial.cpp:41:17:[m[K [01;35m[Kwarning: [m[Kthis statement may fall through [[01;35m[K]8;;https://gcc.gnu.org/onlinedocs/gcc/Warning-Options.html#index-Wimplicit-fallthrough=-Wimplicit-fallthrough=]8;;[m[K]
[0.459s]    41 |     Opt.c_cflag [01;35m[K|[m[K= CS6;
[0.460s]       |                 [01;35m[K^[m[K
[0.460s] [01m[K/home/albusgive2/rlfw/rlfw_deploy/src/CommunicationCenter/src/serial.cpp:42:3:[m[K [01;36m[Knote: [m[Khere
[0.460s]    42 |   [01;36m[Kcase[m[K 7:
[0.460s]       |   [01;36m[K^~~~[m[K
[0.625s] [ 42%] [32m[1mLinking CXX executable CommunicationCenter[0m
[1.163s] [100%] Built target CommunicationCenter
[1.170s] Invoked command in '/home/albusgive2/rlfw/rlfw_deploy/build/CommunicationCenter' returned '0': CMAKE_PREFIX_PATH=${CMAKE_PREFIX_PATH}:/opt/ros/humble /usr/bin/cmake --build /home/albusgive2/rlfw/rlfw_deploy/build/CommunicationCenter -- -j12 -l12
[1.171s] Invoking command in '/home/albusgive2/rlfw/rlfw_deploy/build/CommunicationCenter': CMAKE_PREFIX_PATH=${CMAKE_PREFIX_PATH}:/opt/ros/humble /usr/bin/cmake --install /home/albusgive2/rlfw/rlfw_deploy/build/CommunicationCenter
[1.176s] -- Install configuration: ""
[1.176s] -- Installing: /home/albusgive2/rlfw/rlfw_deploy/install/CommunicationCenter/lib/CommunicationCenter/CommunicationCenter
[1.180s] -- Set runtime path of "/home/albusgive2/rlfw/rlfw_deploy/install/CommunicationCenter/lib/CommunicationCenter/CommunicationCenter" to ""
[1.180s] -- Up-to-date: /home/albusgive2/rlfw/rlfw_deploy/install/CommunicationCenter/share/motor_cfg.xml
[1.180s] -- Up-to-date: /home/albusgive2/rlfw/rlfw_deploy/install/CommunicationCenter/share/ament_index/resource_index/package_run_dependencies/CommunicationCenter
[1.180s] -- Up-to-date: /home/albusgive2/rlfw/rlfw_deploy/install/CommunicationCenter/share/ament_index/resource_index/parent_prefix_path/CommunicationCenter
[1.180s] -- Up-to-date: /home/albusgive2/rlfw/rlfw_deploy/install/CommunicationCenter/share/CommunicationCenter/environment/ament_prefix_path.sh
[1.180s] -- Up-to-date: /home/albusgive2/rlfw/rlfw_deploy/install/CommunicationCenter/share/CommunicationCenter/environment/ament_prefix_path.dsv
[1.180s] -- Up-to-date: /home/albusgive2/rlfw/rlfw_deploy/install/CommunicationCenter/share/CommunicationCenter/environment/path.sh
[1.180s] -- Up-to-date: /home/albusgive2/rlfw/rlfw_deploy/install/CommunicationCenter/share/CommunicationCenter/environment/path.dsv
[1.180s] -- Up-to-date: /home/albusgive2/rlfw/rlfw_deploy/install/CommunicationCenter/share/CommunicationCenter/local_setup.bash
[1.180s] -- Up-to-date: /home/albusgive2/rlfw/rlfw_deploy/install/CommunicationCenter/share/CommunicationCenter/local_setup.sh
[1.180s] -- Up-to-date: /home/albusgive2/rlfw/rlfw_deploy/install/CommunicationCenter/share/CommunicationCenter/local_setup.zsh
[1.181s] -- Up-to-date: /home/albusgive2/rlfw/rlfw_deploy/install/CommunicationCenter/share/CommunicationCenter/local_setup.dsv
[1.181s] -- Installing: /home/albusgive2/rlfw/rlfw_deploy/install/CommunicationCenter/share/CommunicationCenter/package.dsv
[1.181s] -- Up-to-date: /home/albusgive2/rlfw/rlfw_deploy/install/CommunicationCenter/share/ament_index/resource_index/packages/CommunicationCenter
[1.181s] -- Up-to-date: /home/albusgive2/rlfw/rlfw_deploy/install/CommunicationCenter/share/CommunicationCenter/cmake/CommunicationCenterConfig.cmake
[1.181s] -- Up-to-date: /home/albusgive2/rlfw/rlfw_deploy/install/CommunicationCenter/share/CommunicationCenter/cmake/CommunicationCenterConfig-version.cmake
[1.181s] -- Up-to-date: /home/albusgive2/rlfw/rlfw_deploy/install/CommunicationCenter/share/CommunicationCenter/package.xml
[1.181s] -- Up-to-date: /home/albusgive2/rlfw/rlfw_deploy/install/CommunicationCenter/lib/libtinyxml2.a
[1.181s] -- Up-to-date: /home/albusgive2/rlfw/rlfw_deploy/install/CommunicationCenter/lib/cmake/tinyxml2/tinyxml2-static-targets.cmake
[1.181s] -- Up-to-date: /home/albusgive2/rlfw/rlfw_deploy/install/CommunicationCenter/lib/cmake/tinyxml2/tinyxml2-static-targets-noconfig.cmake
[1.181s] -- Up-to-date: /home/albusgive2/rlfw/rlfw_deploy/install/CommunicationCenter/lib/cmake/tinyxml2/tinyxml2-config.cmake
[1.181s] -- Up-to-date: /home/albusgive2/rlfw/rlfw_deploy/install/CommunicationCenter/lib/cmake/tinyxml2/tinyxml2-config-version.cmake
[1.181s] -- Up-to-date: /home/albusgive2/rlfw/rlfw_deploy/install/CommunicationCenter/include/tinyxml2.h
[1.181s] -- Up-to-date: /home/albusgive2/rlfw/rlfw_deploy/install/CommunicationCenter/lib/pkgconfig/tinyxml2.pc
[1.182s] Invoked command in '/home/albusgive2/rlfw/rlfw_deploy/build/CommunicationCenter' returned '0': CMAKE_PREFIX_PATH=${CMAKE_PREFIX_PATH}:/opt/ros/humble /usr/bin/cmake --install /home/albusgive2/rlfw/rlfw_deploy/build/CommunicationCenter
