[0.060s] DEBUG:colcon:Command line arguments: ['/usr/bin/colcon', 'build']
[0.061s] DEBUG:colcon:Parsed command line arguments: Namespace(log_base=None, log_level=None, verb_name='build', build_base='build', install_base='install', merge_install=False, symlink_install=False, test_result_base=None, continue_on_error=False, executor='parallel', parallel_workers=12, event_handlers=None, ignore_user_meta=False, metas=['./colcon.meta'], base_paths=['.'], packages_ignore=None, packages_ignore_regex=None, paths=None, packages_up_to=None, packages_up_to_regex=None, packages_above=None, packages_above_and_dependencies=None, packages_above_depth=None, packages_select_by_dep=None, packages_skip_by_dep=None, packages_skip_up_to=None, packages_select_build_failed=False, packages_skip_build_finished=False, packages_select_test_failures=False, packages_skip_test_passed=False, packages_select=None, packages_skip=None, packages_select_regex=None, packages_skip_regex=None, packages_start=None, packages_end=None, allow_overriding=[], cmake_args=None, cmake_target=None, cmake_target_skip_unavailable=False, cmake_clean_cache=False, cmake_clean_first=False, cmake_force_configure=False, ament_cmake_args=None, catkin_cmake_args=None, catkin_skip_building_tests=False, verb_parser=<colcon_defaults.argument_parser.defaults.DefaultArgumentsDecorator object at 0x7337cfedace0>, verb_extension=<colcon_core.verb.build.BuildVerb object at 0x7337d0070190>, main=<bound method BuildVerb.main of <colcon_core.verb.build.BuildVerb object at 0x7337d0070190>>)
[0.147s] Level 1:colcon.colcon_core.package_discovery:discover_packages(colcon_meta) check parameters
[0.147s] Level 1:colcon.colcon_core.package_discovery:discover_packages(recursive) check parameters
[0.147s] Level 1:colcon.colcon_core.package_discovery:discover_packages(ignore) check parameters
[0.147s] Level 1:colcon.colcon_core.package_discovery:discover_packages(path) check parameters
[0.147s] Level 1:colcon.colcon_core.package_discovery:discover_packages(colcon_meta) discover
[0.147s] Level 1:colcon.colcon_core.package_discovery:discover_packages(recursive) discover
[0.147s] INFO:colcon.colcon_core.package_discovery:Crawling recursively for packages in '/home/albusgive2/rlfw/rlfw_interface'
[0.147s] Level 1:colcon.colcon_core.package_identification:_identify(.) by extensions ['ignore', 'ignore_ament_install']
[0.147s] Level 1:colcon.colcon_core.package_identification:_identify(.) by extension 'ignore'
[0.147s] Level 1:colcon.colcon_core.package_identification:_identify(.) by extension 'ignore_ament_install'
[0.147s] Level 1:colcon.colcon_core.package_identification:_identify(.) by extensions ['colcon_pkg']
[0.147s] Level 1:colcon.colcon_core.package_identification:_identify(.) by extension 'colcon_pkg'
[0.147s] Level 1:colcon.colcon_core.package_identification:_identify(.) by extensions ['colcon_meta']
[0.147s] Level 1:colcon.colcon_core.package_identification:_identify(.) by extension 'colcon_meta'
[0.147s] Level 1:colcon.colcon_core.package_identification:_identify(.) by extensions ['ros']
[0.147s] Level 1:colcon.colcon_core.package_identification:_identify(.) by extension 'ros'
[0.154s] Level 1:colcon.colcon_core.package_identification:_identify(.) by extensions ['cmake', 'python']
[0.154s] Level 1:colcon.colcon_core.package_identification:_identify(.) by extension 'cmake'
[0.154s] Level 1:colcon.colcon_core.package_identification:_identify(.) by extension 'python'
[0.154s] Level 1:colcon.colcon_core.package_identification:_identify(.) by extensions ['python_setup_py']
[0.154s] Level 1:colcon.colcon_core.package_identification:_identify(.) by extension 'python_setup_py'
[0.154s] Level 1:colcon.colcon_core.package_identification:_identify(build) by extensions ['ignore', 'ignore_ament_install']
[0.154s] Level 1:colcon.colcon_core.package_identification:_identify(build) by extension 'ignore'
[0.154s] Level 1:colcon.colcon_core.package_identification:_identify(build) ignored
[0.154s] Level 1:colcon.colcon_core.package_identification:_identify(install) by extensions ['ignore', 'ignore_ament_install']
[0.155s] Level 1:colcon.colcon_core.package_identification:_identify(install) by extension 'ignore'
[0.155s] Level 1:colcon.colcon_core.package_identification:_identify(install) ignored
[0.155s] Level 1:colcon.colcon_core.package_identification:_identify(log) by extensions ['ignore', 'ignore_ament_install']
[0.155s] Level 1:colcon.colcon_core.package_identification:_identify(log) by extension 'ignore'
[0.155s] Level 1:colcon.colcon_core.package_identification:_identify(log) ignored
[0.155s] Level 1:colcon.colcon_core.package_identification:_identify(src) by extensions ['ignore', 'ignore_ament_install']
[0.155s] Level 1:colcon.colcon_core.package_identification:_identify(src) by extension 'ignore'
[0.155s] Level 1:colcon.colcon_core.package_identification:_identify(src) by extension 'ignore_ament_install'
[0.155s] Level 1:colcon.colcon_core.package_identification:_identify(src) by extensions ['colcon_pkg']
[0.155s] Level 1:colcon.colcon_core.package_identification:_identify(src) by extension 'colcon_pkg'
[0.155s] Level 1:colcon.colcon_core.package_identification:_identify(src) by extensions ['colcon_meta']
[0.155s] Level 1:colcon.colcon_core.package_identification:_identify(src) by extension 'colcon_meta'
[0.155s] Level 1:colcon.colcon_core.package_identification:_identify(src) by extensions ['ros']
[0.155s] Level 1:colcon.colcon_core.package_identification:_identify(src) by extension 'ros'
[0.155s] Level 1:colcon.colcon_core.package_identification:_identify(src) by extensions ['cmake', 'python']
[0.155s] Level 1:colcon.colcon_core.package_identification:_identify(src) by extension 'cmake'
[0.155s] Level 1:colcon.colcon_core.package_identification:_identify(src) by extension 'python'
[0.155s] Level 1:colcon.colcon_core.package_identification:_identify(src) by extensions ['python_setup_py']
[0.155s] Level 1:colcon.colcon_core.package_identification:_identify(src) by extension 'python_setup_py'
[0.155s] Level 1:colcon.colcon_core.package_identification:_identify(src/rlfw_msgs) by extensions ['ignore', 'ignore_ament_install']
[0.155s] Level 1:colcon.colcon_core.package_identification:_identify(src/rlfw_msgs) by extension 'ignore'
[0.155s] Level 1:colcon.colcon_core.package_identification:_identify(src/rlfw_msgs) by extension 'ignore_ament_install'
[0.155s] Level 1:colcon.colcon_core.package_identification:_identify(src/rlfw_msgs) by extensions ['colcon_pkg']
[0.155s] Level 1:colcon.colcon_core.package_identification:_identify(src/rlfw_msgs) by extension 'colcon_pkg'
[0.155s] Level 1:colcon.colcon_core.package_identification:_identify(src/rlfw_msgs) by extensions ['colcon_meta']
[0.155s] Level 1:colcon.colcon_core.package_identification:_identify(src/rlfw_msgs) by extension 'colcon_meta'
[0.155s] Level 1:colcon.colcon_core.package_identification:_identify(src/rlfw_msgs) by extensions ['ros']
[0.155s] Level 1:colcon.colcon_core.package_identification:_identify(src/rlfw_msgs) by extension 'ros'
[0.157s] DEBUG:colcon.colcon_core.package_identification:Package 'src/rlfw_msgs' with type 'ros.ament_cmake' and name 'rlfw_msgs'
[0.157s] Level 1:colcon.colcon_core.package_discovery:discover_packages(recursive) using defaults
[0.157s] Level 1:colcon.colcon_core.package_discovery:discover_packages(ignore) discover
[0.157s] Level 1:colcon.colcon_core.package_discovery:discover_packages(ignore) using defaults
[0.157s] Level 1:colcon.colcon_core.package_discovery:discover_packages(path) discover
[0.157s] Level 1:colcon.colcon_core.package_discovery:discover_packages(path) using defaults
[0.169s] Level 1:colcon.colcon_core.package_discovery:discover_packages(prefix_path) check parameters
[0.169s] Level 1:colcon.colcon_core.package_discovery:discover_packages(prefix_path) discover
[0.170s] DEBUG:colcon.colcon_installed_package_information.package_discovery:Found 1 installed packages in /home/albusgive2/rlfw/rlfw_interface/install
[0.170s] DEBUG:colcon.colcon_installed_package_information.package_discovery:Found 271 installed packages in /opt/ros/humble
[0.172s] Level 1:colcon.colcon_core.package_discovery:discover_packages(prefix_path) using defaults
[0.197s] Level 5:colcon.colcon_core.verb:set package 'rlfw_msgs' build argument 'cmake_args' from command line to 'None'
[0.197s] Level 5:colcon.colcon_core.verb:set package 'rlfw_msgs' build argument 'cmake_target' from command line to 'None'
[0.197s] Level 5:colcon.colcon_core.verb:set package 'rlfw_msgs' build argument 'cmake_target_skip_unavailable' from command line to 'False'
[0.197s] Level 5:colcon.colcon_core.verb:set package 'rlfw_msgs' build argument 'cmake_clean_cache' from command line to 'False'
[0.197s] Level 5:colcon.colcon_core.verb:set package 'rlfw_msgs' build argument 'cmake_clean_first' from command line to 'False'
[0.197s] Level 5:colcon.colcon_core.verb:set package 'rlfw_msgs' build argument 'cmake_force_configure' from command line to 'False'
[0.197s] Level 5:colcon.colcon_core.verb:set package 'rlfw_msgs' build argument 'ament_cmake_args' from command line to 'None'
[0.197s] Level 5:colcon.colcon_core.verb:set package 'rlfw_msgs' build argument 'catkin_cmake_args' from command line to 'None'
[0.197s] Level 5:colcon.colcon_core.verb:set package 'rlfw_msgs' build argument 'catkin_skip_building_tests' from command line to 'False'
[0.197s] DEBUG:colcon.colcon_core.verb:Building package 'rlfw_msgs' with the following arguments: {'ament_cmake_args': None, 'build_base': '/home/albusgive2/rlfw/rlfw_interface/build/rlfw_msgs', 'catkin_cmake_args': None, 'catkin_skip_building_tests': False, 'cmake_args': None, 'cmake_clean_cache': False, 'cmake_clean_first': False, 'cmake_force_configure': False, 'cmake_target': None, 'cmake_target_skip_unavailable': False, 'install_base': '/home/albusgive2/rlfw/rlfw_interface/install/rlfw_msgs', 'merge_install': False, 'path': '/home/albusgive2/rlfw/rlfw_interface/src/rlfw_msgs', 'symlink_install': False, 'test_result_base': None}
[0.197s] INFO:colcon.colcon_core.executor:Executing jobs using 'parallel' executor
[0.198s] DEBUG:colcon.colcon_parallel_executor.executor.parallel:run_until_complete
[0.198s] INFO:colcon.colcon_ros.task.ament_cmake.build:Building ROS package in '/home/albusgive2/rlfw/rlfw_interface/src/rlfw_msgs' with build type 'ament_cmake'
[0.198s] INFO:colcon.colcon_cmake.task.cmake.build:Building CMake package in '/home/albusgive2/rlfw/rlfw_interface/src/rlfw_msgs'
[0.199s] INFO:colcon.colcon_core.plugin_system:Skipping extension 'colcon_core.shell.bat': Not used on non-Windows systems
[0.199s] INFO:colcon.colcon_core.shell:Skip shell extension 'powershell' for command environment: Not usable outside of PowerShell
[0.199s] DEBUG:colcon.colcon_core.shell:Skip shell extension 'dsv' for command environment
[0.204s] DEBUG:colcon.colcon_core.event_handler.log_command:Invoking command in '/home/albusgive2/rlfw/rlfw_interface/build/rlfw_msgs': CMAKE_PREFIX_PATH=${CMAKE_PREFIX_PATH}:/opt/ros/humble /usr/bin/cmake --build /home/albusgive2/rlfw/rlfw_interface/build/rlfw_msgs -- -j12 -l12
[2.709s] DEBUG:colcon.colcon_core.event_handler.log_command:Invoked command in '/home/albusgive2/rlfw/rlfw_interface/build/rlfw_msgs' returned '0': CMAKE_PREFIX_PATH=${CMAKE_PREFIX_PATH}:/opt/ros/humble /usr/bin/cmake --build /home/albusgive2/rlfw/rlfw_interface/build/rlfw_msgs -- -j12 -l12
[2.715s] DEBUG:colcon.colcon_core.event_handler.log_command:Invoking command in '/home/albusgive2/rlfw/rlfw_interface/build/rlfw_msgs': CMAKE_PREFIX_PATH=${CMAKE_PREFIX_PATH}:/opt/ros/humble /usr/bin/cmake --install /home/albusgive2/rlfw/rlfw_interface/build/rlfw_msgs
[2.754s] Level 1:colcon.colcon_core.environment:create_environment_scripts_only(rlfw_msgs)
[2.755s] DEBUG:colcon.colcon_core.event_handler.log_command:Invoked command in '/home/albusgive2/rlfw/rlfw_interface/build/rlfw_msgs' returned '0': CMAKE_PREFIX_PATH=${CMAKE_PREFIX_PATH}:/opt/ros/humble /usr/bin/cmake --install /home/albusgive2/rlfw/rlfw_interface/build/rlfw_msgs
[2.756s] Level 1:colcon.colcon_core.environment:checking '/home/albusgive2/rlfw/rlfw_interface/install/rlfw_msgs' for CMake module files
[2.756s] Level 1:colcon.colcon_core.environment:checking '/home/albusgive2/rlfw/rlfw_interface/install/rlfw_msgs' for CMake config files
[2.756s] Level 1:colcon.colcon_core.shell:create_environment_hook('rlfw_msgs', 'cmake_prefix_path')
[2.757s] INFO:colcon.colcon_core.shell:Creating environment hook '/home/albusgive2/rlfw/rlfw_interface/install/rlfw_msgs/share/rlfw_msgs/hook/cmake_prefix_path.ps1'
[2.757s] INFO:colcon.colcon_core.shell:Creating environment descriptor '/home/albusgive2/rlfw/rlfw_interface/install/rlfw_msgs/share/rlfw_msgs/hook/cmake_prefix_path.dsv'
[2.757s] INFO:colcon.colcon_core.shell:Creating environment hook '/home/albusgive2/rlfw/rlfw_interface/install/rlfw_msgs/share/rlfw_msgs/hook/cmake_prefix_path.sh'
[2.758s] Level 1:colcon.colcon_core.environment:checking '/home/albusgive2/rlfw/rlfw_interface/install/rlfw_msgs/lib'
[2.758s] Level 1:colcon.colcon_core.shell:create_environment_hook('rlfw_msgs', 'ld_library_path_lib')
[2.758s] INFO:colcon.colcon_core.shell:Creating environment hook '/home/albusgive2/rlfw/rlfw_interface/install/rlfw_msgs/share/rlfw_msgs/hook/ld_library_path_lib.ps1'
[2.758s] INFO:colcon.colcon_core.shell:Creating environment descriptor '/home/albusgive2/rlfw/rlfw_interface/install/rlfw_msgs/share/rlfw_msgs/hook/ld_library_path_lib.dsv'
[2.758s] INFO:colcon.colcon_core.shell:Creating environment hook '/home/albusgive2/rlfw/rlfw_interface/install/rlfw_msgs/share/rlfw_msgs/hook/ld_library_path_lib.sh'
[2.759s] Level 1:colcon.colcon_core.environment:checking '/home/albusgive2/rlfw/rlfw_interface/install/rlfw_msgs/bin'
[2.759s] Level 1:colcon.colcon_core.environment:checking '/home/albusgive2/rlfw/rlfw_interface/install/rlfw_msgs/lib/pkgconfig/rlfw_msgs.pc'
[2.759s] Level 1:colcon.colcon_core.environment:checking '/home/albusgive2/rlfw/rlfw_interface/install/rlfw_msgs/lib/python3.10/site-packages'
[2.759s] Level 1:colcon.colcon_core.environment:checking '/home/albusgive2/rlfw/rlfw_interface/install/rlfw_msgs/bin'
[2.759s] INFO:colcon.colcon_core.shell:Creating package script '/home/albusgive2/rlfw/rlfw_interface/install/rlfw_msgs/share/rlfw_msgs/package.ps1'
[2.760s] INFO:colcon.colcon_core.shell:Creating package descriptor '/home/albusgive2/rlfw/rlfw_interface/install/rlfw_msgs/share/rlfw_msgs/package.dsv'
[2.760s] INFO:colcon.colcon_core.shell:Creating package script '/home/albusgive2/rlfw/rlfw_interface/install/rlfw_msgs/share/rlfw_msgs/package.sh'
[2.760s] INFO:colcon.colcon_core.shell:Creating package script '/home/albusgive2/rlfw/rlfw_interface/install/rlfw_msgs/share/rlfw_msgs/package.bash'
[2.761s] INFO:colcon.colcon_core.shell:Creating package script '/home/albusgive2/rlfw/rlfw_interface/install/rlfw_msgs/share/rlfw_msgs/package.zsh'
[2.761s] Level 1:colcon.colcon_core.environment:create_file_with_runtime_dependencies(/home/albusgive2/rlfw/rlfw_interface/install/rlfw_msgs/share/colcon-core/packages/rlfw_msgs)
[2.761s] Level 1:colcon.colcon_core.environment:create_environment_scripts_only(rlfw_msgs)
[2.762s] Level 1:colcon.colcon_core.environment:checking '/home/albusgive2/rlfw/rlfw_interface/install/rlfw_msgs' for CMake module files
[2.762s] Level 1:colcon.colcon_core.environment:checking '/home/albusgive2/rlfw/rlfw_interface/install/rlfw_msgs' for CMake config files
[2.762s] Level 1:colcon.colcon_core.shell:create_environment_hook('rlfw_msgs', 'cmake_prefix_path')
[2.762s] INFO:colcon.colcon_core.shell:Creating environment hook '/home/albusgive2/rlfw/rlfw_interface/install/rlfw_msgs/share/rlfw_msgs/hook/cmake_prefix_path.ps1'
[2.762s] INFO:colcon.colcon_core.shell:Creating environment descriptor '/home/albusgive2/rlfw/rlfw_interface/install/rlfw_msgs/share/rlfw_msgs/hook/cmake_prefix_path.dsv'
[2.763s] INFO:colcon.colcon_core.shell:Creating environment hook '/home/albusgive2/rlfw/rlfw_interface/install/rlfw_msgs/share/rlfw_msgs/hook/cmake_prefix_path.sh'
[2.763s] Level 1:colcon.colcon_core.environment:checking '/home/albusgive2/rlfw/rlfw_interface/install/rlfw_msgs/lib'
[2.763s] Level 1:colcon.colcon_core.shell:create_environment_hook('rlfw_msgs', 'ld_library_path_lib')
[2.763s] INFO:colcon.colcon_core.shell:Creating environment hook '/home/albusgive2/rlfw/rlfw_interface/install/rlfw_msgs/share/rlfw_msgs/hook/ld_library_path_lib.ps1'
[2.763s] INFO:colcon.colcon_core.shell:Creating environment descriptor '/home/albusgive2/rlfw/rlfw_interface/install/rlfw_msgs/share/rlfw_msgs/hook/ld_library_path_lib.dsv'
[2.763s] INFO:colcon.colcon_core.shell:Creating environment hook '/home/albusgive2/rlfw/rlfw_interface/install/rlfw_msgs/share/rlfw_msgs/hook/ld_library_path_lib.sh'
[2.764s] Level 1:colcon.colcon_core.environment:checking '/home/albusgive2/rlfw/rlfw_interface/install/rlfw_msgs/bin'
[2.764s] Level 1:colcon.colcon_core.environment:checking '/home/albusgive2/rlfw/rlfw_interface/install/rlfw_msgs/lib/pkgconfig/rlfw_msgs.pc'
[2.764s] Level 1:colcon.colcon_core.environment:checking '/home/albusgive2/rlfw/rlfw_interface/install/rlfw_msgs/lib/python3.10/site-packages'
[2.764s] Level 1:colcon.colcon_core.environment:checking '/home/albusgive2/rlfw/rlfw_interface/install/rlfw_msgs/bin'
[2.764s] INFO:colcon.colcon_core.shell:Creating package script '/home/albusgive2/rlfw/rlfw_interface/install/rlfw_msgs/share/rlfw_msgs/package.ps1'
[2.764s] INFO:colcon.colcon_core.shell:Creating package descriptor '/home/albusgive2/rlfw/rlfw_interface/install/rlfw_msgs/share/rlfw_msgs/package.dsv'
[2.765s] INFO:colcon.colcon_core.shell:Creating package script '/home/albusgive2/rlfw/rlfw_interface/install/rlfw_msgs/share/rlfw_msgs/package.sh'
[2.765s] INFO:colcon.colcon_core.shell:Creating package script '/home/albusgive2/rlfw/rlfw_interface/install/rlfw_msgs/share/rlfw_msgs/package.bash'
[2.765s] INFO:colcon.colcon_core.shell:Creating package script '/home/albusgive2/rlfw/rlfw_interface/install/rlfw_msgs/share/rlfw_msgs/package.zsh'
[2.765s] Level 1:colcon.colcon_core.environment:create_file_with_runtime_dependencies(/home/albusgive2/rlfw/rlfw_interface/install/rlfw_msgs/share/colcon-core/packages/rlfw_msgs)
[2.766s] DEBUG:colcon.colcon_parallel_executor.executor.parallel:closing loop
[2.766s] DEBUG:colcon.colcon_parallel_executor.executor.parallel:loop closed
[2.766s] DEBUG:colcon.colcon_parallel_executor.executor.parallel:run_until_complete finished with '0'
[2.766s] DEBUG:colcon.colcon_core.event_reactor:joining thread
[2.769s] INFO:colcon.colcon_core.plugin_system:Skipping extension 'colcon_notification.desktop_notification.terminal_notifier': Not used on non-Darwin systems
[2.769s] INFO:colcon.colcon_core.plugin_system:Skipping extension 'colcon_notification.desktop_notification.win32': Not used on non-Windows systems
[2.769s] INFO:colcon.colcon_notification.desktop_notification:Sending desktop notification using 'notify2'
[2.775s] DEBUG:colcon.colcon_core.event_reactor:joined thread
[2.775s] INFO:colcon.colcon_core.shell:Creating prefix script '/home/albusgive2/rlfw/rlfw_interface/install/local_setup.ps1'
[2.776s] INFO:colcon.colcon_core.shell:Creating prefix util module '/home/albusgive2/rlfw/rlfw_interface/install/_local_setup_util_ps1.py'
[2.777s] INFO:colcon.colcon_core.shell:Creating prefix chain script '/home/albusgive2/rlfw/rlfw_interface/install/setup.ps1'
[2.777s] INFO:colcon.colcon_core.shell:Creating prefix script '/home/albusgive2/rlfw/rlfw_interface/install/local_setup.sh'
[2.778s] INFO:colcon.colcon_core.shell:Creating prefix util module '/home/albusgive2/rlfw/rlfw_interface/install/_local_setup_util_sh.py'
[2.778s] INFO:colcon.colcon_core.shell:Creating prefix chain script '/home/albusgive2/rlfw/rlfw_interface/install/setup.sh'
[2.779s] INFO:colcon.colcon_core.shell:Creating prefix script '/home/albusgive2/rlfw/rlfw_interface/install/local_setup.bash'
[2.779s] INFO:colcon.colcon_core.shell:Creating prefix chain script '/home/albusgive2/rlfw/rlfw_interface/install/setup.bash'
[2.779s] INFO:colcon.colcon_core.shell:Creating prefix script '/home/albusgive2/rlfw/rlfw_interface/install/local_setup.zsh'
[2.779s] INFO:colcon.colcon_core.shell:Creating prefix chain script '/home/albusgive2/rlfw/rlfw_interface/install/setup.zsh'
