[0.006s] Invoking command in '/home/albusgive2/rlfw/rlfw_interface/build/rlfw_msgs': CMAKE_PREFIX_PATH=${CMAKE_PREFIX_PATH}:/opt/ros/humble /usr/bin/cmake --build /home/albusgive2/rlfw/rlfw_interface/build/rlfw_msgs -- -j12 -l12
[0.022s] -- Found ament_cmake: 1.3.11 (/opt/ros/humble/share/ament_cmake/cmake)
[0.101s] -- Found std_msgs: 4.2.4 (/opt/ros/humble/share/std_msgs/cmake)
[0.116s] -- Found rosidl_generator_c: 3.1.6 (/opt/ros/humble/share/rosidl_generator_c/cmake)
[0.118s] -- Found rosidl_adapter: 3.1.6 (/opt/ros/humble/share/rosidl_adapter/cmake)
[0.121s] -- Found rosidl_generator_cpp: 3.1.6 (/opt/ros/humble/share/rosidl_generator_cpp/cmake)
[0.127s] -- Using all available rosidl_typesupport_c: rosidl_typesupport_fastrtps_c;rosidl_typesupport_introspection_c
[0.134s] -- Using all available rosidl_typesupport_cpp: rosidl_typesupport_fastrtps_cpp;rosidl_typesupport_introspection_cpp
[0.148s] -- Found rosidl_default_generators: 1.2.0 (/opt/ros/humble/share/rosidl_default_generators/cmake)
[0.339s] -- Found ament_cmake_ros: 0.10.0 (/opt/ros/humble/share/ament_cmake_ros/cmake)
[0.568s] -- Using all available rosidl_typesupport_c: rosidl_typesupport_fastrtps_c;rosidl_typesupport_introspection_c
[0.662s] -- Using all available rosidl_typesupport_cpp: rosidl_typesupport_fastrtps_cpp;rosidl_typesupport_introspection_cpp
[0.676s] -- Found python_cmake_module: 0.10.0 (/opt/ros/humble/share/python_cmake_module/cmake)
[0.693s] -- Using PYTHON_EXECUTABLE: /usr/bin/python3
[0.693s] -- Using PYTHON_INCLUDE_DIRS: /usr/include/python3.10
[0.693s] -- Using PYTHON_LIBRARIES: /usr/lib/x86_64-linux-gnu/libpython3.10.so
[0.711s] -- Found ament_lint_auto: 0.12.11 (/opt/ros/humble/share/ament_lint_auto/cmake)
[0.716s] -- Added test 'lint_cmake' to check CMake code style
[0.717s] -- Added test 'xmllint' to check XML markup files
[0.718s] -- Configuring done
[0.742s] -- Generating done
[0.750s] -- Build files have been written to: /home/albusgive2/rlfw/rlfw_interface/build/rlfw_msgs
[0.767s] [  1%] [34m[1mGenerating C code for ROS interfaces[0m
[0.775s] [  3%] [34m[1mGenerating C++ code for ROS interfaces[0m
[0.781s] [  3%] Built target ament_cmake_python_copy_rlfw_msgs
[0.922s] running egg_info
[0.922s] writing rlfw_msgs.egg-info/PKG-INFO
[0.922s] writing dependency_links to rlfw_msgs.egg-info/dependency_links.txt
[0.922s] writing top-level names to rlfw_msgs.egg-info/top_level.txt
[0.924s] reading manifest file 'rlfw_msgs.egg-info/SOURCES.txt'
[0.924s] writing manifest file 'rlfw_msgs.egg-info/SOURCES.txt'
[0.941s] [  3%] Built target ament_cmake_python_build_rlfw_msgs_egg
[1.151s] [35m[1mConsolidate compiler generated dependencies of target rlfw_msgs__rosidl_generator_c[0m
[1.160s] [  4%] [32mBuilding C object CMakeFiles/rlfw_msgs__rosidl_generator_c.dir/rosidl_generator_c/rlfw_msgs/msg/detail/motor__functions.c.o[0m
[1.161s] [  6%] [32mBuilding C object CMakeFiles/rlfw_msgs__rosidl_generator_c.dir/rosidl_generator_c/rlfw_msgs/msg/detail/motor_ctrl__functions.c.o[0m
[1.164s] [  7%] [32mBuilding C object CMakeFiles/rlfw_msgs__rosidl_generator_c.dir/rosidl_generator_c/rlfw_msgs/msg/detail/can_msg__functions.c.o[0m
[1.164s] [  9%] [32mBuilding C object CMakeFiles/rlfw_msgs__rosidl_generator_c.dir/rosidl_generator_c/rlfw_msgs/msg/detail/serial_msg__functions.c.o[0m
[1.165s] [ 11%] [32mBuilding C object CMakeFiles/rlfw_msgs__rosidl_generator_c.dir/rosidl_generator_c/rlfw_msgs/srv/detail/com_parameter__functions.c.o[0m
[1.172s] [ 11%] Built target rlfw_msgs__cpp
[1.179s] [ 14%] [34m[1mGenerating C++ type support dispatch for ROS interfaces[0m
[1.179s] [ 14%] [34m[1mGenerating C++ type support for eProsima Fast-RTPS[0m
[1.181s] [ 15%] [34m[1mGenerating C++ introspection for ROS interfaces[0m
[1.212s] [ 17%] [32m[1mLinking C shared library librlfw_msgs__rosidl_generator_c.so[0m
[1.237s] [ 17%] Built target rlfw_msgs__rosidl_generator_c
[1.244s] [ 20%] [34m[1mGenerating C type support for eProsima Fast-RTPS[0m
[1.244s] [ 20%] [34m[1mGenerating C type support dispatch for ROS interfaces[0m
[1.245s] [ 22%] [34m[1mGenerating C introspection for ROS interfaces[0m
[1.466s] [35m[1mConsolidate compiler generated dependencies of target rlfw_msgs__rosidl_typesupport_cpp[0m
[1.477s] [ 23%] [32mBuilding CXX object CMakeFiles/rlfw_msgs__rosidl_typesupport_cpp.dir/rosidl_typesupport_cpp/rlfw_msgs/msg/motor__type_support.cpp.o[0m
[1.478s] [ 25%] [32mBuilding CXX object CMakeFiles/rlfw_msgs__rosidl_typesupport_cpp.dir/rosidl_typesupport_cpp/rlfw_msgs/msg/motor_ctrl__type_support.cpp.o[0m
[1.478s] [ 26%] [32mBuilding CXX object CMakeFiles/rlfw_msgs__rosidl_typesupport_cpp.dir/rosidl_typesupport_cpp/rlfw_msgs/msg/can_msg__type_support.cpp.o[0m
[1.478s] [ 28%] [32mBuilding CXX object CMakeFiles/rlfw_msgs__rosidl_typesupport_cpp.dir/rosidl_typesupport_cpp/rlfw_msgs/srv/com_parameter__type_support.cpp.o[0m
[1.479s] [ 30%] [32mBuilding CXX object CMakeFiles/rlfw_msgs__rosidl_typesupport_cpp.dir/rosidl_typesupport_cpp/rlfw_msgs/msg/serial_msg__type_support.cpp.o[0m
[1.521s] [35m[1mConsolidate compiler generated dependencies of target rlfw_msgs__rosidl_typesupport_introspection_cpp[0m
[1.532s] [ 31%] [32mBuilding CXX object CMakeFiles/rlfw_msgs__rosidl_typesupport_introspection_cpp.dir/rosidl_typesupport_introspection_cpp/rlfw_msgs/msg/detail/motor__type_support.cpp.o[0m
[1.534s] [ 33%] [32mBuilding CXX object CMakeFiles/rlfw_msgs__rosidl_typesupport_introspection_cpp.dir/rosidl_typesupport_introspection_cpp/rlfw_msgs/msg/detail/motor_ctrl__type_support.cpp.o[0m
[1.535s] [ 34%] [32mBuilding CXX object CMakeFiles/rlfw_msgs__rosidl_typesupport_introspection_cpp.dir/rosidl_typesupport_introspection_cpp/rlfw_msgs/msg/detail/can_msg__type_support.cpp.o[0m
[1.575s] [35m[1mConsolidate compiler generated dependencies of target rlfw_msgs__rosidl_typesupport_c[0m
[1.591s] [ 36%] [32mBuilding CXX object CMakeFiles/rlfw_msgs__rosidl_typesupport_c.dir/rosidl_typesupport_c/rlfw_msgs/msg/motor__type_support.cpp.o[0m
[1.628s] [35m[1mConsolidate compiler generated dependencies of target rlfw_msgs__rosidl_typesupport_fastrtps_cpp[0m
[1.630s] [ 38%] [32mBuilding CXX object CMakeFiles/rlfw_msgs__rosidl_typesupport_c.dir/rosidl_typesupport_c/rlfw_msgs/msg/motor_ctrl__type_support.cpp.o[0m
[1.651s] [ 39%] [32mBuilding CXX object CMakeFiles/rlfw_msgs__rosidl_typesupport_fastrtps_cpp.dir/rosidl_typesupport_fastrtps_cpp/rlfw_msgs/msg/detail/dds_fastrtps/motor__type_support.cpp.o[0m
[1.670s] [ 41%] [32mBuilding CXX object CMakeFiles/rlfw_msgs__rosidl_typesupport_c.dir/rosidl_typesupport_c/rlfw_msgs/msg/can_msg__type_support.cpp.o[0m
[1.708s] [ 42%] [32mBuilding CXX object CMakeFiles/rlfw_msgs__rosidl_typesupport_c.dir/rosidl_typesupport_c/rlfw_msgs/msg/serial_msg__type_support.cpp.o[0m
[1.747s] [ 44%] [32mBuilding CXX object CMakeFiles/rlfw_msgs__rosidl_typesupport_c.dir/rosidl_typesupport_c/rlfw_msgs/srv/com_parameter__type_support.cpp.o[0m
[1.757s] [35m[1mConsolidate compiler generated dependencies of target rlfw_msgs__rosidl_typesupport_fastrtps_c[0m
[1.771s] [35m[1mConsolidate compiler generated dependencies of target rlfw_msgs__rosidl_typesupport_introspection_c[0m
[1.772s] [ 46%] [32mBuilding CXX object CMakeFiles/rlfw_msgs__rosidl_typesupport_fastrtps_c.dir/rosidl_typesupport_fastrtps_c/rlfw_msgs/msg/detail/motor__type_support_c.cpp.o[0m
[1.778s] [ 47%] [32mBuilding CXX object CMakeFiles/rlfw_msgs__rosidl_typesupport_introspection_cpp.dir/rosidl_typesupport_introspection_cpp/rlfw_msgs/msg/detail/serial_msg__type_support.cpp.o[0m
[1.779s] [ 49%] [32mBuilding CXX object CMakeFiles/rlfw_msgs__rosidl_typesupport_introspection_cpp.dir/rosidl_typesupport_introspection_cpp/rlfw_msgs/srv/detail/com_parameter__type_support.cpp.o[0m
[1.782s] [ 50%] [32mBuilding C object CMakeFiles/rlfw_msgs__rosidl_typesupport_introspection_c.dir/rosidl_typesupport_introspection_c/rlfw_msgs/msg/detail/motor__type_support.c.o[0m
[1.790s] [ 52%] [32m[1mLinking CXX shared library librlfw_msgs__rosidl_typesupport_c.so[0m
[1.798s] [ 53%] [32mBuilding C object CMakeFiles/rlfw_msgs__rosidl_typesupport_introspection_c.dir/rosidl_typesupport_introspection_c/rlfw_msgs/msg/detail/motor_ctrl__type_support.c.o[0m
[1.810s] [ 55%] [32m[1mLinking CXX shared library librlfw_msgs__rosidl_typesupport_cpp.so[0m
[1.812s] [ 57%] [32mBuilding CXX object CMakeFiles/rlfw_msgs__rosidl_typesupport_fastrtps_c.dir/rosidl_typesupport_fastrtps_c/rlfw_msgs/msg/detail/motor_ctrl__type_support_c.cpp.o[0m
[1.822s] [ 58%] [32mBuilding C object CMakeFiles/rlfw_msgs__rosidl_typesupport_introspection_c.dir/rosidl_typesupport_introspection_c/rlfw_msgs/msg/detail/can_msg__type_support.c.o[0m
[1.841s] [ 58%] Built target rlfw_msgs__rosidl_typesupport_c
[1.844s] [ 60%] [32mBuilding CXX object CMakeFiles/rlfw_msgs__rosidl_typesupport_fastrtps_cpp.dir/rosidl_typesupport_fastrtps_cpp/rlfw_msgs/msg/detail/dds_fastrtps/motor_ctrl__type_support.cpp.o[0m
[1.847s] [ 61%] [32mBuilding CXX object CMakeFiles/rlfw_msgs__rosidl_typesupport_fastrtps_cpp.dir/rosidl_typesupport_fastrtps_cpp/rlfw_msgs/msg/detail/dds_fastrtps/can_msg__type_support.cpp.o[0m
[1.865s] [ 61%] Built target rlfw_msgs__rosidl_typesupport_cpp
[1.865s] [ 63%] [32mBuilding C object CMakeFiles/rlfw_msgs__rosidl_typesupport_introspection_c.dir/rosidl_typesupport_introspection_c/rlfw_msgs/msg/detail/serial_msg__type_support.c.o[0m
[1.873s] [ 65%] [32mBuilding CXX object CMakeFiles/rlfw_msgs__rosidl_typesupport_fastrtps_cpp.dir/rosidl_typesupport_fastrtps_cpp/rlfw_msgs/msg/detail/dds_fastrtps/serial_msg__type_support.cpp.o[0m
[1.879s] [ 66%] [32mBuilding C object CMakeFiles/rlfw_msgs__rosidl_typesupport_introspection_c.dir/rosidl_typesupport_introspection_c/rlfw_msgs/srv/detail/com_parameter__type_support.c.o[0m
[1.881s] [ 68%] [32mBuilding CXX object CMakeFiles/rlfw_msgs__rosidl_typesupport_fastrtps_cpp.dir/rosidl_typesupport_fastrtps_cpp/rlfw_msgs/srv/detail/dds_fastrtps/com_parameter__type_support.cpp.o[0m
[1.912s] [ 69%] [32mBuilding CXX object CMakeFiles/rlfw_msgs__rosidl_typesupport_fastrtps_c.dir/rosidl_typesupport_fastrtps_c/rlfw_msgs/msg/detail/can_msg__type_support_c.cpp.o[0m
[1.930s] [ 71%] [32m[1mLinking C shared library librlfw_msgs__rosidl_typesupport_introspection_c.so[0m
[1.971s] [ 71%] Built target rlfw_msgs__rosidl_typesupport_introspection_c
[1.980s] [ 73%] [32mBuilding CXX object CMakeFiles/rlfw_msgs__rosidl_typesupport_fastrtps_c.dir/rosidl_typesupport_fastrtps_c/rlfw_msgs/msg/detail/serial_msg__type_support_c.cpp.o[0m
[1.982s] [ 74%] [32mBuilding CXX object CMakeFiles/rlfw_msgs__rosidl_typesupport_fastrtps_c.dir/rosidl_typesupport_fastrtps_c/rlfw_msgs/srv/detail/com_parameter__type_support_c.cpp.o[0m
[2.177s] [ 76%] [32m[1mLinking CXX shared library librlfw_msgs__rosidl_typesupport_introspection_cpp.so[0m
[2.244s] [ 76%] Built target rlfw_msgs__rosidl_typesupport_introspection_cpp
[2.331s] [ 77%] [32m[1mLinking CXX shared library librlfw_msgs__rosidl_typesupport_fastrtps_cpp.so[0m
[2.361s] [ 79%] [32m[1mLinking CXX shared library librlfw_msgs__rosidl_typesupport_fastrtps_c.so[0m
[2.380s] [ 79%] Built target rlfw_msgs__rosidl_typesupport_fastrtps_cpp
[2.407s] [ 79%] Built target rlfw_msgs__rosidl_typesupport_fastrtps_c
[2.420s] [ 79%] Built target rlfw_msgs
[2.433s] [ 80%] [34m[1mGenerating Python code for ROS interfaces[0m
[3.005s] [ 80%] Built target rlfw_msgs__py
[3.012s] [35m[1mConsolidate compiler generated dependencies of target rlfw_msgs__rosidl_generator_py[0m
[3.027s] [ 82%] [32mBuilding C object CMakeFiles/rlfw_msgs__rosidl_generator_py.dir/rosidl_generator_py/rlfw_msgs/msg/_motor_ctrl_s.c.o[0m
[3.028s] [ 85%] [32mBuilding C object CMakeFiles/rlfw_msgs__rosidl_generator_py.dir/rosidl_generator_py/rlfw_msgs/msg/_serial_msg_s.c.o[0m
[3.028s] [ 85%] [32mBuilding C object CMakeFiles/rlfw_msgs__rosidl_generator_py.dir/rosidl_generator_py/rlfw_msgs/msg/_can_msg_s.c.o[0m
[3.028s] [ 87%] [32mBuilding C object CMakeFiles/rlfw_msgs__rosidl_generator_py.dir/rosidl_generator_py/rlfw_msgs/srv/_com_parameter_s.c.o[0m
[3.028s] [ 88%] [32mBuilding C object CMakeFiles/rlfw_msgs__rosidl_generator_py.dir/rosidl_generator_py/rlfw_msgs/msg/_motor_s.c.o[0m
[3.115s] [ 90%] [32m[1mLinking C shared library rosidl_generator_py/rlfw_msgs/librlfw_msgs__rosidl_generator_py.so[0m
[3.142s] [ 90%] Built target rlfw_msgs__rosidl_generator_py
[3.150s] [35m[1mConsolidate compiler generated dependencies of target rlfw_msgs__rosidl_typesupport_fastrtps_c__pyext[0m
[3.150s] [35m[1mConsolidate compiler generated dependencies of target rlfw_msgs__rosidl_typesupport_introspection_c__pyext[0m
[3.150s] [35m[1mConsolidate compiler generated dependencies of target rlfw_msgs__rosidl_typesupport_c__pyext[0m
[3.159s] [ 93%] [32mBuilding C object CMakeFiles/rlfw_msgs__rosidl_typesupport_c__pyext.dir/rosidl_generator_py/rlfw_msgs/_rlfw_msgs_s.ep.rosidl_typesupport_c.c.o[0m
[3.159s] [ 93%] [32mBuilding C object CMakeFiles/rlfw_msgs__rosidl_typesupport_introspection_c__pyext.dir/rosidl_generator_py/rlfw_msgs/_rlfw_msgs_s.ep.rosidl_typesupport_introspection_c.c.o[0m
[3.159s] [ 95%] [32mBuilding C object CMakeFiles/rlfw_msgs__rosidl_typesupport_fastrtps_c__pyext.dir/rosidl_generator_py/rlfw_msgs/_rlfw_msgs_s.ep.rosidl_typesupport_fastrtps_c.c.o[0m
[3.236s] [ 98%] [32m[1mLinking C shared library rosidl_generator_py/rlfw_msgs/rlfw_msgs_s__rosidl_typesupport_introspection_c.cpython-310-x86_64-linux-gnu.so[0m
[3.236s] [ 98%] [32m[1mLinking C shared library rosidl_generator_py/rlfw_msgs/rlfw_msgs_s__rosidl_typesupport_c.cpython-310-x86_64-linux-gnu.so[0m
[3.237s] [100%] [32m[1mLinking C shared library rosidl_generator_py/rlfw_msgs/rlfw_msgs_s__rosidl_typesupport_fastrtps_c.cpython-310-x86_64-linux-gnu.so[0m
[3.260s] [100%] Built target rlfw_msgs__rosidl_typesupport_c__pyext
[3.260s] [100%] Built target rlfw_msgs__rosidl_typesupport_fastrtps_c__pyext
[3.260s] [100%] Built target rlfw_msgs__rosidl_typesupport_introspection_c__pyext
[3.268s] Invoked command in '/home/albusgive2/rlfw/rlfw_interface/build/rlfw_msgs' returned '0': CMAKE_PREFIX_PATH=${CMAKE_PREFIX_PATH}:/opt/ros/humble /usr/bin/cmake --build /home/albusgive2/rlfw/rlfw_interface/build/rlfw_msgs -- -j12 -l12
[3.274s] Invoking command in '/home/albusgive2/rlfw/rlfw_interface/build/rlfw_msgs': CMAKE_PREFIX_PATH=${CMAKE_PREFIX_PATH}:/opt/ros/humble /usr/bin/cmake --install /home/albusgive2/rlfw/rlfw_interface/build/rlfw_msgs
[3.279s] -- Install configuration: ""
[3.279s] -- Up-to-date: /home/albusgive2/rlfw/rlfw_interface/install/rlfw_msgs/share/ament_index/resource_index/rosidl_interfaces/rlfw_msgs
[3.279s] -- Up-to-date: /home/albusgive2/rlfw/rlfw_interface/install/rlfw_msgs/include/rlfw_msgs/rlfw_msgs
[3.279s] -- Up-to-date: /home/albusgive2/rlfw/rlfw_interface/install/rlfw_msgs/include/rlfw_msgs/rlfw_msgs/srv
[3.279s] -- Up-to-date: /home/albusgive2/rlfw/rlfw_interface/install/rlfw_msgs/include/rlfw_msgs/rlfw_msgs/srv/rl_srv.h
[3.279s] -- Up-to-date: /home/albusgive2/rlfw/rlfw_interface/install/rlfw_msgs/include/rlfw_msgs/rlfw_msgs/srv/detail
[3.279s] -- Installing: /home/albusgive2/rlfw/rlfw_interface/install/rlfw_msgs/include/rlfw_msgs/rlfw_msgs/srv/detail/com_parameter__type_support.h
[3.279s] -- Installing: /home/albusgive2/rlfw/rlfw_interface/install/rlfw_msgs/include/rlfw_msgs/rlfw_msgs/srv/detail/com_parameter__functions.h
[3.279s] -- Up-to-date: /home/albusgive2/rlfw/rlfw_interface/install/rlfw_msgs/include/rlfw_msgs/rlfw_msgs/srv/detail/rl_srv__struct.h
[3.279s] -- Installing: /home/albusgive2/rlfw/rlfw_interface/install/rlfw_msgs/include/rlfw_msgs/rlfw_msgs/srv/detail/com_parameter__struct.h
[3.279s] -- Up-to-date: /home/albusgive2/rlfw/rlfw_interface/install/rlfw_msgs/include/rlfw_msgs/rlfw_msgs/srv/detail/rl_srv__type_support.h
[3.279s] -- Up-to-date: /home/albusgive2/rlfw/rlfw_interface/install/rlfw_msgs/include/rlfw_msgs/rlfw_msgs/srv/detail/rl_srv__functions.c
[3.279s] -- Installing: /home/albusgive2/rlfw/rlfw_interface/install/rlfw_msgs/include/rlfw_msgs/rlfw_msgs/srv/detail/com_parameter__functions.c
[3.279s] -- Up-to-date: /home/albusgive2/rlfw/rlfw_interface/install/rlfw_msgs/include/rlfw_msgs/rlfw_msgs/srv/detail/rl_srv__functions.h
[3.279s] -- Installing: /home/albusgive2/rlfw/rlfw_interface/install/rlfw_msgs/include/rlfw_msgs/rlfw_msgs/srv/com_parameter.h
[3.279s] -- Up-to-date: /home/albusgive2/rlfw/rlfw_interface/install/rlfw_msgs/include/rlfw_msgs/rlfw_msgs/msg
[3.279s] -- Up-to-date: /home/albusgive2/rlfw/rlfw_interface/install/rlfw_msgs/include/rlfw_msgs/rlfw_msgs/msg/rosidl_generator_c__visibility_control.h
[3.279s] -- Installing: /home/albusgive2/rlfw/rlfw_interface/install/rlfw_msgs/include/rlfw_msgs/rlfw_msgs/msg/motor.h
[3.279s] -- Installing: /home/albusgive2/rlfw/rlfw_interface/install/rlfw_msgs/include/rlfw_msgs/rlfw_msgs/msg/can_msg.h
[3.279s] -- Installing: /home/albusgive2/rlfw/rlfw_interface/install/rlfw_msgs/include/rlfw_msgs/rlfw_msgs/msg/motor_ctrl.h
[3.279s] -- Installing: /home/albusgive2/rlfw/rlfw_interface/install/rlfw_msgs/include/rlfw_msgs/rlfw_msgs/msg/serial_msg.h
[3.279s] -- Up-to-date: /home/albusgive2/rlfw/rlfw_interface/install/rlfw_msgs/include/rlfw_msgs/rlfw_msgs/msg/detail
[3.279s] -- Installing: /home/albusgive2/rlfw/rlfw_interface/install/rlfw_msgs/include/rlfw_msgs/rlfw_msgs/msg/detail/can_msg__type_support.h
[3.279s] -- Installing: /home/albusgive2/rlfw/rlfw_interface/install/rlfw_msgs/include/rlfw_msgs/rlfw_msgs/msg/detail/serial_msg__type_support.h
[3.279s] -- Installing: /home/albusgive2/rlfw/rlfw_interface/install/rlfw_msgs/include/rlfw_msgs/rlfw_msgs/msg/detail/motor_ctrl__struct.h
[3.280s] -- Installing: /home/albusgive2/rlfw/rlfw_interface/install/rlfw_msgs/include/rlfw_msgs/rlfw_msgs/msg/detail/motor_ctrl__type_support.h
[3.280s] -- Installing: /home/albusgive2/rlfw/rlfw_interface/install/rlfw_msgs/include/rlfw_msgs/rlfw_msgs/msg/detail/motor__functions.c
[3.280s] -- Installing: /home/albusgive2/rlfw/rlfw_interface/install/rlfw_msgs/include/rlfw_msgs/rlfw_msgs/msg/detail/motor__functions.h
[3.280s] -- Installing: /home/albusgive2/rlfw/rlfw_interface/install/rlfw_msgs/include/rlfw_msgs/rlfw_msgs/msg/detail/serial_msg__functions.c
[3.280s] -- Installing: /home/albusgive2/rlfw/rlfw_interface/install/rlfw_msgs/include/rlfw_msgs/rlfw_msgs/msg/detail/motor__type_support.h
[3.280s] -- Installing: /home/albusgive2/rlfw/rlfw_interface/install/rlfw_msgs/include/rlfw_msgs/rlfw_msgs/msg/detail/motor__struct.h
[3.280s] -- Installing: /home/albusgive2/rlfw/rlfw_interface/install/rlfw_msgs/include/rlfw_msgs/rlfw_msgs/msg/detail/can_msg__functions.c
[3.280s] -- Installing: /home/albusgive2/rlfw/rlfw_interface/install/rlfw_msgs/include/rlfw_msgs/rlfw_msgs/msg/detail/motor_ctrl__functions.c
[3.280s] -- Installing: /home/albusgive2/rlfw/rlfw_interface/install/rlfw_msgs/include/rlfw_msgs/rlfw_msgs/msg/detail/can_msg__functions.h
[3.280s] -- Installing: /home/albusgive2/rlfw/rlfw_interface/install/rlfw_msgs/include/rlfw_msgs/rlfw_msgs/msg/detail/motor_ctrl__functions.h
[3.280s] -- Installing: /home/albusgive2/rlfw/rlfw_interface/install/rlfw_msgs/include/rlfw_msgs/rlfw_msgs/msg/detail/can_msg__struct.h
[3.280s] -- Installing: /home/albusgive2/rlfw/rlfw_interface/install/rlfw_msgs/include/rlfw_msgs/rlfw_msgs/msg/detail/serial_msg__struct.h
[3.280s] -- Installing: /home/albusgive2/rlfw/rlfw_interface/install/rlfw_msgs/include/rlfw_msgs/rlfw_msgs/msg/detail/serial_msg__functions.h
[3.280s] -- Up-to-date: /home/albusgive2/rlfw/rlfw_interface/install/rlfw_msgs/share/rlfw_msgs/environment/library_path.sh
[3.280s] -- Installing: /home/albusgive2/rlfw/rlfw_interface/install/rlfw_msgs/share/rlfw_msgs/environment/library_path.dsv
[3.280s] -- Installing: /home/albusgive2/rlfw/rlfw_interface/install/rlfw_msgs/lib/librlfw_msgs__rosidl_generator_c.so
[3.280s] -- Set runtime path of "/home/albusgive2/rlfw/rlfw_interface/install/rlfw_msgs/lib/librlfw_msgs__rosidl_generator_c.so" to ""
[3.280s] -- Up-to-date: /home/albusgive2/rlfw/rlfw_interface/install/rlfw_msgs/include/rlfw_msgs/rlfw_msgs
[3.280s] -- Up-to-date: /home/albusgive2/rlfw/rlfw_interface/install/rlfw_msgs/include/rlfw_msgs/rlfw_msgs/srv
[3.280s] -- Up-to-date: /home/albusgive2/rlfw/rlfw_interface/install/rlfw_msgs/include/rlfw_msgs/rlfw_msgs/srv/detail
[3.280s] -- Up-to-date: /home/albusgive2/rlfw/rlfw_interface/install/rlfw_msgs/include/rlfw_msgs/rlfw_msgs/srv/detail/rl_srv__rosidl_typesupport_fastrtps_c.h
[3.280s] -- Installing: /home/albusgive2/rlfw/rlfw_interface/install/rlfw_msgs/include/rlfw_msgs/rlfw_msgs/srv/detail/com_parameter__rosidl_typesupport_fastrtps_c.h
[3.280s] -- Up-to-date: /home/albusgive2/rlfw/rlfw_interface/install/rlfw_msgs/include/rlfw_msgs/rlfw_msgs/msg
[3.280s] -- Up-to-date: /home/albusgive2/rlfw/rlfw_interface/install/rlfw_msgs/include/rlfw_msgs/rlfw_msgs/msg/rosidl_typesupport_fastrtps_c__visibility_control.h
[3.280s] -- Up-to-date: /home/albusgive2/rlfw/rlfw_interface/install/rlfw_msgs/include/rlfw_msgs/rlfw_msgs/msg/detail
[3.280s] -- Installing: /home/albusgive2/rlfw/rlfw_interface/install/rlfw_msgs/include/rlfw_msgs/rlfw_msgs/msg/detail/motor_ctrl__rosidl_typesupport_fastrtps_c.h
[3.281s] -- Installing: /home/albusgive2/rlfw/rlfw_interface/install/rlfw_msgs/include/rlfw_msgs/rlfw_msgs/msg/detail/motor__rosidl_typesupport_fastrtps_c.h
[3.281s] -- Installing: /home/albusgive2/rlfw/rlfw_interface/install/rlfw_msgs/include/rlfw_msgs/rlfw_msgs/msg/detail/can_msg__rosidl_typesupport_fastrtps_c.h
[3.281s] -- Installing: /home/albusgive2/rlfw/rlfw_interface/install/rlfw_msgs/include/rlfw_msgs/rlfw_msgs/msg/detail/serial_msg__rosidl_typesupport_fastrtps_c.h
[3.281s] -- Installing: /home/albusgive2/rlfw/rlfw_interface/install/rlfw_msgs/lib/librlfw_msgs__rosidl_typesupport_fastrtps_c.so
[3.281s] -- Set runtime path of "/home/albusgive2/rlfw/rlfw_interface/install/rlfw_msgs/lib/librlfw_msgs__rosidl_typesupport_fastrtps_c.so" to ""
[3.281s] -- Up-to-date: /home/albusgive2/rlfw/rlfw_interface/install/rlfw_msgs/include/rlfw_msgs/rlfw_msgs
[3.281s] -- Up-to-date: /home/albusgive2/rlfw/rlfw_interface/install/rlfw_msgs/include/rlfw_msgs/rlfw_msgs/srv
[3.281s] -- Installing: /home/albusgive2/rlfw/rlfw_interface/install/rlfw_msgs/include/rlfw_msgs/rlfw_msgs/srv/com_parameter.hpp
[3.281s] -- Up-to-date: /home/albusgive2/rlfw/rlfw_interface/install/rlfw_msgs/include/rlfw_msgs/rlfw_msgs/srv/detail
[3.281s] -- Installing: /home/albusgive2/rlfw/rlfw_interface/install/rlfw_msgs/include/rlfw_msgs/rlfw_msgs/srv/detail/com_parameter__traits.hpp
[3.281s] -- Up-to-date: /home/albusgive2/rlfw/rlfw_interface/install/rlfw_msgs/include/rlfw_msgs/rlfw_msgs/srv/detail/rl_srv__traits.hpp
[3.281s] -- Installing: /home/albusgive2/rlfw/rlfw_interface/install/rlfw_msgs/include/rlfw_msgs/rlfw_msgs/srv/detail/com_parameter__type_support.hpp
[3.281s] -- Up-to-date: /home/albusgive2/rlfw/rlfw_interface/install/rlfw_msgs/include/rlfw_msgs/rlfw_msgs/srv/detail/rl_srv__type_support.hpp
[3.281s] -- Up-to-date: /home/albusgive2/rlfw/rlfw_interface/install/rlfw_msgs/include/rlfw_msgs/rlfw_msgs/srv/detail/rl_srv__struct.hpp
[3.281s] -- Installing: /home/albusgive2/rlfw/rlfw_interface/install/rlfw_msgs/include/rlfw_msgs/rlfw_msgs/srv/detail/com_parameter__builder.hpp
[3.281s] -- Installing: /home/albusgive2/rlfw/rlfw_interface/install/rlfw_msgs/include/rlfw_msgs/rlfw_msgs/srv/detail/com_parameter__struct.hpp
[3.281s] -- Up-to-date: /home/albusgive2/rlfw/rlfw_interface/install/rlfw_msgs/include/rlfw_msgs/rlfw_msgs/srv/detail/rl_srv__builder.hpp
[3.281s] -- Up-to-date: /home/albusgive2/rlfw/rlfw_interface/install/rlfw_msgs/include/rlfw_msgs/rlfw_msgs/srv/rl_srv.hpp
[3.281s] -- Up-to-date: /home/albusgive2/rlfw/rlfw_interface/install/rlfw_msgs/include/rlfw_msgs/rlfw_msgs/msg
[3.281s] -- Installing: /home/albusgive2/rlfw/rlfw_interface/install/rlfw_msgs/include/rlfw_msgs/rlfw_msgs/msg/motor.hpp
[3.281s] -- Installing: /home/albusgive2/rlfw/rlfw_interface/install/rlfw_msgs/include/rlfw_msgs/rlfw_msgs/msg/motor_ctrl.hpp
[3.281s] -- Installing: /home/albusgive2/rlfw/rlfw_interface/install/rlfw_msgs/include/rlfw_msgs/rlfw_msgs/msg/can_msg.hpp
[3.281s] -- Up-to-date: /home/albusgive2/rlfw/rlfw_interface/install/rlfw_msgs/include/rlfw_msgs/rlfw_msgs/msg/detail
[3.281s] -- Installing: /home/albusgive2/rlfw/rlfw_interface/install/rlfw_msgs/include/rlfw_msgs/rlfw_msgs/msg/detail/serial_msg__type_support.hpp
[3.281s] -- Installing: /home/albusgive2/rlfw/rlfw_interface/install/rlfw_msgs/include/rlfw_msgs/rlfw_msgs/msg/detail/motor_ctrl__type_support.hpp
[3.281s] -- Installing: /home/albusgive2/rlfw/rlfw_interface/install/rlfw_msgs/include/rlfw_msgs/rlfw_msgs/msg/detail/motor_ctrl__traits.hpp
[3.282s] -- Installing: /home/albusgive2/rlfw/rlfw_interface/install/rlfw_msgs/include/rlfw_msgs/rlfw_msgs/msg/detail/motor__traits.hpp
[3.282s] -- Installing: /home/albusgive2/rlfw/rlfw_interface/install/rlfw_msgs/include/rlfw_msgs/rlfw_msgs/msg/detail/motor_ctrl__struct.hpp
[3.282s] -- Installing: /home/albusgive2/rlfw/rlfw_interface/install/rlfw_msgs/include/rlfw_msgs/rlfw_msgs/msg/detail/motor__struct.hpp
[3.282s] -- Installing: /home/albusgive2/rlfw/rlfw_interface/install/rlfw_msgs/include/rlfw_msgs/rlfw_msgs/msg/detail/motor_ctrl__builder.hpp
[3.282s] -- Installing: /home/albusgive2/rlfw/rlfw_interface/install/rlfw_msgs/include/rlfw_msgs/rlfw_msgs/msg/detail/motor__type_support.hpp
[3.282s] -- Installing: /home/albusgive2/rlfw/rlfw_interface/install/rlfw_msgs/include/rlfw_msgs/rlfw_msgs/msg/detail/can_msg__traits.hpp
[3.282s] -- Installing: /home/albusgive2/rlfw/rlfw_interface/install/rlfw_msgs/include/rlfw_msgs/rlfw_msgs/msg/detail/motor__builder.hpp
[3.282s] -- Installing: /home/albusgive2/rlfw/rlfw_interface/install/rlfw_msgs/include/rlfw_msgs/rlfw_msgs/msg/detail/can_msg__builder.hpp
[3.282s] -- Installing: /home/albusgive2/rlfw/rlfw_interface/install/rlfw_msgs/include/rlfw_msgs/rlfw_msgs/msg/detail/can_msg__struct.hpp
[3.282s] -- Installing: /home/albusgive2/rlfw/rlfw_interface/install/rlfw_msgs/include/rlfw_msgs/rlfw_msgs/msg/detail/serial_msg__traits.hpp
[3.282s] -- Installing: /home/albusgive2/rlfw/rlfw_interface/install/rlfw_msgs/include/rlfw_msgs/rlfw_msgs/msg/detail/serial_msg__builder.hpp
[3.282s] -- Installing: /home/albusgive2/rlfw/rlfw_interface/install/rlfw_msgs/include/rlfw_msgs/rlfw_msgs/msg/detail/serial_msg__struct.hpp
[3.282s] -- Installing: /home/albusgive2/rlfw/rlfw_interface/install/rlfw_msgs/include/rlfw_msgs/rlfw_msgs/msg/detail/can_msg__type_support.hpp
[3.282s] -- Installing: /home/albusgive2/rlfw/rlfw_interface/install/rlfw_msgs/include/rlfw_msgs/rlfw_msgs/msg/serial_msg.hpp
[3.282s] -- Up-to-date: /home/albusgive2/rlfw/rlfw_interface/install/rlfw_msgs/include/rlfw_msgs/rlfw_msgs/msg/rosidl_generator_cpp__visibility_control.hpp
[3.282s] -- Up-to-date: /home/albusgive2/rlfw/rlfw_interface/install/rlfw_msgs/include/rlfw_msgs/rlfw_msgs
[3.282s] -- Up-to-date: /home/albusgive2/rlfw/rlfw_interface/install/rlfw_msgs/include/rlfw_msgs/rlfw_msgs/srv
[3.282s] -- Up-to-date: /home/albusgive2/rlfw/rlfw_interface/install/rlfw_msgs/include/rlfw_msgs/rlfw_msgs/srv/detail
[3.282s] -- Up-to-date: /home/albusgive2/rlfw/rlfw_interface/install/rlfw_msgs/include/rlfw_msgs/rlfw_msgs/srv/detail/dds_fastrtps
[3.282s] -- Up-to-date: /home/albusgive2/rlfw/rlfw_interface/install/rlfw_msgs/include/rlfw_msgs/rlfw_msgs/srv/detail/rl_srv__rosidl_typesupport_fastrtps_cpp.hpp
[3.282s] -- Installing: /home/albusgive2/rlfw/rlfw_interface/install/rlfw_msgs/include/rlfw_msgs/rlfw_msgs/srv/detail/com_parameter__rosidl_typesupport_fastrtps_cpp.hpp
[3.282s] -- Up-to-date: /home/albusgive2/rlfw/rlfw_interface/install/rlfw_msgs/include/rlfw_msgs/rlfw_msgs/msg
[3.282s] -- Up-to-date: /home/albusgive2/rlfw/rlfw_interface/install/rlfw_msgs/include/rlfw_msgs/rlfw_msgs/msg/rosidl_typesupport_fastrtps_cpp__visibility_control.h
[3.282s] -- Up-to-date: /home/albusgive2/rlfw/rlfw_interface/install/rlfw_msgs/include/rlfw_msgs/rlfw_msgs/msg/detail
[3.282s] -- Up-to-date: /home/albusgive2/rlfw/rlfw_interface/install/rlfw_msgs/include/rlfw_msgs/rlfw_msgs/msg/detail/dds_fastrtps
[3.283s] -- Installing: /home/albusgive2/rlfw/rlfw_interface/install/rlfw_msgs/include/rlfw_msgs/rlfw_msgs/msg/detail/can_msg__rosidl_typesupport_fastrtps_cpp.hpp
[3.283s] -- Installing: /home/albusgive2/rlfw/rlfw_interface/install/rlfw_msgs/include/rlfw_msgs/rlfw_msgs/msg/detail/motor__rosidl_typesupport_fastrtps_cpp.hpp
[3.283s] -- Installing: /home/albusgive2/rlfw/rlfw_interface/install/rlfw_msgs/include/rlfw_msgs/rlfw_msgs/msg/detail/serial_msg__rosidl_typesupport_fastrtps_cpp.hpp
[3.283s] -- Installing: /home/albusgive2/rlfw/rlfw_interface/install/rlfw_msgs/include/rlfw_msgs/rlfw_msgs/msg/detail/motor_ctrl__rosidl_typesupport_fastrtps_cpp.hpp
[3.283s] -- Installing: /home/albusgive2/rlfw/rlfw_interface/install/rlfw_msgs/lib/librlfw_msgs__rosidl_typesupport_fastrtps_cpp.so
[3.283s] -- Set runtime path of "/home/albusgive2/rlfw/rlfw_interface/install/rlfw_msgs/lib/librlfw_msgs__rosidl_typesupport_fastrtps_cpp.so" to ""
[3.283s] -- Up-to-date: /home/albusgive2/rlfw/rlfw_interface/install/rlfw_msgs/include/rlfw_msgs/rlfw_msgs
[3.283s] -- Up-to-date: /home/albusgive2/rlfw/rlfw_interface/install/rlfw_msgs/include/rlfw_msgs/rlfw_msgs/srv
[3.283s] -- Up-to-date: /home/albusgive2/rlfw/rlfw_interface/install/rlfw_msgs/include/rlfw_msgs/rlfw_msgs/srv/detail
[3.283s] -- Installing: /home/albusgive2/rlfw/rlfw_interface/install/rlfw_msgs/include/rlfw_msgs/rlfw_msgs/srv/detail/com_parameter__type_support.c
[3.283s] -- Up-to-date: /home/albusgive2/rlfw/rlfw_interface/install/rlfw_msgs/include/rlfw_msgs/rlfw_msgs/srv/detail/rl_srv__type_support.c
[3.283s] -- Installing: /home/albusgive2/rlfw/rlfw_interface/install/rlfw_msgs/include/rlfw_msgs/rlfw_msgs/srv/detail/com_parameter__rosidl_typesupport_introspection_c.h
[3.283s] -- Up-to-date: /home/albusgive2/rlfw/rlfw_interface/install/rlfw_msgs/include/rlfw_msgs/rlfw_msgs/srv/detail/rl_srv__rosidl_typesupport_introspection_c.h
[3.283s] -- Up-to-date: /home/albusgive2/rlfw/rlfw_interface/install/rlfw_msgs/include/rlfw_msgs/rlfw_msgs/msg
[3.283s] -- Up-to-date: /home/albusgive2/rlfw/rlfw_interface/install/rlfw_msgs/include/rlfw_msgs/rlfw_msgs/msg/rosidl_typesupport_introspection_c__visibility_control.h
[3.283s] -- Up-to-date: /home/albusgive2/rlfw/rlfw_interface/install/rlfw_msgs/include/rlfw_msgs/rlfw_msgs/msg/detail
[3.283s] -- Installing: /home/albusgive2/rlfw/rlfw_interface/install/rlfw_msgs/include/rlfw_msgs/rlfw_msgs/msg/detail/motor__rosidl_typesupport_introspection_c.h
[3.283s] -- Installing: /home/albusgive2/rlfw/rlfw_interface/install/rlfw_msgs/include/rlfw_msgs/rlfw_msgs/msg/detail/can_msg__rosidl_typesupport_introspection_c.h
[3.283s] -- Installing: /home/albusgive2/rlfw/rlfw_interface/install/rlfw_msgs/include/rlfw_msgs/rlfw_msgs/msg/detail/motor__type_support.c
[3.283s] -- Installing: /home/albusgive2/rlfw/rlfw_interface/install/rlfw_msgs/include/rlfw_msgs/rlfw_msgs/msg/detail/can_msg__type_support.c
[3.283s] -- Installing: /home/albusgive2/rlfw/rlfw_interface/install/rlfw_msgs/include/rlfw_msgs/rlfw_msgs/msg/detail/serial_msg__rosidl_typesupport_introspection_c.h
[3.283s] -- Installing: /home/albusgive2/rlfw/rlfw_interface/install/rlfw_msgs/include/rlfw_msgs/rlfw_msgs/msg/detail/motor_ctrl__type_support.c
[3.283s] -- Installing: /home/albusgive2/rlfw/rlfw_interface/install/rlfw_msgs/include/rlfw_msgs/rlfw_msgs/msg/detail/serial_msg__type_support.c
[3.283s] -- Installing: /home/albusgive2/rlfw/rlfw_interface/install/rlfw_msgs/include/rlfw_msgs/rlfw_msgs/msg/detail/motor_ctrl__rosidl_typesupport_introspection_c.h
[3.283s] -- Installing: /home/albusgive2/rlfw/rlfw_interface/install/rlfw_msgs/lib/librlfw_msgs__rosidl_typesupport_introspection_c.so
[3.284s] -- Set runtime path of "/home/albusgive2/rlfw/rlfw_interface/install/rlfw_msgs/lib/librlfw_msgs__rosidl_typesupport_introspection_c.so" to ""
[3.284s] -- Installing: /home/albusgive2/rlfw/rlfw_interface/install/rlfw_msgs/lib/librlfw_msgs__rosidl_typesupport_c.so
[3.284s] -- Set runtime path of "/home/albusgive2/rlfw/rlfw_interface/install/rlfw_msgs/lib/librlfw_msgs__rosidl_typesupport_c.so" to ""
[3.284s] -- Up-to-date: /home/albusgive2/rlfw/rlfw_interface/install/rlfw_msgs/include/rlfw_msgs/rlfw_msgs
[3.284s] -- Up-to-date: /home/albusgive2/rlfw/rlfw_interface/install/rlfw_msgs/include/rlfw_msgs/rlfw_msgs/srv
[3.284s] -- Up-to-date: /home/albusgive2/rlfw/rlfw_interface/install/rlfw_msgs/include/rlfw_msgs/rlfw_msgs/srv/detail
[3.284s] -- Installing: /home/albusgive2/rlfw/rlfw_interface/install/rlfw_msgs/include/rlfw_msgs/rlfw_msgs/srv/detail/com_parameter__type_support.cpp
[3.284s] -- Installing: /home/albusgive2/rlfw/rlfw_interface/install/rlfw_msgs/include/rlfw_msgs/rlfw_msgs/srv/detail/com_parameter__rosidl_typesupport_introspection_cpp.hpp
[3.284s] -- Up-to-date: /home/albusgive2/rlfw/rlfw_interface/install/rlfw_msgs/include/rlfw_msgs/rlfw_msgs/srv/detail/rl_srv__rosidl_typesupport_introspection_cpp.hpp
[3.284s] -- Up-to-date: /home/albusgive2/rlfw/rlfw_interface/install/rlfw_msgs/include/rlfw_msgs/rlfw_msgs/srv/detail/rl_srv__type_support.cpp
[3.284s] -- Up-to-date: /home/albusgive2/rlfw/rlfw_interface/install/rlfw_msgs/include/rlfw_msgs/rlfw_msgs/msg
[3.284s] -- Up-to-date: /home/albusgive2/rlfw/rlfw_interface/install/rlfw_msgs/include/rlfw_msgs/rlfw_msgs/msg/detail
[3.284s] -- Installing: /home/albusgive2/rlfw/rlfw_interface/install/rlfw_msgs/include/rlfw_msgs/rlfw_msgs/msg/detail/serial_msg__type_support.cpp
[3.284s] -- Installing: /home/albusgive2/rlfw/rlfw_interface/install/rlfw_msgs/include/rlfw_msgs/rlfw_msgs/msg/detail/motor_ctrl__type_support.cpp
[3.284s] -- Installing: /home/albusgive2/rlfw/rlfw_interface/install/rlfw_msgs/include/rlfw_msgs/rlfw_msgs/msg/detail/motor__type_support.cpp
[3.284s] -- Installing: /home/albusgive2/rlfw/rlfw_interface/install/rlfw_msgs/include/rlfw_msgs/rlfw_msgs/msg/detail/can_msg__type_support.cpp
[3.284s] -- Installing: /home/albusgive2/rlfw/rlfw_interface/install/rlfw_msgs/include/rlfw_msgs/rlfw_msgs/msg/detail/serial_msg__rosidl_typesupport_introspection_cpp.hpp
[3.284s] -- Installing: /home/albusgive2/rlfw/rlfw_interface/install/rlfw_msgs/include/rlfw_msgs/rlfw_msgs/msg/detail/motor__rosidl_typesupport_introspection_cpp.hpp
[3.284s] -- Installing: /home/albusgive2/rlfw/rlfw_interface/install/rlfw_msgs/include/rlfw_msgs/rlfw_msgs/msg/detail/motor_ctrl__rosidl_typesupport_introspection_cpp.hpp
[3.284s] -- Installing: /home/albusgive2/rlfw/rlfw_interface/install/rlfw_msgs/include/rlfw_msgs/rlfw_msgs/msg/detail/can_msg__rosidl_typesupport_introspection_cpp.hpp
[3.284s] -- Installing: /home/albusgive2/rlfw/rlfw_interface/install/rlfw_msgs/lib/librlfw_msgs__rosidl_typesupport_introspection_cpp.so
[3.285s] -- Set runtime path of "/home/albusgive2/rlfw/rlfw_interface/install/rlfw_msgs/lib/librlfw_msgs__rosidl_typesupport_introspection_cpp.so" to ""
[3.285s] -- Installing: /home/albusgive2/rlfw/rlfw_interface/install/rlfw_msgs/lib/librlfw_msgs__rosidl_typesupport_cpp.so
[3.285s] -- Set runtime path of "/home/albusgive2/rlfw/rlfw_interface/install/rlfw_msgs/lib/librlfw_msgs__rosidl_typesupport_cpp.so" to ""
[3.285s] -- Up-to-date: /home/albusgive2/rlfw/rlfw_interface/install/rlfw_msgs/share/rlfw_msgs/environment/pythonpath.sh
[3.285s] -- Installing: /home/albusgive2/rlfw/rlfw_interface/install/rlfw_msgs/share/rlfw_msgs/environment/pythonpath.dsv
[3.285s] -- Up-to-date: /home/albusgive2/rlfw/rlfw_interface/install/rlfw_msgs/local/lib/python3.10/dist-packages/rlfw_msgs-0.0.0-py3.10.egg-info
[3.285s] -- Installing: /home/albusgive2/rlfw/rlfw_interface/install/rlfw_msgs/local/lib/python3.10/dist-packages/rlfw_msgs-0.0.0-py3.10.egg-info/PKG-INFO
[3.285s] -- Installing: /home/albusgive2/rlfw/rlfw_interface/install/rlfw_msgs/local/lib/python3.10/dist-packages/rlfw_msgs-0.0.0-py3.10.egg-info/SOURCES.txt
[3.285s] -- Installing: /home/albusgive2/rlfw/rlfw_interface/install/rlfw_msgs/local/lib/python3.10/dist-packages/rlfw_msgs-0.0.0-py3.10.egg-info/dependency_links.txt
[3.285s] -- Installing: /home/albusgive2/rlfw/rlfw_interface/install/rlfw_msgs/local/lib/python3.10/dist-packages/rlfw_msgs-0.0.0-py3.10.egg-info/top_level.txt
[3.285s] -- Up-to-date: /home/albusgive2/rlfw/rlfw_interface/install/rlfw_msgs/local/lib/python3.10/dist-packages/rlfw_msgs
[3.285s] -- Installing: /home/albusgive2/rlfw/rlfw_interface/install/rlfw_msgs/local/lib/python3.10/dist-packages/rlfw_msgs/rlfw_msgs_s__rosidl_typesupport_fastrtps_c.cpython-310-x86_64-linux-gnu.so
[3.285s] -- Installing: /home/albusgive2/rlfw/rlfw_interface/install/rlfw_msgs/local/lib/python3.10/dist-packages/rlfw_msgs/_rlfw_msgs_s.ep.rosidl_typesupport_fastrtps_c.c
[3.285s] -- Installing: /home/albusgive2/rlfw/rlfw_interface/install/rlfw_msgs/local/lib/python3.10/dist-packages/rlfw_msgs/rlfw_msgs_s__rosidl_typesupport_introspection_c.cpython-310-x86_64-linux-gnu.so
[3.285s] -- Installing: /home/albusgive2/rlfw/rlfw_interface/install/rlfw_msgs/local/lib/python3.10/dist-packages/rlfw_msgs/_rlfw_msgs_s.ep.rosidl_typesupport_introspection_c.c
[3.285s] -- Installing: /home/albusgive2/rlfw/rlfw_interface/install/rlfw_msgs/local/lib/python3.10/dist-packages/rlfw_msgs/librlfw_msgs__rosidl_generator_py.so
[3.286s] -- Up-to-date: /home/albusgive2/rlfw/rlfw_interface/install/rlfw_msgs/local/lib/python3.10/dist-packages/rlfw_msgs/srv
[3.286s] -- Installing: /home/albusgive2/rlfw/rlfw_interface/install/rlfw_msgs/local/lib/python3.10/dist-packages/rlfw_msgs/srv/_com_parameter.py
[3.286s] -- Installing: /home/albusgive2/rlfw/rlfw_interface/install/rlfw_msgs/local/lib/python3.10/dist-packages/rlfw_msgs/srv/_com_parameter_s.c
[3.286s] -- Installing: /home/albusgive2/rlfw/rlfw_interface/install/rlfw_msgs/local/lib/python3.10/dist-packages/rlfw_msgs/srv/__init__.py
[3.286s] -- Up-to-date: /home/albusgive2/rlfw/rlfw_interface/install/rlfw_msgs/local/lib/python3.10/dist-packages/rlfw_msgs/srv/_rl_srv_s.c
[3.286s] -- Up-to-date: /home/albusgive2/rlfw/rlfw_interface/install/rlfw_msgs/local/lib/python3.10/dist-packages/rlfw_msgs/srv/_rl_srv.py
[3.286s] -- Installing: /home/albusgive2/rlfw/rlfw_interface/install/rlfw_msgs/local/lib/python3.10/dist-packages/rlfw_msgs/rlfw_msgs_s__rosidl_typesupport_c.cpython-310-x86_64-linux-gnu.so
[3.286s] -- Installing: /home/albusgive2/rlfw/rlfw_interface/install/rlfw_msgs/local/lib/python3.10/dist-packages/rlfw_msgs/__init__.py
[3.286s] -- Up-to-date: /home/albusgive2/rlfw/rlfw_interface/install/rlfw_msgs/local/lib/python3.10/dist-packages/rlfw_msgs/msg
[3.286s] -- Installing: /home/albusgive2/rlfw/rlfw_interface/install/rlfw_msgs/local/lib/python3.10/dist-packages/rlfw_msgs/msg/_motor_s.c
[3.286s] -- Installing: /home/albusgive2/rlfw/rlfw_interface/install/rlfw_msgs/local/lib/python3.10/dist-packages/rlfw_msgs/msg/_motor_ctrl.py
[3.286s] -- Installing: /home/albusgive2/rlfw/rlfw_interface/install/rlfw_msgs/local/lib/python3.10/dist-packages/rlfw_msgs/msg/_can_msg_s.c
[3.286s] -- Installing: /home/albusgive2/rlfw/rlfw_interface/install/rlfw_msgs/local/lib/python3.10/dist-packages/rlfw_msgs/msg/_can_msg.py
[3.286s] -- Installing: /home/albusgive2/rlfw/rlfw_interface/install/rlfw_msgs/local/lib/python3.10/dist-packages/rlfw_msgs/msg/_serial_msg_s.c
[3.286s] -- Installing: /home/albusgive2/rlfw/rlfw_interface/install/rlfw_msgs/local/lib/python3.10/dist-packages/rlfw_msgs/msg/_motor.py
[3.286s] -- Installing: /home/albusgive2/rlfw/rlfw_interface/install/rlfw_msgs/local/lib/python3.10/dist-packages/rlfw_msgs/msg/_motor_ctrl_s.c
[3.286s] -- Installing: /home/albusgive2/rlfw/rlfw_interface/install/rlfw_msgs/local/lib/python3.10/dist-packages/rlfw_msgs/msg/__init__.py
[3.286s] -- Installing: /home/albusgive2/rlfw/rlfw_interface/install/rlfw_msgs/local/lib/python3.10/dist-packages/rlfw_msgs/msg/_serial_msg.py
[3.286s] -- Installing: /home/albusgive2/rlfw/rlfw_interface/install/rlfw_msgs/local/lib/python3.10/dist-packages/rlfw_msgs/_rlfw_msgs_s.ep.rosidl_typesupport_c.c
[3.312s] Listing '/home/albusgive2/rlfw/rlfw_interface/install/rlfw_msgs/local/lib/python3.10/dist-packages/rlfw_msgs'...
[3.312s] Compiling '/home/albusgive2/rlfw/rlfw_interface/install/rlfw_msgs/local/lib/python3.10/dist-packages/rlfw_msgs/__init__.py'...
[3.312s] Listing '/home/albusgive2/rlfw/rlfw_interface/install/rlfw_msgs/local/lib/python3.10/dist-packages/rlfw_msgs/msg'...
[3.312s] Compiling '/home/albusgive2/rlfw/rlfw_interface/install/rlfw_msgs/local/lib/python3.10/dist-packages/rlfw_msgs/msg/__init__.py'...
[3.312s] Compiling '/home/albusgive2/rlfw/rlfw_interface/install/rlfw_msgs/local/lib/python3.10/dist-packages/rlfw_msgs/msg/_can_msg.py'...
[3.312s] Compiling '/home/albusgive2/rlfw/rlfw_interface/install/rlfw_msgs/local/lib/python3.10/dist-packages/rlfw_msgs/msg/_motor.py'...
[3.312s] Compiling '/home/albusgive2/rlfw/rlfw_interface/install/rlfw_msgs/local/lib/python3.10/dist-packages/rlfw_msgs/msg/_motor_ctrl.py'...
[3.312s] Compiling '/home/albusgive2/rlfw/rlfw_interface/install/rlfw_msgs/local/lib/python3.10/dist-packages/rlfw_msgs/msg/_serial_msg.py'...
[3.312s] Listing '/home/albusgive2/rlfw/rlfw_interface/install/rlfw_msgs/local/lib/python3.10/dist-packages/rlfw_msgs/srv'...
[3.313s] Compiling '/home/albusgive2/rlfw/rlfw_interface/install/rlfw_msgs/local/lib/python3.10/dist-packages/rlfw_msgs/srv/__init__.py'...
[3.313s] Compiling '/home/albusgive2/rlfw/rlfw_interface/install/rlfw_msgs/local/lib/python3.10/dist-packages/rlfw_msgs/srv/_com_parameter.py'...
[3.316s] -- Installing: /home/albusgive2/rlfw/rlfw_interface/install/rlfw_msgs/local/lib/python3.10/dist-packages/rlfw_msgs/rlfw_msgs_s__rosidl_typesupport_fastrtps_c.cpython-310-x86_64-linux-gnu.so
[3.316s] -- Set runtime path of "/home/albusgive2/rlfw/rlfw_interface/install/rlfw_msgs/local/lib/python3.10/dist-packages/rlfw_msgs/rlfw_msgs_s__rosidl_typesupport_fastrtps_c.cpython-310-x86_64-linux-gnu.so" to ""
[3.316s] -- Installing: /home/albusgive2/rlfw/rlfw_interface/install/rlfw_msgs/local/lib/python3.10/dist-packages/rlfw_msgs/rlfw_msgs_s__rosidl_typesupport_introspection_c.cpython-310-x86_64-linux-gnu.so
[3.316s] -- Set runtime path of "/home/albusgive2/rlfw/rlfw_interface/install/rlfw_msgs/local/lib/python3.10/dist-packages/rlfw_msgs/rlfw_msgs_s__rosidl_typesupport_introspection_c.cpython-310-x86_64-linux-gnu.so" to ""
[3.316s] -- Installing: /home/albusgive2/rlfw/rlfw_interface/install/rlfw_msgs/local/lib/python3.10/dist-packages/rlfw_msgs/rlfw_msgs_s__rosidl_typesupport_c.cpython-310-x86_64-linux-gnu.so
[3.316s] -- Set runtime path of "/home/albusgive2/rlfw/rlfw_interface/install/rlfw_msgs/local/lib/python3.10/dist-packages/rlfw_msgs/rlfw_msgs_s__rosidl_typesupport_c.cpython-310-x86_64-linux-gnu.so" to ""
[3.317s] -- Installing: /home/albusgive2/rlfw/rlfw_interface/install/rlfw_msgs/lib/librlfw_msgs__rosidl_generator_py.so
[3.317s] -- Set runtime path of "/home/albusgive2/rlfw/rlfw_interface/install/rlfw_msgs/lib/librlfw_msgs__rosidl_generator_py.so" to ""
[3.317s] -- Up-to-date: /home/albusgive2/rlfw/rlfw_interface/install/rlfw_msgs/share/rlfw_msgs/msg/Motor.idl
[3.317s] -- Up-to-date: /home/albusgive2/rlfw/rlfw_interface/install/rlfw_msgs/share/rlfw_msgs/msg/MotorCtrl.idl
[3.317s] -- Up-to-date: /home/albusgive2/rlfw/rlfw_interface/install/rlfw_msgs/share/rlfw_msgs/msg/CanMsg.idl
[3.317s] -- Up-to-date: /home/albusgive2/rlfw/rlfw_interface/install/rlfw_msgs/share/rlfw_msgs/msg/SerialMsg.idl
[3.317s] -- Installing: /home/albusgive2/rlfw/rlfw_interface/install/rlfw_msgs/share/rlfw_msgs/srv/ComParameter.idl
[3.317s] -- Up-to-date: /home/albusgive2/rlfw/rlfw_interface/install/rlfw_msgs/share/rlfw_msgs/msg/Motor.msg
[3.317s] -- Up-to-date: /home/albusgive2/rlfw/rlfw_interface/install/rlfw_msgs/share/rlfw_msgs/msg/MotorCtrl.msg
[3.317s] -- Up-to-date: /home/albusgive2/rlfw/rlfw_interface/install/rlfw_msgs/share/rlfw_msgs/msg/CanMsg.msg
[3.317s] -- Up-to-date: /home/albusgive2/rlfw/rlfw_interface/install/rlfw_msgs/share/rlfw_msgs/msg/SerialMsg.msg
[3.317s] -- Installing: /home/albusgive2/rlfw/rlfw_interface/install/rlfw_msgs/share/rlfw_msgs/srv/ComParameter.srv
[3.317s] -- Up-to-date: /home/albusgive2/rlfw/rlfw_interface/install/rlfw_msgs/share/rlfw_msgs/srv/ComParameter_Request.msg
[3.317s] -- Installing: /home/albusgive2/rlfw/rlfw_interface/install/rlfw_msgs/share/rlfw_msgs/srv/ComParameter_Response.msg
[3.317s] -- Up-to-date: /home/albusgive2/rlfw/rlfw_interface/install/rlfw_msgs/share/ament_index/resource_index/package_run_dependencies/rlfw_msgs
[3.318s] -- Up-to-date: /home/albusgive2/rlfw/rlfw_interface/install/rlfw_msgs/share/ament_index/resource_index/parent_prefix_path/rlfw_msgs
[3.318s] -- Up-to-date: /home/albusgive2/rlfw/rlfw_interface/install/rlfw_msgs/share/rlfw_msgs/environment/ament_prefix_path.sh
[3.318s] -- Installing: /home/albusgive2/rlfw/rlfw_interface/install/rlfw_msgs/share/rlfw_msgs/environment/ament_prefix_path.dsv
[3.318s] -- Up-to-date: /home/albusgive2/rlfw/rlfw_interface/install/rlfw_msgs/share/rlfw_msgs/environment/path.sh
[3.318s] -- Installing: /home/albusgive2/rlfw/rlfw_interface/install/rlfw_msgs/share/rlfw_msgs/environment/path.dsv
[3.318s] -- Up-to-date: /home/albusgive2/rlfw/rlfw_interface/install/rlfw_msgs/share/rlfw_msgs/local_setup.bash
[3.318s] -- Up-to-date: /home/albusgive2/rlfw/rlfw_interface/install/rlfw_msgs/share/rlfw_msgs/local_setup.sh
[3.318s] -- Up-to-date: /home/albusgive2/rlfw/rlfw_interface/install/rlfw_msgs/share/rlfw_msgs/local_setup.zsh
[3.318s] -- Installing: /home/albusgive2/rlfw/rlfw_interface/install/rlfw_msgs/share/rlfw_msgs/local_setup.dsv
[3.318s] -- Installing: /home/albusgive2/rlfw/rlfw_interface/install/rlfw_msgs/share/rlfw_msgs/package.dsv
[3.318s] -- Up-to-date: /home/albusgive2/rlfw/rlfw_interface/install/rlfw_msgs/share/ament_index/resource_index/packages/rlfw_msgs
[3.318s] -- Up-to-date: /home/albusgive2/rlfw/rlfw_interface/install/rlfw_msgs/share/rlfw_msgs/cmake/export_rlfw_msgs__rosidl_generator_cExport.cmake
[3.318s] -- Up-to-date: /home/albusgive2/rlfw/rlfw_interface/install/rlfw_msgs/share/rlfw_msgs/cmake/export_rlfw_msgs__rosidl_generator_cExport-noconfig.cmake
[3.318s] -- Up-to-date: /home/albusgive2/rlfw/rlfw_interface/install/rlfw_msgs/share/rlfw_msgs/cmake/export_rlfw_msgs__rosidl_typesupport_fastrtps_cExport.cmake
[3.318s] -- Up-to-date: /home/albusgive2/rlfw/rlfw_interface/install/rlfw_msgs/share/rlfw_msgs/cmake/export_rlfw_msgs__rosidl_typesupport_fastrtps_cExport-noconfig.cmake
[3.318s] -- Up-to-date: /home/albusgive2/rlfw/rlfw_interface/install/rlfw_msgs/share/rlfw_msgs/cmake/export_rlfw_msgs__rosidl_generator_cppExport.cmake
[3.318s] -- Up-to-date: /home/albusgive2/rlfw/rlfw_interface/install/rlfw_msgs/share/rlfw_msgs/cmake/export_rlfw_msgs__rosidl_typesupport_fastrtps_cppExport.cmake
[3.318s] -- Up-to-date: /home/albusgive2/rlfw/rlfw_interface/install/rlfw_msgs/share/rlfw_msgs/cmake/export_rlfw_msgs__rosidl_typesupport_fastrtps_cppExport-noconfig.cmake
[3.318s] -- Up-to-date: /home/albusgive2/rlfw/rlfw_interface/install/rlfw_msgs/share/rlfw_msgs/cmake/rlfw_msgs__rosidl_typesupport_introspection_cExport.cmake
[3.318s] -- Up-to-date: /home/albusgive2/rlfw/rlfw_interface/install/rlfw_msgs/share/rlfw_msgs/cmake/rlfw_msgs__rosidl_typesupport_introspection_cExport-noconfig.cmake
[3.318s] -- Up-to-date: /home/albusgive2/rlfw/rlfw_interface/install/rlfw_msgs/share/rlfw_msgs/cmake/rlfw_msgs__rosidl_typesupport_cExport.cmake
[3.318s] -- Up-to-date: /home/albusgive2/rlfw/rlfw_interface/install/rlfw_msgs/share/rlfw_msgs/cmake/rlfw_msgs__rosidl_typesupport_cExport-noconfig.cmake
[3.318s] -- Up-to-date: /home/albusgive2/rlfw/rlfw_interface/install/rlfw_msgs/share/rlfw_msgs/cmake/rlfw_msgs__rosidl_typesupport_introspection_cppExport.cmake
[3.318s] -- Up-to-date: /home/albusgive2/rlfw/rlfw_interface/install/rlfw_msgs/share/rlfw_msgs/cmake/rlfw_msgs__rosidl_typesupport_introspection_cppExport-noconfig.cmake
[3.318s] -- Up-to-date: /home/albusgive2/rlfw/rlfw_interface/install/rlfw_msgs/share/rlfw_msgs/cmake/rlfw_msgs__rosidl_typesupport_cppExport.cmake
[3.318s] -- Up-to-date: /home/albusgive2/rlfw/rlfw_interface/install/rlfw_msgs/share/rlfw_msgs/cmake/rlfw_msgs__rosidl_typesupport_cppExport-noconfig.cmake
[3.318s] -- Up-to-date: /home/albusgive2/rlfw/rlfw_interface/install/rlfw_msgs/share/rlfw_msgs/cmake/export_rlfw_msgs__rosidl_generator_pyExport.cmake
[3.318s] -- Up-to-date: /home/albusgive2/rlfw/rlfw_interface/install/rlfw_msgs/share/rlfw_msgs/cmake/export_rlfw_msgs__rosidl_generator_pyExport-noconfig.cmake
[3.318s] -- Up-to-date: /home/albusgive2/rlfw/rlfw_interface/install/rlfw_msgs/share/rlfw_msgs/cmake/rosidl_cmake-extras.cmake
[3.318s] -- Up-to-date: /home/albusgive2/rlfw/rlfw_interface/install/rlfw_msgs/share/rlfw_msgs/cmake/ament_cmake_export_dependencies-extras.cmake
[3.318s] -- Up-to-date: /home/albusgive2/rlfw/rlfw_interface/install/rlfw_msgs/share/rlfw_msgs/cmake/ament_cmake_export_include_directories-extras.cmake
[3.318s] -- Up-to-date: /home/albusgive2/rlfw/rlfw_interface/install/rlfw_msgs/share/rlfw_msgs/cmake/ament_cmake_export_libraries-extras.cmake
[3.318s] -- Up-to-date: /home/albusgive2/rlfw/rlfw_interface/install/rlfw_msgs/share/rlfw_msgs/cmake/ament_cmake_export_targets-extras.cmake
[3.319s] -- Up-to-date: /home/albusgive2/rlfw/rlfw_interface/install/rlfw_msgs/share/rlfw_msgs/cmake/rosidl_cmake_export_typesupport_targets-extras.cmake
[3.319s] -- Up-to-date: /home/albusgive2/rlfw/rlfw_interface/install/rlfw_msgs/share/rlfw_msgs/cmake/rosidl_cmake_export_typesupport_libraries-extras.cmake
[3.319s] -- Up-to-date: /home/albusgive2/rlfw/rlfw_interface/install/rlfw_msgs/share/rlfw_msgs/cmake/rlfw_msgsConfig.cmake
[3.319s] -- Up-to-date: /home/albusgive2/rlfw/rlfw_interface/install/rlfw_msgs/share/rlfw_msgs/cmake/rlfw_msgsConfig-version.cmake
[3.319s] -- Up-to-date: /home/albusgive2/rlfw/rlfw_interface/install/rlfw_msgs/share/rlfw_msgs/package.xml
[3.320s] Invoked command in '/home/albusgive2/rlfw/rlfw_interface/build/rlfw_msgs' returned '0': CMAKE_PREFIX_PATH=${CMAKE_PREFIX_PATH}:/opt/ros/humble /usr/bin/cmake --install /home/albusgive2/rlfw/rlfw_interface/build/rlfw_msgs
