[0.007s] Invoking command in '/home/albusgive2/rlfw/rlfw_tool/build/motor_ctrl': CMAKE_PREFIX_PATH=${CMAKE_PREFIX_PATH}:/opt/ros/humble /usr/bin/cmake --build /home/albusgive2/rlfw/rlfw_tool/build/motor_ctrl -- -j12 -l12
[0.036s] [35m[1mConsolidate compiler generated dependencies of target motor_ctrl[0m
[0.050s] [100%] Built target motor_ctrl
[0.057s] Invoked command in '/home/albusgive2/rlfw/rlfw_tool/build/motor_ctrl' returned '0': CMAKE_PREFIX_PATH=${CMAKE_PREFIX_PATH}:/opt/ros/humble /usr/bin/cmake --build /home/albusgive2/rlfw/rlfw_tool/build/motor_ctrl -- -j12 -l12
[0.064s] Invoking command in '/home/albusgive2/rlfw/rlfw_tool/build/motor_ctrl': CMAKE_PREFIX_PATH=${CMAKE_PREFIX_PATH}:/opt/ros/humble /usr/bin/cmake --install /home/albusgive2/rlfw/rlfw_tool/build/motor_ctrl
[0.068s] -- Install configuration: ""
[0.068s] -- Up-to-date: /home/albusgive2/rlfw/rlfw_tool/install/motor_ctrl/lib/motor_ctrl/motor_ctrl
[0.068s] -- Up-to-date: /home/albusgive2/rlfw/rlfw_tool/install/motor_ctrl/share/ament_index/resource_index/package_run_dependencies/motor_ctrl
[0.068s] -- Up-to-date: /home/albusgive2/rlfw/rlfw_tool/install/motor_ctrl/share/ament_index/resource_index/parent_prefix_path/motor_ctrl
[0.068s] -- Up-to-date: /home/albusgive2/rlfw/rlfw_tool/install/motor_ctrl/share/motor_ctrl/environment/ament_prefix_path.sh
[0.068s] -- Up-to-date: /home/albusgive2/rlfw/rlfw_tool/install/motor_ctrl/share/motor_ctrl/environment/ament_prefix_path.dsv
[0.068s] -- Up-to-date: /home/albusgive2/rlfw/rlfw_tool/install/motor_ctrl/share/motor_ctrl/environment/path.sh
[0.068s] -- Up-to-date: /home/albusgive2/rlfw/rlfw_tool/install/motor_ctrl/share/motor_ctrl/environment/path.dsv
[0.068s] -- Up-to-date: /home/albusgive2/rlfw/rlfw_tool/install/motor_ctrl/share/motor_ctrl/local_setup.bash
[0.068s] -- Up-to-date: /home/albusgive2/rlfw/rlfw_tool/install/motor_ctrl/share/motor_ctrl/local_setup.sh
[0.068s] -- Up-to-date: /home/albusgive2/rlfw/rlfw_tool/install/motor_ctrl/share/motor_ctrl/local_setup.zsh
[0.068s] -- Up-to-date: /home/albusgive2/rlfw/rlfw_tool/install/motor_ctrl/share/motor_ctrl/local_setup.dsv
[0.068s] -- Installing: /home/albusgive2/rlfw/rlfw_tool/install/motor_ctrl/share/motor_ctrl/package.dsv
[0.068s] -- Up-to-date: /home/albusgive2/rlfw/rlfw_tool/install/motor_ctrl/share/ament_index/resource_index/packages/motor_ctrl
[0.068s] -- Up-to-date: /home/albusgive2/rlfw/rlfw_tool/install/motor_ctrl/share/motor_ctrl/cmake/motor_ctrlConfig.cmake
[0.068s] -- Up-to-date: /home/albusgive2/rlfw/rlfw_tool/install/motor_ctrl/share/motor_ctrl/cmake/motor_ctrlConfig-version.cmake
[0.068s] -- Up-to-date: /home/albusgive2/rlfw/rlfw_tool/install/motor_ctrl/share/motor_ctrl/package.xml
[0.069s] Invoked command in '/home/albusgive2/rlfw/rlfw_tool/build/motor_ctrl' returned '0': CMAKE_PREFIX_PATH=${CMAKE_PREFIX_PATH}:/opt/ros/humble /usr/bin/cmake --install /home/albusgive2/rlfw/rlfw_tool/build/motor_ctrl
