[0.006s] Invoking command in '/home/albusgive2/rlfw/rlfw_interface/build/rlfw_msgs': CMAKE_PREFIX_PATH=${CMAKE_PREFIX_PATH}:/opt/ros/humble /usr/bin/cmake --build /home/albusgive2/rlfw/rlfw_interface/build/rlfw_msgs -- -j12 -l12
[0.022s] -- Found ament_cmake: 1.3.11 (/opt/ros/humble/share/ament_cmake/cmake)
[0.101s] -- Found std_msgs: 4.2.4 (/opt/ros/humble/share/std_msgs/cmake)
[0.116s] -- Found rosidl_generator_c: 3.1.6 (/opt/ros/humble/share/rosidl_generator_c/cmake)
[0.117s] -- Found rosidl_adapter: 3.1.6 (/opt/ros/humble/share/rosidl_adapter/cmake)
[0.121s] -- Found rosidl_generator_cpp: 3.1.6 (/opt/ros/humble/share/rosidl_generator_cpp/cmake)
[0.126s] -- Using all available rosidl_typesupport_c: rosidl_typesupport_fastrtps_c;rosidl_typesupport_introspection_c
[0.134s] -- Using all available rosidl_typesupport_cpp: rosidl_typesupport_fastrtps_cpp;rosidl_typesupport_introspection_cpp
[0.147s] -- Found rosidl_default_generators: 1.2.0 (/opt/ros/humble/share/rosidl_default_generators/cmake)
[0.335s] -- Found ament_cmake_ros: 0.10.0 (/opt/ros/humble/share/ament_cmake_ros/cmake)
[0.573s] -- Using all available rosidl_typesupport_c: rosidl_typesupport_fastrtps_c;rosidl_typesupport_introspection_c
[0.661s] -- Using all available rosidl_typesupport_cpp: rosidl_typesupport_fastrtps_cpp;rosidl_typesupport_introspection_cpp
[0.675s] -- Found python_cmake_module: 0.10.0 (/opt/ros/humble/share/python_cmake_module/cmake)
[0.689s] -- Using PYTHON_EXECUTABLE: /usr/bin/python3
[0.689s] -- Using PYTHON_INCLUDE_DIRS: /usr/include/python3.10
[0.689s] -- Using PYTHON_LIBRARIES: /usr/lib/x86_64-linux-gnu/libpython3.10.so
[0.705s] -- Found ament_lint_auto: 0.12.11 (/opt/ros/humble/share/ament_lint_auto/cmake)
[0.710s] -- Added test 'lint_cmake' to check CMake code style
[0.711s] -- Added test 'xmllint' to check XML markup files
[0.712s] -- Configuring done
[0.735s] -- Generating done
[0.742s] -- Build files have been written to: /home/albusgive2/rlfw/rlfw_interface/build/rlfw_msgs
[0.758s] [  1%] [34m[1mGenerating C code for ROS interfaces[0m
[0.764s] [  2%] [34m[1mGenerating C++ code for ROS interfaces[0m
[0.771s] [  2%] Built target ament_cmake_python_copy_rlfw_msgs
[0.908s] running egg_info
[0.909s] writing rlfw_msgs.egg-info/PKG-INFO
[0.909s] writing dependency_links to rlfw_msgs.egg-info/dependency_links.txt
[0.909s] writing top-level names to rlfw_msgs.egg-info/top_level.txt
[0.910s] reading manifest file 'rlfw_msgs.egg-info/SOURCES.txt'
[0.911s] writing manifest file 'rlfw_msgs.egg-info/SOURCES.txt'
[0.928s] [  2%] Built target ament_cmake_python_build_rlfw_msgs_egg
[1.175s] [  2%] Built target rlfw_msgs__cpp
[1.178s] [35m[1mConsolidate compiler generated dependencies of target rlfw_msgs__rosidl_generator_c[0m
[1.181s] [  7%] [34m[1mGenerating C++ introspection for ROS interfaces[0m
[1.182s] [  7%] [34m[1mGenerating C++ type support dispatch for ROS interfaces[0m
[1.182s] [  7%] [34m[1mGenerating C++ type support for eProsima Fast-RTPS[0m
[1.187s] [  8%] [32mBuilding C object CMakeFiles/rlfw_msgs__rosidl_generator_c.dir/rosidl_generator_c/rlfw_msgs/msg/detail/can_msg__functions.c.o[0m
[1.187s] [  9%] [32mBuilding C object CMakeFiles/rlfw_msgs__rosidl_generator_c.dir/rosidl_generator_c/rlfw_msgs/msg/detail/serial_msg__functions.c.o[0m
[1.187s] [ 12%] [32mBuilding C object CMakeFiles/rlfw_msgs__rosidl_generator_c.dir/rosidl_generator_c/rlfw_msgs/msg/detail/motor__functions.c.o[0m
[1.187s] [ 12%] [32mBuilding C object CMakeFiles/rlfw_msgs__rosidl_generator_c.dir/rosidl_generator_c/rlfw_msgs/msg/detail/motor_ctrl__functions.c.o[0m
[1.188s] [ 14%] [32mBuilding C object CMakeFiles/rlfw_msgs__rosidl_generator_c.dir/rosidl_generator_c/rlfw_msgs/msg/detail/remote__functions.c.o[0m
[1.188s] [ 15%] [32mBuilding C object CMakeFiles/rlfw_msgs__rosidl_generator_c.dir/rosidl_generator_c/rlfw_msgs/srv/detail/com_parameter__functions.c.o[0m
[1.235s] [ 16%] [32m[1mLinking C shared library librlfw_msgs__rosidl_generator_c.so[0m
[1.259s] [ 16%] Built target rlfw_msgs__rosidl_generator_c
[1.266s] [ 21%] [34m[1mGenerating C type support for eProsima Fast-RTPS[0m
[1.266s] [ 21%] [34m[1mGenerating C introspection for ROS interfaces[0m
[1.266s] [ 21%] [34m[1mGenerating C type support dispatch for ROS interfaces[0m
[1.502s] [35m[1mConsolidate compiler generated dependencies of target rlfw_msgs__rosidl_typesupport_cpp[0m
[1.513s] [ 22%] [32mBuilding CXX object CMakeFiles/rlfw_msgs__rosidl_typesupport_cpp.dir/rosidl_typesupport_cpp/rlfw_msgs/msg/motor__type_support.cpp.o[0m
[1.513s] [ 23%] [32mBuilding CXX object CMakeFiles/rlfw_msgs__rosidl_typesupport_cpp.dir/rosidl_typesupport_cpp/rlfw_msgs/msg/motor_ctrl__type_support.cpp.o[0m
[1.515s] [ 25%] [32mBuilding CXX object CMakeFiles/rlfw_msgs__rosidl_typesupport_cpp.dir/rosidl_typesupport_cpp/rlfw_msgs/msg/serial_msg__type_support.cpp.o[0m
[1.516s] [ 26%] [32mBuilding CXX object CMakeFiles/rlfw_msgs__rosidl_typesupport_cpp.dir/rosidl_typesupport_cpp/rlfw_msgs/msg/can_msg__type_support.cpp.o[0m
[1.516s] [ 28%] [32mBuilding CXX object CMakeFiles/rlfw_msgs__rosidl_typesupport_cpp.dir/rosidl_typesupport_cpp/rlfw_msgs/msg/remote__type_support.cpp.o[0m
[1.517s] [ 29%] [32mBuilding CXX object CMakeFiles/rlfw_msgs__rosidl_typesupport_cpp.dir/rosidl_typesupport_cpp/rlfw_msgs/srv/com_parameter__type_support.cpp.o[0m
[1.591s] [35m[1mConsolidate compiler generated dependencies of target rlfw_msgs__rosidl_typesupport_introspection_cpp[0m
[1.604s] [ 30%] [32mBuilding CXX object CMakeFiles/rlfw_msgs__rosidl_typesupport_introspection_cpp.dir/rosidl_typesupport_introspection_cpp/rlfw_msgs/msg/detail/motor__type_support.cpp.o[0m
[1.606s] [ 32%] [32mBuilding CXX object CMakeFiles/rlfw_msgs__rosidl_typesupport_introspection_cpp.dir/rosidl_typesupport_introspection_cpp/rlfw_msgs/msg/detail/motor_ctrl__type_support.cpp.o[0m
[1.646s] [35m[1mConsolidate compiler generated dependencies of target rlfw_msgs__rosidl_typesupport_c[0m
[1.651s] [35m[1mConsolidate compiler generated dependencies of target rlfw_msgs__rosidl_typesupport_fastrtps_cpp[0m
[1.658s] [ 33%] [32mBuilding CXX object CMakeFiles/rlfw_msgs__rosidl_typesupport_c.dir/rosidl_typesupport_c/rlfw_msgs/msg/motor__type_support.cpp.o[0m
[1.666s] [ 35%] [32mBuilding CXX object CMakeFiles/rlfw_msgs__rosidl_typesupport_fastrtps_cpp.dir/rosidl_typesupport_fastrtps_cpp/rlfw_msgs/msg/detail/dds_fastrtps/motor__type_support.cpp.o[0m
[1.698s] [ 36%] [32mBuilding CXX object CMakeFiles/rlfw_msgs__rosidl_typesupport_c.dir/rosidl_typesupport_c/rlfw_msgs/msg/motor_ctrl__type_support.cpp.o[0m
[1.732s] [ 38%] [32mBuilding CXX object CMakeFiles/rlfw_msgs__rosidl_typesupport_c.dir/rosidl_typesupport_c/rlfw_msgs/msg/can_msg__type_support.cpp.o[0m
[1.768s] [ 39%] [32mBuilding CXX object CMakeFiles/rlfw_msgs__rosidl_typesupport_c.dir/rosidl_typesupport_c/rlfw_msgs/msg/serial_msg__type_support.cpp.o[0m
[1.785s] [35m[1mConsolidate compiler generated dependencies of target rlfw_msgs__rosidl_typesupport_introspection_c[0m
[1.796s] [ 40%] [32mBuilding CXX object CMakeFiles/rlfw_msgs__rosidl_typesupport_c.dir/rosidl_typesupport_c/rlfw_msgs/msg/remote__type_support.cpp.o[0m
[1.797s] [ 42%] [32mBuilding C object CMakeFiles/rlfw_msgs__rosidl_typesupport_introspection_c.dir/rosidl_typesupport_introspection_c/rlfw_msgs/msg/detail/motor__type_support.c.o[0m
[1.801s] [ 43%] [32mBuilding CXX object CMakeFiles/rlfw_msgs__rosidl_typesupport_c.dir/rosidl_typesupport_c/rlfw_msgs/srv/com_parameter__type_support.cpp.o[0m
[1.807s] [ 46%] [32mBuilding CXX object CMakeFiles/rlfw_msgs__rosidl_typesupport_introspection_cpp.dir/rosidl_typesupport_introspection_cpp/rlfw_msgs/msg/detail/can_msg__type_support.cpp.o[0m
[1.807s] [ 46%] [32mBuilding CXX object CMakeFiles/rlfw_msgs__rosidl_typesupport_introspection_cpp.dir/rosidl_typesupport_introspection_cpp/rlfw_msgs/msg/detail/serial_msg__type_support.cpp.o[0m
[1.828s] [ 47%] [32mBuilding CXX object CMakeFiles/rlfw_msgs__rosidl_typesupport_introspection_cpp.dir/rosidl_typesupport_introspection_cpp/rlfw_msgs/msg/detail/remote__type_support.cpp.o[0m
[1.833s] [ 49%] [32m[1mLinking CXX shared library librlfw_msgs__rosidl_typesupport_cpp.so[0m
[1.833s] [ 50%] [32mBuilding CXX object CMakeFiles/rlfw_msgs__rosidl_typesupport_introspection_cpp.dir/rosidl_typesupport_introspection_cpp/rlfw_msgs/srv/detail/com_parameter__type_support.cpp.o[0m
[1.833s] [ 52%] [32mBuilding C object CMakeFiles/rlfw_msgs__rosidl_typesupport_introspection_c.dir/rosidl_typesupport_introspection_c/rlfw_msgs/msg/detail/can_msg__type_support.c.o[0m
[1.833s] [ 53%] [32mBuilding C object CMakeFiles/rlfw_msgs__rosidl_typesupport_introspection_c.dir/rosidl_typesupport_introspection_c/rlfw_msgs/msg/detail/motor_ctrl__type_support.c.o[0m
[1.838s] [35m[1mConsolidate compiler generated dependencies of target rlfw_msgs__rosidl_typesupport_fastrtps_c[0m
[1.840s] [ 54%] [32m[1mLinking CXX shared library librlfw_msgs__rosidl_typesupport_c.so[0m
[1.850s] [ 56%] [32mBuilding CXX object CMakeFiles/rlfw_msgs__rosidl_typesupport_fastrtps_c.dir/rosidl_typesupport_fastrtps_c/rlfw_msgs/msg/detail/motor__type_support_c.cpp.o[0m
[1.870s] [ 57%] [32mBuilding CXX object CMakeFiles/rlfw_msgs__rosidl_typesupport_fastrtps_cpp.dir/rosidl_typesupport_fastrtps_cpp/rlfw_msgs/msg/detail/dds_fastrtps/motor_ctrl__type_support.cpp.o[0m
[1.871s] [ 57%] Built target rlfw_msgs__rosidl_typesupport_cpp
[1.879s] [ 59%] [32mBuilding C object CMakeFiles/rlfw_msgs__rosidl_typesupport_introspection_c.dir/rosidl_typesupport_introspection_c/rlfw_msgs/msg/detail/serial_msg__type_support.c.o[0m
[1.879s] [ 60%] [32mBuilding CXX object CMakeFiles/rlfw_msgs__rosidl_typesupport_fastrtps_c.dir/rosidl_typesupport_fastrtps_c/rlfw_msgs/msg/detail/motor_ctrl__type_support_c.cpp.o[0m
[1.898s] [ 60%] Built target rlfw_msgs__rosidl_typesupport_c
[1.907s] [ 61%] [32mBuilding CXX object CMakeFiles/rlfw_msgs__rosidl_typesupport_fastrtps_c.dir/rosidl_typesupport_fastrtps_c/rlfw_msgs/msg/detail/can_msg__type_support_c.cpp.o[0m
[1.923s] [ 63%] [32mBuilding C object CMakeFiles/rlfw_msgs__rosidl_typesupport_introspection_c.dir/rosidl_typesupport_introspection_c/rlfw_msgs/msg/detail/remote__type_support.c.o[0m
[1.928s] [ 64%] [32mBuilding CXX object CMakeFiles/rlfw_msgs__rosidl_typesupport_fastrtps_cpp.dir/rosidl_typesupport_fastrtps_cpp/rlfw_msgs/msg/detail/dds_fastrtps/can_msg__type_support.cpp.o[0m
[1.949s] [ 66%] [32mBuilding CXX object CMakeFiles/rlfw_msgs__rosidl_typesupport_fastrtps_c.dir/rosidl_typesupport_fastrtps_c/rlfw_msgs/msg/detail/serial_msg__type_support_c.cpp.o[0m
[1.971s] [ 67%] [32mBuilding C object CMakeFiles/rlfw_msgs__rosidl_typesupport_introspection_c.dir/rosidl_typesupport_introspection_c/rlfw_msgs/srv/detail/com_parameter__type_support.c.o[0m
[2.017s] [ 69%] [32m[1mLinking C shared library librlfw_msgs__rosidl_typesupport_introspection_c.so[0m
[2.051s] [ 69%] Built target rlfw_msgs__rosidl_typesupport_introspection_c
[2.061s] [ 70%] [32mBuilding CXX object CMakeFiles/rlfw_msgs__rosidl_typesupport_fastrtps_c.dir/rosidl_typesupport_fastrtps_c/rlfw_msgs/msg/detail/remote__type_support_c.cpp.o[0m
[2.082s] [ 71%] [32mBuilding CXX object CMakeFiles/rlfw_msgs__rosidl_typesupport_fastrtps_c.dir/rosidl_typesupport_fastrtps_c/rlfw_msgs/srv/detail/com_parameter__type_support_c.cpp.o[0m
[2.183s] [ 73%] [32mBuilding CXX object CMakeFiles/rlfw_msgs__rosidl_typesupport_fastrtps_cpp.dir/rosidl_typesupport_fastrtps_cpp/rlfw_msgs/msg/detail/dds_fastrtps/serial_msg__type_support.cpp.o[0m
[2.196s] [ 74%] [32mBuilding CXX object CMakeFiles/rlfw_msgs__rosidl_typesupport_fastrtps_cpp.dir/rosidl_typesupport_fastrtps_cpp/rlfw_msgs/msg/detail/dds_fastrtps/remote__type_support.cpp.o[0m
[2.219s] [ 76%] [32mBuilding CXX object CMakeFiles/rlfw_msgs__rosidl_typesupport_fastrtps_cpp.dir/rosidl_typesupport_fastrtps_cpp/rlfw_msgs/srv/detail/dds_fastrtps/com_parameter__type_support.cpp.o[0m
[2.248s] [ 77%] [32m[1mLinking CXX shared library librlfw_msgs__rosidl_typesupport_introspection_cpp.so[0m
[2.326s] [ 77%] Built target rlfw_msgs__rosidl_typesupport_introspection_cpp
[2.462s] [ 78%] [32m[1mLinking CXX shared library librlfw_msgs__rosidl_typesupport_fastrtps_c.so[0m
[2.510s] [ 78%] Built target rlfw_msgs__rosidl_typesupport_fastrtps_c
[2.622s] [ 80%] [32m[1mLinking CXX shared library librlfw_msgs__rosidl_typesupport_fastrtps_cpp.so[0m
[2.671s] [ 80%] Built target rlfw_msgs__rosidl_typesupport_fastrtps_cpp
[2.684s] [ 80%] Built target rlfw_msgs
[2.697s] [ 81%] [34m[1mGenerating Python code for ROS interfaces[0m
[3.355s] [ 81%] Built target rlfw_msgs__py
[3.361s] [35m[1mConsolidate compiler generated dependencies of target rlfw_msgs__rosidl_generator_py[0m
[3.380s] [ 84%] [32mBuilding C object CMakeFiles/rlfw_msgs__rosidl_generator_py.dir/rosidl_generator_py/rlfw_msgs/msg/_motor_ctrl_s.c.o[0m
[3.380s] [ 84%] [32mBuilding C object CMakeFiles/rlfw_msgs__rosidl_generator_py.dir/rosidl_generator_py/rlfw_msgs/msg/_motor_s.c.o[0m
[3.380s] [ 85%] [32mBuilding C object CMakeFiles/rlfw_msgs__rosidl_generator_py.dir/rosidl_generator_py/rlfw_msgs/msg/_can_msg_s.c.o[0m
[3.381s] [ 87%] [32mBuilding C object CMakeFiles/rlfw_msgs__rosidl_generator_py.dir/rosidl_generator_py/rlfw_msgs/msg/_serial_msg_s.c.o[0m
[3.381s] [ 88%] [32mBuilding C object CMakeFiles/rlfw_msgs__rosidl_generator_py.dir/rosidl_generator_py/rlfw_msgs/msg/_remote_s.c.o[0m
[3.381s] [ 90%] [32mBuilding C object CMakeFiles/rlfw_msgs__rosidl_generator_py.dir/rosidl_generator_py/rlfw_msgs/srv/_com_parameter_s.c.o[0m
[3.473s] [ 91%] [32m[1mLinking C shared library rosidl_generator_py/rlfw_msgs/librlfw_msgs__rosidl_generator_py.so[0m
[3.499s] [ 91%] Built target rlfw_msgs__rosidl_generator_py
[3.506s] [35m[1mConsolidate compiler generated dependencies of target rlfw_msgs__rosidl_typesupport_introspection_c__pyext[0m
[3.506s] [35m[1mConsolidate compiler generated dependencies of target rlfw_msgs__rosidl_typesupport_c__pyext[0m
[3.506s] [35m[1mConsolidate compiler generated dependencies of target rlfw_msgs__rosidl_typesupport_fastrtps_c__pyext[0m
[3.514s] [ 95%] [32mBuilding C object CMakeFiles/rlfw_msgs__rosidl_typesupport_fastrtps_c__pyext.dir/rosidl_generator_py/rlfw_msgs/_rlfw_msgs_s.ep.rosidl_typesupport_fastrtps_c.c.o[0m
[3.514s] [ 95%] [32mBuilding C object CMakeFiles/rlfw_msgs__rosidl_typesupport_introspection_c__pyext.dir/rosidl_generator_py/rlfw_msgs/_rlfw_msgs_s.ep.rosidl_typesupport_introspection_c.c.o[0m
[3.514s] [ 95%] [32mBuilding C object CMakeFiles/rlfw_msgs__rosidl_typesupport_c__pyext.dir/rosidl_generator_py/rlfw_msgs/_rlfw_msgs_s.ep.rosidl_typesupport_c.c.o[0m
[3.590s] [100%] [32m[1mLinking C shared library rosidl_generator_py/rlfw_msgs/rlfw_msgs_s__rosidl_typesupport_fastrtps_c.cpython-310-x86_64-linux-gnu.so[0m
[3.590s] [100%] [32m[1mLinking C shared library rosidl_generator_py/rlfw_msgs/rlfw_msgs_s__rosidl_typesupport_c.cpython-310-x86_64-linux-gnu.so[0m
[3.590s] [100%] [32m[1mLinking C shared library rosidl_generator_py/rlfw_msgs/rlfw_msgs_s__rosidl_typesupport_introspection_c.cpython-310-x86_64-linux-gnu.so[0m
[3.614s] [100%] Built target rlfw_msgs__rosidl_typesupport_fastrtps_c__pyext
[3.614s] [100%] Built target rlfw_msgs__rosidl_typesupport_c__pyext
[3.614s] [100%] Built target rlfw_msgs__rosidl_typesupport_introspection_c__pyext
[3.621s] Invoked command in '/home/albusgive2/rlfw/rlfw_interface/build/rlfw_msgs' returned '0': CMAKE_PREFIX_PATH=${CMAKE_PREFIX_PATH}:/opt/ros/humble /usr/bin/cmake --build /home/albusgive2/rlfw/rlfw_interface/build/rlfw_msgs -- -j12 -l12
[3.627s] Invoking command in '/home/albusgive2/rlfw/rlfw_interface/build/rlfw_msgs': CMAKE_PREFIX_PATH=${CMAKE_PREFIX_PATH}:/opt/ros/humble /usr/bin/cmake --install /home/albusgive2/rlfw/rlfw_interface/build/rlfw_msgs
[3.632s] -- Install configuration: ""
[3.632s] -- Installing: /home/albusgive2/rlfw/rlfw_interface/install/rlfw_msgs/share/ament_index/resource_index/rosidl_interfaces/rlfw_msgs
[3.632s] -- Up-to-date: /home/albusgive2/rlfw/rlfw_interface/install/rlfw_msgs/include/rlfw_msgs/rlfw_msgs
[3.632s] -- Up-to-date: /home/albusgive2/rlfw/rlfw_interface/install/rlfw_msgs/include/rlfw_msgs/rlfw_msgs/srv
[3.632s] -- Up-to-date: /home/albusgive2/rlfw/rlfw_interface/install/rlfw_msgs/include/rlfw_msgs/rlfw_msgs/srv/rl_srv.h
[3.632s] -- Up-to-date: /home/albusgive2/rlfw/rlfw_interface/install/rlfw_msgs/include/rlfw_msgs/rlfw_msgs/srv/detail
[3.632s] -- Installing: /home/albusgive2/rlfw/rlfw_interface/install/rlfw_msgs/include/rlfw_msgs/rlfw_msgs/srv/detail/com_parameter__type_support.h
[3.632s] -- Installing: /home/albusgive2/rlfw/rlfw_interface/install/rlfw_msgs/include/rlfw_msgs/rlfw_msgs/srv/detail/com_parameter__functions.h
[3.633s] -- Up-to-date: /home/albusgive2/rlfw/rlfw_interface/install/rlfw_msgs/include/rlfw_msgs/rlfw_msgs/srv/detail/rl_srv__struct.h
[3.633s] -- Installing: /home/albusgive2/rlfw/rlfw_interface/install/rlfw_msgs/include/rlfw_msgs/rlfw_msgs/srv/detail/com_parameter__struct.h
[3.633s] -- Up-to-date: /home/albusgive2/rlfw/rlfw_interface/install/rlfw_msgs/include/rlfw_msgs/rlfw_msgs/srv/detail/rl_srv__type_support.h
[3.633s] -- Up-to-date: /home/albusgive2/rlfw/rlfw_interface/install/rlfw_msgs/include/rlfw_msgs/rlfw_msgs/srv/detail/rl_srv__functions.c
[3.633s] -- Installing: /home/albusgive2/rlfw/rlfw_interface/install/rlfw_msgs/include/rlfw_msgs/rlfw_msgs/srv/detail/com_parameter__functions.c
[3.633s] -- Up-to-date: /home/albusgive2/rlfw/rlfw_interface/install/rlfw_msgs/include/rlfw_msgs/rlfw_msgs/srv/detail/rl_srv__functions.h
[3.633s] -- Installing: /home/albusgive2/rlfw/rlfw_interface/install/rlfw_msgs/include/rlfw_msgs/rlfw_msgs/srv/com_parameter.h
[3.633s] -- Up-to-date: /home/albusgive2/rlfw/rlfw_interface/install/rlfw_msgs/include/rlfw_msgs/rlfw_msgs/msg
[3.633s] -- Up-to-date: /home/albusgive2/rlfw/rlfw_interface/install/rlfw_msgs/include/rlfw_msgs/rlfw_msgs/msg/rosidl_generator_c__visibility_control.h
[3.633s] -- Installing: /home/albusgive2/rlfw/rlfw_interface/install/rlfw_msgs/include/rlfw_msgs/rlfw_msgs/msg/remote.h
[3.633s] -- Installing: /home/albusgive2/rlfw/rlfw_interface/install/rlfw_msgs/include/rlfw_msgs/rlfw_msgs/msg/motor.h
[3.633s] -- Installing: /home/albusgive2/rlfw/rlfw_interface/install/rlfw_msgs/include/rlfw_msgs/rlfw_msgs/msg/can_msg.h
[3.633s] -- Installing: /home/albusgive2/rlfw/rlfw_interface/install/rlfw_msgs/include/rlfw_msgs/rlfw_msgs/msg/motor_ctrl.h
[3.633s] -- Installing: /home/albusgive2/rlfw/rlfw_interface/install/rlfw_msgs/include/rlfw_msgs/rlfw_msgs/msg/serial_msg.h
[3.633s] -- Up-to-date: /home/albusgive2/rlfw/rlfw_interface/install/rlfw_msgs/include/rlfw_msgs/rlfw_msgs/msg/detail
[3.633s] -- Installing: /home/albusgive2/rlfw/rlfw_interface/install/rlfw_msgs/include/rlfw_msgs/rlfw_msgs/msg/detail/can_msg__type_support.h
[3.633s] -- Installing: /home/albusgive2/rlfw/rlfw_interface/install/rlfw_msgs/include/rlfw_msgs/rlfw_msgs/msg/detail/remote__struct.h
[3.633s] -- Installing: /home/albusgive2/rlfw/rlfw_interface/install/rlfw_msgs/include/rlfw_msgs/rlfw_msgs/msg/detail/serial_msg__type_support.h
[3.633s] -- Installing: /home/albusgive2/rlfw/rlfw_interface/install/rlfw_msgs/include/rlfw_msgs/rlfw_msgs/msg/detail/motor_ctrl__struct.h
[3.633s] -- Installing: /home/albusgive2/rlfw/rlfw_interface/install/rlfw_msgs/include/rlfw_msgs/rlfw_msgs/msg/detail/motor_ctrl__type_support.h
[3.633s] -- Installing: /home/albusgive2/rlfw/rlfw_interface/install/rlfw_msgs/include/rlfw_msgs/rlfw_msgs/msg/detail/motor__functions.c
[3.633s] -- Installing: /home/albusgive2/rlfw/rlfw_interface/install/rlfw_msgs/include/rlfw_msgs/rlfw_msgs/msg/detail/motor__functions.h
[3.633s] -- Installing: /home/albusgive2/rlfw/rlfw_interface/install/rlfw_msgs/include/rlfw_msgs/rlfw_msgs/msg/detail/remote__functions.h
[3.633s] -- Installing: /home/albusgive2/rlfw/rlfw_interface/install/rlfw_msgs/include/rlfw_msgs/rlfw_msgs/msg/detail/serial_msg__functions.c
[3.634s] -- Installing: /home/albusgive2/rlfw/rlfw_interface/install/rlfw_msgs/include/rlfw_msgs/rlfw_msgs/msg/detail/motor__type_support.h
[3.634s] -- Installing: /home/albusgive2/rlfw/rlfw_interface/install/rlfw_msgs/include/rlfw_msgs/rlfw_msgs/msg/detail/motor__struct.h
[3.634s] -- Installing: /home/albusgive2/rlfw/rlfw_interface/install/rlfw_msgs/include/rlfw_msgs/rlfw_msgs/msg/detail/can_msg__functions.c
[3.634s] -- Installing: /home/albusgive2/rlfw/rlfw_interface/install/rlfw_msgs/include/rlfw_msgs/rlfw_msgs/msg/detail/motor_ctrl__functions.c
[3.634s] -- Installing: /home/albusgive2/rlfw/rlfw_interface/install/rlfw_msgs/include/rlfw_msgs/rlfw_msgs/msg/detail/remote__type_support.h
[3.634s] -- Installing: /home/albusgive2/rlfw/rlfw_interface/install/rlfw_msgs/include/rlfw_msgs/rlfw_msgs/msg/detail/can_msg__functions.h
[3.634s] -- Installing: /home/albusgive2/rlfw/rlfw_interface/install/rlfw_msgs/include/rlfw_msgs/rlfw_msgs/msg/detail/motor_ctrl__functions.h
[3.634s] -- Installing: /home/albusgive2/rlfw/rlfw_interface/install/rlfw_msgs/include/rlfw_msgs/rlfw_msgs/msg/detail/can_msg__struct.h
[3.634s] -- Installing: /home/albusgive2/rlfw/rlfw_interface/install/rlfw_msgs/include/rlfw_msgs/rlfw_msgs/msg/detail/serial_msg__struct.h
[3.634s] -- Installing: /home/albusgive2/rlfw/rlfw_interface/install/rlfw_msgs/include/rlfw_msgs/rlfw_msgs/msg/detail/remote__functions.c
[3.634s] -- Installing: /home/albusgive2/rlfw/rlfw_interface/install/rlfw_msgs/include/rlfw_msgs/rlfw_msgs/msg/detail/serial_msg__functions.h
[3.634s] -- Up-to-date: /home/albusgive2/rlfw/rlfw_interface/install/rlfw_msgs/share/rlfw_msgs/environment/library_path.sh
[3.634s] -- Installing: /home/albusgive2/rlfw/rlfw_interface/install/rlfw_msgs/share/rlfw_msgs/environment/library_path.dsv
[3.634s] -- Installing: /home/albusgive2/rlfw/rlfw_interface/install/rlfw_msgs/lib/librlfw_msgs__rosidl_generator_c.so
[3.634s] -- Set runtime path of "/home/albusgive2/rlfw/rlfw_interface/install/rlfw_msgs/lib/librlfw_msgs__rosidl_generator_c.so" to ""
[3.635s] -- Up-to-date: /home/albusgive2/rlfw/rlfw_interface/install/rlfw_msgs/include/rlfw_msgs/rlfw_msgs
[3.635s] -- Up-to-date: /home/albusgive2/rlfw/rlfw_interface/install/rlfw_msgs/include/rlfw_msgs/rlfw_msgs/srv
[3.635s] -- Up-to-date: /home/albusgive2/rlfw/rlfw_interface/install/rlfw_msgs/include/rlfw_msgs/rlfw_msgs/srv/detail
[3.635s] -- Up-to-date: /home/albusgive2/rlfw/rlfw_interface/install/rlfw_msgs/include/rlfw_msgs/rlfw_msgs/srv/detail/rl_srv__rosidl_typesupport_fastrtps_c.h
[3.635s] -- Installing: /home/albusgive2/rlfw/rlfw_interface/install/rlfw_msgs/include/rlfw_msgs/rlfw_msgs/srv/detail/com_parameter__rosidl_typesupport_fastrtps_c.h
[3.635s] -- Up-to-date: /home/albusgive2/rlfw/rlfw_interface/install/rlfw_msgs/include/rlfw_msgs/rlfw_msgs/msg
[3.635s] -- Up-to-date: /home/albusgive2/rlfw/rlfw_interface/install/rlfw_msgs/include/rlfw_msgs/rlfw_msgs/msg/rosidl_typesupport_fastrtps_c__visibility_control.h
[3.635s] -- Up-to-date: /home/albusgive2/rlfw/rlfw_interface/install/rlfw_msgs/include/rlfw_msgs/rlfw_msgs/msg/detail
[3.635s] -- Installing: /home/albusgive2/rlfw/rlfw_interface/install/rlfw_msgs/include/rlfw_msgs/rlfw_msgs/msg/detail/remote__rosidl_typesupport_fastrtps_c.h
[3.635s] -- Installing: /home/albusgive2/rlfw/rlfw_interface/install/rlfw_msgs/include/rlfw_msgs/rlfw_msgs/msg/detail/motor_ctrl__rosidl_typesupport_fastrtps_c.h
[3.635s] -- Installing: /home/albusgive2/rlfw/rlfw_interface/install/rlfw_msgs/include/rlfw_msgs/rlfw_msgs/msg/detail/motor__rosidl_typesupport_fastrtps_c.h
[3.635s] -- Installing: /home/albusgive2/rlfw/rlfw_interface/install/rlfw_msgs/include/rlfw_msgs/rlfw_msgs/msg/detail/can_msg__rosidl_typesupport_fastrtps_c.h
[3.635s] -- Installing: /home/albusgive2/rlfw/rlfw_interface/install/rlfw_msgs/include/rlfw_msgs/rlfw_msgs/msg/detail/serial_msg__rosidl_typesupport_fastrtps_c.h
[3.635s] -- Installing: /home/albusgive2/rlfw/rlfw_interface/install/rlfw_msgs/lib/librlfw_msgs__rosidl_typesupport_fastrtps_c.so
[3.635s] -- Set runtime path of "/home/albusgive2/rlfw/rlfw_interface/install/rlfw_msgs/lib/librlfw_msgs__rosidl_typesupport_fastrtps_c.so" to ""
[3.635s] -- Up-to-date: /home/albusgive2/rlfw/rlfw_interface/install/rlfw_msgs/include/rlfw_msgs/rlfw_msgs
[3.635s] -- Up-to-date: /home/albusgive2/rlfw/rlfw_interface/install/rlfw_msgs/include/rlfw_msgs/rlfw_msgs/srv
[3.635s] -- Installing: /home/albusgive2/rlfw/rlfw_interface/install/rlfw_msgs/include/rlfw_msgs/rlfw_msgs/srv/com_parameter.hpp
[3.635s] -- Up-to-date: /home/albusgive2/rlfw/rlfw_interface/install/rlfw_msgs/include/rlfw_msgs/rlfw_msgs/srv/detail
[3.635s] -- Installing: /home/albusgive2/rlfw/rlfw_interface/install/rlfw_msgs/include/rlfw_msgs/rlfw_msgs/srv/detail/com_parameter__traits.hpp
[3.636s] -- Up-to-date: /home/albusgive2/rlfw/rlfw_interface/install/rlfw_msgs/include/rlfw_msgs/rlfw_msgs/srv/detail/rl_srv__traits.hpp
[3.636s] -- Installing: /home/albusgive2/rlfw/rlfw_interface/install/rlfw_msgs/include/rlfw_msgs/rlfw_msgs/srv/detail/com_parameter__type_support.hpp
[3.636s] -- Up-to-date: /home/albusgive2/rlfw/rlfw_interface/install/rlfw_msgs/include/rlfw_msgs/rlfw_msgs/srv/detail/rl_srv__type_support.hpp
[3.636s] -- Up-to-date: /home/albusgive2/rlfw/rlfw_interface/install/rlfw_msgs/include/rlfw_msgs/rlfw_msgs/srv/detail/rl_srv__struct.hpp
[3.636s] -- Installing: /home/albusgive2/rlfw/rlfw_interface/install/rlfw_msgs/include/rlfw_msgs/rlfw_msgs/srv/detail/com_parameter__builder.hpp
[3.636s] -- Installing: /home/albusgive2/rlfw/rlfw_interface/install/rlfw_msgs/include/rlfw_msgs/rlfw_msgs/srv/detail/com_parameter__struct.hpp
[3.636s] -- Up-to-date: /home/albusgive2/rlfw/rlfw_interface/install/rlfw_msgs/include/rlfw_msgs/rlfw_msgs/srv/detail/rl_srv__builder.hpp
[3.636s] -- Up-to-date: /home/albusgive2/rlfw/rlfw_interface/install/rlfw_msgs/include/rlfw_msgs/rlfw_msgs/srv/rl_srv.hpp
[3.636s] -- Up-to-date: /home/albusgive2/rlfw/rlfw_interface/install/rlfw_msgs/include/rlfw_msgs/rlfw_msgs/msg
[3.636s] -- Installing: /home/albusgive2/rlfw/rlfw_interface/install/rlfw_msgs/include/rlfw_msgs/rlfw_msgs/msg/motor.hpp
[3.636s] -- Installing: /home/albusgive2/rlfw/rlfw_interface/install/rlfw_msgs/include/rlfw_msgs/rlfw_msgs/msg/motor_ctrl.hpp
[3.636s] -- Installing: /home/albusgive2/rlfw/rlfw_interface/install/rlfw_msgs/include/rlfw_msgs/rlfw_msgs/msg/remote.hpp
[3.636s] -- Installing: /home/albusgive2/rlfw/rlfw_interface/install/rlfw_msgs/include/rlfw_msgs/rlfw_msgs/msg/can_msg.hpp
[3.636s] -- Up-to-date: /home/albusgive2/rlfw/rlfw_interface/install/rlfw_msgs/include/rlfw_msgs/rlfw_msgs/msg/detail
[3.636s] -- Installing: /home/albusgive2/rlfw/rlfw_interface/install/rlfw_msgs/include/rlfw_msgs/rlfw_msgs/msg/detail/serial_msg__type_support.hpp
[3.636s] -- Installing: /home/albusgive2/rlfw/rlfw_interface/install/rlfw_msgs/include/rlfw_msgs/rlfw_msgs/msg/detail/motor_ctrl__type_support.hpp
[3.636s] -- Installing: /home/albusgive2/rlfw/rlfw_interface/install/rlfw_msgs/include/rlfw_msgs/rlfw_msgs/msg/detail/remote__builder.hpp
[3.636s] -- Installing: /home/albusgive2/rlfw/rlfw_interface/install/rlfw_msgs/include/rlfw_msgs/rlfw_msgs/msg/detail/remote__struct.hpp
[3.636s] -- Installing: /home/albusgive2/rlfw/rlfw_interface/install/rlfw_msgs/include/rlfw_msgs/rlfw_msgs/msg/detail/remote__type_support.hpp
[3.636s] -- Installing: /home/albusgive2/rlfw/rlfw_interface/install/rlfw_msgs/include/rlfw_msgs/rlfw_msgs/msg/detail/motor_ctrl__traits.hpp
[3.636s] -- Installing: /home/albusgive2/rlfw/rlfw_interface/install/rlfw_msgs/include/rlfw_msgs/rlfw_msgs/msg/detail/motor__traits.hpp
[3.636s] -- Installing: /home/albusgive2/rlfw/rlfw_interface/install/rlfw_msgs/include/rlfw_msgs/rlfw_msgs/msg/detail/motor_ctrl__struct.hpp
[3.636s] -- Installing: /home/albusgive2/rlfw/rlfw_interface/install/rlfw_msgs/include/rlfw_msgs/rlfw_msgs/msg/detail/motor__struct.hpp
[3.636s] -- Installing: /home/albusgive2/rlfw/rlfw_interface/install/rlfw_msgs/include/rlfw_msgs/rlfw_msgs/msg/detail/motor_ctrl__builder.hpp
[3.637s] -- Installing: /home/albusgive2/rlfw/rlfw_interface/install/rlfw_msgs/include/rlfw_msgs/rlfw_msgs/msg/detail/motor__type_support.hpp
[3.637s] -- Installing: /home/albusgive2/rlfw/rlfw_interface/install/rlfw_msgs/include/rlfw_msgs/rlfw_msgs/msg/detail/can_msg__traits.hpp
[3.637s] -- Installing: /home/albusgive2/rlfw/rlfw_interface/install/rlfw_msgs/include/rlfw_msgs/rlfw_msgs/msg/detail/motor__builder.hpp
[3.637s] -- Installing: /home/albusgive2/rlfw/rlfw_interface/install/rlfw_msgs/include/rlfw_msgs/rlfw_msgs/msg/detail/can_msg__builder.hpp
[3.637s] -- Installing: /home/albusgive2/rlfw/rlfw_interface/install/rlfw_msgs/include/rlfw_msgs/rlfw_msgs/msg/detail/can_msg__struct.hpp
[3.637s] -- Installing: /home/albusgive2/rlfw/rlfw_interface/install/rlfw_msgs/include/rlfw_msgs/rlfw_msgs/msg/detail/remote__traits.hpp
[3.637s] -- Installing: /home/albusgive2/rlfw/rlfw_interface/install/rlfw_msgs/include/rlfw_msgs/rlfw_msgs/msg/detail/serial_msg__traits.hpp
[3.637s] -- Installing: /home/albusgive2/rlfw/rlfw_interface/install/rlfw_msgs/include/rlfw_msgs/rlfw_msgs/msg/detail/serial_msg__builder.hpp
[3.637s] -- Installing: /home/albusgive2/rlfw/rlfw_interface/install/rlfw_msgs/include/rlfw_msgs/rlfw_msgs/msg/detail/serial_msg__struct.hpp
[3.637s] -- Installing: /home/albusgive2/rlfw/rlfw_interface/install/rlfw_msgs/include/rlfw_msgs/rlfw_msgs/msg/detail/can_msg__type_support.hpp
[3.637s] -- Installing: /home/albusgive2/rlfw/rlfw_interface/install/rlfw_msgs/include/rlfw_msgs/rlfw_msgs/msg/serial_msg.hpp
[3.637s] -- Up-to-date: /home/albusgive2/rlfw/rlfw_interface/install/rlfw_msgs/include/rlfw_msgs/rlfw_msgs/msg/rosidl_generator_cpp__visibility_control.hpp
[3.637s] -- Up-to-date: /home/albusgive2/rlfw/rlfw_interface/install/rlfw_msgs/include/rlfw_msgs/rlfw_msgs
[3.637s] -- Up-to-date: /home/albusgive2/rlfw/rlfw_interface/install/rlfw_msgs/include/rlfw_msgs/rlfw_msgs/srv
[3.637s] -- Up-to-date: /home/albusgive2/rlfw/rlfw_interface/install/rlfw_msgs/include/rlfw_msgs/rlfw_msgs/srv/detail
[3.637s] -- Up-to-date: /home/albusgive2/rlfw/rlfw_interface/install/rlfw_msgs/include/rlfw_msgs/rlfw_msgs/srv/detail/dds_fastrtps
[3.637s] -- Up-to-date: /home/albusgive2/rlfw/rlfw_interface/install/rlfw_msgs/include/rlfw_msgs/rlfw_msgs/srv/detail/rl_srv__rosidl_typesupport_fastrtps_cpp.hpp
[3.637s] -- Installing: /home/albusgive2/rlfw/rlfw_interface/install/rlfw_msgs/include/rlfw_msgs/rlfw_msgs/srv/detail/com_parameter__rosidl_typesupport_fastrtps_cpp.hpp
[3.637s] -- Up-to-date: /home/albusgive2/rlfw/rlfw_interface/install/rlfw_msgs/include/rlfw_msgs/rlfw_msgs/msg
[3.637s] -- Up-to-date: /home/albusgive2/rlfw/rlfw_interface/install/rlfw_msgs/include/rlfw_msgs/rlfw_msgs/msg/rosidl_typesupport_fastrtps_cpp__visibility_control.h
[3.637s] -- Up-to-date: /home/albusgive2/rlfw/rlfw_interface/install/rlfw_msgs/include/rlfw_msgs/rlfw_msgs/msg/detail
[3.637s] -- Up-to-date: /home/albusgive2/rlfw/rlfw_interface/install/rlfw_msgs/include/rlfw_msgs/rlfw_msgs/msg/detail/dds_fastrtps
[3.637s] -- Installing: /home/albusgive2/rlfw/rlfw_interface/install/rlfw_msgs/include/rlfw_msgs/rlfw_msgs/msg/detail/can_msg__rosidl_typesupport_fastrtps_cpp.hpp
[3.638s] -- Installing: /home/albusgive2/rlfw/rlfw_interface/install/rlfw_msgs/include/rlfw_msgs/rlfw_msgs/msg/detail/motor__rosidl_typesupport_fastrtps_cpp.hpp
[3.638s] -- Installing: /home/albusgive2/rlfw/rlfw_interface/install/rlfw_msgs/include/rlfw_msgs/rlfw_msgs/msg/detail/remote__rosidl_typesupport_fastrtps_cpp.hpp
[3.638s] -- Installing: /home/albusgive2/rlfw/rlfw_interface/install/rlfw_msgs/include/rlfw_msgs/rlfw_msgs/msg/detail/serial_msg__rosidl_typesupport_fastrtps_cpp.hpp
[3.638s] -- Installing: /home/albusgive2/rlfw/rlfw_interface/install/rlfw_msgs/include/rlfw_msgs/rlfw_msgs/msg/detail/motor_ctrl__rosidl_typesupport_fastrtps_cpp.hpp
[3.638s] -- Installing: /home/albusgive2/rlfw/rlfw_interface/install/rlfw_msgs/lib/librlfw_msgs__rosidl_typesupport_fastrtps_cpp.so
[3.638s] -- Set runtime path of "/home/albusgive2/rlfw/rlfw_interface/install/rlfw_msgs/lib/librlfw_msgs__rosidl_typesupport_fastrtps_cpp.so" to ""
[3.638s] -- Up-to-date: /home/albusgive2/rlfw/rlfw_interface/install/rlfw_msgs/include/rlfw_msgs/rlfw_msgs
[3.638s] -- Up-to-date: /home/albusgive2/rlfw/rlfw_interface/install/rlfw_msgs/include/rlfw_msgs/rlfw_msgs/srv
[3.638s] -- Up-to-date: /home/albusgive2/rlfw/rlfw_interface/install/rlfw_msgs/include/rlfw_msgs/rlfw_msgs/srv/detail
[3.638s] -- Installing: /home/albusgive2/rlfw/rlfw_interface/install/rlfw_msgs/include/rlfw_msgs/rlfw_msgs/srv/detail/com_parameter__type_support.c
[3.638s] -- Up-to-date: /home/albusgive2/rlfw/rlfw_interface/install/rlfw_msgs/include/rlfw_msgs/rlfw_msgs/srv/detail/rl_srv__type_support.c
[3.638s] -- Installing: /home/albusgive2/rlfw/rlfw_interface/install/rlfw_msgs/include/rlfw_msgs/rlfw_msgs/srv/detail/com_parameter__rosidl_typesupport_introspection_c.h
[3.638s] -- Up-to-date: /home/albusgive2/rlfw/rlfw_interface/install/rlfw_msgs/include/rlfw_msgs/rlfw_msgs/srv/detail/rl_srv__rosidl_typesupport_introspection_c.h
[3.638s] -- Up-to-date: /home/albusgive2/rlfw/rlfw_interface/install/rlfw_msgs/include/rlfw_msgs/rlfw_msgs/msg
[3.638s] -- Up-to-date: /home/albusgive2/rlfw/rlfw_interface/install/rlfw_msgs/include/rlfw_msgs/rlfw_msgs/msg/rosidl_typesupport_introspection_c__visibility_control.h
[3.638s] -- Up-to-date: /home/albusgive2/rlfw/rlfw_interface/install/rlfw_msgs/include/rlfw_msgs/rlfw_msgs/msg/detail
[3.638s] -- Installing: /home/albusgive2/rlfw/rlfw_interface/install/rlfw_msgs/include/rlfw_msgs/rlfw_msgs/msg/detail/motor__rosidl_typesupport_introspection_c.h
[3.638s] -- Installing: /home/albusgive2/rlfw/rlfw_interface/install/rlfw_msgs/include/rlfw_msgs/rlfw_msgs/msg/detail/can_msg__rosidl_typesupport_introspection_c.h
[3.638s] -- Installing: /home/albusgive2/rlfw/rlfw_interface/install/rlfw_msgs/include/rlfw_msgs/rlfw_msgs/msg/detail/motor__type_support.c
[3.639s] -- Installing: /home/albusgive2/rlfw/rlfw_interface/install/rlfw_msgs/include/rlfw_msgs/rlfw_msgs/msg/detail/remote__type_support.c
[3.639s] -- Installing: /home/albusgive2/rlfw/rlfw_interface/install/rlfw_msgs/include/rlfw_msgs/rlfw_msgs/msg/detail/can_msg__type_support.c
[3.639s] -- Installing: /home/albusgive2/rlfw/rlfw_interface/install/rlfw_msgs/include/rlfw_msgs/rlfw_msgs/msg/detail/serial_msg__rosidl_typesupport_introspection_c.h
[3.639s] -- Installing: /home/albusgive2/rlfw/rlfw_interface/install/rlfw_msgs/include/rlfw_msgs/rlfw_msgs/msg/detail/motor_ctrl__type_support.c
[3.639s] -- Installing: /home/albusgive2/rlfw/rlfw_interface/install/rlfw_msgs/include/rlfw_msgs/rlfw_msgs/msg/detail/remote__rosidl_typesupport_introspection_c.h
[3.639s] -- Installing: /home/albusgive2/rlfw/rlfw_interface/install/rlfw_msgs/include/rlfw_msgs/rlfw_msgs/msg/detail/serial_msg__type_support.c
[3.639s] -- Installing: /home/albusgive2/rlfw/rlfw_interface/install/rlfw_msgs/include/rlfw_msgs/rlfw_msgs/msg/detail/motor_ctrl__rosidl_typesupport_introspection_c.h
[3.639s] -- Installing: /home/albusgive2/rlfw/rlfw_interface/install/rlfw_msgs/lib/librlfw_msgs__rosidl_typesupport_introspection_c.so
[3.639s] -- Set runtime path of "/home/albusgive2/rlfw/rlfw_interface/install/rlfw_msgs/lib/librlfw_msgs__rosidl_typesupport_introspection_c.so" to ""
[3.639s] -- Installing: /home/albusgive2/rlfw/rlfw_interface/install/rlfw_msgs/lib/librlfw_msgs__rosidl_typesupport_c.so
[3.639s] -- Set runtime path of "/home/albusgive2/rlfw/rlfw_interface/install/rlfw_msgs/lib/librlfw_msgs__rosidl_typesupport_c.so" to ""
[3.639s] -- Up-to-date: /home/albusgive2/rlfw/rlfw_interface/install/rlfw_msgs/include/rlfw_msgs/rlfw_msgs
[3.639s] -- Up-to-date: /home/albusgive2/rlfw/rlfw_interface/install/rlfw_msgs/include/rlfw_msgs/rlfw_msgs/srv
[3.639s] -- Up-to-date: /home/albusgive2/rlfw/rlfw_interface/install/rlfw_msgs/include/rlfw_msgs/rlfw_msgs/srv/detail
[3.640s] -- Installing: /home/albusgive2/rlfw/rlfw_interface/install/rlfw_msgs/include/rlfw_msgs/rlfw_msgs/srv/detail/com_parameter__type_support.cpp
[3.640s] -- Installing: /home/albusgive2/rlfw/rlfw_interface/install/rlfw_msgs/include/rlfw_msgs/rlfw_msgs/srv/detail/com_parameter__rosidl_typesupport_introspection_cpp.hpp
[3.640s] -- Up-to-date: /home/albusgive2/rlfw/rlfw_interface/install/rlfw_msgs/include/rlfw_msgs/rlfw_msgs/srv/detail/rl_srv__rosidl_typesupport_introspection_cpp.hpp
[3.640s] -- Up-to-date: /home/albusgive2/rlfw/rlfw_interface/install/rlfw_msgs/include/rlfw_msgs/rlfw_msgs/srv/detail/rl_srv__type_support.cpp
[3.640s] -- Up-to-date: /home/albusgive2/rlfw/rlfw_interface/install/rlfw_msgs/include/rlfw_msgs/rlfw_msgs/msg
[3.640s] -- Up-to-date: /home/albusgive2/rlfw/rlfw_interface/install/rlfw_msgs/include/rlfw_msgs/rlfw_msgs/msg/detail
[3.640s] -- Installing: /home/albusgive2/rlfw/rlfw_interface/install/rlfw_msgs/include/rlfw_msgs/rlfw_msgs/msg/detail/serial_msg__type_support.cpp
[3.640s] -- Installing: /home/albusgive2/rlfw/rlfw_interface/install/rlfw_msgs/include/rlfw_msgs/rlfw_msgs/msg/detail/motor_ctrl__type_support.cpp
[3.640s] -- Installing: /home/albusgive2/rlfw/rlfw_interface/install/rlfw_msgs/include/rlfw_msgs/rlfw_msgs/msg/detail/motor__type_support.cpp
[3.640s] -- Installing: /home/albusgive2/rlfw/rlfw_interface/install/rlfw_msgs/include/rlfw_msgs/rlfw_msgs/msg/detail/can_msg__type_support.cpp
[3.640s] -- Installing: /home/albusgive2/rlfw/rlfw_interface/install/rlfw_msgs/include/rlfw_msgs/rlfw_msgs/msg/detail/serial_msg__rosidl_typesupport_introspection_cpp.hpp
[3.640s] -- Installing: /home/albusgive2/rlfw/rlfw_interface/install/rlfw_msgs/include/rlfw_msgs/rlfw_msgs/msg/detail/remote__type_support.cpp
[3.640s] -- Installing: /home/albusgive2/rlfw/rlfw_interface/install/rlfw_msgs/include/rlfw_msgs/rlfw_msgs/msg/detail/motor__rosidl_typesupport_introspection_cpp.hpp
[3.640s] -- Installing: /home/albusgive2/rlfw/rlfw_interface/install/rlfw_msgs/include/rlfw_msgs/rlfw_msgs/msg/detail/motor_ctrl__rosidl_typesupport_introspection_cpp.hpp
[3.640s] -- Installing: /home/albusgive2/rlfw/rlfw_interface/install/rlfw_msgs/include/rlfw_msgs/rlfw_msgs/msg/detail/remote__rosidl_typesupport_introspection_cpp.hpp
[3.640s] -- Installing: /home/albusgive2/rlfw/rlfw_interface/install/rlfw_msgs/include/rlfw_msgs/rlfw_msgs/msg/detail/can_msg__rosidl_typesupport_introspection_cpp.hpp
[3.640s] -- Installing: /home/albusgive2/rlfw/rlfw_interface/install/rlfw_msgs/lib/librlfw_msgs__rosidl_typesupport_introspection_cpp.so
[3.640s] -- Set runtime path of "/home/albusgive2/rlfw/rlfw_interface/install/rlfw_msgs/lib/librlfw_msgs__rosidl_typesupport_introspection_cpp.so" to ""
[3.641s] -- Installing: /home/albusgive2/rlfw/rlfw_interface/install/rlfw_msgs/lib/librlfw_msgs__rosidl_typesupport_cpp.so
[3.641s] -- Set runtime path of "/home/albusgive2/rlfw/rlfw_interface/install/rlfw_msgs/lib/librlfw_msgs__rosidl_typesupport_cpp.so" to ""
[3.641s] -- Up-to-date: /home/albusgive2/rlfw/rlfw_interface/install/rlfw_msgs/share/rlfw_msgs/environment/pythonpath.sh
[3.641s] -- Installing: /home/albusgive2/rlfw/rlfw_interface/install/rlfw_msgs/share/rlfw_msgs/environment/pythonpath.dsv
[3.641s] -- Up-to-date: /home/albusgive2/rlfw/rlfw_interface/install/rlfw_msgs/local/lib/python3.10/dist-packages/rlfw_msgs-0.0.0-py3.10.egg-info
[3.641s] -- Installing: /home/albusgive2/rlfw/rlfw_interface/install/rlfw_msgs/local/lib/python3.10/dist-packages/rlfw_msgs-0.0.0-py3.10.egg-info/PKG-INFO
[3.641s] -- Installing: /home/albusgive2/rlfw/rlfw_interface/install/rlfw_msgs/local/lib/python3.10/dist-packages/rlfw_msgs-0.0.0-py3.10.egg-info/SOURCES.txt
[3.641s] -- Installing: /home/albusgive2/rlfw/rlfw_interface/install/rlfw_msgs/local/lib/python3.10/dist-packages/rlfw_msgs-0.0.0-py3.10.egg-info/dependency_links.txt
[3.641s] -- Installing: /home/albusgive2/rlfw/rlfw_interface/install/rlfw_msgs/local/lib/python3.10/dist-packages/rlfw_msgs-0.0.0-py3.10.egg-info/top_level.txt
[3.641s] -- Up-to-date: /home/albusgive2/rlfw/rlfw_interface/install/rlfw_msgs/local/lib/python3.10/dist-packages/rlfw_msgs
[3.641s] -- Installing: /home/albusgive2/rlfw/rlfw_interface/install/rlfw_msgs/local/lib/python3.10/dist-packages/rlfw_msgs/rlfw_msgs_s__rosidl_typesupport_fastrtps_c.cpython-310-x86_64-linux-gnu.so
[3.641s] -- Installing: /home/albusgive2/rlfw/rlfw_interface/install/rlfw_msgs/local/lib/python3.10/dist-packages/rlfw_msgs/_rlfw_msgs_s.ep.rosidl_typesupport_fastrtps_c.c
[3.641s] -- Installing: /home/albusgive2/rlfw/rlfw_interface/install/rlfw_msgs/local/lib/python3.10/dist-packages/rlfw_msgs/rlfw_msgs_s__rosidl_typesupport_introspection_c.cpython-310-x86_64-linux-gnu.so
[3.641s] -- Installing: /home/albusgive2/rlfw/rlfw_interface/install/rlfw_msgs/local/lib/python3.10/dist-packages/rlfw_msgs/_rlfw_msgs_s.ep.rosidl_typesupport_introspection_c.c
[3.641s] -- Installing: /home/albusgive2/rlfw/rlfw_interface/install/rlfw_msgs/local/lib/python3.10/dist-packages/rlfw_msgs/librlfw_msgs__rosidl_generator_py.so
[3.641s] -- Up-to-date: /home/albusgive2/rlfw/rlfw_interface/install/rlfw_msgs/local/lib/python3.10/dist-packages/rlfw_msgs/srv
[3.642s] -- Installing: /home/albusgive2/rlfw/rlfw_interface/install/rlfw_msgs/local/lib/python3.10/dist-packages/rlfw_msgs/srv/_com_parameter.py
[3.642s] -- Installing: /home/albusgive2/rlfw/rlfw_interface/install/rlfw_msgs/local/lib/python3.10/dist-packages/rlfw_msgs/srv/_com_parameter_s.c
[3.642s] -- Installing: /home/albusgive2/rlfw/rlfw_interface/install/rlfw_msgs/local/lib/python3.10/dist-packages/rlfw_msgs/srv/__init__.py
[3.642s] -- Up-to-date: /home/albusgive2/rlfw/rlfw_interface/install/rlfw_msgs/local/lib/python3.10/dist-packages/rlfw_msgs/srv/_rl_srv_s.c
[3.642s] -- Up-to-date: /home/albusgive2/rlfw/rlfw_interface/install/rlfw_msgs/local/lib/python3.10/dist-packages/rlfw_msgs/srv/_rl_srv.py
[3.642s] -- Installing: /home/albusgive2/rlfw/rlfw_interface/install/rlfw_msgs/local/lib/python3.10/dist-packages/rlfw_msgs/rlfw_msgs_s__rosidl_typesupport_c.cpython-310-x86_64-linux-gnu.so
[3.642s] -- Installing: /home/albusgive2/rlfw/rlfw_interface/install/rlfw_msgs/local/lib/python3.10/dist-packages/rlfw_msgs/__init__.py
[3.642s] -- Up-to-date: /home/albusgive2/rlfw/rlfw_interface/install/rlfw_msgs/local/lib/python3.10/dist-packages/rlfw_msgs/msg
[3.642s] -- Installing: /home/albusgive2/rlfw/rlfw_interface/install/rlfw_msgs/local/lib/python3.10/dist-packages/rlfw_msgs/msg/_motor_s.c
[3.642s] -- Installing: /home/albusgive2/rlfw/rlfw_interface/install/rlfw_msgs/local/lib/python3.10/dist-packages/rlfw_msgs/msg/_motor_ctrl.py
[3.642s] -- Installing: /home/albusgive2/rlfw/rlfw_interface/install/rlfw_msgs/local/lib/python3.10/dist-packages/rlfw_msgs/msg/_can_msg_s.c
[3.642s] -- Installing: /home/albusgive2/rlfw/rlfw_interface/install/rlfw_msgs/local/lib/python3.10/dist-packages/rlfw_msgs/msg/_can_msg.py
[3.642s] -- Installing: /home/albusgive2/rlfw/rlfw_interface/install/rlfw_msgs/local/lib/python3.10/dist-packages/rlfw_msgs/msg/_serial_msg_s.c
[3.642s] -- Installing: /home/albusgive2/rlfw/rlfw_interface/install/rlfw_msgs/local/lib/python3.10/dist-packages/rlfw_msgs/msg/_motor.py
[3.642s] -- Installing: /home/albusgive2/rlfw/rlfw_interface/install/rlfw_msgs/local/lib/python3.10/dist-packages/rlfw_msgs/msg/_remote.py
[3.642s] -- Installing: /home/albusgive2/rlfw/rlfw_interface/install/rlfw_msgs/local/lib/python3.10/dist-packages/rlfw_msgs/msg/_motor_ctrl_s.c
[3.642s] -- Installing: /home/albusgive2/rlfw/rlfw_interface/install/rlfw_msgs/local/lib/python3.10/dist-packages/rlfw_msgs/msg/__init__.py
[3.642s] -- Installing: /home/albusgive2/rlfw/rlfw_interface/install/rlfw_msgs/local/lib/python3.10/dist-packages/rlfw_msgs/msg/_remote_s.c
[3.642s] -- Installing: /home/albusgive2/rlfw/rlfw_interface/install/rlfw_msgs/local/lib/python3.10/dist-packages/rlfw_msgs/msg/_serial_msg.py
[3.643s] -- Installing: /home/albusgive2/rlfw/rlfw_interface/install/rlfw_msgs/local/lib/python3.10/dist-packages/rlfw_msgs/_rlfw_msgs_s.ep.rosidl_typesupport_c.c
[3.669s] Listing '/home/albusgive2/rlfw/rlfw_interface/install/rlfw_msgs/local/lib/python3.10/dist-packages/rlfw_msgs'...
[3.669s] Compiling '/home/albusgive2/rlfw/rlfw_interface/install/rlfw_msgs/local/lib/python3.10/dist-packages/rlfw_msgs/__init__.py'...
[3.669s] Listing '/home/albusgive2/rlfw/rlfw_interface/install/rlfw_msgs/local/lib/python3.10/dist-packages/rlfw_msgs/msg'...
[3.669s] Compiling '/home/albusgive2/rlfw/rlfw_interface/install/rlfw_msgs/local/lib/python3.10/dist-packages/rlfw_msgs/msg/__init__.py'...
[3.669s] Compiling '/home/albusgive2/rlfw/rlfw_interface/install/rlfw_msgs/local/lib/python3.10/dist-packages/rlfw_msgs/msg/_can_msg.py'...
[3.669s] Compiling '/home/albusgive2/rlfw/rlfw_interface/install/rlfw_msgs/local/lib/python3.10/dist-packages/rlfw_msgs/msg/_motor.py'...
[3.669s] Compiling '/home/albusgive2/rlfw/rlfw_interface/install/rlfw_msgs/local/lib/python3.10/dist-packages/rlfw_msgs/msg/_motor_ctrl.py'...
[3.669s] Compiling '/home/albusgive2/rlfw/rlfw_interface/install/rlfw_msgs/local/lib/python3.10/dist-packages/rlfw_msgs/msg/_remote.py'...
[3.669s] Compiling '/home/albusgive2/rlfw/rlfw_interface/install/rlfw_msgs/local/lib/python3.10/dist-packages/rlfw_msgs/msg/_serial_msg.py'...
[3.669s] Listing '/home/albusgive2/rlfw/rlfw_interface/install/rlfw_msgs/local/lib/python3.10/dist-packages/rlfw_msgs/srv'...
[3.669s] Compiling '/home/albusgive2/rlfw/rlfw_interface/install/rlfw_msgs/local/lib/python3.10/dist-packages/rlfw_msgs/srv/__init__.py'...
[3.669s] Compiling '/home/albusgive2/rlfw/rlfw_interface/install/rlfw_msgs/local/lib/python3.10/dist-packages/rlfw_msgs/srv/_com_parameter.py'...
[3.672s] -- Installing: /home/albusgive2/rlfw/rlfw_interface/install/rlfw_msgs/local/lib/python3.10/dist-packages/rlfw_msgs/rlfw_msgs_s__rosidl_typesupport_fastrtps_c.cpython-310-x86_64-linux-gnu.so
[3.672s] -- Set runtime path of "/home/albusgive2/rlfw/rlfw_interface/install/rlfw_msgs/local/lib/python3.10/dist-packages/rlfw_msgs/rlfw_msgs_s__rosidl_typesupport_fastrtps_c.cpython-310-x86_64-linux-gnu.so" to ""
[3.672s] -- Installing: /home/albusgive2/rlfw/rlfw_interface/install/rlfw_msgs/local/lib/python3.10/dist-packages/rlfw_msgs/rlfw_msgs_s__rosidl_typesupport_introspection_c.cpython-310-x86_64-linux-gnu.so
[3.672s] -- Set runtime path of "/home/albusgive2/rlfw/rlfw_interface/install/rlfw_msgs/local/lib/python3.10/dist-packages/rlfw_msgs/rlfw_msgs_s__rosidl_typesupport_introspection_c.cpython-310-x86_64-linux-gnu.so" to ""
[3.672s] -- Installing: /home/albusgive2/rlfw/rlfw_interface/install/rlfw_msgs/local/lib/python3.10/dist-packages/rlfw_msgs/rlfw_msgs_s__rosidl_typesupport_c.cpython-310-x86_64-linux-gnu.so
[3.672s] -- Set runtime path of "/home/albusgive2/rlfw/rlfw_interface/install/rlfw_msgs/local/lib/python3.10/dist-packages/rlfw_msgs/rlfw_msgs_s__rosidl_typesupport_c.cpython-310-x86_64-linux-gnu.so" to ""
[3.673s] -- Installing: /home/albusgive2/rlfw/rlfw_interface/install/rlfw_msgs/lib/librlfw_msgs__rosidl_generator_py.so
[3.673s] -- Set runtime path of "/home/albusgive2/rlfw/rlfw_interface/install/rlfw_msgs/lib/librlfw_msgs__rosidl_generator_py.so" to ""
[3.673s] -- Up-to-date: /home/albusgive2/rlfw/rlfw_interface/install/rlfw_msgs/share/rlfw_msgs/msg/Motor.idl
[3.673s] -- Up-to-date: /home/albusgive2/rlfw/rlfw_interface/install/rlfw_msgs/share/rlfw_msgs/msg/MotorCtrl.idl
[3.673s] -- Up-to-date: /home/albusgive2/rlfw/rlfw_interface/install/rlfw_msgs/share/rlfw_msgs/msg/CanMsg.idl
[3.673s] -- Up-to-date: /home/albusgive2/rlfw/rlfw_interface/install/rlfw_msgs/share/rlfw_msgs/msg/SerialMsg.idl
[3.673s] -- Installing: /home/albusgive2/rlfw/rlfw_interface/install/rlfw_msgs/share/rlfw_msgs/msg/Remote.idl
[3.673s] -- Up-to-date: /home/albusgive2/rlfw/rlfw_interface/install/rlfw_msgs/share/rlfw_msgs/srv/ComParameter.idl
[3.673s] -- Up-to-date: /home/albusgive2/rlfw/rlfw_interface/install/rlfw_msgs/share/rlfw_msgs/msg/Motor.msg
[3.673s] -- Up-to-date: /home/albusgive2/rlfw/rlfw_interface/install/rlfw_msgs/share/rlfw_msgs/msg/MotorCtrl.msg
[3.673s] -- Up-to-date: /home/albusgive2/rlfw/rlfw_interface/install/rlfw_msgs/share/rlfw_msgs/msg/CanMsg.msg
[3.673s] -- Up-to-date: /home/albusgive2/rlfw/rlfw_interface/install/rlfw_msgs/share/rlfw_msgs/msg/SerialMsg.msg
[3.673s] -- Installing: /home/albusgive2/rlfw/rlfw_interface/install/rlfw_msgs/share/rlfw_msgs/msg/Remote.msg
[3.673s] -- Up-to-date: /home/albusgive2/rlfw/rlfw_interface/install/rlfw_msgs/share/rlfw_msgs/srv/ComParameter.srv
[3.673s] -- Up-to-date: /home/albusgive2/rlfw/rlfw_interface/install/rlfw_msgs/share/rlfw_msgs/srv/ComParameter_Request.msg
[3.673s] -- Up-to-date: /home/albusgive2/rlfw/rlfw_interface/install/rlfw_msgs/share/rlfw_msgs/srv/ComParameter_Response.msg
[3.673s] -- Up-to-date: /home/albusgive2/rlfw/rlfw_interface/install/rlfw_msgs/share/ament_index/resource_index/package_run_dependencies/rlfw_msgs
[3.673s] -- Up-to-date: /home/albusgive2/rlfw/rlfw_interface/install/rlfw_msgs/share/ament_index/resource_index/parent_prefix_path/rlfw_msgs
[3.673s] -- Up-to-date: /home/albusgive2/rlfw/rlfw_interface/install/rlfw_msgs/share/rlfw_msgs/environment/ament_prefix_path.sh
[3.673s] -- Installing: /home/albusgive2/rlfw/rlfw_interface/install/rlfw_msgs/share/rlfw_msgs/environment/ament_prefix_path.dsv
[3.673s] -- Up-to-date: /home/albusgive2/rlfw/rlfw_interface/install/rlfw_msgs/share/rlfw_msgs/environment/path.sh
[3.673s] -- Installing: /home/albusgive2/rlfw/rlfw_interface/install/rlfw_msgs/share/rlfw_msgs/environment/path.dsv
[3.673s] -- Up-to-date: /home/albusgive2/rlfw/rlfw_interface/install/rlfw_msgs/share/rlfw_msgs/local_setup.bash
[3.674s] -- Up-to-date: /home/albusgive2/rlfw/rlfw_interface/install/rlfw_msgs/share/rlfw_msgs/local_setup.sh
[3.674s] -- Up-to-date: /home/albusgive2/rlfw/rlfw_interface/install/rlfw_msgs/share/rlfw_msgs/local_setup.zsh
[3.674s] -- Installing: /home/albusgive2/rlfw/rlfw_interface/install/rlfw_msgs/share/rlfw_msgs/local_setup.dsv
[3.674s] -- Installing: /home/albusgive2/rlfw/rlfw_interface/install/rlfw_msgs/share/rlfw_msgs/package.dsv
[3.674s] -- Up-to-date: /home/albusgive2/rlfw/rlfw_interface/install/rlfw_msgs/share/ament_index/resource_index/packages/rlfw_msgs
[3.674s] -- Up-to-date: /home/albusgive2/rlfw/rlfw_interface/install/rlfw_msgs/share/rlfw_msgs/cmake/export_rlfw_msgs__rosidl_generator_cExport.cmake
[3.674s] -- Up-to-date: /home/albusgive2/rlfw/rlfw_interface/install/rlfw_msgs/share/rlfw_msgs/cmake/export_rlfw_msgs__rosidl_generator_cExport-noconfig.cmake
[3.674s] -- Up-to-date: /home/albusgive2/rlfw/rlfw_interface/install/rlfw_msgs/share/rlfw_msgs/cmake/export_rlfw_msgs__rosidl_typesupport_fastrtps_cExport.cmake
[3.674s] -- Up-to-date: /home/albusgive2/rlfw/rlfw_interface/install/rlfw_msgs/share/rlfw_msgs/cmake/export_rlfw_msgs__rosidl_typesupport_fastrtps_cExport-noconfig.cmake
[3.674s] -- Up-to-date: /home/albusgive2/rlfw/rlfw_interface/install/rlfw_msgs/share/rlfw_msgs/cmake/export_rlfw_msgs__rosidl_generator_cppExport.cmake
[3.674s] -- Up-to-date: /home/albusgive2/rlfw/rlfw_interface/install/rlfw_msgs/share/rlfw_msgs/cmake/export_rlfw_msgs__rosidl_typesupport_fastrtps_cppExport.cmake
[3.674s] -- Up-to-date: /home/albusgive2/rlfw/rlfw_interface/install/rlfw_msgs/share/rlfw_msgs/cmake/export_rlfw_msgs__rosidl_typesupport_fastrtps_cppExport-noconfig.cmake
[3.674s] -- Up-to-date: /home/albusgive2/rlfw/rlfw_interface/install/rlfw_msgs/share/rlfw_msgs/cmake/rlfw_msgs__rosidl_typesupport_introspection_cExport.cmake
[3.674s] -- Up-to-date: /home/albusgive2/rlfw/rlfw_interface/install/rlfw_msgs/share/rlfw_msgs/cmake/rlfw_msgs__rosidl_typesupport_introspection_cExport-noconfig.cmake
[3.674s] -- Up-to-date: /home/albusgive2/rlfw/rlfw_interface/install/rlfw_msgs/share/rlfw_msgs/cmake/rlfw_msgs__rosidl_typesupport_cExport.cmake
[3.674s] -- Up-to-date: /home/albusgive2/rlfw/rlfw_interface/install/rlfw_msgs/share/rlfw_msgs/cmake/rlfw_msgs__rosidl_typesupport_cExport-noconfig.cmake
[3.674s] -- Up-to-date: /home/albusgive2/rlfw/rlfw_interface/install/rlfw_msgs/share/rlfw_msgs/cmake/rlfw_msgs__rosidl_typesupport_introspection_cppExport.cmake
[3.674s] -- Up-to-date: /home/albusgive2/rlfw/rlfw_interface/install/rlfw_msgs/share/rlfw_msgs/cmake/rlfw_msgs__rosidl_typesupport_introspection_cppExport-noconfig.cmake
[3.674s] -- Up-to-date: /home/albusgive2/rlfw/rlfw_interface/install/rlfw_msgs/share/rlfw_msgs/cmake/rlfw_msgs__rosidl_typesupport_cppExport.cmake
[3.674s] -- Up-to-date: /home/albusgive2/rlfw/rlfw_interface/install/rlfw_msgs/share/rlfw_msgs/cmake/rlfw_msgs__rosidl_typesupport_cppExport-noconfig.cmake
[3.674s] -- Up-to-date: /home/albusgive2/rlfw/rlfw_interface/install/rlfw_msgs/share/rlfw_msgs/cmake/export_rlfw_msgs__rosidl_generator_pyExport.cmake
[3.674s] -- Up-to-date: /home/albusgive2/rlfw/rlfw_interface/install/rlfw_msgs/share/rlfw_msgs/cmake/export_rlfw_msgs__rosidl_generator_pyExport-noconfig.cmake
[3.674s] -- Installing: /home/albusgive2/rlfw/rlfw_interface/install/rlfw_msgs/share/rlfw_msgs/cmake/rosidl_cmake-extras.cmake
[3.674s] -- Up-to-date: /home/albusgive2/rlfw/rlfw_interface/install/rlfw_msgs/share/rlfw_msgs/cmake/ament_cmake_export_dependencies-extras.cmake
[3.674s] -- Up-to-date: /home/albusgive2/rlfw/rlfw_interface/install/rlfw_msgs/share/rlfw_msgs/cmake/ament_cmake_export_include_directories-extras.cmake
[3.674s] -- Up-to-date: /home/albusgive2/rlfw/rlfw_interface/install/rlfw_msgs/share/rlfw_msgs/cmake/ament_cmake_export_libraries-extras.cmake
[3.674s] -- Up-to-date: /home/albusgive2/rlfw/rlfw_interface/install/rlfw_msgs/share/rlfw_msgs/cmake/ament_cmake_export_targets-extras.cmake
[3.674s] -- Up-to-date: /home/albusgive2/rlfw/rlfw_interface/install/rlfw_msgs/share/rlfw_msgs/cmake/rosidl_cmake_export_typesupport_targets-extras.cmake
[3.674s] -- Up-to-date: /home/albusgive2/rlfw/rlfw_interface/install/rlfw_msgs/share/rlfw_msgs/cmake/rosidl_cmake_export_typesupport_libraries-extras.cmake
[3.674s] -- Up-to-date: /home/albusgive2/rlfw/rlfw_interface/install/rlfw_msgs/share/rlfw_msgs/cmake/rlfw_msgsConfig.cmake
[3.674s] -- Up-to-date: /home/albusgive2/rlfw/rlfw_interface/install/rlfw_msgs/share/rlfw_msgs/cmake/rlfw_msgsConfig-version.cmake
[3.675s] -- Up-to-date: /home/albusgive2/rlfw/rlfw_interface/install/rlfw_msgs/share/rlfw_msgs/package.xml
[3.676s] Invoked command in '/home/albusgive2/rlfw/rlfw_interface/build/rlfw_msgs' returned '0': CMAKE_PREFIX_PATH=${CMAKE_PREFIX_PATH}:/opt/ros/humble /usr/bin/cmake --install /home/albusgive2/rlfw/rlfw_interface/build/rlfw_msgs
