-- Found ament_cmake: 1.3.11 (/opt/ros/humble/share/ament_cmake/cmake)
-- Found rclcpp: 16.0.11 (/opt/ros/humble/share/rclcpp/cmake)
-- Found rosidl_generator_c: 3.1.6 (/opt/ros/humble/share/rosidl_generator_c/cmake)
-- Found rosidl_adapter: 3.1.6 (/opt/ros/humble/share/rosidl_adapter/cmake)
-- Found rosidl_generator_cpp: 3.1.6 (/opt/ros/humble/share/rosidl_generator_cpp/cmake)
-- Using all available rosidl_typesupport_c: rosidl_typesupport_fastrtps_c;rosidl_typesupport_introspection_c
-- Using all available rosidl_typesupport_cpp: rosidl_typesupport_fastrtps_cpp;rosidl_typesupport_introspection_cpp
-- Found rmw_implementation_cmake: 6.1.2 (/opt/ros/humble/share/rmw_implementation_cmake/cmake)
-- Found rmw_fastrtps_cpp: 6.2.7 (/opt/ros/humble/share/rmw_fastrtps_cpp/cmake)
-- Using RMW implementation 'rmw_fastrtps_cpp' as default
-- Found rlfw_msgs: 0.0.0 (/home/albusgive2/rlfw/rlfw_interface/install/rlfw_msgs/share/rlfw_msgs/cmake)
-- Configuring done
-- Generating done
-- Build files have been written to: /home/albusgive2/rlfw/rlfw_tool/build/motor_ctrl
[  8%] [34m[1mGenerating include/moc_MotorCTRL.cpp[0m
[35m[1mConsolidate compiler generated dependencies of target motor_ctrl[0m
[ 16%] [32mBuilding CXX object CMakeFiles/motor_ctrl.dir/src/main.cpp.o[0m
[ 25%] [32mBuilding CXX object CMakeFiles/motor_ctrl.dir/src/mainwindow.cpp.o[0m
[ 33%] [32mBuilding CXX object CMakeFiles/motor_ctrl.dir/include/moc_MotorCTRL.cpp.o[0m
[ 41%] [32mBuilding CXX object CMakeFiles/motor_ctrl.dir/include/moc_mainwindow.cpp.o[0m
[ 50%] [32m[1mLinking CXX executable motor_ctrl[0m
[100%] Built target motor_ctrl
-- Install configuration: ""
-- Installing: /home/albusgive2/rlfw/rlfw_tool/install/motor_ctrl/lib/motor_ctrl/motor_ctrl
-- Set runtime path of "/home/albusgive2/rlfw/rlfw_tool/install/motor_ctrl/lib/motor_ctrl/motor_ctrl" to ""
-- Up-to-date: /home/albusgive2/rlfw/rlfw_tool/install/motor_ctrl/share/ament_index/resource_index/package_run_dependencies/motor_ctrl
-- Up-to-date: /home/albusgive2/rlfw/rlfw_tool/install/motor_ctrl/share/ament_index/resource_index/parent_prefix_path/motor_ctrl
-- Up-to-date: /home/albusgive2/rlfw/rlfw_tool/install/motor_ctrl/share/motor_ctrl/environment/ament_prefix_path.sh
-- Installing: /home/albusgive2/rlfw/rlfw_tool/install/motor_ctrl/share/motor_ctrl/environment/ament_prefix_path.dsv
-- Up-to-date: /home/albusgive2/rlfw/rlfw_tool/install/motor_ctrl/share/motor_ctrl/environment/path.sh
-- Installing: /home/albusgive2/rlfw/rlfw_tool/install/motor_ctrl/share/motor_ctrl/environment/path.dsv
-- Up-to-date: /home/albusgive2/rlfw/rlfw_tool/install/motor_ctrl/share/motor_ctrl/local_setup.bash
-- Up-to-date: /home/albusgive2/rlfw/rlfw_tool/install/motor_ctrl/share/motor_ctrl/local_setup.sh
-- Up-to-date: /home/albusgive2/rlfw/rlfw_tool/install/motor_ctrl/share/motor_ctrl/local_setup.zsh
-- Installing: /home/albusgive2/rlfw/rlfw_tool/install/motor_ctrl/share/motor_ctrl/local_setup.dsv
-- Installing: /home/albusgive2/rlfw/rlfw_tool/install/motor_ctrl/share/motor_ctrl/package.dsv
-- Up-to-date: /home/albusgive2/rlfw/rlfw_tool/install/motor_ctrl/share/ament_index/resource_index/packages/motor_ctrl
-- Up-to-date: /home/albusgive2/rlfw/rlfw_tool/install/motor_ctrl/share/motor_ctrl/cmake/motor_ctrlConfig.cmake
-- Up-to-date: /home/albusgive2/rlfw/rlfw_tool/install/motor_ctrl/share/motor_ctrl/cmake/motor_ctrlConfig-version.cmake
-- Up-to-date: /home/albusgive2/rlfw/rlfw_tool/install/motor_ctrl/share/motor_ctrl/package.xml
