[0.007s] Invoking command in '/home/albusgive2/rlfw/rlfw_interface/build/rlfw_msgs': CMAKE_PREFIX_PATH=${CMAKE_PREFIX_PATH}:/opt/ros/humble /usr/bin/cmake --build /home/albusgive2/rlfw/rlfw_interface/build/rlfw_msgs -- -j12 -l12
[0.023s] -- Found ament_cmake: 1.3.11 (/opt/ros/humble/share/ament_cmake/cmake)
[0.101s] -- Found std_msgs: 4.2.4 (/opt/ros/humble/share/std_msgs/cmake)
[0.117s] -- Found rosidl_generator_c: 3.1.6 (/opt/ros/humble/share/rosidl_generator_c/cmake)
[0.118s] -- Found rosidl_adapter: 3.1.6 (/opt/ros/humble/share/rosidl_adapter/cmake)
[0.122s] -- Found rosidl_generator_cpp: 3.1.6 (/opt/ros/humble/share/rosidl_generator_cpp/cmake)
[0.128s] -- Using all available rosidl_typesupport_c: rosidl_typesupport_fastrtps_c;rosidl_typesupport_introspection_c
[0.136s] -- Using all available rosidl_typesupport_cpp: rosidl_typesupport_fastrtps_cpp;rosidl_typesupport_introspection_cpp
[0.150s] -- Found rosidl_default_generators: 1.2.0 (/opt/ros/humble/share/rosidl_default_generators/cmake)
[0.276s] [31mCMake Error at /opt/ros/humble/share/rosidl_adapter/cmake/rosidl_adapt_interfaces.cmake:59 (message):
[0.276s]   execute_process(/usr/bin/python3 -m rosidl_adapter --package-name rlfw_msgs
[0.276s]   --arguments-file
[0.276s]   /home/albusgive2/rlfw/rlfw_interface/build/rlfw_msgs/rosidl_adapter__arguments__rlfw_msgs.json
[0.276s]   --output-dir
[0.276s]   /home/albusgive2/rlfw/rlfw_interface/build/rlfw_msgs/rosidl_adapter/rlfw_msgs
[0.276s]   --output-file
[0.276s]   /home/albusgive2/rlfw/rlfw_interface/build/rlfw_msgs/rosidl_adapter/rlfw_msgs.idls)
[0.276s]   returned error code 1:
[0.276s] 
[0.276s]   Error processing 'float[] value' of 'rlfw_msgs/Remote': ''float' is an
[0.276s]   invalid message name.  It should have the pattern '^[A-Z][A-Za-z0-9]*$''
[0.276s] 
[0.277s]   Traceback (most recent call last):
[0.277s] 
[0.277s]     File "/usr/lib/python3.10/runpy.py", line 196, in _run_module_as_main
[0.277s]       return _run_code(code, main_globals, None,
[0.277s]     File "/usr/lib/python3.10/runpy.py", line 86, in _run_code
[0.277s]       exec(code, run_globals)
[0.277s]     File "/opt/ros/humble/local/lib/python3.10/dist-packages/rosidl_adapter/__main__.py", line 19, in <module>
[0.277s]       sys.exit(main())
[0.277s]     File "/opt/ros/humble/local/lib/python3.10/dist-packages/rosidl_adapter/main.py", line 53, in main
[0.277s]       abs_idl_file = convert_to_idl(
[0.277s]     File "/opt/ros/humble/local/lib/python3.10/dist-packages/rosidl_adapter/__init__.py", line 19, in convert_to_idl
[0.277s]       return convert_msg_to_idl(
[0.277s]     File "/opt/ros/humble/local/lib/python3.10/dist-packages/rosidl_adapter/msg/__init__.py", line 28, in convert_msg_to_idl
[0.277s]       msg = parse_message_string(package_name, input_file.stem, content)
[0.277s]     File "/opt/ros/humble/local/lib/python3.10/dist-packages/rosidl_adapter/parser.py", line 520, in parse_message_string
[0.277s]       Type(type_string, context_package_name=pkg_name),
[0.277s]     File "/opt/ros/humble/local/lib/python3.10/dist-packages/rosidl_adapter/parser.py", line 277, in __init__
[0.277s]       super(Type, self).__init__(
[0.277s]     File "/opt/ros/humble/local/lib/python3.10/dist-packages/rosidl_adapter/parser.py", line 205, in __init__
[0.277s]       raise InvalidResourceName(
[0.277s] 
[0.277s]   rosidl_adapter.parser.InvalidResourceName: 'float' is an invalid message
[0.277s]   name.  It should have the pattern '^[A-Z][A-Za-z0-9]*$'
[0.277s] 
[0.277s] Call Stack (most recent call first):
[0.277s]   /opt/ros/humble/share/rosidl_cmake/cmake/rosidl_generate_interfaces.cmake:130 (rosidl_adapt_interfaces)
[0.277s]   CMakeLists.txt:28 (rosidl_generate_interfaces)
[0.278s] 
[0.278s] [0m
[0.278s] -- Configuring incomplete, errors occurred!
[0.278s] See also "/home/albusgive2/rlfw/rlfw_interface/build/rlfw_msgs/CMakeFiles/CMakeOutput.log".
[0.280s] gmake: *** [Makefile:1611：cmake_check_build_system] 错误 1
[0.281s] Invoked command in '/home/albusgive2/rlfw/rlfw_interface/build/rlfw_msgs' returned '2': CMAKE_PREFIX_PATH=${CMAKE_PREFIX_PATH}:/opt/ros/humble /usr/bin/cmake --build /home/albusgive2/rlfw/rlfw_interface/build/rlfw_msgs -- -j12 -l12
