[0.010s] Invoking command in '/home/albusgive2/rlfw/rlfw_deploy/build/CommunicationCenter': CMAKE_PREFIX_PATH=${CMAKE_PREFIX_PATH}:/opt/ros/humble /usr/bin/cmake --build /home/albusgive2/rlfw/rlfw_deploy/build/CommunicationCenter -- -j12 -l12
[0.038s] [35m[1mConsolidate compiler generated dependencies of target tinyxml2[0m
[0.044s] [ 14%] Built target tinyxml2
[0.052s] [35m[1mConsolidate compiler generated dependencies of target xmltest[0m
[0.054s] [35m[1mConsolidate compiler generated dependencies of target CommunicationCenter[0m
[0.059s] [ 28%] Built target xmltest
[0.070s] [ 35%] [32mBuilding CXX object CMakeFiles/CommunicationCenter.dir/src/CommunicationCenter.cpp.o[0m
[0.071s] [ 42%] [32mBuilding CXX object CMakeFiles/CommunicationCenter.dir/src/main.cpp.o[0m
[0.071s] [ 50%] [32mBuilding CXX object CMakeFiles/CommunicationCenter.dir/src/XMLDecoder.cpp.o[0m
[1.553s] [01m[K/home/albusgive2/rlfw/rlfw_deploy/src/CommunicationCenter/src/CommunicationCenter.cpp:[m[K In member function ‘[01m[Kvoid CommunicationCenter::sendMotor(std::shared_ptr<rlfw_msgs::msg::MotorCtrl_<std::allocator<void> > >)[m[K’:
[1.553s] [01m[K/home/albusgive2/rlfw/rlfw_deploy/src/CommunicationCenter/src/CommunicationCenter.cpp:27:48:[m[K [01;35m[Kwarning: [m[Kunused parameter ‘[01m[Kmsg[m[K’ [[01;35m[K]8;;https://gcc.gnu.org/onlinedocs/gcc/Warning-Options.html#index-Wunused-parameter-Wunused-parameter]8;;[m[K]
[1.553s]    27 |     [01;35m[Kstd::shared_ptr<rlfw_msgs::msg::MotorCtrl> msg[m[K) {}
[1.553s]       |     [01;35m[K~~~~~~~~~~~~~~~~~~~~~~~~~~~~~~~~~~~~~~~~~~~^~~[m[K
[5.547s] [ 57%] [32m[1mLinking CXX executable CommunicationCenter[0m
[5.830s] [100%] Built target CommunicationCenter
[5.836s] Invoked command in '/home/albusgive2/rlfw/rlfw_deploy/build/CommunicationCenter' returned '0': CMAKE_PREFIX_PATH=${CMAKE_PREFIX_PATH}:/opt/ros/humble /usr/bin/cmake --build /home/albusgive2/rlfw/rlfw_deploy/build/CommunicationCenter -- -j12 -l12
[5.837s] Invoking command in '/home/albusgive2/rlfw/rlfw_deploy/build/CommunicationCenter': CMAKE_PREFIX_PATH=${CMAKE_PREFIX_PATH}:/opt/ros/humble /usr/bin/cmake --install /home/albusgive2/rlfw/rlfw_deploy/build/CommunicationCenter
[5.843s] -- Install configuration: ""
[5.843s] -- Installing: /home/albusgive2/rlfw/rlfw_deploy/install/CommunicationCenter/lib/CommunicationCenter/CommunicationCenter
[5.847s] -- Set runtime path of "/home/albusgive2/rlfw/rlfw_deploy/install/CommunicationCenter/lib/CommunicationCenter/CommunicationCenter" to ""
[5.847s] -- Up-to-date: /home/albusgive2/rlfw/rlfw_deploy/install/CommunicationCenter/share/motor_cfg.xml
[5.847s] -- Up-to-date: /home/albusgive2/rlfw/rlfw_deploy/install/CommunicationCenter/share/ament_index/resource_index/package_run_dependencies/CommunicationCenter
[5.847s] -- Up-to-date: /home/albusgive2/rlfw/rlfw_deploy/install/CommunicationCenter/share/ament_index/resource_index/parent_prefix_path/CommunicationCenter
[5.847s] -- Up-to-date: /home/albusgive2/rlfw/rlfw_deploy/install/CommunicationCenter/share/CommunicationCenter/environment/ament_prefix_path.sh
[5.847s] -- Up-to-date: /home/albusgive2/rlfw/rlfw_deploy/install/CommunicationCenter/share/CommunicationCenter/environment/ament_prefix_path.dsv
[5.847s] -- Up-to-date: /home/albusgive2/rlfw/rlfw_deploy/install/CommunicationCenter/share/CommunicationCenter/environment/path.sh
[5.847s] -- Up-to-date: /home/albusgive2/rlfw/rlfw_deploy/install/CommunicationCenter/share/CommunicationCenter/environment/path.dsv
[5.847s] -- Up-to-date: /home/albusgive2/rlfw/rlfw_deploy/install/CommunicationCenter/share/CommunicationCenter/local_setup.bash
[5.847s] -- Up-to-date: /home/albusgive2/rlfw/rlfw_deploy/install/CommunicationCenter/share/CommunicationCenter/local_setup.sh
[5.847s] -- Up-to-date: /home/albusgive2/rlfw/rlfw_deploy/install/CommunicationCenter/share/CommunicationCenter/local_setup.zsh
[5.847s] -- Up-to-date: /home/albusgive2/rlfw/rlfw_deploy/install/CommunicationCenter/share/CommunicationCenter/local_setup.dsv
[5.848s] -- Installing: /home/albusgive2/rlfw/rlfw_deploy/install/CommunicationCenter/share/CommunicationCenter/package.dsv
[5.848s] -- Up-to-date: /home/albusgive2/rlfw/rlfw_deploy/install/CommunicationCenter/share/ament_index/resource_index/packages/CommunicationCenter
[5.848s] -- Up-to-date: /home/albusgive2/rlfw/rlfw_deploy/install/CommunicationCenter/share/CommunicationCenter/cmake/CommunicationCenterConfig.cmake
[5.848s] -- Up-to-date: /home/albusgive2/rlfw/rlfw_deploy/install/CommunicationCenter/share/CommunicationCenter/cmake/CommunicationCenterConfig-version.cmake
[5.848s] -- Up-to-date: /home/albusgive2/rlfw/rlfw_deploy/install/CommunicationCenter/share/CommunicationCenter/package.xml
[5.848s] -- Up-to-date: /home/albusgive2/rlfw/rlfw_deploy/install/CommunicationCenter/lib/libtinyxml2.a
[5.848s] -- Up-to-date: /home/albusgive2/rlfw/rlfw_deploy/install/CommunicationCenter/lib/cmake/tinyxml2/tinyxml2-static-targets.cmake
[5.848s] -- Up-to-date: /home/albusgive2/rlfw/rlfw_deploy/install/CommunicationCenter/lib/cmake/tinyxml2/tinyxml2-static-targets-noconfig.cmake
[5.848s] -- Up-to-date: /home/albusgive2/rlfw/rlfw_deploy/install/CommunicationCenter/lib/cmake/tinyxml2/tinyxml2-config.cmake
[5.848s] -- Up-to-date: /home/albusgive2/rlfw/rlfw_deploy/install/CommunicationCenter/lib/cmake/tinyxml2/tinyxml2-config-version.cmake
[5.848s] -- Up-to-date: /home/albusgive2/rlfw/rlfw_deploy/install/CommunicationCenter/include/tinyxml2.h
[5.848s] -- Up-to-date: /home/albusgive2/rlfw/rlfw_deploy/install/CommunicationCenter/lib/pkgconfig/tinyxml2.pc
[5.849s] Invoked command in '/home/albusgive2/rlfw/rlfw_deploy/build/CommunicationCenter' returned '0': CMAKE_PREFIX_PATH=${CMAKE_PREFIX_PATH}:/opt/ros/humble /usr/bin/cmake --install /home/albusgive2/rlfw/rlfw_deploy/build/CommunicationCenter
