[0.062s] DEBUG:colcon:Command line arguments: ['/usr/bin/colcon', 'build']
[0.062s] DEBUG:colcon:Parsed command line arguments: Namespace(log_base=None, log_level=None, verb_name='build', build_base='build', install_base='install', merge_install=False, symlink_install=False, test_result_base=None, continue_on_error=False, executor='parallel', parallel_workers=12, event_handlers=None, ignore_user_meta=False, metas=['./colcon.meta'], base_paths=['.'], packages_ignore=None, packages_ignore_regex=None, paths=None, packages_up_to=None, packages_up_to_regex=None, packages_above=None, packages_above_and_dependencies=None, packages_above_depth=None, packages_select_by_dep=None, packages_skip_by_dep=None, packages_skip_up_to=None, packages_select_build_failed=False, packages_skip_build_finished=False, packages_select_test_failures=False, packages_skip_test_passed=False, packages_select=None, packages_skip=None, packages_select_regex=None, packages_skip_regex=None, packages_start=None, packages_end=None, allow_overriding=[], cmake_args=None, cmake_target=None, cmake_target_skip_unavailable=False, cmake_clean_cache=False, cmake_clean_first=False, cmake_force_configure=False, ament_cmake_args=None, catkin_cmake_args=None, catkin_skip_building_tests=False, verb_parser=<colcon_defaults.argument_parser.defaults.DefaultArgumentsDecorator object at 0x7897c5e26ef0>, verb_extension=<colcon_core.verb.build.BuildVerb object at 0x7897c5f743a0>, main=<bound method BuildVerb.main of <colcon_core.verb.build.BuildVerb object at 0x7897c5f743a0>>)
[0.148s] Level 1:colcon.colcon_core.package_discovery:discover_packages(colcon_meta) check parameters
[0.148s] Level 1:colcon.colcon_core.package_discovery:discover_packages(recursive) check parameters
[0.148s] Level 1:colcon.colcon_core.package_discovery:discover_packages(ignore) check parameters
[0.148s] Level 1:colcon.colcon_core.package_discovery:discover_packages(path) check parameters
[0.148s] Level 1:colcon.colcon_core.package_discovery:discover_packages(colcon_meta) discover
[0.148s] Level 1:colcon.colcon_core.package_discovery:discover_packages(recursive) discover
[0.148s] INFO:colcon.colcon_core.package_discovery:Crawling recursively for packages in '/home/albusgive2/rlfw/rlfw_tool'
[0.148s] Level 1:colcon.colcon_core.package_identification:_identify(.) by extensions ['ignore', 'ignore_ament_install']
[0.148s] Level 1:colcon.colcon_core.package_identification:_identify(.) by extension 'ignore'
[0.148s] Level 1:colcon.colcon_core.package_identification:_identify(.) by extension 'ignore_ament_install'
[0.148s] Level 1:colcon.colcon_core.package_identification:_identify(.) by extensions ['colcon_pkg']
[0.148s] Level 1:colcon.colcon_core.package_identification:_identify(.) by extension 'colcon_pkg'
[0.148s] Level 1:colcon.colcon_core.package_identification:_identify(.) by extensions ['colcon_meta']
[0.148s] Level 1:colcon.colcon_core.package_identification:_identify(.) by extension 'colcon_meta'
[0.148s] Level 1:colcon.colcon_core.package_identification:_identify(.) by extensions ['ros']
[0.148s] Level 1:colcon.colcon_core.package_identification:_identify(.) by extension 'ros'
[0.155s] Level 1:colcon.colcon_core.package_identification:_identify(.) by extensions ['cmake', 'python']
[0.155s] Level 1:colcon.colcon_core.package_identification:_identify(.) by extension 'cmake'
[0.155s] Level 1:colcon.colcon_core.package_identification:_identify(.) by extension 'python'
[0.155s] Level 1:colcon.colcon_core.package_identification:_identify(.) by extensions ['python_setup_py']
[0.155s] Level 1:colcon.colcon_core.package_identification:_identify(.) by extension 'python_setup_py'
[0.155s] Level 1:colcon.colcon_core.package_identification:_identify(build) by extensions ['ignore', 'ignore_ament_install']
[0.155s] Level 1:colcon.colcon_core.package_identification:_identify(build) by extension 'ignore'
[0.155s] Level 1:colcon.colcon_core.package_identification:_identify(build) ignored
[0.156s] Level 1:colcon.colcon_core.package_identification:_identify(install) by extensions ['ignore', 'ignore_ament_install']
[0.156s] Level 1:colcon.colcon_core.package_identification:_identify(install) by extension 'ignore'
[0.156s] Level 1:colcon.colcon_core.package_identification:_identify(install) ignored
[0.156s] Level 1:colcon.colcon_core.package_identification:_identify(log) by extensions ['ignore', 'ignore_ament_install']
[0.156s] Level 1:colcon.colcon_core.package_identification:_identify(log) by extension 'ignore'
[0.156s] Level 1:colcon.colcon_core.package_identification:_identify(log) ignored
[0.156s] Level 1:colcon.colcon_core.package_identification:_identify(src) by extensions ['ignore', 'ignore_ament_install']
[0.156s] Level 1:colcon.colcon_core.package_identification:_identify(src) by extension 'ignore'
[0.156s] Level 1:colcon.colcon_core.package_identification:_identify(src) by extension 'ignore_ament_install'
[0.156s] Level 1:colcon.colcon_core.package_identification:_identify(src) by extensions ['colcon_pkg']
[0.156s] Level 1:colcon.colcon_core.package_identification:_identify(src) by extension 'colcon_pkg'
[0.156s] Level 1:colcon.colcon_core.package_identification:_identify(src) by extensions ['colcon_meta']
[0.156s] Level 1:colcon.colcon_core.package_identification:_identify(src) by extension 'colcon_meta'
[0.156s] Level 1:colcon.colcon_core.package_identification:_identify(src) by extensions ['ros']
[0.156s] Level 1:colcon.colcon_core.package_identification:_identify(src) by extension 'ros'
[0.156s] Level 1:colcon.colcon_core.package_identification:_identify(src) by extensions ['cmake', 'python']
[0.156s] Level 1:colcon.colcon_core.package_identification:_identify(src) by extension 'cmake'
[0.156s] Level 1:colcon.colcon_core.package_identification:_identify(src) by extension 'python'
[0.156s] Level 1:colcon.colcon_core.package_identification:_identify(src) by extensions ['python_setup_py']
[0.156s] Level 1:colcon.colcon_core.package_identification:_identify(src) by extension 'python_setup_py'
[0.156s] Level 1:colcon.colcon_core.package_identification:_identify(src/motor_ctrl) by extensions ['ignore', 'ignore_ament_install']
[0.156s] Level 1:colcon.colcon_core.package_identification:_identify(src/motor_ctrl) by extension 'ignore'
[0.156s] Level 1:colcon.colcon_core.package_identification:_identify(src/motor_ctrl) by extension 'ignore_ament_install'
[0.156s] Level 1:colcon.colcon_core.package_identification:_identify(src/motor_ctrl) by extensions ['colcon_pkg']
[0.156s] Level 1:colcon.colcon_core.package_identification:_identify(src/motor_ctrl) by extension 'colcon_pkg'
[0.156s] Level 1:colcon.colcon_core.package_identification:_identify(src/motor_ctrl) by extensions ['colcon_meta']
[0.156s] Level 1:colcon.colcon_core.package_identification:_identify(src/motor_ctrl) by extension 'colcon_meta'
[0.156s] Level 1:colcon.colcon_core.package_identification:_identify(src/motor_ctrl) by extensions ['ros']
[0.156s] Level 1:colcon.colcon_core.package_identification:_identify(src/motor_ctrl) by extension 'ros'
[0.158s] DEBUG:colcon.colcon_core.package_identification:Package 'src/motor_ctrl' with type 'ros.ament_cmake' and name 'motor_ctrl'
[0.158s] Level 1:colcon.colcon_core.package_discovery:discover_packages(recursive) using defaults
[0.158s] Level 1:colcon.colcon_core.package_discovery:discover_packages(ignore) discover
[0.158s] Level 1:colcon.colcon_core.package_discovery:discover_packages(ignore) using defaults
[0.158s] Level 1:colcon.colcon_core.package_discovery:discover_packages(path) discover
[0.158s] Level 1:colcon.colcon_core.package_discovery:discover_packages(path) using defaults
[0.170s] Level 1:colcon.colcon_core.package_discovery:discover_packages(prefix_path) check parameters
[0.170s] Level 1:colcon.colcon_core.package_discovery:discover_packages(prefix_path) discover
[0.171s] DEBUG:colcon.colcon_installed_package_information.package_discovery:Found 1 installed packages in /home/albusgive2/rlfw/rlfw_tool/install
[0.171s] DEBUG:colcon.colcon_installed_package_information.package_discovery:Found 1 installed packages in /home/albusgive2/rlfw/rlfw_interface/install
[0.172s] DEBUG:colcon.colcon_installed_package_information.package_discovery:Found 271 installed packages in /opt/ros/humble
[0.173s] Level 1:colcon.colcon_core.package_discovery:discover_packages(prefix_path) using defaults
[0.198s] Level 5:colcon.colcon_core.verb:set package 'motor_ctrl' build argument 'cmake_args' from command line to 'None'
[0.198s] Level 5:colcon.colcon_core.verb:set package 'motor_ctrl' build argument 'cmake_target' from command line to 'None'
[0.198s] Level 5:colcon.colcon_core.verb:set package 'motor_ctrl' build argument 'cmake_target_skip_unavailable' from command line to 'False'
[0.198s] Level 5:colcon.colcon_core.verb:set package 'motor_ctrl' build argument 'cmake_clean_cache' from command line to 'False'
[0.198s] Level 5:colcon.colcon_core.verb:set package 'motor_ctrl' build argument 'cmake_clean_first' from command line to 'False'
[0.198s] Level 5:colcon.colcon_core.verb:set package 'motor_ctrl' build argument 'cmake_force_configure' from command line to 'False'
[0.198s] Level 5:colcon.colcon_core.verb:set package 'motor_ctrl' build argument 'ament_cmake_args' from command line to 'None'
[0.199s] Level 5:colcon.colcon_core.verb:set package 'motor_ctrl' build argument 'catkin_cmake_args' from command line to 'None'
[0.199s] Level 5:colcon.colcon_core.verb:set package 'motor_ctrl' build argument 'catkin_skip_building_tests' from command line to 'False'
[0.199s] DEBUG:colcon.colcon_core.verb:Building package 'motor_ctrl' with the following arguments: {'ament_cmake_args': None, 'build_base': '/home/albusgive2/rlfw/rlfw_tool/build/motor_ctrl', 'catkin_cmake_args': None, 'catkin_skip_building_tests': False, 'cmake_args': None, 'cmake_clean_cache': False, 'cmake_clean_first': False, 'cmake_force_configure': False, 'cmake_target': None, 'cmake_target_skip_unavailable': False, 'install_base': '/home/albusgive2/rlfw/rlfw_tool/install/motor_ctrl', 'merge_install': False, 'path': '/home/albusgive2/rlfw/rlfw_tool/src/motor_ctrl', 'symlink_install': False, 'test_result_base': None}
[0.199s] INFO:colcon.colcon_core.executor:Executing jobs using 'parallel' executor
[0.199s] DEBUG:colcon.colcon_parallel_executor.executor.parallel:run_until_complete
[0.199s] INFO:colcon.colcon_ros.task.ament_cmake.build:Building ROS package in '/home/albusgive2/rlfw/rlfw_tool/src/motor_ctrl' with build type 'ament_cmake'
[0.200s] INFO:colcon.colcon_cmake.task.cmake.build:Building CMake package in '/home/albusgive2/rlfw/rlfw_tool/src/motor_ctrl'
[0.201s] INFO:colcon.colcon_core.plugin_system:Skipping extension 'colcon_core.shell.bat': Not used on non-Windows systems
[0.201s] INFO:colcon.colcon_core.shell:Skip shell extension 'powershell' for command environment: Not usable outside of PowerShell
[0.201s] DEBUG:colcon.colcon_core.shell:Skip shell extension 'dsv' for command environment
[0.206s] DEBUG:colcon.colcon_core.event_handler.log_command:Invoking command in '/home/albusgive2/rlfw/rlfw_tool/build/motor_ctrl': CMAKE_PREFIX_PATH=${CMAKE_PREFIX_PATH}:/opt/ros/humble /usr/bin/cmake --build /home/albusgive2/rlfw/rlfw_tool/build/motor_ctrl -- -j12 -l12
[9.873s] DEBUG:colcon.colcon_core.event_handler.log_command:Invoked command in '/home/albusgive2/rlfw/rlfw_tool/build/motor_ctrl' returned '0': CMAKE_PREFIX_PATH=${CMAKE_PREFIX_PATH}:/opt/ros/humble /usr/bin/cmake --build /home/albusgive2/rlfw/rlfw_tool/build/motor_ctrl -- -j12 -l12
[9.881s] DEBUG:colcon.colcon_core.event_handler.log_command:Invoking command in '/home/albusgive2/rlfw/rlfw_tool/build/motor_ctrl': CMAKE_PREFIX_PATH=${CMAKE_PREFIX_PATH}:/opt/ros/humble /usr/bin/cmake --install /home/albusgive2/rlfw/rlfw_tool/build/motor_ctrl
[9.894s] Level 1:colcon.colcon_core.environment:create_environment_scripts_only(motor_ctrl)
[9.894s] DEBUG:colcon.colcon_core.event_handler.log_command:Invoked command in '/home/albusgive2/rlfw/rlfw_tool/build/motor_ctrl' returned '0': CMAKE_PREFIX_PATH=${CMAKE_PREFIX_PATH}:/opt/ros/humble /usr/bin/cmake --install /home/albusgive2/rlfw/rlfw_tool/build/motor_ctrl
[9.896s] Level 1:colcon.colcon_core.environment:checking '/home/albusgive2/rlfw/rlfw_tool/install/motor_ctrl' for CMake module files
[9.896s] Level 1:colcon.colcon_core.environment:checking '/home/albusgive2/rlfw/rlfw_tool/install/motor_ctrl' for CMake config files
[9.896s] Level 1:colcon.colcon_core.shell:create_environment_hook('motor_ctrl', 'cmake_prefix_path')
[9.896s] INFO:colcon.colcon_core.shell:Creating environment hook '/home/albusgive2/rlfw/rlfw_tool/install/motor_ctrl/share/motor_ctrl/hook/cmake_prefix_path.ps1'
[9.897s] INFO:colcon.colcon_core.shell:Creating environment descriptor '/home/albusgive2/rlfw/rlfw_tool/install/motor_ctrl/share/motor_ctrl/hook/cmake_prefix_path.dsv'
[9.897s] INFO:colcon.colcon_core.shell:Creating environment hook '/home/albusgive2/rlfw/rlfw_tool/install/motor_ctrl/share/motor_ctrl/hook/cmake_prefix_path.sh'
[9.898s] Level 1:colcon.colcon_core.environment:checking '/home/albusgive2/rlfw/rlfw_tool/install/motor_ctrl/lib'
[9.898s] Level 1:colcon.colcon_core.environment:checking '/home/albusgive2/rlfw/rlfw_tool/install/motor_ctrl/bin'
[9.898s] Level 1:colcon.colcon_core.environment:checking '/home/albusgive2/rlfw/rlfw_tool/install/motor_ctrl/lib/pkgconfig/motor_ctrl.pc'
[9.899s] Level 1:colcon.colcon_core.environment:checking '/home/albusgive2/rlfw/rlfw_tool/install/motor_ctrl/lib/python3.10/site-packages'
[9.899s] Level 1:colcon.colcon_core.environment:checking '/home/albusgive2/rlfw/rlfw_tool/install/motor_ctrl/bin'
[9.899s] INFO:colcon.colcon_core.shell:Creating package script '/home/albusgive2/rlfw/rlfw_tool/install/motor_ctrl/share/motor_ctrl/package.ps1'
[9.900s] INFO:colcon.colcon_core.shell:Creating package descriptor '/home/albusgive2/rlfw/rlfw_tool/install/motor_ctrl/share/motor_ctrl/package.dsv'
[9.900s] INFO:colcon.colcon_core.shell:Creating package script '/home/albusgive2/rlfw/rlfw_tool/install/motor_ctrl/share/motor_ctrl/package.sh'
[9.901s] INFO:colcon.colcon_core.shell:Creating package script '/home/albusgive2/rlfw/rlfw_tool/install/motor_ctrl/share/motor_ctrl/package.bash'
[9.902s] INFO:colcon.colcon_core.shell:Creating package script '/home/albusgive2/rlfw/rlfw_tool/install/motor_ctrl/share/motor_ctrl/package.zsh'
[9.902s] Level 1:colcon.colcon_core.environment:create_file_with_runtime_dependencies(/home/albusgive2/rlfw/rlfw_tool/install/motor_ctrl/share/colcon-core/packages/motor_ctrl)
[9.903s] Level 1:colcon.colcon_core.environment:create_environment_scripts_only(motor_ctrl)
[9.903s] Level 1:colcon.colcon_core.environment:checking '/home/albusgive2/rlfw/rlfw_tool/install/motor_ctrl' for CMake module files
[9.903s] Level 1:colcon.colcon_core.environment:checking '/home/albusgive2/rlfw/rlfw_tool/install/motor_ctrl' for CMake config files
[9.903s] Level 1:colcon.colcon_core.shell:create_environment_hook('motor_ctrl', 'cmake_prefix_path')
[9.903s] INFO:colcon.colcon_core.shell:Creating environment hook '/home/albusgive2/rlfw/rlfw_tool/install/motor_ctrl/share/motor_ctrl/hook/cmake_prefix_path.ps1'
[9.904s] INFO:colcon.colcon_core.shell:Creating environment descriptor '/home/albusgive2/rlfw/rlfw_tool/install/motor_ctrl/share/motor_ctrl/hook/cmake_prefix_path.dsv'
[9.904s] INFO:colcon.colcon_core.shell:Creating environment hook '/home/albusgive2/rlfw/rlfw_tool/install/motor_ctrl/share/motor_ctrl/hook/cmake_prefix_path.sh'
[9.904s] Level 1:colcon.colcon_core.environment:checking '/home/albusgive2/rlfw/rlfw_tool/install/motor_ctrl/lib'
[9.904s] Level 1:colcon.colcon_core.environment:checking '/home/albusgive2/rlfw/rlfw_tool/install/motor_ctrl/bin'
[9.904s] Level 1:colcon.colcon_core.environment:checking '/home/albusgive2/rlfw/rlfw_tool/install/motor_ctrl/lib/pkgconfig/motor_ctrl.pc'
[9.904s] Level 1:colcon.colcon_core.environment:checking '/home/albusgive2/rlfw/rlfw_tool/install/motor_ctrl/lib/python3.10/site-packages'
[9.905s] Level 1:colcon.colcon_core.environment:checking '/home/albusgive2/rlfw/rlfw_tool/install/motor_ctrl/bin'
[9.905s] INFO:colcon.colcon_core.shell:Creating package script '/home/albusgive2/rlfw/rlfw_tool/install/motor_ctrl/share/motor_ctrl/package.ps1'
[9.905s] INFO:colcon.colcon_core.shell:Creating package descriptor '/home/albusgive2/rlfw/rlfw_tool/install/motor_ctrl/share/motor_ctrl/package.dsv'
[9.905s] INFO:colcon.colcon_core.shell:Creating package script '/home/albusgive2/rlfw/rlfw_tool/install/motor_ctrl/share/motor_ctrl/package.sh'
[9.906s] INFO:colcon.colcon_core.shell:Creating package script '/home/albusgive2/rlfw/rlfw_tool/install/motor_ctrl/share/motor_ctrl/package.bash'
[9.906s] INFO:colcon.colcon_core.shell:Creating package script '/home/albusgive2/rlfw/rlfw_tool/install/motor_ctrl/share/motor_ctrl/package.zsh'
[9.906s] Level 1:colcon.colcon_core.environment:create_file_with_runtime_dependencies(/home/albusgive2/rlfw/rlfw_tool/install/motor_ctrl/share/colcon-core/packages/motor_ctrl)
[9.906s] DEBUG:colcon.colcon_parallel_executor.executor.parallel:closing loop
[9.906s] DEBUG:colcon.colcon_parallel_executor.executor.parallel:loop closed
[9.906s] DEBUG:colcon.colcon_parallel_executor.executor.parallel:run_until_complete finished with '0'
[9.906s] DEBUG:colcon.colcon_core.event_reactor:joining thread
[9.909s] INFO:colcon.colcon_core.plugin_system:Skipping extension 'colcon_notification.desktop_notification.terminal_notifier': Not used on non-Darwin systems
[9.909s] INFO:colcon.colcon_core.plugin_system:Skipping extension 'colcon_notification.desktop_notification.win32': Not used on non-Windows systems
[9.909s] INFO:colcon.colcon_notification.desktop_notification:Sending desktop notification using 'notify2'
[9.916s] DEBUG:colcon.colcon_core.event_reactor:joined thread
[9.917s] INFO:colcon.colcon_core.shell:Creating prefix script '/home/albusgive2/rlfw/rlfw_tool/install/local_setup.ps1'
[9.918s] INFO:colcon.colcon_core.shell:Creating prefix util module '/home/albusgive2/rlfw/rlfw_tool/install/_local_setup_util_ps1.py'
[9.921s] INFO:colcon.colcon_core.shell:Creating prefix chain script '/home/albusgive2/rlfw/rlfw_tool/install/setup.ps1'
[9.922s] INFO:colcon.colcon_core.shell:Creating prefix script '/home/albusgive2/rlfw/rlfw_tool/install/local_setup.sh'
[9.922s] INFO:colcon.colcon_core.shell:Creating prefix util module '/home/albusgive2/rlfw/rlfw_tool/install/_local_setup_util_sh.py'
[9.923s] INFO:colcon.colcon_core.shell:Creating prefix chain script '/home/albusgive2/rlfw/rlfw_tool/install/setup.sh'
[9.923s] INFO:colcon.colcon_core.shell:Creating prefix script '/home/albusgive2/rlfw/rlfw_tool/install/local_setup.bash'
[9.924s] INFO:colcon.colcon_core.shell:Creating prefix chain script '/home/albusgive2/rlfw/rlfw_tool/install/setup.bash'
[9.924s] INFO:colcon.colcon_core.shell:Creating prefix script '/home/albusgive2/rlfw/rlfw_tool/install/local_setup.zsh'
[9.925s] INFO:colcon.colcon_core.shell:Creating prefix chain script '/home/albusgive2/rlfw/rlfw_tool/install/setup.zsh'
