[0.006s] Invoking command in '/home/albusgive2/rlfw/rlfw_interface/build/rlfw_msgs': CMAKE_PREFIX_PATH=${CMAKE_PREFIX_PATH}:/opt/ros/humble /usr/bin/cmake --build /home/albusgive2/rlfw/rlfw_interface/build/rlfw_msgs -- -j12 -l12
[0.021s] -- Found ament_cmake: 1.3.11 (/opt/ros/humble/share/ament_cmake/cmake)
[0.098s] -- Found std_msgs: 4.2.4 (/opt/ros/humble/share/std_msgs/cmake)
[0.113s] -- Found rosidl_generator_c: 3.1.6 (/opt/ros/humble/share/rosidl_generator_c/cmake)
[0.114s] -- Found rosidl_adapter: 3.1.6 (/opt/ros/humble/share/rosidl_adapter/cmake)
[0.118s] -- Found rosidl_generator_cpp: 3.1.6 (/opt/ros/humble/share/rosidl_generator_cpp/cmake)
[0.124s] -- Using all available rosidl_typesupport_c: rosidl_typesupport_fastrtps_c;rosidl_typesupport_introspection_c
[0.131s] -- Using all available rosidl_typesupport_cpp: rosidl_typesupport_fastrtps_cpp;rosidl_typesupport_introspection_cpp
[0.144s] -- Found rosidl_default_generators: 1.2.0 (/opt/ros/humble/share/rosidl_default_generators/cmake)
[0.324s] -- Found ament_cmake_ros: 0.10.0 (/opt/ros/humble/share/ament_cmake_ros/cmake)
[0.553s] -- Using all available rosidl_typesupport_c: rosidl_typesupport_fastrtps_c;rosidl_typesupport_introspection_c
[0.642s] -- Using all available rosidl_typesupport_cpp: rosidl_typesupport_fastrtps_cpp;rosidl_typesupport_introspection_cpp
[0.657s] -- Found python_cmake_module: 0.10.0 (/opt/ros/humble/share/python_cmake_module/cmake)
[0.671s] -- Using PYTHON_EXECUTABLE: /usr/bin/python3
[0.671s] -- Using PYTHON_INCLUDE_DIRS: /usr/include/python3.10
[0.672s] -- Using PYTHON_LIBRARIES: /usr/lib/x86_64-linux-gnu/libpython3.10.so
[0.687s] -- Found ament_lint_auto: 0.12.11 (/opt/ros/humble/share/ament_lint_auto/cmake)
[0.692s] -- Added test 'lint_cmake' to check CMake code style
[0.692s] -- Added test 'xmllint' to check XML markup files
[0.693s] -- Configuring done
[0.714s] -- Generating done
[0.722s] -- Build files have been written to: /home/albusgive2/rlfw/rlfw_interface/build/rlfw_msgs
[0.738s] [  1%] [34m[1mGenerating C code for ROS interfaces[0m
[0.745s] [  3%] [34m[1mGenerating C++ code for ROS interfaces[0m
[0.752s] [  3%] Built target ament_cmake_python_copy_rlfw_msgs
[0.889s] running egg_info
[0.890s] writing rlfw_msgs.egg-info/PKG-INFO
[0.890s] writing dependency_links to rlfw_msgs.egg-info/dependency_links.txt
[0.890s] writing top-level names to rlfw_msgs.egg-info/top_level.txt
[0.891s] reading manifest file 'rlfw_msgs.egg-info/SOURCES.txt'
[0.892s] writing manifest file 'rlfw_msgs.egg-info/SOURCES.txt'
[0.908s] [  3%] Built target ament_cmake_python_build_rlfw_msgs_egg
[1.121s] [35m[1mConsolidate compiler generated dependencies of target rlfw_msgs__rosidl_generator_c[0m
[1.127s] [  3%] Built target rlfw_msgs__cpp
[1.129s] [  6%] [32mBuilding C object CMakeFiles/rlfw_msgs__rosidl_generator_c.dir/rosidl_generator_c/rlfw_msgs/srv/detail/com_parameter__functions.c.o[0m
[1.130s] [  6%] [32mBuilding C object CMakeFiles/rlfw_msgs__rosidl_generator_c.dir/rosidl_generator_c/rlfw_msgs/msg/detail/motor_ctrl__functions.c.o[0m
[1.130s] [  7%] [32mBuilding C object CMakeFiles/rlfw_msgs__rosidl_generator_c.dir/rosidl_generator_c/rlfw_msgs/msg/detail/serial_msg__functions.c.o[0m
[1.130s] [  9%] [32mBuilding C object CMakeFiles/rlfw_msgs__rosidl_generator_c.dir/rosidl_generator_c/rlfw_msgs/msg/detail/can_msg__functions.c.o[0m
[1.130s] [ 11%] [32mBuilding C object CMakeFiles/rlfw_msgs__rosidl_generator_c.dir/rosidl_generator_c/rlfw_msgs/msg/detail/motor__functions.c.o[0m
[1.134s] [ 12%] [34m[1mGenerating C++ type support dispatch for ROS interfaces[0m
[1.136s] [ 15%] [34m[1mGenerating C++ type support for eProsima Fast-RTPS[0m
[1.136s] [ 15%] [34m[1mGenerating C++ introspection for ROS interfaces[0m
[1.176s] [ 17%] [32m[1mLinking C shared library librlfw_msgs__rosidl_generator_c.so[0m
[1.201s] [ 17%] Built target rlfw_msgs__rosidl_generator_c
[1.208s] [ 20%] [34m[1mGenerating C introspection for ROS interfaces[0m
[1.208s] [ 20%] [34m[1mGenerating C type support dispatch for ROS interfaces[0m
[1.208s] [ 22%] [34m[1mGenerating C type support for eProsima Fast-RTPS[0m
[1.431s] [35m[1mConsolidate compiler generated dependencies of target rlfw_msgs__rosidl_typesupport_cpp[0m
[1.442s] [ 25%] [32mBuilding CXX object CMakeFiles/rlfw_msgs__rosidl_typesupport_cpp.dir/rosidl_typesupport_cpp/rlfw_msgs/msg/motor__type_support.cpp.o[0m
[1.442s] [ 25%] [32mBuilding CXX object CMakeFiles/rlfw_msgs__rosidl_typesupport_cpp.dir/rosidl_typesupport_cpp/rlfw_msgs/msg/motor_ctrl__type_support.cpp.o[0m
[1.443s] [ 26%] [32mBuilding CXX object CMakeFiles/rlfw_msgs__rosidl_typesupport_cpp.dir/rosidl_typesupport_cpp/rlfw_msgs/msg/can_msg__type_support.cpp.o[0m
[1.443s] [ 30%] [32mBuilding CXX object CMakeFiles/rlfw_msgs__rosidl_typesupport_cpp.dir/rosidl_typesupport_cpp/rlfw_msgs/msg/serial_msg__type_support.cpp.o[0m
[1.443s] [ 30%] [32mBuilding CXX object CMakeFiles/rlfw_msgs__rosidl_typesupport_cpp.dir/rosidl_typesupport_cpp/rlfw_msgs/srv/com_parameter__type_support.cpp.o[0m
[1.477s] [35m[1mConsolidate compiler generated dependencies of target rlfw_msgs__rosidl_typesupport_introspection_cpp[0m
[1.489s] [ 34%] [32mBuilding CXX object CMakeFiles/rlfw_msgs__rosidl_typesupport_introspection_cpp.dir/rosidl_typesupport_introspection_cpp/rlfw_msgs/msg/detail/can_msg__type_support.cpp.o[0m
[1.489s] [ 34%] [32mBuilding CXX object CMakeFiles/rlfw_msgs__rosidl_typesupport_introspection_cpp.dir/rosidl_typesupport_introspection_cpp/rlfw_msgs/msg/detail/motor__type_support.cpp.o[0m
[1.490s] [ 34%] [32mBuilding CXX object CMakeFiles/rlfw_msgs__rosidl_typesupport_introspection_cpp.dir/rosidl_typesupport_introspection_cpp/rlfw_msgs/msg/detail/motor_ctrl__type_support.cpp.o[0m
[1.580s] [35m[1mConsolidate compiler generated dependencies of target rlfw_msgs__rosidl_typesupport_c[0m
[1.600s] [ 36%] [32mBuilding CXX object CMakeFiles/rlfw_msgs__rosidl_typesupport_c.dir/rosidl_typesupport_c/rlfw_msgs/msg/motor__type_support.cpp.o[0m
[1.639s] [ 38%] [32mBuilding CXX object CMakeFiles/rlfw_msgs__rosidl_typesupport_c.dir/rosidl_typesupport_c/rlfw_msgs/msg/motor_ctrl__type_support.cpp.o[0m
[1.661s] [35m[1mConsolidate compiler generated dependencies of target rlfw_msgs__rosidl_typesupport_fastrtps_cpp[0m
[1.678s] [ 39%] [32mBuilding CXX object CMakeFiles/rlfw_msgs__rosidl_typesupport_fastrtps_cpp.dir/rosidl_typesupport_fastrtps_cpp/rlfw_msgs/msg/detail/dds_fastrtps/motor__type_support.cpp.o[0m
[1.683s] [ 41%] [32mBuilding CXX object CMakeFiles/rlfw_msgs__rosidl_typesupport_c.dir/rosidl_typesupport_c/rlfw_msgs/msg/can_msg__type_support.cpp.o[0m
[1.717s] [ 42%] [32mBuilding CXX object CMakeFiles/rlfw_msgs__rosidl_typesupport_c.dir/rosidl_typesupport_c/rlfw_msgs/msg/serial_msg__type_support.cpp.o[0m
[1.735s] [35m[1mConsolidate compiler generated dependencies of target rlfw_msgs__rosidl_typesupport_introspection_c[0m
[1.743s] [35m[1mConsolidate compiler generated dependencies of target rlfw_msgs__rosidl_typesupport_fastrtps_c[0m
[1.746s] [ 44%] [32mBuilding C object CMakeFiles/rlfw_msgs__rosidl_typesupport_introspection_c.dir/rosidl_typesupport_introspection_c/rlfw_msgs/msg/detail/motor__type_support.c.o[0m
[1.757s] [ 47%] [32mBuilding CXX object CMakeFiles/rlfw_msgs__rosidl_typesupport_c.dir/rosidl_typesupport_c/rlfw_msgs/srv/com_parameter__type_support.cpp.o[0m
[1.758s] [ 47%] [32mBuilding C object CMakeFiles/rlfw_msgs__rosidl_typesupport_introspection_c.dir/rosidl_typesupport_introspection_c/rlfw_msgs/msg/detail/motor_ctrl__type_support.c.o[0m
[1.764s] [ 49%] [32mBuilding CXX object CMakeFiles/rlfw_msgs__rosidl_typesupport_fastrtps_c.dir/rosidl_typesupport_fastrtps_c/rlfw_msgs/msg/detail/motor__type_support_c.cpp.o[0m
[1.766s] [ 52%] [32mBuilding CXX object CMakeFiles/rlfw_msgs__rosidl_typesupport_introspection_cpp.dir/rosidl_typesupport_introspection_cpp/rlfw_msgs/msg/detail/serial_msg__type_support.cpp.o[0m
[1.766s] [ 52%] [32mBuilding CXX object CMakeFiles/rlfw_msgs__rosidl_typesupport_fastrtps_cpp.dir/rosidl_typesupport_fastrtps_cpp/rlfw_msgs/msg/detail/dds_fastrtps/motor_ctrl__type_support.cpp.o[0m
[1.782s] [ 53%] [32mBuilding C object CMakeFiles/rlfw_msgs__rosidl_typesupport_introspection_c.dir/rosidl_typesupport_introspection_c/rlfw_msgs/msg/detail/can_msg__type_support.c.o[0m
[1.792s] [ 55%] [32mBuilding CXX object CMakeFiles/rlfw_msgs__rosidl_typesupport_fastrtps_c.dir/rosidl_typesupport_fastrtps_c/rlfw_msgs/msg/detail/motor_ctrl__type_support_c.cpp.o[0m
[1.794s] [ 57%] [32m[1mLinking CXX shared library librlfw_msgs__rosidl_typesupport_cpp.so[0m
[1.801s] [ 58%] [32m[1mLinking CXX shared library librlfw_msgs__rosidl_typesupport_c.so[0m
[1.801s] [ 60%] [32mBuilding CXX object CMakeFiles/rlfw_msgs__rosidl_typesupport_introspection_cpp.dir/rosidl_typesupport_introspection_cpp/rlfw_msgs/srv/detail/com_parameter__type_support.cpp.o[0m
[1.826s] [ 61%] [32mBuilding C object CMakeFiles/rlfw_msgs__rosidl_typesupport_introspection_c.dir/rosidl_typesupport_introspection_c/rlfw_msgs/msg/detail/serial_msg__type_support.c.o[0m
[1.847s] [ 61%] Built target rlfw_msgs__rosidl_typesupport_c
[1.847s] [ 63%] [32mBuilding CXX object CMakeFiles/rlfw_msgs__rosidl_typesupport_fastrtps_c.dir/rosidl_typesupport_fastrtps_c/rlfw_msgs/msg/detail/can_msg__type_support_c.cpp.o[0m
[1.849s] [ 63%] Built target rlfw_msgs__rosidl_typesupport_cpp
[1.859s] [ 65%] [32mBuilding CXX object CMakeFiles/rlfw_msgs__rosidl_typesupport_fastrtps_cpp.dir/rosidl_typesupport_fastrtps_cpp/rlfw_msgs/msg/detail/dds_fastrtps/serial_msg__type_support.cpp.o[0m
[1.859s] [ 66%] [32mBuilding CXX object CMakeFiles/rlfw_msgs__rosidl_typesupport_fastrtps_cpp.dir/rosidl_typesupport_fastrtps_cpp/rlfw_msgs/msg/detail/dds_fastrtps/can_msg__type_support.cpp.o[0m
[1.872s] [ 68%] [32mBuilding C object CMakeFiles/rlfw_msgs__rosidl_typesupport_introspection_c.dir/rosidl_typesupport_introspection_c/rlfw_msgs/srv/detail/com_parameter__type_support.c.o[0m
[1.877s] [ 69%] [32mBuilding CXX object CMakeFiles/rlfw_msgs__rosidl_typesupport_fastrtps_cpp.dir/rosidl_typesupport_fastrtps_cpp/rlfw_msgs/srv/detail/dds_fastrtps/com_parameter__type_support.cpp.o[0m
[1.920s] [ 71%] [32m[1mLinking C shared library librlfw_msgs__rosidl_typesupport_introspection_c.so[0m
[1.927s] [ 73%] [32mBuilding CXX object CMakeFiles/rlfw_msgs__rosidl_typesupport_fastrtps_c.dir/rosidl_typesupport_fastrtps_c/rlfw_msgs/msg/detail/serial_msg__type_support_c.cpp.o[0m
[1.952s] [ 73%] Built target rlfw_msgs__rosidl_typesupport_introspection_c
[1.963s] [ 74%] [32mBuilding CXX object CMakeFiles/rlfw_msgs__rosidl_typesupport_fastrtps_c.dir/rosidl_typesupport_fastrtps_c/rlfw_msgs/srv/detail/com_parameter__type_support_c.cpp.o[0m
[2.189s] [ 76%] [32m[1mLinking CXX shared library librlfw_msgs__rosidl_typesupport_introspection_cpp.so[0m
[2.246s] [ 76%] Built target rlfw_msgs__rosidl_typesupport_introspection_cpp
[2.306s] [ 77%] [32m[1mLinking CXX shared library librlfw_msgs__rosidl_typesupport_fastrtps_c.so[0m
[2.344s] [ 79%] [32m[1mLinking CXX shared library librlfw_msgs__rosidl_typesupport_fastrtps_cpp.so[0m
[2.352s] [ 79%] Built target rlfw_msgs__rosidl_typesupport_fastrtps_c
[2.391s] [ 79%] Built target rlfw_msgs__rosidl_typesupport_fastrtps_cpp
[2.403s] [ 79%] Built target rlfw_msgs
[2.423s] [ 80%] [34m[1mGenerating Python code for ROS interfaces[0m
[3.026s] [ 80%] Built target rlfw_msgs__py
[3.033s] [35m[1mConsolidate compiler generated dependencies of target rlfw_msgs__rosidl_generator_py[0m
[3.046s] [ 84%] [32mBuilding C object CMakeFiles/rlfw_msgs__rosidl_generator_py.dir/rosidl_generator_py/rlfw_msgs/msg/_motor_ctrl_s.c.o[0m
[3.047s] [ 84%] [32mBuilding C object CMakeFiles/rlfw_msgs__rosidl_generator_py.dir/rosidl_generator_py/rlfw_msgs/msg/_motor_s.c.o[0m
[3.047s] [ 85%] [32mBuilding C object CMakeFiles/rlfw_msgs__rosidl_generator_py.dir/rosidl_generator_py/rlfw_msgs/msg/_serial_msg_s.c.o[0m
[3.047s] [ 87%] [32mBuilding C object CMakeFiles/rlfw_msgs__rosidl_generator_py.dir/rosidl_generator_py/rlfw_msgs/msg/_can_msg_s.c.o[0m
[3.047s] [ 88%] [32mBuilding C object CMakeFiles/rlfw_msgs__rosidl_generator_py.dir/rosidl_generator_py/rlfw_msgs/srv/_com_parameter_s.c.o[0m
[3.131s] [ 90%] [32m[1mLinking C shared library rosidl_generator_py/rlfw_msgs/librlfw_msgs__rosidl_generator_py.so[0m
[3.157s] [ 90%] Built target rlfw_msgs__rosidl_generator_py
[3.165s] [35m[1mConsolidate compiler generated dependencies of target rlfw_msgs__rosidl_typesupport_introspection_c__pyext[0m
[3.165s] [35m[1mConsolidate compiler generated dependencies of target rlfw_msgs__rosidl_typesupport_c__pyext[0m
[3.165s] [35m[1mConsolidate compiler generated dependencies of target rlfw_msgs__rosidl_typesupport_fastrtps_c__pyext[0m
[3.175s] [ 95%] [32mBuilding C object CMakeFiles/rlfw_msgs__rosidl_typesupport_introspection_c__pyext.dir/rosidl_generator_py/rlfw_msgs/_rlfw_msgs_s.ep.rosidl_typesupport_introspection_c.c.o[0m
[3.175s] [ 95%] [32mBuilding C object CMakeFiles/rlfw_msgs__rosidl_typesupport_c__pyext.dir/rosidl_generator_py/rlfw_msgs/_rlfw_msgs_s.ep.rosidl_typesupport_c.c.o[0m
[3.175s] [ 95%] [32mBuilding C object CMakeFiles/rlfw_msgs__rosidl_typesupport_fastrtps_c__pyext.dir/rosidl_generator_py/rlfw_msgs/_rlfw_msgs_s.ep.rosidl_typesupport_fastrtps_c.c.o[0m
[3.251s] [ 98%] [32m[1mLinking C shared library rosidl_generator_py/rlfw_msgs/rlfw_msgs_s__rosidl_typesupport_c.cpython-310-x86_64-linux-gnu.so[0m
[3.251s] [ 98%] [32m[1mLinking C shared library rosidl_generator_py/rlfw_msgs/rlfw_msgs_s__rosidl_typesupport_fastrtps_c.cpython-310-x86_64-linux-gnu.so[0m
[3.251s] [100%] [32m[1mLinking C shared library rosidl_generator_py/rlfw_msgs/rlfw_msgs_s__rosidl_typesupport_introspection_c.cpython-310-x86_64-linux-gnu.so[0m
[3.275s] [100%] Built target rlfw_msgs__rosidl_typesupport_fastrtps_c__pyext
[3.275s] [100%] Built target rlfw_msgs__rosidl_typesupport_c__pyext
[3.275s] [100%] Built target rlfw_msgs__rosidl_typesupport_introspection_c__pyext
[3.283s] Invoked command in '/home/albusgive2/rlfw/rlfw_interface/build/rlfw_msgs' returned '0': CMAKE_PREFIX_PATH=${CMAKE_PREFIX_PATH}:/opt/ros/humble /usr/bin/cmake --build /home/albusgive2/rlfw/rlfw_interface/build/rlfw_msgs -- -j12 -l12
[3.289s] Invoking command in '/home/albusgive2/rlfw/rlfw_interface/build/rlfw_msgs': CMAKE_PREFIX_PATH=${CMAKE_PREFIX_PATH}:/opt/ros/humble /usr/bin/cmake --install /home/albusgive2/rlfw/rlfw_interface/build/rlfw_msgs
[3.295s] -- Install configuration: ""
[3.295s] -- Up-to-date: /home/albusgive2/rlfw/rlfw_interface/install/rlfw_msgs/share/ament_index/resource_index/rosidl_interfaces/rlfw_msgs
[3.295s] -- Up-to-date: /home/albusgive2/rlfw/rlfw_interface/install/rlfw_msgs/include/rlfw_msgs/rlfw_msgs
[3.295s] -- Up-to-date: /home/albusgive2/rlfw/rlfw_interface/install/rlfw_msgs/include/rlfw_msgs/rlfw_msgs/srv
[3.295s] -- Up-to-date: /home/albusgive2/rlfw/rlfw_interface/install/rlfw_msgs/include/rlfw_msgs/rlfw_msgs/srv/rl_srv.h
[3.295s] -- Up-to-date: /home/albusgive2/rlfw/rlfw_interface/install/rlfw_msgs/include/rlfw_msgs/rlfw_msgs/srv/detail
[3.295s] -- Installing: /home/albusgive2/rlfw/rlfw_interface/install/rlfw_msgs/include/rlfw_msgs/rlfw_msgs/srv/detail/com_parameter__type_support.h
[3.295s] -- Installing: /home/albusgive2/rlfw/rlfw_interface/install/rlfw_msgs/include/rlfw_msgs/rlfw_msgs/srv/detail/com_parameter__functions.h
[3.295s] -- Up-to-date: /home/albusgive2/rlfw/rlfw_interface/install/rlfw_msgs/include/rlfw_msgs/rlfw_msgs/srv/detail/rl_srv__struct.h
[3.295s] -- Installing: /home/albusgive2/rlfw/rlfw_interface/install/rlfw_msgs/include/rlfw_msgs/rlfw_msgs/srv/detail/com_parameter__struct.h
[3.295s] -- Up-to-date: /home/albusgive2/rlfw/rlfw_interface/install/rlfw_msgs/include/rlfw_msgs/rlfw_msgs/srv/detail/rl_srv__type_support.h
[3.295s] -- Up-to-date: /home/albusgive2/rlfw/rlfw_interface/install/rlfw_msgs/include/rlfw_msgs/rlfw_msgs/srv/detail/rl_srv__functions.c
[3.295s] -- Installing: /home/albusgive2/rlfw/rlfw_interface/install/rlfw_msgs/include/rlfw_msgs/rlfw_msgs/srv/detail/com_parameter__functions.c
[3.295s] -- Up-to-date: /home/albusgive2/rlfw/rlfw_interface/install/rlfw_msgs/include/rlfw_msgs/rlfw_msgs/srv/detail/rl_srv__functions.h
[3.295s] -- Installing: /home/albusgive2/rlfw/rlfw_interface/install/rlfw_msgs/include/rlfw_msgs/rlfw_msgs/srv/com_parameter.h
[3.295s] -- Up-to-date: /home/albusgive2/rlfw/rlfw_interface/install/rlfw_msgs/include/rlfw_msgs/rlfw_msgs/msg
[3.295s] -- Up-to-date: /home/albusgive2/rlfw/rlfw_interface/install/rlfw_msgs/include/rlfw_msgs/rlfw_msgs/msg/rosidl_generator_c__visibility_control.h
[3.295s] -- Installing: /home/albusgive2/rlfw/rlfw_interface/install/rlfw_msgs/include/rlfw_msgs/rlfw_msgs/msg/motor.h
[3.295s] -- Installing: /home/albusgive2/rlfw/rlfw_interface/install/rlfw_msgs/include/rlfw_msgs/rlfw_msgs/msg/can_msg.h
[3.295s] -- Installing: /home/albusgive2/rlfw/rlfw_interface/install/rlfw_msgs/include/rlfw_msgs/rlfw_msgs/msg/motor_ctrl.h
[3.295s] -- Installing: /home/albusgive2/rlfw/rlfw_interface/install/rlfw_msgs/include/rlfw_msgs/rlfw_msgs/msg/serial_msg.h
[3.295s] -- Up-to-date: /home/albusgive2/rlfw/rlfw_interface/install/rlfw_msgs/include/rlfw_msgs/rlfw_msgs/msg/detail
[3.295s] -- Installing: /home/albusgive2/rlfw/rlfw_interface/install/rlfw_msgs/include/rlfw_msgs/rlfw_msgs/msg/detail/can_msg__type_support.h
[3.295s] -- Installing: /home/albusgive2/rlfw/rlfw_interface/install/rlfw_msgs/include/rlfw_msgs/rlfw_msgs/msg/detail/serial_msg__type_support.h
[3.295s] -- Installing: /home/albusgive2/rlfw/rlfw_interface/install/rlfw_msgs/include/rlfw_msgs/rlfw_msgs/msg/detail/motor_ctrl__struct.h
[3.296s] -- Installing: /home/albusgive2/rlfw/rlfw_interface/install/rlfw_msgs/include/rlfw_msgs/rlfw_msgs/msg/detail/motor_ctrl__type_support.h
[3.296s] -- Installing: /home/albusgive2/rlfw/rlfw_interface/install/rlfw_msgs/include/rlfw_msgs/rlfw_msgs/msg/detail/motor__functions.c
[3.296s] -- Installing: /home/albusgive2/rlfw/rlfw_interface/install/rlfw_msgs/include/rlfw_msgs/rlfw_msgs/msg/detail/motor__functions.h
[3.296s] -- Installing: /home/albusgive2/rlfw/rlfw_interface/install/rlfw_msgs/include/rlfw_msgs/rlfw_msgs/msg/detail/serial_msg__functions.c
[3.296s] -- Installing: /home/albusgive2/rlfw/rlfw_interface/install/rlfw_msgs/include/rlfw_msgs/rlfw_msgs/msg/detail/motor__type_support.h
[3.296s] -- Installing: /home/albusgive2/rlfw/rlfw_interface/install/rlfw_msgs/include/rlfw_msgs/rlfw_msgs/msg/detail/motor__struct.h
[3.296s] -- Installing: /home/albusgive2/rlfw/rlfw_interface/install/rlfw_msgs/include/rlfw_msgs/rlfw_msgs/msg/detail/can_msg__functions.c
[3.296s] -- Installing: /home/albusgive2/rlfw/rlfw_interface/install/rlfw_msgs/include/rlfw_msgs/rlfw_msgs/msg/detail/motor_ctrl__functions.c
[3.296s] -- Installing: /home/albusgive2/rlfw/rlfw_interface/install/rlfw_msgs/include/rlfw_msgs/rlfw_msgs/msg/detail/can_msg__functions.h
[3.296s] -- Installing: /home/albusgive2/rlfw/rlfw_interface/install/rlfw_msgs/include/rlfw_msgs/rlfw_msgs/msg/detail/motor_ctrl__functions.h
[3.296s] -- Installing: /home/albusgive2/rlfw/rlfw_interface/install/rlfw_msgs/include/rlfw_msgs/rlfw_msgs/msg/detail/can_msg__struct.h
[3.296s] -- Installing: /home/albusgive2/rlfw/rlfw_interface/install/rlfw_msgs/include/rlfw_msgs/rlfw_msgs/msg/detail/serial_msg__struct.h
[3.296s] -- Installing: /home/albusgive2/rlfw/rlfw_interface/install/rlfw_msgs/include/rlfw_msgs/rlfw_msgs/msg/detail/serial_msg__functions.h
[3.296s] -- Up-to-date: /home/albusgive2/rlfw/rlfw_interface/install/rlfw_msgs/share/rlfw_msgs/environment/library_path.sh
[3.296s] -- Installing: /home/albusgive2/rlfw/rlfw_interface/install/rlfw_msgs/share/rlfw_msgs/environment/library_path.dsv
[3.296s] -- Installing: /home/albusgive2/rlfw/rlfw_interface/install/rlfw_msgs/lib/librlfw_msgs__rosidl_generator_c.so
[3.296s] -- Set runtime path of "/home/albusgive2/rlfw/rlfw_interface/install/rlfw_msgs/lib/librlfw_msgs__rosidl_generator_c.so" to ""
[3.296s] -- Up-to-date: /home/albusgive2/rlfw/rlfw_interface/install/rlfw_msgs/include/rlfw_msgs/rlfw_msgs
[3.296s] -- Up-to-date: /home/albusgive2/rlfw/rlfw_interface/install/rlfw_msgs/include/rlfw_msgs/rlfw_msgs/srv
[3.296s] -- Up-to-date: /home/albusgive2/rlfw/rlfw_interface/install/rlfw_msgs/include/rlfw_msgs/rlfw_msgs/srv/detail
[3.296s] -- Up-to-date: /home/albusgive2/rlfw/rlfw_interface/install/rlfw_msgs/include/rlfw_msgs/rlfw_msgs/srv/detail/rl_srv__rosidl_typesupport_fastrtps_c.h
[3.296s] -- Installing: /home/albusgive2/rlfw/rlfw_interface/install/rlfw_msgs/include/rlfw_msgs/rlfw_msgs/srv/detail/com_parameter__rosidl_typesupport_fastrtps_c.h
[3.297s] -- Up-to-date: /home/albusgive2/rlfw/rlfw_interface/install/rlfw_msgs/include/rlfw_msgs/rlfw_msgs/msg
[3.297s] -- Up-to-date: /home/albusgive2/rlfw/rlfw_interface/install/rlfw_msgs/include/rlfw_msgs/rlfw_msgs/msg/rosidl_typesupport_fastrtps_c__visibility_control.h
[3.297s] -- Up-to-date: /home/albusgive2/rlfw/rlfw_interface/install/rlfw_msgs/include/rlfw_msgs/rlfw_msgs/msg/detail
[3.297s] -- Installing: /home/albusgive2/rlfw/rlfw_interface/install/rlfw_msgs/include/rlfw_msgs/rlfw_msgs/msg/detail/motor_ctrl__rosidl_typesupport_fastrtps_c.h
[3.297s] -- Installing: /home/albusgive2/rlfw/rlfw_interface/install/rlfw_msgs/include/rlfw_msgs/rlfw_msgs/msg/detail/motor__rosidl_typesupport_fastrtps_c.h
[3.297s] -- Installing: /home/albusgive2/rlfw/rlfw_interface/install/rlfw_msgs/include/rlfw_msgs/rlfw_msgs/msg/detail/can_msg__rosidl_typesupport_fastrtps_c.h
[3.297s] -- Installing: /home/albusgive2/rlfw/rlfw_interface/install/rlfw_msgs/include/rlfw_msgs/rlfw_msgs/msg/detail/serial_msg__rosidl_typesupport_fastrtps_c.h
[3.297s] -- Installing: /home/albusgive2/rlfw/rlfw_interface/install/rlfw_msgs/lib/librlfw_msgs__rosidl_typesupport_fastrtps_c.so
[3.297s] -- Set runtime path of "/home/albusgive2/rlfw/rlfw_interface/install/rlfw_msgs/lib/librlfw_msgs__rosidl_typesupport_fastrtps_c.so" to ""
[3.297s] -- Up-to-date: /home/albusgive2/rlfw/rlfw_interface/install/rlfw_msgs/include/rlfw_msgs/rlfw_msgs
[3.297s] -- Up-to-date: /home/albusgive2/rlfw/rlfw_interface/install/rlfw_msgs/include/rlfw_msgs/rlfw_msgs/srv
[3.297s] -- Installing: /home/albusgive2/rlfw/rlfw_interface/install/rlfw_msgs/include/rlfw_msgs/rlfw_msgs/srv/com_parameter.hpp
[3.297s] -- Up-to-date: /home/albusgive2/rlfw/rlfw_interface/install/rlfw_msgs/include/rlfw_msgs/rlfw_msgs/srv/detail
[3.297s] -- Installing: /home/albusgive2/rlfw/rlfw_interface/install/rlfw_msgs/include/rlfw_msgs/rlfw_msgs/srv/detail/com_parameter__traits.hpp
[3.297s] -- Up-to-date: /home/albusgive2/rlfw/rlfw_interface/install/rlfw_msgs/include/rlfw_msgs/rlfw_msgs/srv/detail/rl_srv__traits.hpp
[3.297s] -- Installing: /home/albusgive2/rlfw/rlfw_interface/install/rlfw_msgs/include/rlfw_msgs/rlfw_msgs/srv/detail/com_parameter__type_support.hpp
[3.297s] -- Up-to-date: /home/albusgive2/rlfw/rlfw_interface/install/rlfw_msgs/include/rlfw_msgs/rlfw_msgs/srv/detail/rl_srv__type_support.hpp
[3.297s] -- Up-to-date: /home/albusgive2/rlfw/rlfw_interface/install/rlfw_msgs/include/rlfw_msgs/rlfw_msgs/srv/detail/rl_srv__struct.hpp
[3.297s] -- Installing: /home/albusgive2/rlfw/rlfw_interface/install/rlfw_msgs/include/rlfw_msgs/rlfw_msgs/srv/detail/com_parameter__builder.hpp
[3.297s] -- Installing: /home/albusgive2/rlfw/rlfw_interface/install/rlfw_msgs/include/rlfw_msgs/rlfw_msgs/srv/detail/com_parameter__struct.hpp
[3.297s] -- Up-to-date: /home/albusgive2/rlfw/rlfw_interface/install/rlfw_msgs/include/rlfw_msgs/rlfw_msgs/srv/detail/rl_srv__builder.hpp
[3.297s] -- Up-to-date: /home/albusgive2/rlfw/rlfw_interface/install/rlfw_msgs/include/rlfw_msgs/rlfw_msgs/srv/rl_srv.hpp
[3.297s] -- Up-to-date: /home/albusgive2/rlfw/rlfw_interface/install/rlfw_msgs/include/rlfw_msgs/rlfw_msgs/msg
[3.297s] -- Installing: /home/albusgive2/rlfw/rlfw_interface/install/rlfw_msgs/include/rlfw_msgs/rlfw_msgs/msg/motor.hpp
[3.297s] -- Installing: /home/albusgive2/rlfw/rlfw_interface/install/rlfw_msgs/include/rlfw_msgs/rlfw_msgs/msg/motor_ctrl.hpp
[3.297s] -- Installing: /home/albusgive2/rlfw/rlfw_interface/install/rlfw_msgs/include/rlfw_msgs/rlfw_msgs/msg/can_msg.hpp
[3.297s] -- Up-to-date: /home/albusgive2/rlfw/rlfw_interface/install/rlfw_msgs/include/rlfw_msgs/rlfw_msgs/msg/detail
[3.298s] -- Installing: /home/albusgive2/rlfw/rlfw_interface/install/rlfw_msgs/include/rlfw_msgs/rlfw_msgs/msg/detail/serial_msg__type_support.hpp
[3.298s] -- Installing: /home/albusgive2/rlfw/rlfw_interface/install/rlfw_msgs/include/rlfw_msgs/rlfw_msgs/msg/detail/motor_ctrl__type_support.hpp
[3.298s] -- Installing: /home/albusgive2/rlfw/rlfw_interface/install/rlfw_msgs/include/rlfw_msgs/rlfw_msgs/msg/detail/motor_ctrl__traits.hpp
[3.298s] -- Installing: /home/albusgive2/rlfw/rlfw_interface/install/rlfw_msgs/include/rlfw_msgs/rlfw_msgs/msg/detail/motor__traits.hpp
[3.298s] -- Installing: /home/albusgive2/rlfw/rlfw_interface/install/rlfw_msgs/include/rlfw_msgs/rlfw_msgs/msg/detail/motor_ctrl__struct.hpp
[3.298s] -- Installing: /home/albusgive2/rlfw/rlfw_interface/install/rlfw_msgs/include/rlfw_msgs/rlfw_msgs/msg/detail/motor__struct.hpp
[3.298s] -- Installing: /home/albusgive2/rlfw/rlfw_interface/install/rlfw_msgs/include/rlfw_msgs/rlfw_msgs/msg/detail/motor_ctrl__builder.hpp
[3.298s] -- Installing: /home/albusgive2/rlfw/rlfw_interface/install/rlfw_msgs/include/rlfw_msgs/rlfw_msgs/msg/detail/motor__type_support.hpp
[3.298s] -- Installing: /home/albusgive2/rlfw/rlfw_interface/install/rlfw_msgs/include/rlfw_msgs/rlfw_msgs/msg/detail/can_msg__traits.hpp
[3.298s] -- Installing: /home/albusgive2/rlfw/rlfw_interface/install/rlfw_msgs/include/rlfw_msgs/rlfw_msgs/msg/detail/motor__builder.hpp
[3.298s] -- Installing: /home/albusgive2/rlfw/rlfw_interface/install/rlfw_msgs/include/rlfw_msgs/rlfw_msgs/msg/detail/can_msg__builder.hpp
[3.298s] -- Installing: /home/albusgive2/rlfw/rlfw_interface/install/rlfw_msgs/include/rlfw_msgs/rlfw_msgs/msg/detail/can_msg__struct.hpp
[3.298s] -- Installing: /home/albusgive2/rlfw/rlfw_interface/install/rlfw_msgs/include/rlfw_msgs/rlfw_msgs/msg/detail/serial_msg__traits.hpp
[3.298s] -- Installing: /home/albusgive2/rlfw/rlfw_interface/install/rlfw_msgs/include/rlfw_msgs/rlfw_msgs/msg/detail/serial_msg__builder.hpp
[3.298s] -- Installing: /home/albusgive2/rlfw/rlfw_interface/install/rlfw_msgs/include/rlfw_msgs/rlfw_msgs/msg/detail/serial_msg__struct.hpp
[3.298s] -- Installing: /home/albusgive2/rlfw/rlfw_interface/install/rlfw_msgs/include/rlfw_msgs/rlfw_msgs/msg/detail/can_msg__type_support.hpp
[3.298s] -- Installing: /home/albusgive2/rlfw/rlfw_interface/install/rlfw_msgs/include/rlfw_msgs/rlfw_msgs/msg/serial_msg.hpp
[3.298s] -- Up-to-date: /home/albusgive2/rlfw/rlfw_interface/install/rlfw_msgs/include/rlfw_msgs/rlfw_msgs/msg/rosidl_generator_cpp__visibility_control.hpp
[3.298s] -- Up-to-date: /home/albusgive2/rlfw/rlfw_interface/install/rlfw_msgs/include/rlfw_msgs/rlfw_msgs
[3.298s] -- Up-to-date: /home/albusgive2/rlfw/rlfw_interface/install/rlfw_msgs/include/rlfw_msgs/rlfw_msgs/srv
[3.298s] -- Up-to-date: /home/albusgive2/rlfw/rlfw_interface/install/rlfw_msgs/include/rlfw_msgs/rlfw_msgs/srv/detail
[3.298s] -- Up-to-date: /home/albusgive2/rlfw/rlfw_interface/install/rlfw_msgs/include/rlfw_msgs/rlfw_msgs/srv/detail/dds_fastrtps
[3.298s] -- Up-to-date: /home/albusgive2/rlfw/rlfw_interface/install/rlfw_msgs/include/rlfw_msgs/rlfw_msgs/srv/detail/rl_srv__rosidl_typesupport_fastrtps_cpp.hpp
[3.298s] -- Installing: /home/albusgive2/rlfw/rlfw_interface/install/rlfw_msgs/include/rlfw_msgs/rlfw_msgs/srv/detail/com_parameter__rosidl_typesupport_fastrtps_cpp.hpp
[3.298s] -- Up-to-date: /home/albusgive2/rlfw/rlfw_interface/install/rlfw_msgs/include/rlfw_msgs/rlfw_msgs/msg
[3.298s] -- Up-to-date: /home/albusgive2/rlfw/rlfw_interface/install/rlfw_msgs/include/rlfw_msgs/rlfw_msgs/msg/rosidl_typesupport_fastrtps_cpp__visibility_control.h
[3.298s] -- Up-to-date: /home/albusgive2/rlfw/rlfw_interface/install/rlfw_msgs/include/rlfw_msgs/rlfw_msgs/msg/detail
[3.299s] -- Up-to-date: /home/albusgive2/rlfw/rlfw_interface/install/rlfw_msgs/include/rlfw_msgs/rlfw_msgs/msg/detail/dds_fastrtps
[3.299s] -- Installing: /home/albusgive2/rlfw/rlfw_interface/install/rlfw_msgs/include/rlfw_msgs/rlfw_msgs/msg/detail/can_msg__rosidl_typesupport_fastrtps_cpp.hpp
[3.299s] -- Installing: /home/albusgive2/rlfw/rlfw_interface/install/rlfw_msgs/include/rlfw_msgs/rlfw_msgs/msg/detail/motor__rosidl_typesupport_fastrtps_cpp.hpp
[3.299s] -- Installing: /home/albusgive2/rlfw/rlfw_interface/install/rlfw_msgs/include/rlfw_msgs/rlfw_msgs/msg/detail/serial_msg__rosidl_typesupport_fastrtps_cpp.hpp
[3.299s] -- Installing: /home/albusgive2/rlfw/rlfw_interface/install/rlfw_msgs/include/rlfw_msgs/rlfw_msgs/msg/detail/motor_ctrl__rosidl_typesupport_fastrtps_cpp.hpp
[3.299s] -- Installing: /home/albusgive2/rlfw/rlfw_interface/install/rlfw_msgs/lib/librlfw_msgs__rosidl_typesupport_fastrtps_cpp.so
[3.299s] -- Set runtime path of "/home/albusgive2/rlfw/rlfw_interface/install/rlfw_msgs/lib/librlfw_msgs__rosidl_typesupport_fastrtps_cpp.so" to ""
[3.299s] -- Up-to-date: /home/albusgive2/rlfw/rlfw_interface/install/rlfw_msgs/include/rlfw_msgs/rlfw_msgs
[3.299s] -- Up-to-date: /home/albusgive2/rlfw/rlfw_interface/install/rlfw_msgs/include/rlfw_msgs/rlfw_msgs/srv
[3.299s] -- Up-to-date: /home/albusgive2/rlfw/rlfw_interface/install/rlfw_msgs/include/rlfw_msgs/rlfw_msgs/srv/detail
[3.299s] -- Installing: /home/albusgive2/rlfw/rlfw_interface/install/rlfw_msgs/include/rlfw_msgs/rlfw_msgs/srv/detail/com_parameter__type_support.c
[3.299s] -- Up-to-date: /home/albusgive2/rlfw/rlfw_interface/install/rlfw_msgs/include/rlfw_msgs/rlfw_msgs/srv/detail/rl_srv__type_support.c
[3.299s] -- Installing: /home/albusgive2/rlfw/rlfw_interface/install/rlfw_msgs/include/rlfw_msgs/rlfw_msgs/srv/detail/com_parameter__rosidl_typesupport_introspection_c.h
[3.299s] -- Up-to-date: /home/albusgive2/rlfw/rlfw_interface/install/rlfw_msgs/include/rlfw_msgs/rlfw_msgs/srv/detail/rl_srv__rosidl_typesupport_introspection_c.h
[3.299s] -- Up-to-date: /home/albusgive2/rlfw/rlfw_interface/install/rlfw_msgs/include/rlfw_msgs/rlfw_msgs/msg
[3.299s] -- Up-to-date: /home/albusgive2/rlfw/rlfw_interface/install/rlfw_msgs/include/rlfw_msgs/rlfw_msgs/msg/rosidl_typesupport_introspection_c__visibility_control.h
[3.299s] -- Up-to-date: /home/albusgive2/rlfw/rlfw_interface/install/rlfw_msgs/include/rlfw_msgs/rlfw_msgs/msg/detail
[3.299s] -- Installing: /home/albusgive2/rlfw/rlfw_interface/install/rlfw_msgs/include/rlfw_msgs/rlfw_msgs/msg/detail/motor__rosidl_typesupport_introspection_c.h
[3.299s] -- Installing: /home/albusgive2/rlfw/rlfw_interface/install/rlfw_msgs/include/rlfw_msgs/rlfw_msgs/msg/detail/can_msg__rosidl_typesupport_introspection_c.h
[3.299s] -- Installing: /home/albusgive2/rlfw/rlfw_interface/install/rlfw_msgs/include/rlfw_msgs/rlfw_msgs/msg/detail/motor__type_support.c
[3.299s] -- Installing: /home/albusgive2/rlfw/rlfw_interface/install/rlfw_msgs/include/rlfw_msgs/rlfw_msgs/msg/detail/can_msg__type_support.c
[3.300s] -- Installing: /home/albusgive2/rlfw/rlfw_interface/install/rlfw_msgs/include/rlfw_msgs/rlfw_msgs/msg/detail/serial_msg__rosidl_typesupport_introspection_c.h
[3.300s] -- Installing: /home/albusgive2/rlfw/rlfw_interface/install/rlfw_msgs/include/rlfw_msgs/rlfw_msgs/msg/detail/motor_ctrl__type_support.c
[3.300s] -- Installing: /home/albusgive2/rlfw/rlfw_interface/install/rlfw_msgs/include/rlfw_msgs/rlfw_msgs/msg/detail/serial_msg__type_support.c
[3.300s] -- Installing: /home/albusgive2/rlfw/rlfw_interface/install/rlfw_msgs/include/rlfw_msgs/rlfw_msgs/msg/detail/motor_ctrl__rosidl_typesupport_introspection_c.h
[3.300s] -- Installing: /home/albusgive2/rlfw/rlfw_interface/install/rlfw_msgs/lib/librlfw_msgs__rosidl_typesupport_introspection_c.so
[3.300s] -- Set runtime path of "/home/albusgive2/rlfw/rlfw_interface/install/rlfw_msgs/lib/librlfw_msgs__rosidl_typesupport_introspection_c.so" to ""
[3.300s] -- Installing: /home/albusgive2/rlfw/rlfw_interface/install/rlfw_msgs/lib/librlfw_msgs__rosidl_typesupport_c.so
[3.300s] -- Set runtime path of "/home/albusgive2/rlfw/rlfw_interface/install/rlfw_msgs/lib/librlfw_msgs__rosidl_typesupport_c.so" to ""
[3.300s] -- Up-to-date: /home/albusgive2/rlfw/rlfw_interface/install/rlfw_msgs/include/rlfw_msgs/rlfw_msgs
[3.300s] -- Up-to-date: /home/albusgive2/rlfw/rlfw_interface/install/rlfw_msgs/include/rlfw_msgs/rlfw_msgs/srv
[3.300s] -- Up-to-date: /home/albusgive2/rlfw/rlfw_interface/install/rlfw_msgs/include/rlfw_msgs/rlfw_msgs/srv/detail
[3.300s] -- Installing: /home/albusgive2/rlfw/rlfw_interface/install/rlfw_msgs/include/rlfw_msgs/rlfw_msgs/srv/detail/com_parameter__type_support.cpp
[3.300s] -- Installing: /home/albusgive2/rlfw/rlfw_interface/install/rlfw_msgs/include/rlfw_msgs/rlfw_msgs/srv/detail/com_parameter__rosidl_typesupport_introspection_cpp.hpp
[3.300s] -- Up-to-date: /home/albusgive2/rlfw/rlfw_interface/install/rlfw_msgs/include/rlfw_msgs/rlfw_msgs/srv/detail/rl_srv__rosidl_typesupport_introspection_cpp.hpp
[3.300s] -- Up-to-date: /home/albusgive2/rlfw/rlfw_interface/install/rlfw_msgs/include/rlfw_msgs/rlfw_msgs/srv/detail/rl_srv__type_support.cpp
[3.300s] -- Up-to-date: /home/albusgive2/rlfw/rlfw_interface/install/rlfw_msgs/include/rlfw_msgs/rlfw_msgs/msg
[3.300s] -- Up-to-date: /home/albusgive2/rlfw/rlfw_interface/install/rlfw_msgs/include/rlfw_msgs/rlfw_msgs/msg/detail
[3.300s] -- Installing: /home/albusgive2/rlfw/rlfw_interface/install/rlfw_msgs/include/rlfw_msgs/rlfw_msgs/msg/detail/serial_msg__type_support.cpp
[3.300s] -- Installing: /home/albusgive2/rlfw/rlfw_interface/install/rlfw_msgs/include/rlfw_msgs/rlfw_msgs/msg/detail/motor_ctrl__type_support.cpp
[3.300s] -- Installing: /home/albusgive2/rlfw/rlfw_interface/install/rlfw_msgs/include/rlfw_msgs/rlfw_msgs/msg/detail/motor__type_support.cpp
[3.300s] -- Installing: /home/albusgive2/rlfw/rlfw_interface/install/rlfw_msgs/include/rlfw_msgs/rlfw_msgs/msg/detail/can_msg__type_support.cpp
[3.301s] -- Installing: /home/albusgive2/rlfw/rlfw_interface/install/rlfw_msgs/include/rlfw_msgs/rlfw_msgs/msg/detail/serial_msg__rosidl_typesupport_introspection_cpp.hpp
[3.301s] -- Installing: /home/albusgive2/rlfw/rlfw_interface/install/rlfw_msgs/include/rlfw_msgs/rlfw_msgs/msg/detail/motor__rosidl_typesupport_introspection_cpp.hpp
[3.301s] -- Installing: /home/albusgive2/rlfw/rlfw_interface/install/rlfw_msgs/include/rlfw_msgs/rlfw_msgs/msg/detail/motor_ctrl__rosidl_typesupport_introspection_cpp.hpp
[3.301s] -- Installing: /home/albusgive2/rlfw/rlfw_interface/install/rlfw_msgs/include/rlfw_msgs/rlfw_msgs/msg/detail/can_msg__rosidl_typesupport_introspection_cpp.hpp
[3.301s] -- Installing: /home/albusgive2/rlfw/rlfw_interface/install/rlfw_msgs/lib/librlfw_msgs__rosidl_typesupport_introspection_cpp.so
[3.301s] -- Set runtime path of "/home/albusgive2/rlfw/rlfw_interface/install/rlfw_msgs/lib/librlfw_msgs__rosidl_typesupport_introspection_cpp.so" to ""
[3.301s] -- Installing: /home/albusgive2/rlfw/rlfw_interface/install/rlfw_msgs/lib/librlfw_msgs__rosidl_typesupport_cpp.so
[3.301s] -- Set runtime path of "/home/albusgive2/rlfw/rlfw_interface/install/rlfw_msgs/lib/librlfw_msgs__rosidl_typesupport_cpp.so" to ""
[3.301s] -- Up-to-date: /home/albusgive2/rlfw/rlfw_interface/install/rlfw_msgs/share/rlfw_msgs/environment/pythonpath.sh
[3.301s] -- Installing: /home/albusgive2/rlfw/rlfw_interface/install/rlfw_msgs/share/rlfw_msgs/environment/pythonpath.dsv
[3.301s] -- Up-to-date: /home/albusgive2/rlfw/rlfw_interface/install/rlfw_msgs/local/lib/python3.10/dist-packages/rlfw_msgs-0.0.0-py3.10.egg-info
[3.301s] -- Installing: /home/albusgive2/rlfw/rlfw_interface/install/rlfw_msgs/local/lib/python3.10/dist-packages/rlfw_msgs-0.0.0-py3.10.egg-info/PKG-INFO
[3.302s] -- Installing: /home/albusgive2/rlfw/rlfw_interface/install/rlfw_msgs/local/lib/python3.10/dist-packages/rlfw_msgs-0.0.0-py3.10.egg-info/SOURCES.txt
[3.302s] -- Installing: /home/albusgive2/rlfw/rlfw_interface/install/rlfw_msgs/local/lib/python3.10/dist-packages/rlfw_msgs-0.0.0-py3.10.egg-info/dependency_links.txt
[3.302s] -- Installing: /home/albusgive2/rlfw/rlfw_interface/install/rlfw_msgs/local/lib/python3.10/dist-packages/rlfw_msgs-0.0.0-py3.10.egg-info/top_level.txt
[3.302s] -- Up-to-date: /home/albusgive2/rlfw/rlfw_interface/install/rlfw_msgs/local/lib/python3.10/dist-packages/rlfw_msgs
[3.302s] -- Installing: /home/albusgive2/rlfw/rlfw_interface/install/rlfw_msgs/local/lib/python3.10/dist-packages/rlfw_msgs/rlfw_msgs_s__rosidl_typesupport_fastrtps_c.cpython-310-x86_64-linux-gnu.so
[3.302s] -- Installing: /home/albusgive2/rlfw/rlfw_interface/install/rlfw_msgs/local/lib/python3.10/dist-packages/rlfw_msgs/_rlfw_msgs_s.ep.rosidl_typesupport_fastrtps_c.c
[3.302s] -- Installing: /home/albusgive2/rlfw/rlfw_interface/install/rlfw_msgs/local/lib/python3.10/dist-packages/rlfw_msgs/rlfw_msgs_s__rosidl_typesupport_introspection_c.cpython-310-x86_64-linux-gnu.so
[3.302s] -- Installing: /home/albusgive2/rlfw/rlfw_interface/install/rlfw_msgs/local/lib/python3.10/dist-packages/rlfw_msgs/_rlfw_msgs_s.ep.rosidl_typesupport_introspection_c.c
[3.302s] -- Installing: /home/albusgive2/rlfw/rlfw_interface/install/rlfw_msgs/local/lib/python3.10/dist-packages/rlfw_msgs/librlfw_msgs__rosidl_generator_py.so
[3.303s] -- Up-to-date: /home/albusgive2/rlfw/rlfw_interface/install/rlfw_msgs/local/lib/python3.10/dist-packages/rlfw_msgs/srv
[3.303s] -- Installing: /home/albusgive2/rlfw/rlfw_interface/install/rlfw_msgs/local/lib/python3.10/dist-packages/rlfw_msgs/srv/_com_parameter.py
[3.303s] -- Installing: /home/albusgive2/rlfw/rlfw_interface/install/rlfw_msgs/local/lib/python3.10/dist-packages/rlfw_msgs/srv/_com_parameter_s.c
[3.303s] -- Installing: /home/albusgive2/rlfw/rlfw_interface/install/rlfw_msgs/local/lib/python3.10/dist-packages/rlfw_msgs/srv/__init__.py
[3.303s] -- Up-to-date: /home/albusgive2/rlfw/rlfw_interface/install/rlfw_msgs/local/lib/python3.10/dist-packages/rlfw_msgs/srv/_rl_srv_s.c
[3.303s] -- Up-to-date: /home/albusgive2/rlfw/rlfw_interface/install/rlfw_msgs/local/lib/python3.10/dist-packages/rlfw_msgs/srv/_rl_srv.py
[3.303s] -- Installing: /home/albusgive2/rlfw/rlfw_interface/install/rlfw_msgs/local/lib/python3.10/dist-packages/rlfw_msgs/rlfw_msgs_s__rosidl_typesupport_c.cpython-310-x86_64-linux-gnu.so
[3.303s] -- Installing: /home/albusgive2/rlfw/rlfw_interface/install/rlfw_msgs/local/lib/python3.10/dist-packages/rlfw_msgs/__init__.py
[3.303s] -- Up-to-date: /home/albusgive2/rlfw/rlfw_interface/install/rlfw_msgs/local/lib/python3.10/dist-packages/rlfw_msgs/msg
[3.303s] -- Installing: /home/albusgive2/rlfw/rlfw_interface/install/rlfw_msgs/local/lib/python3.10/dist-packages/rlfw_msgs/msg/_motor_s.c
[3.303s] -- Installing: /home/albusgive2/rlfw/rlfw_interface/install/rlfw_msgs/local/lib/python3.10/dist-packages/rlfw_msgs/msg/_motor_ctrl.py
[3.303s] -- Installing: /home/albusgive2/rlfw/rlfw_interface/install/rlfw_msgs/local/lib/python3.10/dist-packages/rlfw_msgs/msg/_can_msg_s.c
[3.303s] -- Installing: /home/albusgive2/rlfw/rlfw_interface/install/rlfw_msgs/local/lib/python3.10/dist-packages/rlfw_msgs/msg/_can_msg.py
[3.303s] -- Installing: /home/albusgive2/rlfw/rlfw_interface/install/rlfw_msgs/local/lib/python3.10/dist-packages/rlfw_msgs/msg/_serial_msg_s.c
[3.304s] -- Installing: /home/albusgive2/rlfw/rlfw_interface/install/rlfw_msgs/local/lib/python3.10/dist-packages/rlfw_msgs/msg/_motor.py
[3.304s] -- Installing: /home/albusgive2/rlfw/rlfw_interface/install/rlfw_msgs/local/lib/python3.10/dist-packages/rlfw_msgs/msg/_motor_ctrl_s.c
[3.304s] -- Installing: /home/albusgive2/rlfw/rlfw_interface/install/rlfw_msgs/local/lib/python3.10/dist-packages/rlfw_msgs/msg/__init__.py
[3.304s] -- Installing: /home/albusgive2/rlfw/rlfw_interface/install/rlfw_msgs/local/lib/python3.10/dist-packages/rlfw_msgs/msg/_serial_msg.py
[3.304s] -- Installing: /home/albusgive2/rlfw/rlfw_interface/install/rlfw_msgs/local/lib/python3.10/dist-packages/rlfw_msgs/_rlfw_msgs_s.ep.rosidl_typesupport_c.c
[3.331s] Listing '/home/albusgive2/rlfw/rlfw_interface/install/rlfw_msgs/local/lib/python3.10/dist-packages/rlfw_msgs'...
[3.331s] Compiling '/home/albusgive2/rlfw/rlfw_interface/install/rlfw_msgs/local/lib/python3.10/dist-packages/rlfw_msgs/__init__.py'...
[3.331s] Listing '/home/albusgive2/rlfw/rlfw_interface/install/rlfw_msgs/local/lib/python3.10/dist-packages/rlfw_msgs/msg'...
[3.331s] Compiling '/home/albusgive2/rlfw/rlfw_interface/install/rlfw_msgs/local/lib/python3.10/dist-packages/rlfw_msgs/msg/__init__.py'...
[3.331s] Compiling '/home/albusgive2/rlfw/rlfw_interface/install/rlfw_msgs/local/lib/python3.10/dist-packages/rlfw_msgs/msg/_can_msg.py'...
[3.331s] Compiling '/home/albusgive2/rlfw/rlfw_interface/install/rlfw_msgs/local/lib/python3.10/dist-packages/rlfw_msgs/msg/_motor.py'...
[3.331s] Compiling '/home/albusgive2/rlfw/rlfw_interface/install/rlfw_msgs/local/lib/python3.10/dist-packages/rlfw_msgs/msg/_motor_ctrl.py'...
[3.331s] Compiling '/home/albusgive2/rlfw/rlfw_interface/install/rlfw_msgs/local/lib/python3.10/dist-packages/rlfw_msgs/msg/_serial_msg.py'...
[3.331s] Listing '/home/albusgive2/rlfw/rlfw_interface/install/rlfw_msgs/local/lib/python3.10/dist-packages/rlfw_msgs/srv'...
[3.331s] Compiling '/home/albusgive2/rlfw/rlfw_interface/install/rlfw_msgs/local/lib/python3.10/dist-packages/rlfw_msgs/srv/__init__.py'...
[3.331s] Compiling '/home/albusgive2/rlfw/rlfw_interface/install/rlfw_msgs/local/lib/python3.10/dist-packages/rlfw_msgs/srv/_com_parameter.py'...
[3.334s] -- Installing: /home/albusgive2/rlfw/rlfw_interface/install/rlfw_msgs/local/lib/python3.10/dist-packages/rlfw_msgs/rlfw_msgs_s__rosidl_typesupport_fastrtps_c.cpython-310-x86_64-linux-gnu.so
[3.335s] -- Set runtime path of "/home/albusgive2/rlfw/rlfw_interface/install/rlfw_msgs/local/lib/python3.10/dist-packages/rlfw_msgs/rlfw_msgs_s__rosidl_typesupport_fastrtps_c.cpython-310-x86_64-linux-gnu.so" to ""
[3.335s] -- Installing: /home/albusgive2/rlfw/rlfw_interface/install/rlfw_msgs/local/lib/python3.10/dist-packages/rlfw_msgs/rlfw_msgs_s__rosidl_typesupport_introspection_c.cpython-310-x86_64-linux-gnu.so
[3.335s] -- Set runtime path of "/home/albusgive2/rlfw/rlfw_interface/install/rlfw_msgs/local/lib/python3.10/dist-packages/rlfw_msgs/rlfw_msgs_s__rosidl_typesupport_introspection_c.cpython-310-x86_64-linux-gnu.so" to ""
[3.335s] -- Installing: /home/albusgive2/rlfw/rlfw_interface/install/rlfw_msgs/local/lib/python3.10/dist-packages/rlfw_msgs/rlfw_msgs_s__rosidl_typesupport_c.cpython-310-x86_64-linux-gnu.so
[3.335s] -- Set runtime path of "/home/albusgive2/rlfw/rlfw_interface/install/rlfw_msgs/local/lib/python3.10/dist-packages/rlfw_msgs/rlfw_msgs_s__rosidl_typesupport_c.cpython-310-x86_64-linux-gnu.so" to ""
[3.336s] -- Installing: /home/albusgive2/rlfw/rlfw_interface/install/rlfw_msgs/lib/librlfw_msgs__rosidl_generator_py.so
[3.336s] -- Set runtime path of "/home/albusgive2/rlfw/rlfw_interface/install/rlfw_msgs/lib/librlfw_msgs__rosidl_generator_py.so" to ""
[3.336s] -- Up-to-date: /home/albusgive2/rlfw/rlfw_interface/install/rlfw_msgs/share/rlfw_msgs/msg/Motor.idl
[3.336s] -- Installing: /home/albusgive2/rlfw/rlfw_interface/install/rlfw_msgs/share/rlfw_msgs/msg/MotorCtrl.idl
[3.336s] -- Up-to-date: /home/albusgive2/rlfw/rlfw_interface/install/rlfw_msgs/share/rlfw_msgs/msg/CanMsg.idl
[3.336s] -- Up-to-date: /home/albusgive2/rlfw/rlfw_interface/install/rlfw_msgs/share/rlfw_msgs/msg/SerialMsg.idl
[3.336s] -- Up-to-date: /home/albusgive2/rlfw/rlfw_interface/install/rlfw_msgs/share/rlfw_msgs/srv/ComParameter.idl
[3.336s] -- Up-to-date: /home/albusgive2/rlfw/rlfw_interface/install/rlfw_msgs/share/rlfw_msgs/msg/Motor.msg
[3.336s] -- Installing: /home/albusgive2/rlfw/rlfw_interface/install/rlfw_msgs/share/rlfw_msgs/msg/MotorCtrl.msg
[3.336s] -- Up-to-date: /home/albusgive2/rlfw/rlfw_interface/install/rlfw_msgs/share/rlfw_msgs/msg/CanMsg.msg
[3.336s] -- Up-to-date: /home/albusgive2/rlfw/rlfw_interface/install/rlfw_msgs/share/rlfw_msgs/msg/SerialMsg.msg
[3.336s] -- Up-to-date: /home/albusgive2/rlfw/rlfw_interface/install/rlfw_msgs/share/rlfw_msgs/srv/ComParameter.srv
[3.336s] -- Up-to-date: /home/albusgive2/rlfw/rlfw_interface/install/rlfw_msgs/share/rlfw_msgs/srv/ComParameter_Request.msg
[3.336s] -- Up-to-date: /home/albusgive2/rlfw/rlfw_interface/install/rlfw_msgs/share/rlfw_msgs/srv/ComParameter_Response.msg
[3.336s] -- Up-to-date: /home/albusgive2/rlfw/rlfw_interface/install/rlfw_msgs/share/ament_index/resource_index/package_run_dependencies/rlfw_msgs
[3.336s] -- Up-to-date: /home/albusgive2/rlfw/rlfw_interface/install/rlfw_msgs/share/ament_index/resource_index/parent_prefix_path/rlfw_msgs
[3.336s] -- Up-to-date: /home/albusgive2/rlfw/rlfw_interface/install/rlfw_msgs/share/rlfw_msgs/environment/ament_prefix_path.sh
[3.337s] -- Installing: /home/albusgive2/rlfw/rlfw_interface/install/rlfw_msgs/share/rlfw_msgs/environment/ament_prefix_path.dsv
[3.337s] -- Up-to-date: /home/albusgive2/rlfw/rlfw_interface/install/rlfw_msgs/share/rlfw_msgs/environment/path.sh
[3.337s] -- Installing: /home/albusgive2/rlfw/rlfw_interface/install/rlfw_msgs/share/rlfw_msgs/environment/path.dsv
[3.337s] -- Up-to-date: /home/albusgive2/rlfw/rlfw_interface/install/rlfw_msgs/share/rlfw_msgs/local_setup.bash
[3.337s] -- Up-to-date: /home/albusgive2/rlfw/rlfw_interface/install/rlfw_msgs/share/rlfw_msgs/local_setup.sh
[3.337s] -- Up-to-date: /home/albusgive2/rlfw/rlfw_interface/install/rlfw_msgs/share/rlfw_msgs/local_setup.zsh
[3.337s] -- Installing: /home/albusgive2/rlfw/rlfw_interface/install/rlfw_msgs/share/rlfw_msgs/local_setup.dsv
[3.337s] -- Installing: /home/albusgive2/rlfw/rlfw_interface/install/rlfw_msgs/share/rlfw_msgs/package.dsv
[3.337s] -- Up-to-date: /home/albusgive2/rlfw/rlfw_interface/install/rlfw_msgs/share/ament_index/resource_index/packages/rlfw_msgs
[3.337s] -- Up-to-date: /home/albusgive2/rlfw/rlfw_interface/install/rlfw_msgs/share/rlfw_msgs/cmake/export_rlfw_msgs__rosidl_generator_cExport.cmake
[3.337s] -- Up-to-date: /home/albusgive2/rlfw/rlfw_interface/install/rlfw_msgs/share/rlfw_msgs/cmake/export_rlfw_msgs__rosidl_generator_cExport-noconfig.cmake
[3.337s] -- Up-to-date: /home/albusgive2/rlfw/rlfw_interface/install/rlfw_msgs/share/rlfw_msgs/cmake/export_rlfw_msgs__rosidl_typesupport_fastrtps_cExport.cmake
[3.337s] -- Up-to-date: /home/albusgive2/rlfw/rlfw_interface/install/rlfw_msgs/share/rlfw_msgs/cmake/export_rlfw_msgs__rosidl_typesupport_fastrtps_cExport-noconfig.cmake
[3.337s] -- Up-to-date: /home/albusgive2/rlfw/rlfw_interface/install/rlfw_msgs/share/rlfw_msgs/cmake/export_rlfw_msgs__rosidl_generator_cppExport.cmake
[3.337s] -- Up-to-date: /home/albusgive2/rlfw/rlfw_interface/install/rlfw_msgs/share/rlfw_msgs/cmake/export_rlfw_msgs__rosidl_typesupport_fastrtps_cppExport.cmake
[3.337s] -- Up-to-date: /home/albusgive2/rlfw/rlfw_interface/install/rlfw_msgs/share/rlfw_msgs/cmake/export_rlfw_msgs__rosidl_typesupport_fastrtps_cppExport-noconfig.cmake
[3.337s] -- Up-to-date: /home/albusgive2/rlfw/rlfw_interface/install/rlfw_msgs/share/rlfw_msgs/cmake/rlfw_msgs__rosidl_typesupport_introspection_cExport.cmake
[3.337s] -- Up-to-date: /home/albusgive2/rlfw/rlfw_interface/install/rlfw_msgs/share/rlfw_msgs/cmake/rlfw_msgs__rosidl_typesupport_introspection_cExport-noconfig.cmake
[3.337s] -- Up-to-date: /home/albusgive2/rlfw/rlfw_interface/install/rlfw_msgs/share/rlfw_msgs/cmake/rlfw_msgs__rosidl_typesupport_cExport.cmake
[3.337s] -- Up-to-date: /home/albusgive2/rlfw/rlfw_interface/install/rlfw_msgs/share/rlfw_msgs/cmake/rlfw_msgs__rosidl_typesupport_cExport-noconfig.cmake
[3.337s] -- Up-to-date: /home/albusgive2/rlfw/rlfw_interface/install/rlfw_msgs/share/rlfw_msgs/cmake/rlfw_msgs__rosidl_typesupport_introspection_cppExport.cmake
[3.337s] -- Up-to-date: /home/albusgive2/rlfw/rlfw_interface/install/rlfw_msgs/share/rlfw_msgs/cmake/rlfw_msgs__rosidl_typesupport_introspection_cppExport-noconfig.cmake
[3.337s] -- Up-to-date: /home/albusgive2/rlfw/rlfw_interface/install/rlfw_msgs/share/rlfw_msgs/cmake/rlfw_msgs__rosidl_typesupport_cppExport.cmake
[3.337s] -- Up-to-date: /home/albusgive2/rlfw/rlfw_interface/install/rlfw_msgs/share/rlfw_msgs/cmake/rlfw_msgs__rosidl_typesupport_cppExport-noconfig.cmake
[3.337s] -- Up-to-date: /home/albusgive2/rlfw/rlfw_interface/install/rlfw_msgs/share/rlfw_msgs/cmake/export_rlfw_msgs__rosidl_generator_pyExport.cmake
[3.337s] -- Up-to-date: /home/albusgive2/rlfw/rlfw_interface/install/rlfw_msgs/share/rlfw_msgs/cmake/export_rlfw_msgs__rosidl_generator_pyExport-noconfig.cmake
[3.337s] -- Up-to-date: /home/albusgive2/rlfw/rlfw_interface/install/rlfw_msgs/share/rlfw_msgs/cmake/rosidl_cmake-extras.cmake
[3.337s] -- Up-to-date: /home/albusgive2/rlfw/rlfw_interface/install/rlfw_msgs/share/rlfw_msgs/cmake/ament_cmake_export_dependencies-extras.cmake
[3.337s] -- Up-to-date: /home/albusgive2/rlfw/rlfw_interface/install/rlfw_msgs/share/rlfw_msgs/cmake/ament_cmake_export_include_directories-extras.cmake
[3.338s] -- Up-to-date: /home/albusgive2/rlfw/rlfw_interface/install/rlfw_msgs/share/rlfw_msgs/cmake/ament_cmake_export_libraries-extras.cmake
[3.338s] -- Up-to-date: /home/albusgive2/rlfw/rlfw_interface/install/rlfw_msgs/share/rlfw_msgs/cmake/ament_cmake_export_targets-extras.cmake
[3.338s] -- Up-to-date: /home/albusgive2/rlfw/rlfw_interface/install/rlfw_msgs/share/rlfw_msgs/cmake/rosidl_cmake_export_typesupport_targets-extras.cmake
[3.338s] -- Up-to-date: /home/albusgive2/rlfw/rlfw_interface/install/rlfw_msgs/share/rlfw_msgs/cmake/rosidl_cmake_export_typesupport_libraries-extras.cmake
[3.338s] -- Up-to-date: /home/albusgive2/rlfw/rlfw_interface/install/rlfw_msgs/share/rlfw_msgs/cmake/rlfw_msgsConfig.cmake
[3.338s] -- Up-to-date: /home/albusgive2/rlfw/rlfw_interface/install/rlfw_msgs/share/rlfw_msgs/cmake/rlfw_msgsConfig-version.cmake
[3.338s] -- Up-to-date: /home/albusgive2/rlfw/rlfw_interface/install/rlfw_msgs/share/rlfw_msgs/package.xml
[3.339s] Invoked command in '/home/albusgive2/rlfw/rlfw_interface/build/rlfw_msgs' returned '0': CMAKE_PREFIX_PATH=${CMAKE_PREFIX_PATH}:/opt/ros/humble /usr/bin/cmake --install /home/albusgive2/rlfw/rlfw_interface/build/rlfw_msgs
