[0.063s] DEBUG:colcon:Command line arguments: ['/usr/bin/colcon', 'build']
[0.063s] DEBUG:colcon:Parsed command line arguments: Namespace(log_base=None, log_level=None, verb_name='build', build_base='build', install_base='install', merge_install=False, symlink_install=False, test_result_base=None, continue_on_error=False, executor='parallel', parallel_workers=12, event_handlers=None, ignore_user_meta=False, metas=['./colcon.meta'], base_paths=['.'], packages_ignore=None, packages_ignore_regex=None, paths=None, packages_up_to=None, packages_up_to_regex=None, packages_above=None, packages_above_and_dependencies=None, packages_above_depth=None, packages_select_by_dep=None, packages_skip_by_dep=None, packages_skip_up_to=None, packages_select_build_failed=False, packages_skip_build_finished=False, packages_select_test_failures=False, packages_skip_test_passed=False, packages_select=None, packages_skip=None, packages_select_regex=None, packages_skip_regex=None, packages_start=None, packages_end=None, allow_overriding=[], cmake_args=None, cmake_target=None, cmake_target_skip_unavailable=False, cmake_clean_cache=False, cmake_clean_first=False, cmake_force_configure=False, ament_cmake_args=None, catkin_cmake_args=None, catkin_skip_building_tests=False, verb_parser=<colcon_defaults.argument_parser.defaults.DefaultArgumentsDecorator object at 0x759a14e1aef0>, verb_extension=<colcon_core.verb.build.BuildVerb object at 0x759a14f683a0>, main=<bound method BuildVerb.main of <colcon_core.verb.build.BuildVerb object at 0x759a14f683a0>>)
[0.150s] Level 1:colcon.colcon_core.package_discovery:discover_packages(colcon_meta) check parameters
[0.150s] Level 1:colcon.colcon_core.package_discovery:discover_packages(recursive) check parameters
[0.151s] Level 1:colcon.colcon_core.package_discovery:discover_packages(ignore) check parameters
[0.151s] Level 1:colcon.colcon_core.package_discovery:discover_packages(path) check parameters
[0.151s] Level 1:colcon.colcon_core.package_discovery:discover_packages(colcon_meta) discover
[0.151s] Level 1:colcon.colcon_core.package_discovery:discover_packages(recursive) discover
[0.151s] INFO:colcon.colcon_core.package_discovery:Crawling recursively for packages in '/home/albusgive2/rlfw/rlfw_deploy'
[0.151s] Level 1:colcon.colcon_core.package_identification:_identify(.) by extensions ['ignore', 'ignore_ament_install']
[0.151s] Level 1:colcon.colcon_core.package_identification:_identify(.) by extension 'ignore'
[0.151s] Level 1:colcon.colcon_core.package_identification:_identify(.) by extension 'ignore_ament_install'
[0.151s] Level 1:colcon.colcon_core.package_identification:_identify(.) by extensions ['colcon_pkg']
[0.151s] Level 1:colcon.colcon_core.package_identification:_identify(.) by extension 'colcon_pkg'
[0.151s] Level 1:colcon.colcon_core.package_identification:_identify(.) by extensions ['colcon_meta']
[0.151s] Level 1:colcon.colcon_core.package_identification:_identify(.) by extension 'colcon_meta'
[0.151s] Level 1:colcon.colcon_core.package_identification:_identify(.) by extensions ['ros']
[0.151s] Level 1:colcon.colcon_core.package_identification:_identify(.) by extension 'ros'
[0.158s] Level 1:colcon.colcon_core.package_identification:_identify(.) by extensions ['cmake', 'python']
[0.158s] Level 1:colcon.colcon_core.package_identification:_identify(.) by extension 'cmake'
[0.158s] Level 1:colcon.colcon_core.package_identification:_identify(.) by extension 'python'
[0.158s] Level 1:colcon.colcon_core.package_identification:_identify(.) by extensions ['python_setup_py']
[0.158s] Level 1:colcon.colcon_core.package_identification:_identify(.) by extension 'python_setup_py'
[0.158s] Level 1:colcon.colcon_core.package_identification:_identify(build) by extensions ['ignore', 'ignore_ament_install']
[0.158s] Level 1:colcon.colcon_core.package_identification:_identify(build) by extension 'ignore'
[0.158s] Level 1:colcon.colcon_core.package_identification:_identify(build) ignored
[0.158s] Level 1:colcon.colcon_core.package_identification:_identify(install) by extensions ['ignore', 'ignore_ament_install']
[0.158s] Level 1:colcon.colcon_core.package_identification:_identify(install) by extension 'ignore'
[0.158s] Level 1:colcon.colcon_core.package_identification:_identify(install) ignored
[0.158s] Level 1:colcon.colcon_core.package_identification:_identify(log) by extensions ['ignore', 'ignore_ament_install']
[0.159s] Level 1:colcon.colcon_core.package_identification:_identify(log) by extension 'ignore'
[0.159s] Level 1:colcon.colcon_core.package_identification:_identify(log) ignored
[0.159s] Level 1:colcon.colcon_core.package_identification:_identify(src) by extensions ['ignore', 'ignore_ament_install']
[0.159s] Level 1:colcon.colcon_core.package_identification:_identify(src) by extension 'ignore'
[0.159s] Level 1:colcon.colcon_core.package_identification:_identify(src) by extension 'ignore_ament_install'
[0.159s] Level 1:colcon.colcon_core.package_identification:_identify(src) by extensions ['colcon_pkg']
[0.159s] Level 1:colcon.colcon_core.package_identification:_identify(src) by extension 'colcon_pkg'
[0.159s] Level 1:colcon.colcon_core.package_identification:_identify(src) by extensions ['colcon_meta']
[0.159s] Level 1:colcon.colcon_core.package_identification:_identify(src) by extension 'colcon_meta'
[0.159s] Level 1:colcon.colcon_core.package_identification:_identify(src) by extensions ['ros']
[0.159s] Level 1:colcon.colcon_core.package_identification:_identify(src) by extension 'ros'
[0.159s] Level 1:colcon.colcon_core.package_identification:_identify(src) by extensions ['cmake', 'python']
[0.159s] Level 1:colcon.colcon_core.package_identification:_identify(src) by extension 'cmake'
[0.159s] Level 1:colcon.colcon_core.package_identification:_identify(src) by extension 'python'
[0.159s] Level 1:colcon.colcon_core.package_identification:_identify(src) by extensions ['python_setup_py']
[0.159s] Level 1:colcon.colcon_core.package_identification:_identify(src) by extension 'python_setup_py'
[0.159s] Level 1:colcon.colcon_core.package_identification:_identify(src/CommunicationCenter) by extensions ['ignore', 'ignore_ament_install']
[0.159s] Level 1:colcon.colcon_core.package_identification:_identify(src/CommunicationCenter) by extension 'ignore'
[0.159s] Level 1:colcon.colcon_core.package_identification:_identify(src/CommunicationCenter) by extension 'ignore_ament_install'
[0.159s] Level 1:colcon.colcon_core.package_identification:_identify(src/CommunicationCenter) by extensions ['colcon_pkg']
[0.159s] Level 1:colcon.colcon_core.package_identification:_identify(src/CommunicationCenter) by extension 'colcon_pkg'
[0.159s] Level 1:colcon.colcon_core.package_identification:_identify(src/CommunicationCenter) by extensions ['colcon_meta']
[0.159s] Level 1:colcon.colcon_core.package_identification:_identify(src/CommunicationCenter) by extension 'colcon_meta'
[0.159s] Level 1:colcon.colcon_core.package_identification:_identify(src/CommunicationCenter) by extensions ['ros']
[0.159s] Level 1:colcon.colcon_core.package_identification:_identify(src/CommunicationCenter) by extension 'ros'
[0.161s] DEBUG:colcon.colcon_core.package_identification:Package 'src/CommunicationCenter' with type 'ros.ament_cmake' and name 'CommunicationCenter'
[0.161s] Level 1:colcon.colcon_core.package_identification:_identify(src/motro_ctrl_test) by extensions ['ignore', 'ignore_ament_install']
[0.161s] Level 1:colcon.colcon_core.package_identification:_identify(src/motro_ctrl_test) by extension 'ignore'
[0.161s] Level 1:colcon.colcon_core.package_identification:_identify(src/motro_ctrl_test) by extension 'ignore_ament_install'
[0.161s] Level 1:colcon.colcon_core.package_identification:_identify(src/motro_ctrl_test) by extensions ['colcon_pkg']
[0.161s] Level 1:colcon.colcon_core.package_identification:_identify(src/motro_ctrl_test) by extension 'colcon_pkg'
[0.161s] Level 1:colcon.colcon_core.package_identification:_identify(src/motro_ctrl_test) by extensions ['colcon_meta']
[0.161s] Level 1:colcon.colcon_core.package_identification:_identify(src/motro_ctrl_test) by extension 'colcon_meta'
[0.161s] Level 1:colcon.colcon_core.package_identification:_identify(src/motro_ctrl_test) by extensions ['ros']
[0.161s] Level 1:colcon.colcon_core.package_identification:_identify(src/motro_ctrl_test) by extension 'ros'
[0.161s] DEBUG:colcon.colcon_core.package_identification:Package 'src/motro_ctrl_test' with type 'ros.ament_cmake' and name 'motro_ctrl_test'
[0.162s] Level 1:colcon.colcon_core.package_identification:_identify(src/mujoco_mapping) by extensions ['ignore', 'ignore_ament_install']
[0.162s] Level 1:colcon.colcon_core.package_identification:_identify(src/mujoco_mapping) by extension 'ignore'
[0.162s] Level 1:colcon.colcon_core.package_identification:_identify(src/mujoco_mapping) by extension 'ignore_ament_install'
[0.162s] Level 1:colcon.colcon_core.package_identification:_identify(src/mujoco_mapping) by extensions ['colcon_pkg']
[0.162s] Level 1:colcon.colcon_core.package_identification:_identify(src/mujoco_mapping) by extension 'colcon_pkg'
[0.162s] Level 1:colcon.colcon_core.package_identification:_identify(src/mujoco_mapping) by extensions ['colcon_meta']
[0.162s] Level 1:colcon.colcon_core.package_identification:_identify(src/mujoco_mapping) by extension 'colcon_meta'
[0.162s] Level 1:colcon.colcon_core.package_identification:_identify(src/mujoco_mapping) by extensions ['ros']
[0.162s] Level 1:colcon.colcon_core.package_identification:_identify(src/mujoco_mapping) by extension 'ros'
[0.162s] DEBUG:colcon.colcon_core.package_identification:Package 'src/mujoco_mapping' with type 'ros.ament_cmake' and name 'mujoco_mapping'
[0.162s] Level 1:colcon.colcon_core.package_identification:_identify(src/nz-imu) by extensions ['ignore', 'ignore_ament_install']
[0.162s] Level 1:colcon.colcon_core.package_identification:_identify(src/nz-imu) by extension 'ignore'
[0.162s] Level 1:colcon.colcon_core.package_identification:_identify(src/nz-imu) by extension 'ignore_ament_install'
[0.162s] Level 1:colcon.colcon_core.package_identification:_identify(src/nz-imu) by extensions ['colcon_pkg']
[0.162s] Level 1:colcon.colcon_core.package_identification:_identify(src/nz-imu) by extension 'colcon_pkg'
[0.162s] Level 1:colcon.colcon_core.package_identification:_identify(src/nz-imu) by extensions ['colcon_meta']
[0.162s] Level 1:colcon.colcon_core.package_identification:_identify(src/nz-imu) by extension 'colcon_meta'
[0.162s] Level 1:colcon.colcon_core.package_identification:_identify(src/nz-imu) by extensions ['ros']
[0.162s] Level 1:colcon.colcon_core.package_identification:_identify(src/nz-imu) by extension 'ros'
[0.163s] DEBUG:colcon.colcon_core.package_identification:Package 'src/nz-imu' with type 'ros.ament_cmake' and name 'nz-imu'
[0.163s] Level 1:colcon.colcon_core.package_discovery:discover_packages(recursive) using defaults
[0.163s] Level 1:colcon.colcon_core.package_discovery:discover_packages(ignore) discover
[0.163s] Level 1:colcon.colcon_core.package_discovery:discover_packages(ignore) using defaults
[0.163s] Level 1:colcon.colcon_core.package_discovery:discover_packages(path) discover
[0.163s] Level 1:colcon.colcon_core.package_discovery:discover_packages(path) using defaults
[0.176s] Level 1:colcon.colcon_core.package_discovery:discover_packages(prefix_path) check parameters
[0.176s] Level 1:colcon.colcon_core.package_discovery:discover_packages(prefix_path) discover
[0.177s] DEBUG:colcon.colcon_installed_package_information.package_discovery:Found 4 installed packages in /home/albusgive2/rlfw/rlfw_deploy/install
[0.177s] DEBUG:colcon.colcon_installed_package_information.package_discovery:Found 1 installed packages in /home/albusgive2/rlfw/rlfw_interface/install
[0.178s] DEBUG:colcon.colcon_installed_package_information.package_discovery:Found 271 installed packages in /opt/ros/humble
[0.179s] Level 1:colcon.colcon_core.package_discovery:discover_packages(prefix_path) using defaults
[0.207s] Level 5:colcon.colcon_core.verb:set package 'CommunicationCenter' build argument 'cmake_args' from command line to 'None'
[0.207s] Level 5:colcon.colcon_core.verb:set package 'CommunicationCenter' build argument 'cmake_target' from command line to 'None'
[0.207s] Level 5:colcon.colcon_core.verb:set package 'CommunicationCenter' build argument 'cmake_target_skip_unavailable' from command line to 'False'
[0.207s] Level 5:colcon.colcon_core.verb:set package 'CommunicationCenter' build argument 'cmake_clean_cache' from command line to 'False'
[0.207s] Level 5:colcon.colcon_core.verb:set package 'CommunicationCenter' build argument 'cmake_clean_first' from command line to 'False'
[0.207s] Level 5:colcon.colcon_core.verb:set package 'CommunicationCenter' build argument 'cmake_force_configure' from command line to 'False'
[0.207s] Level 5:colcon.colcon_core.verb:set package 'CommunicationCenter' build argument 'ament_cmake_args' from command line to 'None'
[0.207s] Level 5:colcon.colcon_core.verb:set package 'CommunicationCenter' build argument 'catkin_cmake_args' from command line to 'None'
[0.207s] Level 5:colcon.colcon_core.verb:set package 'CommunicationCenter' build argument 'catkin_skip_building_tests' from command line to 'False'
[0.207s] DEBUG:colcon.colcon_core.verb:Building package 'CommunicationCenter' with the following arguments: {'ament_cmake_args': None, 'build_base': '/home/albusgive2/rlfw/rlfw_deploy/build/CommunicationCenter', 'catkin_cmake_args': None, 'catkin_skip_building_tests': False, 'cmake_args': None, 'cmake_clean_cache': False, 'cmake_clean_first': False, 'cmake_force_configure': False, 'cmake_target': None, 'cmake_target_skip_unavailable': False, 'install_base': '/home/albusgive2/rlfw/rlfw_deploy/install/CommunicationCenter', 'merge_install': False, 'path': '/home/albusgive2/rlfw/rlfw_deploy/src/CommunicationCenter', 'symlink_install': False, 'test_result_base': None}
[0.207s] Level 5:colcon.colcon_core.verb:set package 'motro_ctrl_test' build argument 'cmake_args' from command line to 'None'
[0.207s] Level 5:colcon.colcon_core.verb:set package 'motro_ctrl_test' build argument 'cmake_target' from command line to 'None'
[0.207s] Level 5:colcon.colcon_core.verb:set package 'motro_ctrl_test' build argument 'cmake_target_skip_unavailable' from command line to 'False'
[0.207s] Level 5:colcon.colcon_core.verb:set package 'motro_ctrl_test' build argument 'cmake_clean_cache' from command line to 'False'
[0.207s] Level 5:colcon.colcon_core.verb:set package 'motro_ctrl_test' build argument 'cmake_clean_first' from command line to 'False'
[0.207s] Level 5:colcon.colcon_core.verb:set package 'motro_ctrl_test' build argument 'cmake_force_configure' from command line to 'False'
[0.207s] Level 5:colcon.colcon_core.verb:set package 'motro_ctrl_test' build argument 'ament_cmake_args' from command line to 'None'
[0.207s] Level 5:colcon.colcon_core.verb:set package 'motro_ctrl_test' build argument 'catkin_cmake_args' from command line to 'None'
[0.207s] Level 5:colcon.colcon_core.verb:set package 'motro_ctrl_test' build argument 'catkin_skip_building_tests' from command line to 'False'
[0.207s] DEBUG:colcon.colcon_core.verb:Building package 'motro_ctrl_test' with the following arguments: {'ament_cmake_args': None, 'build_base': '/home/albusgive2/rlfw/rlfw_deploy/build/motro_ctrl_test', 'catkin_cmake_args': None, 'catkin_skip_building_tests': False, 'cmake_args': None, 'cmake_clean_cache': False, 'cmake_clean_first': False, 'cmake_force_configure': False, 'cmake_target': None, 'cmake_target_skip_unavailable': False, 'install_base': '/home/albusgive2/rlfw/rlfw_deploy/install/motro_ctrl_test', 'merge_install': False, 'path': '/home/albusgive2/rlfw/rlfw_deploy/src/motro_ctrl_test', 'symlink_install': False, 'test_result_base': None}
[0.208s] Level 5:colcon.colcon_core.verb:set package 'mujoco_mapping' build argument 'cmake_args' from command line to 'None'
[0.208s] Level 5:colcon.colcon_core.verb:set package 'mujoco_mapping' build argument 'cmake_target' from command line to 'None'
[0.208s] Level 5:colcon.colcon_core.verb:set package 'mujoco_mapping' build argument 'cmake_target_skip_unavailable' from command line to 'False'
[0.208s] Level 5:colcon.colcon_core.verb:set package 'mujoco_mapping' build argument 'cmake_clean_cache' from command line to 'False'
[0.208s] Level 5:colcon.colcon_core.verb:set package 'mujoco_mapping' build argument 'cmake_clean_first' from command line to 'False'
[0.208s] Level 5:colcon.colcon_core.verb:set package 'mujoco_mapping' build argument 'cmake_force_configure' from command line to 'False'
[0.208s] Level 5:colcon.colcon_core.verb:set package 'mujoco_mapping' build argument 'ament_cmake_args' from command line to 'None'
[0.208s] Level 5:colcon.colcon_core.verb:set package 'mujoco_mapping' build argument 'catkin_cmake_args' from command line to 'None'
[0.208s] Level 5:colcon.colcon_core.verb:set package 'mujoco_mapping' build argument 'catkin_skip_building_tests' from command line to 'False'
[0.208s] DEBUG:colcon.colcon_core.verb:Building package 'mujoco_mapping' with the following arguments: {'ament_cmake_args': None, 'build_base': '/home/albusgive2/rlfw/rlfw_deploy/build/mujoco_mapping', 'catkin_cmake_args': None, 'catkin_skip_building_tests': False, 'cmake_args': None, 'cmake_clean_cache': False, 'cmake_clean_first': False, 'cmake_force_configure': False, 'cmake_target': None, 'cmake_target_skip_unavailable': False, 'install_base': '/home/albusgive2/rlfw/rlfw_deploy/install/mujoco_mapping', 'merge_install': False, 'path': '/home/albusgive2/rlfw/rlfw_deploy/src/mujoco_mapping', 'symlink_install': False, 'test_result_base': None}
[0.208s] Level 5:colcon.colcon_core.verb:set package 'nz-imu' build argument 'cmake_args' from command line to 'None'
[0.208s] Level 5:colcon.colcon_core.verb:set package 'nz-imu' build argument 'cmake_target' from command line to 'None'
[0.208s] Level 5:colcon.colcon_core.verb:set package 'nz-imu' build argument 'cmake_target_skip_unavailable' from command line to 'False'
[0.208s] Level 5:colcon.colcon_core.verb:set package 'nz-imu' build argument 'cmake_clean_cache' from command line to 'False'
[0.208s] Level 5:colcon.colcon_core.verb:set package 'nz-imu' build argument 'cmake_clean_first' from command line to 'False'
[0.208s] Level 5:colcon.colcon_core.verb:set package 'nz-imu' build argument 'cmake_force_configure' from command line to 'False'
[0.208s] Level 5:colcon.colcon_core.verb:set package 'nz-imu' build argument 'ament_cmake_args' from command line to 'None'
[0.208s] Level 5:colcon.colcon_core.verb:set package 'nz-imu' build argument 'catkin_cmake_args' from command line to 'None'
[0.208s] Level 5:colcon.colcon_core.verb:set package 'nz-imu' build argument 'catkin_skip_building_tests' from command line to 'False'
[0.208s] DEBUG:colcon.colcon_core.verb:Building package 'nz-imu' with the following arguments: {'ament_cmake_args': None, 'build_base': '/home/albusgive2/rlfw/rlfw_deploy/build/nz-imu', 'catkin_cmake_args': None, 'catkin_skip_building_tests': False, 'cmake_args': None, 'cmake_clean_cache': False, 'cmake_clean_first': False, 'cmake_force_configure': False, 'cmake_target': None, 'cmake_target_skip_unavailable': False, 'install_base': '/home/albusgive2/rlfw/rlfw_deploy/install/nz-imu', 'merge_install': False, 'path': '/home/albusgive2/rlfw/rlfw_deploy/src/nz-imu', 'symlink_install': False, 'test_result_base': None}
[0.208s] INFO:colcon.colcon_core.executor:Executing jobs using 'parallel' executor
[0.209s] DEBUG:colcon.colcon_parallel_executor.executor.parallel:run_until_complete
[0.209s] INFO:colcon.colcon_ros.task.ament_cmake.build:Building ROS package in '/home/albusgive2/rlfw/rlfw_deploy/src/CommunicationCenter' with build type 'ament_cmake'
[0.209s] INFO:colcon.colcon_cmake.task.cmake.build:Building CMake package in '/home/albusgive2/rlfw/rlfw_deploy/src/CommunicationCenter'
[0.210s] INFO:colcon.colcon_core.plugin_system:Skipping extension 'colcon_core.shell.bat': Not used on non-Windows systems
[0.210s] INFO:colcon.colcon_core.shell:Skip shell extension 'powershell' for command environment: Not usable outside of PowerShell
[0.210s] DEBUG:colcon.colcon_core.shell:Skip shell extension 'dsv' for command environment
[0.212s] INFO:colcon.colcon_ros.task.ament_cmake.build:Building ROS package in '/home/albusgive2/rlfw/rlfw_deploy/src/motro_ctrl_test' with build type 'ament_cmake'
[0.212s] INFO:colcon.colcon_cmake.task.cmake.build:Building CMake package in '/home/albusgive2/rlfw/rlfw_deploy/src/motro_ctrl_test'
[0.212s] INFO:colcon.colcon_core.shell:Skip shell extension 'powershell' for command environment: Not usable outside of PowerShell
[0.212s] DEBUG:colcon.colcon_core.shell:Skip shell extension 'dsv' for command environment
[0.214s] INFO:colcon.colcon_ros.task.ament_cmake.build:Building ROS package in '/home/albusgive2/rlfw/rlfw_deploy/src/mujoco_mapping' with build type 'ament_cmake'
[0.214s] INFO:colcon.colcon_cmake.task.cmake.build:Building CMake package in '/home/albusgive2/rlfw/rlfw_deploy/src/mujoco_mapping'
[0.214s] INFO:colcon.colcon_core.shell:Skip shell extension 'powershell' for command environment: Not usable outside of PowerShell
[0.214s] DEBUG:colcon.colcon_core.shell:Skip shell extension 'dsv' for command environment
[0.216s] INFO:colcon.colcon_ros.task.ament_cmake.build:Building ROS package in '/home/albusgive2/rlfw/rlfw_deploy/src/nz-imu' with build type 'ament_cmake'
[0.217s] INFO:colcon.colcon_cmake.task.cmake.build:Building CMake package in '/home/albusgive2/rlfw/rlfw_deploy/src/nz-imu'
[0.217s] INFO:colcon.colcon_core.shell:Skip shell extension 'powershell' for command environment: Not usable outside of PowerShell
[0.217s] DEBUG:colcon.colcon_core.shell:Skip shell extension 'dsv' for command environment
[0.223s] DEBUG:colcon.colcon_core.event_handler.log_command:Invoking command in '/home/albusgive2/rlfw/rlfw_deploy/build/CommunicationCenter': CMAKE_PREFIX_PATH=${CMAKE_PREFIX_PATH}:/opt/ros/humble /usr/bin/cmake --build /home/albusgive2/rlfw/rlfw_deploy/build/CommunicationCenter -- -j12 -l12
[0.224s] DEBUG:colcon.colcon_core.event_handler.log_command:Invoking command in '/home/albusgive2/rlfw/rlfw_deploy/build/motro_ctrl_test': CMAKE_PREFIX_PATH=${CMAKE_PREFIX_PATH}:/opt/ros/humble /usr/bin/cmake --build /home/albusgive2/rlfw/rlfw_deploy/build/motro_ctrl_test -- -j12 -l12
[0.226s] DEBUG:colcon.colcon_core.event_handler.log_command:Invoking command in '/home/albusgive2/rlfw/rlfw_deploy/build/mujoco_mapping': CMAKE_PREFIX_PATH=${CMAKE_PREFIX_PATH}:/opt/ros/humble /usr/bin/cmake --build /home/albusgive2/rlfw/rlfw_deploy/build/mujoco_mapping -- -j12 -l12
[0.229s] DEBUG:colcon.colcon_core.event_handler.log_command:Invoking command in '/home/albusgive2/rlfw/rlfw_deploy/build/nz-imu': CMAKE_PREFIX_PATH=${CMAKE_PREFIX_PATH}:/opt/ros/humble /usr/bin/cmake --build /home/albusgive2/rlfw/rlfw_deploy/build/nz-imu -- -j12 -l12
[0.272s] DEBUG:colcon.colcon_core.event_handler.log_command:Invoked command in '/home/albusgive2/rlfw/rlfw_deploy/build/mujoco_mapping' returned '0': CMAKE_PREFIX_PATH=${CMAKE_PREFIX_PATH}:/opt/ros/humble /usr/bin/cmake --build /home/albusgive2/rlfw/rlfw_deploy/build/mujoco_mapping -- -j12 -l12
[0.281s] DEBUG:colcon.colcon_core.event_handler.log_command:Invoking command in '/home/albusgive2/rlfw/rlfw_deploy/build/mujoco_mapping': CMAKE_PREFIX_PATH=${CMAKE_PREFIX_PATH}:/opt/ros/humble /usr/bin/cmake --install /home/albusgive2/rlfw/rlfw_deploy/build/mujoco_mapping
[0.282s] DEBUG:colcon.colcon_core.event_handler.log_command:Invoked command in '/home/albusgive2/rlfw/rlfw_deploy/build/nz-imu' returned '0': CMAKE_PREFIX_PATH=${CMAKE_PREFIX_PATH}:/opt/ros/humble /usr/bin/cmake --build /home/albusgive2/rlfw/rlfw_deploy/build/nz-imu -- -j12 -l12
[0.284s] DEBUG:colcon.colcon_core.event_handler.log_command:Invoking command in '/home/albusgive2/rlfw/rlfw_deploy/build/nz-imu': CMAKE_PREFIX_PATH=${CMAKE_PREFIX_PATH}:/opt/ros/humble /usr/bin/cmake --install /home/albusgive2/rlfw/rlfw_deploy/build/nz-imu
[0.289s] Level 1:colcon.colcon_core.environment:create_environment_scripts_only(mujoco_mapping)
[0.290s] DEBUG:colcon.colcon_core.event_handler.log_command:Invoked command in '/home/albusgive2/rlfw/rlfw_deploy/build/mujoco_mapping' returned '0': CMAKE_PREFIX_PATH=${CMAKE_PREFIX_PATH}:/opt/ros/humble /usr/bin/cmake --install /home/albusgive2/rlfw/rlfw_deploy/build/mujoco_mapping
[0.293s] Level 1:colcon.colcon_core.environment:checking '/home/albusgive2/rlfw/rlfw_deploy/install/mujoco_mapping' for CMake module files
[0.293s] Level 1:colcon.colcon_core.environment:checking '/home/albusgive2/rlfw/rlfw_deploy/install/mujoco_mapping' for CMake config files
[0.293s] Level 1:colcon.colcon_core.shell:create_environment_hook('mujoco_mapping', 'cmake_prefix_path')
[0.294s] INFO:colcon.colcon_core.shell:Creating environment hook '/home/albusgive2/rlfw/rlfw_deploy/install/mujoco_mapping/share/mujoco_mapping/hook/cmake_prefix_path.ps1'
[0.294s] INFO:colcon.colcon_core.shell:Creating environment descriptor '/home/albusgive2/rlfw/rlfw_deploy/install/mujoco_mapping/share/mujoco_mapping/hook/cmake_prefix_path.dsv'
[0.294s] INFO:colcon.colcon_core.shell:Creating environment hook '/home/albusgive2/rlfw/rlfw_deploy/install/mujoco_mapping/share/mujoco_mapping/hook/cmake_prefix_path.sh'
[0.295s] Level 1:colcon.colcon_core.environment:checking '/home/albusgive2/rlfw/rlfw_deploy/install/mujoco_mapping/lib'
[0.295s] Level 1:colcon.colcon_core.environment:checking '/home/albusgive2/rlfw/rlfw_deploy/install/mujoco_mapping/bin'
[0.295s] Level 1:colcon.colcon_core.environment:checking '/home/albusgive2/rlfw/rlfw_deploy/install/mujoco_mapping/lib/pkgconfig/mujoco_mapping.pc'
[0.295s] Level 1:colcon.colcon_core.environment:checking '/home/albusgive2/rlfw/rlfw_deploy/install/mujoco_mapping/lib/python3.10/site-packages'
[0.295s] Level 1:colcon.colcon_core.environment:checking '/home/albusgive2/rlfw/rlfw_deploy/install/mujoco_mapping/bin'
[0.296s] INFO:colcon.colcon_core.shell:Creating package script '/home/albusgive2/rlfw/rlfw_deploy/install/mujoco_mapping/share/mujoco_mapping/package.ps1'
[0.296s] INFO:colcon.colcon_core.shell:Creating package descriptor '/home/albusgive2/rlfw/rlfw_deploy/install/mujoco_mapping/share/mujoco_mapping/package.dsv'
[0.296s] INFO:colcon.colcon_core.shell:Creating package script '/home/albusgive2/rlfw/rlfw_deploy/install/mujoco_mapping/share/mujoco_mapping/package.sh'
[0.297s] INFO:colcon.colcon_core.shell:Creating package script '/home/albusgive2/rlfw/rlfw_deploy/install/mujoco_mapping/share/mujoco_mapping/package.bash'
[0.297s] INFO:colcon.colcon_core.shell:Creating package script '/home/albusgive2/rlfw/rlfw_deploy/install/mujoco_mapping/share/mujoco_mapping/package.zsh'
[0.298s] Level 1:colcon.colcon_core.environment:create_file_with_runtime_dependencies(/home/albusgive2/rlfw/rlfw_deploy/install/mujoco_mapping/share/colcon-core/packages/mujoco_mapping)
[0.298s] Level 1:colcon.colcon_core.environment:create_environment_scripts_only(mujoco_mapping)
[0.298s] Level 1:colcon.colcon_core.environment:checking '/home/albusgive2/rlfw/rlfw_deploy/install/mujoco_mapping' for CMake module files
[0.298s] Level 1:colcon.colcon_core.environment:checking '/home/albusgive2/rlfw/rlfw_deploy/install/mujoco_mapping' for CMake config files
[0.299s] Level 1:colcon.colcon_core.shell:create_environment_hook('mujoco_mapping', 'cmake_prefix_path')
[0.299s] INFO:colcon.colcon_core.shell:Creating environment hook '/home/albusgive2/rlfw/rlfw_deploy/install/mujoco_mapping/share/mujoco_mapping/hook/cmake_prefix_path.ps1'
[0.299s] INFO:colcon.colcon_core.shell:Creating environment descriptor '/home/albusgive2/rlfw/rlfw_deploy/install/mujoco_mapping/share/mujoco_mapping/hook/cmake_prefix_path.dsv'
[0.299s] INFO:colcon.colcon_core.shell:Creating environment hook '/home/albusgive2/rlfw/rlfw_deploy/install/mujoco_mapping/share/mujoco_mapping/hook/cmake_prefix_path.sh'
[0.299s] Level 1:colcon.colcon_core.environment:checking '/home/albusgive2/rlfw/rlfw_deploy/install/mujoco_mapping/lib'
[0.300s] Level 1:colcon.colcon_core.environment:checking '/home/albusgive2/rlfw/rlfw_deploy/install/mujoco_mapping/bin'
[0.300s] Level 1:colcon.colcon_core.environment:checking '/home/albusgive2/rlfw/rlfw_deploy/install/mujoco_mapping/lib/pkgconfig/mujoco_mapping.pc'
[0.300s] Level 1:colcon.colcon_core.environment:checking '/home/albusgive2/rlfw/rlfw_deploy/install/mujoco_mapping/lib/python3.10/site-packages'
[0.300s] Level 1:colcon.colcon_core.environment:checking '/home/albusgive2/rlfw/rlfw_deploy/install/mujoco_mapping/bin'
[0.300s] INFO:colcon.colcon_core.shell:Creating package script '/home/albusgive2/rlfw/rlfw_deploy/install/mujoco_mapping/share/mujoco_mapping/package.ps1'
[0.300s] INFO:colcon.colcon_core.shell:Creating package descriptor '/home/albusgive2/rlfw/rlfw_deploy/install/mujoco_mapping/share/mujoco_mapping/package.dsv'
[0.301s] INFO:colcon.colcon_core.shell:Creating package script '/home/albusgive2/rlfw/rlfw_deploy/install/mujoco_mapping/share/mujoco_mapping/package.sh'
[0.301s] INFO:colcon.colcon_core.shell:Creating package script '/home/albusgive2/rlfw/rlfw_deploy/install/mujoco_mapping/share/mujoco_mapping/package.bash'
[0.301s] INFO:colcon.colcon_core.shell:Creating package script '/home/albusgive2/rlfw/rlfw_deploy/install/mujoco_mapping/share/mujoco_mapping/package.zsh'
[0.301s] Level 1:colcon.colcon_core.environment:create_file_with_runtime_dependencies(/home/albusgive2/rlfw/rlfw_deploy/install/mujoco_mapping/share/colcon-core/packages/mujoco_mapping)
[0.302s] Level 1:colcon.colcon_core.environment:create_environment_scripts_only(nz-imu)
[0.302s] Level 1:colcon.colcon_core.environment:checking '/home/albusgive2/rlfw/rlfw_deploy/install/nz-imu' for CMake module files
[0.302s] Level 1:colcon.colcon_core.environment:checking '/home/albusgive2/rlfw/rlfw_deploy/install/nz-imu' for CMake config files
[0.303s] DEBUG:colcon.colcon_core.event_handler.log_command:Invoked command in '/home/albusgive2/rlfw/rlfw_deploy/build/nz-imu' returned '0': CMAKE_PREFIX_PATH=${CMAKE_PREFIX_PATH}:/opt/ros/humble /usr/bin/cmake --install /home/albusgive2/rlfw/rlfw_deploy/build/nz-imu
[0.303s] Level 1:colcon.colcon_core.shell:create_environment_hook('nz-imu', 'cmake_prefix_path')
[0.303s] INFO:colcon.colcon_core.shell:Creating environment hook '/home/albusgive2/rlfw/rlfw_deploy/install/nz-imu/share/nz-imu/hook/cmake_prefix_path.ps1'
[0.303s] INFO:colcon.colcon_core.shell:Creating environment descriptor '/home/albusgive2/rlfw/rlfw_deploy/install/nz-imu/share/nz-imu/hook/cmake_prefix_path.dsv'
[0.303s] INFO:colcon.colcon_core.shell:Creating environment hook '/home/albusgive2/rlfw/rlfw_deploy/install/nz-imu/share/nz-imu/hook/cmake_prefix_path.sh'
[0.304s] Level 1:colcon.colcon_core.environment:checking '/home/albusgive2/rlfw/rlfw_deploy/install/nz-imu/lib'
[0.304s] Level 1:colcon.colcon_core.environment:checking '/home/albusgive2/rlfw/rlfw_deploy/install/nz-imu/bin'
[0.304s] Level 1:colcon.colcon_core.environment:checking '/home/albusgive2/rlfw/rlfw_deploy/install/nz-imu/lib/pkgconfig/nz-imu.pc'
[0.304s] Level 1:colcon.colcon_core.environment:checking '/home/albusgive2/rlfw/rlfw_deploy/install/nz-imu/lib/python3.10/site-packages'
[0.304s] Level 1:colcon.colcon_core.environment:checking '/home/albusgive2/rlfw/rlfw_deploy/install/nz-imu/bin'
[0.304s] INFO:colcon.colcon_core.shell:Creating package script '/home/albusgive2/rlfw/rlfw_deploy/install/nz-imu/share/nz-imu/package.ps1'
[0.305s] INFO:colcon.colcon_core.shell:Creating package descriptor '/home/albusgive2/rlfw/rlfw_deploy/install/nz-imu/share/nz-imu/package.dsv'
[0.305s] INFO:colcon.colcon_core.shell:Creating package script '/home/albusgive2/rlfw/rlfw_deploy/install/nz-imu/share/nz-imu/package.sh'
[0.305s] INFO:colcon.colcon_core.shell:Creating package script '/home/albusgive2/rlfw/rlfw_deploy/install/nz-imu/share/nz-imu/package.bash'
[0.305s] INFO:colcon.colcon_core.shell:Creating package script '/home/albusgive2/rlfw/rlfw_deploy/install/nz-imu/share/nz-imu/package.zsh'
[0.305s] Level 1:colcon.colcon_core.environment:create_file_with_runtime_dependencies(/home/albusgive2/rlfw/rlfw_deploy/install/nz-imu/share/colcon-core/packages/nz-imu)
[0.306s] Level 1:colcon.colcon_core.environment:create_environment_scripts_only(nz-imu)
[0.306s] Level 1:colcon.colcon_core.environment:checking '/home/albusgive2/rlfw/rlfw_deploy/install/nz-imu' for CMake module files
[0.306s] Level 1:colcon.colcon_core.environment:checking '/home/albusgive2/rlfw/rlfw_deploy/install/nz-imu' for CMake config files
[0.306s] Level 1:colcon.colcon_core.shell:create_environment_hook('nz-imu', 'cmake_prefix_path')
[0.306s] INFO:colcon.colcon_core.shell:Creating environment hook '/home/albusgive2/rlfw/rlfw_deploy/install/nz-imu/share/nz-imu/hook/cmake_prefix_path.ps1'
[0.306s] INFO:colcon.colcon_core.shell:Creating environment descriptor '/home/albusgive2/rlfw/rlfw_deploy/install/nz-imu/share/nz-imu/hook/cmake_prefix_path.dsv'
[0.306s] INFO:colcon.colcon_core.shell:Creating environment hook '/home/albusgive2/rlfw/rlfw_deploy/install/nz-imu/share/nz-imu/hook/cmake_prefix_path.sh'
[0.307s] Level 1:colcon.colcon_core.environment:checking '/home/albusgive2/rlfw/rlfw_deploy/install/nz-imu/lib'
[0.307s] Level 1:colcon.colcon_core.environment:checking '/home/albusgive2/rlfw/rlfw_deploy/install/nz-imu/bin'
[0.307s] Level 1:colcon.colcon_core.environment:checking '/home/albusgive2/rlfw/rlfw_deploy/install/nz-imu/lib/pkgconfig/nz-imu.pc'
[0.307s] Level 1:colcon.colcon_core.environment:checking '/home/albusgive2/rlfw/rlfw_deploy/install/nz-imu/lib/python3.10/site-packages'
[0.307s] Level 1:colcon.colcon_core.environment:checking '/home/albusgive2/rlfw/rlfw_deploy/install/nz-imu/bin'
[0.307s] INFO:colcon.colcon_core.shell:Creating package script '/home/albusgive2/rlfw/rlfw_deploy/install/nz-imu/share/nz-imu/package.ps1'
[0.307s] INFO:colcon.colcon_core.shell:Creating package descriptor '/home/albusgive2/rlfw/rlfw_deploy/install/nz-imu/share/nz-imu/package.dsv'
[0.308s] INFO:colcon.colcon_core.shell:Creating package script '/home/albusgive2/rlfw/rlfw_deploy/install/nz-imu/share/nz-imu/package.sh'
[0.308s] INFO:colcon.colcon_core.shell:Creating package script '/home/albusgive2/rlfw/rlfw_deploy/install/nz-imu/share/nz-imu/package.bash'
[0.308s] INFO:colcon.colcon_core.shell:Creating package script '/home/albusgive2/rlfw/rlfw_deploy/install/nz-imu/share/nz-imu/package.zsh'
[0.308s] Level 1:colcon.colcon_core.environment:create_file_with_runtime_dependencies(/home/albusgive2/rlfw/rlfw_deploy/install/nz-imu/share/colcon-core/packages/nz-imu)
[0.310s] DEBUG:colcon.colcon_core.event_handler.log_command:Invoked command in '/home/albusgive2/rlfw/rlfw_deploy/build/CommunicationCenter' returned '0': CMAKE_PREFIX_PATH=${CMAKE_PREFIX_PATH}:/opt/ros/humble /usr/bin/cmake --build /home/albusgive2/rlfw/rlfw_deploy/build/CommunicationCenter -- -j12 -l12
[0.311s] DEBUG:colcon.colcon_core.event_handler.log_command:Invoking command in '/home/albusgive2/rlfw/rlfw_deploy/build/CommunicationCenter': CMAKE_PREFIX_PATH=${CMAKE_PREFIX_PATH}:/opt/ros/humble /usr/bin/cmake --install /home/albusgive2/rlfw/rlfw_deploy/build/CommunicationCenter
[0.317s] Level 1:colcon.colcon_core.environment:create_environment_scripts_only(CommunicationCenter)
[0.318s] Level 1:colcon.colcon_core.environment:checking '/home/albusgive2/rlfw/rlfw_deploy/install/CommunicationCenter' for CMake module files
[0.318s] DEBUG:colcon.colcon_core.event_handler.log_command:Invoked command in '/home/albusgive2/rlfw/rlfw_deploy/build/CommunicationCenter' returned '0': CMAKE_PREFIX_PATH=${CMAKE_PREFIX_PATH}:/opt/ros/humble /usr/bin/cmake --install /home/albusgive2/rlfw/rlfw_deploy/build/CommunicationCenter
[0.318s] Level 1:colcon.colcon_core.environment:checking '/home/albusgive2/rlfw/rlfw_deploy/install/CommunicationCenter' for CMake config files
[0.318s] Level 1:colcon.colcon_core.shell:create_environment_hook('CommunicationCenter', 'cmake_prefix_path')
[0.318s] INFO:colcon.colcon_core.shell:Creating environment hook '/home/albusgive2/rlfw/rlfw_deploy/install/CommunicationCenter/share/CommunicationCenter/hook/cmake_prefix_path.ps1'
[0.319s] INFO:colcon.colcon_core.shell:Creating environment descriptor '/home/albusgive2/rlfw/rlfw_deploy/install/CommunicationCenter/share/CommunicationCenter/hook/cmake_prefix_path.dsv'
[0.319s] INFO:colcon.colcon_core.shell:Creating environment hook '/home/albusgive2/rlfw/rlfw_deploy/install/CommunicationCenter/share/CommunicationCenter/hook/cmake_prefix_path.sh'
[0.319s] Level 1:colcon.colcon_core.environment:checking '/home/albusgive2/rlfw/rlfw_deploy/install/CommunicationCenter/lib'
[0.319s] Level 1:colcon.colcon_core.environment:checking '/home/albusgive2/rlfw/rlfw_deploy/install/CommunicationCenter/bin'
[0.319s] Level 1:colcon.colcon_core.environment:checking '/home/albusgive2/rlfw/rlfw_deploy/install/CommunicationCenter/lib/pkgconfig/CommunicationCenter.pc'
[0.319s] Level 1:colcon.colcon_core.environment:checking '/home/albusgive2/rlfw/rlfw_deploy/install/CommunicationCenter/lib/python3.10/site-packages'
[0.320s] Level 1:colcon.colcon_core.environment:checking '/home/albusgive2/rlfw/rlfw_deploy/install/CommunicationCenter/bin'
[0.320s] INFO:colcon.colcon_core.shell:Creating package script '/home/albusgive2/rlfw/rlfw_deploy/install/CommunicationCenter/share/CommunicationCenter/package.ps1'
[0.320s] INFO:colcon.colcon_core.shell:Creating package descriptor '/home/albusgive2/rlfw/rlfw_deploy/install/CommunicationCenter/share/CommunicationCenter/package.dsv'
[0.320s] INFO:colcon.colcon_core.shell:Creating package script '/home/albusgive2/rlfw/rlfw_deploy/install/CommunicationCenter/share/CommunicationCenter/package.sh'
[0.320s] INFO:colcon.colcon_core.shell:Creating package script '/home/albusgive2/rlfw/rlfw_deploy/install/CommunicationCenter/share/CommunicationCenter/package.bash'
[0.321s] INFO:colcon.colcon_core.shell:Creating package script '/home/albusgive2/rlfw/rlfw_deploy/install/CommunicationCenter/share/CommunicationCenter/package.zsh'
[0.321s] Level 1:colcon.colcon_core.environment:create_file_with_runtime_dependencies(/home/albusgive2/rlfw/rlfw_deploy/install/CommunicationCenter/share/colcon-core/packages/CommunicationCenter)
[0.321s] Level 1:colcon.colcon_core.environment:create_environment_scripts_only(CommunicationCenter)
[0.321s] Level 1:colcon.colcon_core.environment:checking '/home/albusgive2/rlfw/rlfw_deploy/install/CommunicationCenter' for CMake module files
[0.322s] Level 1:colcon.colcon_core.environment:checking '/home/albusgive2/rlfw/rlfw_deploy/install/CommunicationCenter' for CMake config files
[0.322s] Level 1:colcon.colcon_core.shell:create_environment_hook('CommunicationCenter', 'cmake_prefix_path')
[0.322s] INFO:colcon.colcon_core.shell:Creating environment hook '/home/albusgive2/rlfw/rlfw_deploy/install/CommunicationCenter/share/CommunicationCenter/hook/cmake_prefix_path.ps1'
[0.322s] INFO:colcon.colcon_core.shell:Creating environment descriptor '/home/albusgive2/rlfw/rlfw_deploy/install/CommunicationCenter/share/CommunicationCenter/hook/cmake_prefix_path.dsv'
[0.323s] INFO:colcon.colcon_core.shell:Creating environment hook '/home/albusgive2/rlfw/rlfw_deploy/install/CommunicationCenter/share/CommunicationCenter/hook/cmake_prefix_path.sh'
[0.323s] Level 1:colcon.colcon_core.environment:checking '/home/albusgive2/rlfw/rlfw_deploy/install/CommunicationCenter/lib'
[0.323s] Level 1:colcon.colcon_core.environment:checking '/home/albusgive2/rlfw/rlfw_deploy/install/CommunicationCenter/bin'
[0.323s] Level 1:colcon.colcon_core.environment:checking '/home/albusgive2/rlfw/rlfw_deploy/install/CommunicationCenter/lib/pkgconfig/CommunicationCenter.pc'
[0.323s] Level 1:colcon.colcon_core.environment:checking '/home/albusgive2/rlfw/rlfw_deploy/install/CommunicationCenter/lib/python3.10/site-packages'
[0.323s] Level 1:colcon.colcon_core.environment:checking '/home/albusgive2/rlfw/rlfw_deploy/install/CommunicationCenter/bin'
[0.323s] INFO:colcon.colcon_core.shell:Creating package script '/home/albusgive2/rlfw/rlfw_deploy/install/CommunicationCenter/share/CommunicationCenter/package.ps1'
[0.324s] INFO:colcon.colcon_core.shell:Creating package descriptor '/home/albusgive2/rlfw/rlfw_deploy/install/CommunicationCenter/share/CommunicationCenter/package.dsv'
[0.324s] INFO:colcon.colcon_core.shell:Creating package script '/home/albusgive2/rlfw/rlfw_deploy/install/CommunicationCenter/share/CommunicationCenter/package.sh'
[0.324s] INFO:colcon.colcon_core.shell:Creating package script '/home/albusgive2/rlfw/rlfw_deploy/install/CommunicationCenter/share/CommunicationCenter/package.bash'
[0.324s] INFO:colcon.colcon_core.shell:Creating package script '/home/albusgive2/rlfw/rlfw_deploy/install/CommunicationCenter/share/CommunicationCenter/package.zsh'
[0.325s] Level 1:colcon.colcon_core.environment:create_file_with_runtime_dependencies(/home/albusgive2/rlfw/rlfw_deploy/install/CommunicationCenter/share/colcon-core/packages/CommunicationCenter)
[6.984s] DEBUG:colcon.colcon_core.event_handler.log_command:Invoked command in '/home/albusgive2/rlfw/rlfw_deploy/build/motro_ctrl_test' returned '0': CMAKE_PREFIX_PATH=${CMAKE_PREFIX_PATH}:/opt/ros/humble /usr/bin/cmake --build /home/albusgive2/rlfw/rlfw_deploy/build/motro_ctrl_test -- -j12 -l12
[6.985s] DEBUG:colcon.colcon_core.event_handler.log_command:Invoking command in '/home/albusgive2/rlfw/rlfw_deploy/build/motro_ctrl_test': CMAKE_PREFIX_PATH=${CMAKE_PREFIX_PATH}:/opt/ros/humble /usr/bin/cmake --install /home/albusgive2/rlfw/rlfw_deploy/build/motro_ctrl_test
[6.993s] Level 1:colcon.colcon_core.environment:create_environment_scripts_only(motro_ctrl_test)
[6.993s] Level 1:colcon.colcon_core.environment:checking '/home/albusgive2/rlfw/rlfw_deploy/install/motro_ctrl_test' for CMake module files
[6.994s] DEBUG:colcon.colcon_core.event_handler.log_command:Invoked command in '/home/albusgive2/rlfw/rlfw_deploy/build/motro_ctrl_test' returned '0': CMAKE_PREFIX_PATH=${CMAKE_PREFIX_PATH}:/opt/ros/humble /usr/bin/cmake --install /home/albusgive2/rlfw/rlfw_deploy/build/motro_ctrl_test
[6.994s] Level 1:colcon.colcon_core.environment:checking '/home/albusgive2/rlfw/rlfw_deploy/install/motro_ctrl_test' for CMake config files
[6.994s] Level 1:colcon.colcon_core.shell:create_environment_hook('motro_ctrl_test', 'cmake_prefix_path')
[6.994s] INFO:colcon.colcon_core.shell:Creating environment hook '/home/albusgive2/rlfw/rlfw_deploy/install/motro_ctrl_test/share/motro_ctrl_test/hook/cmake_prefix_path.ps1'
[6.994s] INFO:colcon.colcon_core.shell:Creating environment descriptor '/home/albusgive2/rlfw/rlfw_deploy/install/motro_ctrl_test/share/motro_ctrl_test/hook/cmake_prefix_path.dsv'
[6.994s] INFO:colcon.colcon_core.shell:Creating environment hook '/home/albusgive2/rlfw/rlfw_deploy/install/motro_ctrl_test/share/motro_ctrl_test/hook/cmake_prefix_path.sh'
[6.995s] Level 1:colcon.colcon_core.environment:checking '/home/albusgive2/rlfw/rlfw_deploy/install/motro_ctrl_test/lib'
[6.995s] Level 1:colcon.colcon_core.environment:checking '/home/albusgive2/rlfw/rlfw_deploy/install/motro_ctrl_test/bin'
[6.995s] Level 1:colcon.colcon_core.environment:checking '/home/albusgive2/rlfw/rlfw_deploy/install/motro_ctrl_test/lib/pkgconfig/motro_ctrl_test.pc'
[6.995s] Level 1:colcon.colcon_core.environment:checking '/home/albusgive2/rlfw/rlfw_deploy/install/motro_ctrl_test/lib/python3.10/site-packages'
[6.995s] Level 1:colcon.colcon_core.environment:checking '/home/albusgive2/rlfw/rlfw_deploy/install/motro_ctrl_test/bin'
[6.995s] INFO:colcon.colcon_core.shell:Creating package script '/home/albusgive2/rlfw/rlfw_deploy/install/motro_ctrl_test/share/motro_ctrl_test/package.ps1'
[6.996s] INFO:colcon.colcon_core.shell:Creating package descriptor '/home/albusgive2/rlfw/rlfw_deploy/install/motro_ctrl_test/share/motro_ctrl_test/package.dsv'
[6.996s] INFO:colcon.colcon_core.shell:Creating package script '/home/albusgive2/rlfw/rlfw_deploy/install/motro_ctrl_test/share/motro_ctrl_test/package.sh'
[6.996s] INFO:colcon.colcon_core.shell:Creating package script '/home/albusgive2/rlfw/rlfw_deploy/install/motro_ctrl_test/share/motro_ctrl_test/package.bash'
[6.996s] INFO:colcon.colcon_core.shell:Creating package script '/home/albusgive2/rlfw/rlfw_deploy/install/motro_ctrl_test/share/motro_ctrl_test/package.zsh'
[6.996s] Level 1:colcon.colcon_core.environment:create_file_with_runtime_dependencies(/home/albusgive2/rlfw/rlfw_deploy/install/motro_ctrl_test/share/colcon-core/packages/motro_ctrl_test)
[6.997s] Level 1:colcon.colcon_core.environment:create_environment_scripts_only(motro_ctrl_test)
[6.997s] Level 1:colcon.colcon_core.environment:checking '/home/albusgive2/rlfw/rlfw_deploy/install/motro_ctrl_test' for CMake module files
[6.997s] Level 1:colcon.colcon_core.environment:checking '/home/albusgive2/rlfw/rlfw_deploy/install/motro_ctrl_test' for CMake config files
[6.997s] Level 1:colcon.colcon_core.shell:create_environment_hook('motro_ctrl_test', 'cmake_prefix_path')
[6.997s] INFO:colcon.colcon_core.shell:Creating environment hook '/home/albusgive2/rlfw/rlfw_deploy/install/motro_ctrl_test/share/motro_ctrl_test/hook/cmake_prefix_path.ps1'
[6.998s] INFO:colcon.colcon_core.shell:Creating environment descriptor '/home/albusgive2/rlfw/rlfw_deploy/install/motro_ctrl_test/share/motro_ctrl_test/hook/cmake_prefix_path.dsv'
[6.998s] INFO:colcon.colcon_core.shell:Creating environment hook '/home/albusgive2/rlfw/rlfw_deploy/install/motro_ctrl_test/share/motro_ctrl_test/hook/cmake_prefix_path.sh'
[6.998s] Level 1:colcon.colcon_core.environment:checking '/home/albusgive2/rlfw/rlfw_deploy/install/motro_ctrl_test/lib'
[6.998s] Level 1:colcon.colcon_core.environment:checking '/home/albusgive2/rlfw/rlfw_deploy/install/motro_ctrl_test/bin'
[6.998s] Level 1:colcon.colcon_core.environment:checking '/home/albusgive2/rlfw/rlfw_deploy/install/motro_ctrl_test/lib/pkgconfig/motro_ctrl_test.pc'
[6.998s] Level 1:colcon.colcon_core.environment:checking '/home/albusgive2/rlfw/rlfw_deploy/install/motro_ctrl_test/lib/python3.10/site-packages'
[6.998s] Level 1:colcon.colcon_core.environment:checking '/home/albusgive2/rlfw/rlfw_deploy/install/motro_ctrl_test/bin'
[6.999s] INFO:colcon.colcon_core.shell:Creating package script '/home/albusgive2/rlfw/rlfw_deploy/install/motro_ctrl_test/share/motro_ctrl_test/package.ps1'
[6.999s] INFO:colcon.colcon_core.shell:Creating package descriptor '/home/albusgive2/rlfw/rlfw_deploy/install/motro_ctrl_test/share/motro_ctrl_test/package.dsv'
[6.999s] INFO:colcon.colcon_core.shell:Creating package script '/home/albusgive2/rlfw/rlfw_deploy/install/motro_ctrl_test/share/motro_ctrl_test/package.sh'
[6.999s] INFO:colcon.colcon_core.shell:Creating package script '/home/albusgive2/rlfw/rlfw_deploy/install/motro_ctrl_test/share/motro_ctrl_test/package.bash'
[7.000s] INFO:colcon.colcon_core.shell:Creating package script '/home/albusgive2/rlfw/rlfw_deploy/install/motro_ctrl_test/share/motro_ctrl_test/package.zsh'
[7.000s] Level 1:colcon.colcon_core.environment:create_file_with_runtime_dependencies(/home/albusgive2/rlfw/rlfw_deploy/install/motro_ctrl_test/share/colcon-core/packages/motro_ctrl_test)
[7.000s] DEBUG:colcon.colcon_parallel_executor.executor.parallel:closing loop
[7.000s] DEBUG:colcon.colcon_parallel_executor.executor.parallel:loop closed
[7.000s] DEBUG:colcon.colcon_parallel_executor.executor.parallel:run_until_complete finished with '0'
[7.000s] DEBUG:colcon.colcon_core.event_reactor:joining thread
[7.004s] INFO:colcon.colcon_core.plugin_system:Skipping extension 'colcon_notification.desktop_notification.terminal_notifier': Not used on non-Darwin systems
[7.004s] INFO:colcon.colcon_core.plugin_system:Skipping extension 'colcon_notification.desktop_notification.win32': Not used on non-Windows systems
[7.004s] INFO:colcon.colcon_notification.desktop_notification:Sending desktop notification using 'notify2'
[7.012s] DEBUG:colcon.colcon_core.event_reactor:joined thread
[7.012s] INFO:colcon.colcon_core.shell:Creating prefix script '/home/albusgive2/rlfw/rlfw_deploy/install/local_setup.ps1'
[7.013s] INFO:colcon.colcon_core.shell:Creating prefix util module '/home/albusgive2/rlfw/rlfw_deploy/install/_local_setup_util_ps1.py'
[7.013s] INFO:colcon.colcon_core.shell:Creating prefix chain script '/home/albusgive2/rlfw/rlfw_deploy/install/setup.ps1'
[7.014s] INFO:colcon.colcon_core.shell:Creating prefix script '/home/albusgive2/rlfw/rlfw_deploy/install/local_setup.sh'
[7.014s] INFO:colcon.colcon_core.shell:Creating prefix util module '/home/albusgive2/rlfw/rlfw_deploy/install/_local_setup_util_sh.py'
[7.015s] INFO:colcon.colcon_core.shell:Creating prefix chain script '/home/albusgive2/rlfw/rlfw_deploy/install/setup.sh'
[7.015s] INFO:colcon.colcon_core.shell:Creating prefix script '/home/albusgive2/rlfw/rlfw_deploy/install/local_setup.bash'
[7.016s] INFO:colcon.colcon_core.shell:Creating prefix chain script '/home/albusgive2/rlfw/rlfw_deploy/install/setup.bash'
[7.016s] INFO:colcon.colcon_core.shell:Creating prefix script '/home/albusgive2/rlfw/rlfw_deploy/install/local_setup.zsh'
[7.016s] INFO:colcon.colcon_core.shell:Creating prefix chain script '/home/albusgive2/rlfw/rlfw_deploy/install/setup.zsh'
