[0.009s] Invoking command in '/home/albusgive2/rlfw/rlfw_tool/build/motor_ctrl': CMAKE_PREFIX_PATH=${CMAKE_PREFIX_PATH}:/opt/ros/humble /usr/bin/cmake --build /home/albusgive2/rlfw/rlfw_tool/build/motor_ctrl -- -j12 -l12
[0.044s] [  8%] [34m[1mGenerating include/moc_MotorCTRL.cpp[0m
[0.054s] [35m[1mConsolidate compiler generated dependencies of target motor_ctrl[0m
[0.068s] [ 16%] [32mBuilding CXX object CMakeFiles/motor_ctrl.dir/src/main.cpp.o[0m
[0.069s] [ 25%] [32mBuilding CXX object CMakeFiles/motor_ctrl.dir/include/moc_MotorCTRL.cpp.o[0m
[0.069s] [ 33%] [32mBuilding CXX object CMakeFiles/motor_ctrl.dir/src/mainwindow.cpp.o[0m
[0.070s] [ 41%] [32mBuilding CXX object CMakeFiles/motor_ctrl.dir/include/moc_mainwindow.cpp.o[0m
[1.804s] In file included from [01m[K/home/albusgive2/rlfw/rlfw_tool/build/motor_ctrl/include/moc_MotorCTRL.cpp:10[m[K:
[1.804s] [01m[K/home/albusgive2/rlfw/rlfw_tool/build/motor_ctrl/include/../../../src/motor_ctrl/include/MotorCTRL.h:[m[K In member function ‘[01m[Kvoid MotorCTRL::request()[m[K’:
[1.804s] [01m[K/home/albusgive2/rlfw/rlfw_tool/build/motor_ctrl/include/../../../src/motor_ctrl/include/MotorCTRL.h:128:17:[m[K [01;31m[Kerror: [m[K‘[01m[Krclcpp::executor[m[K’ has not been declared
[1.804s]   128 |         rclcpp::[01;31m[Kexecutor[m[K::FutureReturnCode::SUCCESS) {
[1.804s]       |                 [01;31m[K^~~~~~~~[m[K
[1.979s] In file included from [01m[K/home/albusgive2/rlfw/rlfw_tool/src/motor_ctrl/include/mainwindow.h:5[m[K,
[1.979s]                  from [01m[K/home/albusgive2/rlfw/rlfw_tool/src/motor_ctrl/src/main.cpp:1[m[K:
[1.979s] [01m[K/home/albusgive2/rlfw/rlfw_tool/src/motor_ctrl/include/MotorCTRL.h:[m[K In member function ‘[01m[Kvoid MotorCTRL::request()[m[K’:
[1.979s] [01m[K/home/albusgive2/rlfw/rlfw_tool/src/motor_ctrl/include/MotorCTRL.h:128:17:[m[K [01;31m[Kerror: [m[K‘[01m[Krclcpp::executor[m[K’ has not been declared
[1.979s]   128 |         rclcpp::[01;31m[Kexecutor[m[K::FutureReturnCode::SUCCESS) {
[1.979s]       |                 [01;31m[K^~~~~~~~[m[K
[1.997s] In file included from [01m[K/home/albusgive2/rlfw/rlfw_tool/src/motor_ctrl/include/mainwindow.h:5[m[K,
[1.997s]                  from [01m[K/home/albusgive2/rlfw/rlfw_tool/src/motor_ctrl/src/mainwindow.cpp:1[m[K:
[1.997s] [01m[K/home/albusgive2/rlfw/rlfw_tool/src/motor_ctrl/include/MotorCTRL.h:[m[K In member function ‘[01m[Kvoid MotorCTRL::request()[m[K’:
[1.997s] [01m[K/home/albusgive2/rlfw/rlfw_tool/src/motor_ctrl/include/MotorCTRL.h:128:17:[m[K [01;31m[Kerror: [m[K‘[01m[Krclcpp::executor[m[K’ has not been declared
[1.997s]   128 |         rclcpp::[01;31m[Kexecutor[m[K::FutureReturnCode::SUCCESS) {
[1.997s]       |                 [01;31m[K^~~~~~~~[m[K
[2.113s] In file included from [01m[K/home/albusgive2/rlfw/rlfw_tool/build/motor_ctrl/include/../../../src/motor_ctrl/include/mainwindow.h:5[m[K,
[2.114s]                  from [01m[K/home/albusgive2/rlfw/rlfw_tool/build/motor_ctrl/include/moc_mainwindow.cpp:10[m[K:
[2.114s] [01m[K/home/albusgive2/rlfw/rlfw_tool/build/motor_ctrl/include/../../../src/motor_ctrl/include/MotorCTRL.h:[m[K In member function ‘[01m[Kvoid MotorCTRL::request()[m[K’:
[2.114s] [01m[K/home/albusgive2/rlfw/rlfw_tool/build/motor_ctrl/include/../../../src/motor_ctrl/include/MotorCTRL.h:128:17:[m[K [01;31m[Kerror: [m[K‘[01m[Krclcpp::executor[m[K’ has not been declared
[2.114s]   128 |         rclcpp::[01;31m[Kexecutor[m[K::FutureReturnCode::SUCCESS) {
[2.114s]       |                 [01;31m[K^~~~~~~~[m[K
[3.797s] gmake[2]: *** [CMakeFiles/motor_ctrl.dir/build.make:155：CMakeFiles/motor_ctrl.dir/include/moc_MotorCTRL.cpp.o] 错误 1
[3.797s] gmake[2]: *** 正在等待未完成的任务....
[4.152s] gmake[2]: *** [CMakeFiles/motor_ctrl.dir/build.make:113：CMakeFiles/motor_ctrl.dir/src/mainwindow.cpp.o] 错误 1
[4.155s] gmake[2]: *** [CMakeFiles/motor_ctrl.dir/build.make:169：CMakeFiles/motor_ctrl.dir/include/moc_mainwindow.cpp.o] 错误 1
[4.522s] gmake[2]: *** [CMakeFiles/motor_ctrl.dir/build.make:99：CMakeFiles/motor_ctrl.dir/src/main.cpp.o] 错误 1
[4.522s] gmake[1]: *** [CMakeFiles/Makefile2:137：CMakeFiles/motor_ctrl.dir/all] 错误 2
[4.522s] gmake: *** [Makefile:146：all] 错误 2
[4.524s] Invoked command in '/home/albusgive2/rlfw/rlfw_tool/build/motor_ctrl' returned '2': CMAKE_PREFIX_PATH=${CMAKE_PREFIX_PATH}:/opt/ros/humble /usr/bin/cmake --build /home/albusgive2/rlfw/rlfw_tool/build/motor_ctrl -- -j12 -l12
