[0.009s] Invoking command in '/home/albusgive2/rlfw/rlfw_deploy/build/nz-imu': CMAKE_PREFIX_PATH=${CMAKE_PREFIX_PATH}:/opt/ros/humble /usr/bin/cmake --build /home/albusgive2/rlfw/rlfw_deploy/build/nz-imu -- -j12 -l12
[0.048s] [100%] Built target hwt906
[0.056s] Invoked command in '/home/albusgive2/rlfw/rlfw_deploy/build/nz-imu' returned '0': CMAKE_PREFIX_PATH=${CMAKE_PREFIX_PATH}:/opt/ros/humble /usr/bin/cmake --build /home/albusgive2/rlfw/rlfw_deploy/build/nz-imu -- -j12 -l12
[0.057s] Invoking command in '/home/albusgive2/rlfw/rlfw_deploy/build/nz-imu': CMAKE_PREFIX_PATH=${CMAKE_PREFIX_PATH}:/opt/ros/humble /usr/bin/cmake --install /home/albusgive2/rlfw/rlfw_deploy/build/nz-imu
[0.063s] -- Install configuration: ""
[0.063s] -- Up-to-date: /home/albusgive2/rlfw/rlfw_deploy/install/nz-imu/lib/nz-imu/hwt906
[0.063s] -- Up-to-date: /home/albusgive2/rlfw/rlfw_deploy/install/nz-imu/share/ament_index/resource_index/package_run_dependencies/nz-imu
[0.063s] -- Up-to-date: /home/albusgive2/rlfw/rlfw_deploy/install/nz-imu/share/ament_index/resource_index/parent_prefix_path/nz-imu
[0.063s] -- Up-to-date: /home/albusgive2/rlfw/rlfw_deploy/install/nz-imu/share/nz-imu/environment/ament_prefix_path.sh
[0.063s] -- Up-to-date: /home/albusgive2/rlfw/rlfw_deploy/install/nz-imu/share/nz-imu/environment/ament_prefix_path.dsv
[0.063s] -- Up-to-date: /home/albusgive2/rlfw/rlfw_deploy/install/nz-imu/share/nz-imu/environment/path.sh
[0.063s] -- Up-to-date: /home/albusgive2/rlfw/rlfw_deploy/install/nz-imu/share/nz-imu/environment/path.dsv
[0.063s] -- Up-to-date: /home/albusgive2/rlfw/rlfw_deploy/install/nz-imu/share/nz-imu/local_setup.bash
[0.063s] -- Up-to-date: /home/albusgive2/rlfw/rlfw_deploy/install/nz-imu/share/nz-imu/local_setup.sh
[0.063s] -- Up-to-date: /home/albusgive2/rlfw/rlfw_deploy/install/nz-imu/share/nz-imu/local_setup.zsh
[0.063s] -- Up-to-date: /home/albusgive2/rlfw/rlfw_deploy/install/nz-imu/share/nz-imu/local_setup.dsv
[0.063s] -- Installing: /home/albusgive2/rlfw/rlfw_deploy/install/nz-imu/share/nz-imu/package.dsv
[0.063s] -- Up-to-date: /home/albusgive2/rlfw/rlfw_deploy/install/nz-imu/share/ament_index/resource_index/packages/nz-imu
[0.063s] -- Up-to-date: /home/albusgive2/rlfw/rlfw_deploy/install/nz-imu/share/nz-imu/cmake/nz-imuConfig.cmake
[0.063s] -- Up-to-date: /home/albusgive2/rlfw/rlfw_deploy/install/nz-imu/share/nz-imu/cmake/nz-imuConfig-version.cmake
[0.063s] -- Up-to-date: /home/albusgive2/rlfw/rlfw_deploy/install/nz-imu/share/nz-imu/package.xml
[0.073s] Invoked command in '/home/albusgive2/rlfw/rlfw_deploy/build/nz-imu' returned '0': CMAKE_PREFIX_PATH=${CMAKE_PREFIX_PATH}:/opt/ros/humble /usr/bin/cmake --install /home/albusgive2/rlfw/rlfw_deploy/build/nz-imu
