[0.007s] Invoking command in '/home/albusgive2/rlfw/rlfw_tool/build/motor_ctrl': CMAKE_PREFIX_PATH=${CMAKE_PREFIX_PATH}:/opt/ros/humble /usr/bin/cmake --build /home/albusgive2/rlfw/rlfw_tool/build/motor_ctrl -- -j12 -l12
[0.034s] [ 25%] [34m[1mGenerating build/moc_ui_mainwindow.cpp[0m
[0.034s] [ 25%] [34m[1mGenerating include/moc_MotorCTRL.cpp[0m
[0.034s] [ 25%] [34m[1mGenerating ui_mainwindow.h[0m
[0.036s] /home/albusgive2/rlfw/rlfw_tool/src/motor_ctrl/build/ui_mainwindow.h:0: Note: No relevant classes found. No output generated.
[0.046s] [35m[1mConsolidate compiler generated dependencies of target motor_ctrl[0m
[0.070s] [ 33%] [32mBuilding CXX object CMakeFiles/motor_ctrl.dir/src/main.cpp.o[0m
[0.070s] [ 41%] [32mBuilding CXX object CMakeFiles/motor_ctrl.dir/src/mainwindow.cpp.o[0m
[0.071s] [ 50%] [32mBuilding CXX object CMakeFiles/motor_ctrl.dir/build/moc_ui_mainwindow.cpp.o[0m
[0.073s] [ 58%] [32mBuilding CXX object CMakeFiles/motor_ctrl.dir/include/moc_MotorCTRL.cpp.o[0m
[0.074s] [ 66%] [32mBuilding CXX object CMakeFiles/motor_ctrl.dir/include/moc_mainwindow.cpp.o[0m
[7.682s] [ 75%] [32m[1mLinking CXX executable motor_ctrl[0m
[8.202s] [100%] Built target motor_ctrl
[8.210s] Invoked command in '/home/albusgive2/rlfw/rlfw_tool/build/motor_ctrl' returned '0': CMAKE_PREFIX_PATH=${CMAKE_PREFIX_PATH}:/opt/ros/humble /usr/bin/cmake --build /home/albusgive2/rlfw/rlfw_tool/build/motor_ctrl -- -j12 -l12
[8.216s] Invoking command in '/home/albusgive2/rlfw/rlfw_tool/build/motor_ctrl': CMAKE_PREFIX_PATH=${CMAKE_PREFIX_PATH}:/opt/ros/humble /usr/bin/cmake --install /home/albusgive2/rlfw/rlfw_tool/build/motor_ctrl
[8.221s] -- Install configuration: ""
[8.221s] -- Installing: /home/albusgive2/rlfw/rlfw_tool/install/motor_ctrl/lib/motor_ctrl/motor_ctrl
[8.224s] -- Set runtime path of "/home/albusgive2/rlfw/rlfw_tool/install/motor_ctrl/lib/motor_ctrl/motor_ctrl" to ""
[8.224s] -- Up-to-date: /home/albusgive2/rlfw/rlfw_tool/install/motor_ctrl/share/ament_index/resource_index/package_run_dependencies/motor_ctrl
[8.224s] -- Up-to-date: /home/albusgive2/rlfw/rlfw_tool/install/motor_ctrl/share/ament_index/resource_index/parent_prefix_path/motor_ctrl
[8.224s] -- Up-to-date: /home/albusgive2/rlfw/rlfw_tool/install/motor_ctrl/share/motor_ctrl/environment/ament_prefix_path.sh
[8.224s] -- Up-to-date: /home/albusgive2/rlfw/rlfw_tool/install/motor_ctrl/share/motor_ctrl/environment/ament_prefix_path.dsv
[8.224s] -- Up-to-date: /home/albusgive2/rlfw/rlfw_tool/install/motor_ctrl/share/motor_ctrl/environment/path.sh
[8.224s] -- Up-to-date: /home/albusgive2/rlfw/rlfw_tool/install/motor_ctrl/share/motor_ctrl/environment/path.dsv
[8.224s] -- Up-to-date: /home/albusgive2/rlfw/rlfw_tool/install/motor_ctrl/share/motor_ctrl/local_setup.bash
[8.224s] -- Up-to-date: /home/albusgive2/rlfw/rlfw_tool/install/motor_ctrl/share/motor_ctrl/local_setup.sh
[8.224s] -- Up-to-date: /home/albusgive2/rlfw/rlfw_tool/install/motor_ctrl/share/motor_ctrl/local_setup.zsh
[8.224s] -- Up-to-date: /home/albusgive2/rlfw/rlfw_tool/install/motor_ctrl/share/motor_ctrl/local_setup.dsv
[8.224s] -- Installing: /home/albusgive2/rlfw/rlfw_tool/install/motor_ctrl/share/motor_ctrl/package.dsv
[8.224s] -- Up-to-date: /home/albusgive2/rlfw/rlfw_tool/install/motor_ctrl/share/ament_index/resource_index/packages/motor_ctrl
[8.224s] -- Up-to-date: /home/albusgive2/rlfw/rlfw_tool/install/motor_ctrl/share/motor_ctrl/cmake/motor_ctrlConfig.cmake
[8.224s] -- Up-to-date: /home/albusgive2/rlfw/rlfw_tool/install/motor_ctrl/share/motor_ctrl/cmake/motor_ctrlConfig-version.cmake
[8.224s] -- Up-to-date: /home/albusgive2/rlfw/rlfw_tool/install/motor_ctrl/share/motor_ctrl/package.xml
[8.225s] Invoked command in '/home/albusgive2/rlfw/rlfw_tool/build/motor_ctrl' returned '0': CMAKE_PREFIX_PATH=${CMAKE_PREFIX_PATH}:/opt/ros/humble /usr/bin/cmake --install /home/albusgive2/rlfw/rlfw_tool/build/motor_ctrl
